[2021-03-22 21:09:40,017] {taskinstance.py:851} INFO - Dependencies all met for <TaskInstance: EDGAR-Annotation-Pipeline.Cleanup 2021-03-23T04:08:56.640659+00:00 [queued]>
[2021-03-22 21:09:40,022] {taskinstance.py:851} INFO - Dependencies all met for <TaskInstance: EDGAR-Annotation-Pipeline.Cleanup 2021-03-23T04:08:56.640659+00:00 [queued]>
[2021-03-22 21:09:40,022] {taskinstance.py:1042} INFO - 
--------------------------------------------------------------------------------
[2021-03-22 21:09:40,022] {taskinstance.py:1043} INFO - Starting attempt 1 of 1
[2021-03-22 21:09:40,022] {taskinstance.py:1044} INFO - 
--------------------------------------------------------------------------------
[2021-03-22 21:09:40,028] {taskinstance.py:1063} INFO - Executing <Task(PythonOperator): Cleanup> on 2021-03-23T04:08:56.640659+00:00
[2021-03-22 21:09:40,030] {standard_task_runner.py:52} INFO - Started process 28434 to run task
[2021-03-22 21:09:40,037] {standard_task_runner.py:76} INFO - Running: ['airflow', 'tasks', 'run', 'EDGAR-Annotation-Pipeline', 'Cleanup', '2021-03-23T04:08:56.640659+00:00', '--job-id', '40', '--pool', 'default_pool', '--raw', '--subdir', 'DAGS_FOLDER/edgar_annotation.py', '--cfg-path', '/var/folders/_j/s8vbc0cs1fvgclq8hnvtq1wm0000gn/T/tmp1ci05p2x', '--error-file', '/var/folders/_j/s8vbc0cs1fvgclq8hnvtq1wm0000gn/T/tmpboc4t7ht']
[2021-03-22 21:09:40,039] {standard_task_runner.py:77} INFO - Job 40: Subtask Cleanup
[2021-03-22 21:09:40,065] {logging_mixin.py:104} INFO - Running <TaskInstance: EDGAR-Annotation-Pipeline.Cleanup 2021-03-23T04:08:56.640659+00:00 [running]> on host prathyushas-mbp.home
[2021-03-22 21:09:40,084] {taskinstance.py:1255} INFO - Exporting the following env vars:
AIRFLOW_CTX_DAG_OWNER=airflow
AIRFLOW_CTX_DAG_ID=EDGAR-Annotation-Pipeline
AIRFLOW_CTX_TASK_ID=Cleanup
AIRFLOW_CTX_EXECUTION_DATE=2021-03-23T04:08:56.640659+00:00
AIRFLOW_CTX_DAG_RUN_ID=manual__2021-03-23T04:08:56.640659+00:00
[2021-03-22 21:09:41,675] {python.py:118} INFO - Done. Returned value was: None
[2021-03-22 21:09:41,680] {taskinstance.py:1159} INFO - Marking task as SUCCESS. dag_id=EDGAR-Annotation-Pipeline, task_id=Cleanup, execution_date=20210323T040856, start_date=20210323T040940, end_date=20210323T040941
[2021-03-22 21:09:41,695] {taskinstance.py:1220} INFO - 1 downstream tasks scheduled from follow-on schedule check
[2021-03-22 21:09:41,715] {local_task_job.py:146} INFO - Task exited with return code 0
