[2021-03-23 19:28:46,677] {taskinstance.py:851} INFO - Dependencies all met for <TaskInstance: Model-Training-Pipeline.GetData 2021-03-23T23:28:27.221663+00:00 [queued]>
[2021-03-23 19:28:46,685] {taskinstance.py:851} INFO - Dependencies all met for <TaskInstance: Model-Training-Pipeline.GetData 2021-03-23T23:28:27.221663+00:00 [queued]>
[2021-03-23 19:28:46,686] {taskinstance.py:1042} INFO - 
--------------------------------------------------------------------------------
[2021-03-23 19:28:46,686] {taskinstance.py:1043} INFO - Starting attempt 1 of 1
[2021-03-23 19:28:46,686] {taskinstance.py:1044} INFO - 
--------------------------------------------------------------------------------
[2021-03-23 19:28:46,698] {taskinstance.py:1063} INFO - Executing <Task(PythonOperator): GetData> on 2021-03-23T23:28:27.221663+00:00
[2021-03-23 19:28:46,703] {standard_task_runner.py:52} INFO - Started process 13663 to run task
[2021-03-23 19:28:46,716] {standard_task_runner.py:76} INFO - Running: ['airflow', 'tasks', 'run', 'Model-Training-Pipeline', 'GetData', '2021-03-23T23:28:27.221663+00:00', '--job-id', '34', '--pool', 'default_pool', '--raw', '--subdir', 'DAGS_FOLDER/train.py', '--cfg-path', '/var/folders/j6/755w2l7n4x1c9313788klj880000gq/T/tmpjtaf2g4k', '--error-file', '/var/folders/j6/755w2l7n4x1c9313788klj880000gq/T/tmpyz9_9kg3']
[2021-03-23 19:28:46,719] {standard_task_runner.py:77} INFO - Job 34: Subtask GetData
[2021-03-23 19:28:46,762] {logging_mixin.py:104} INFO - Running <TaskInstance: Model-Training-Pipeline.GetData 2021-03-23T23:28:27.221663+00:00 [running]> on host 152.1.168.192.in-addr.arpa
[2021-03-23 19:28:46,793] {taskinstance.py:1257} INFO - Exporting the following env vars:
AIRFLOW_CTX_DAG_OWNER=airflow
AIRFLOW_CTX_DAG_ID=Model-Training-Pipeline
AIRFLOW_CTX_TASK_ID=GetData
AIRFLOW_CTX_EXECUTION_DATE=2021-03-23T23:28:27.221663+00:00
AIRFLOW_CTX_DAG_RUN_ID=manual__2021-03-23T23:28:27.221663+00:00
[2021-03-23 19:28:47,259] {python.py:118} INFO - Done. Returned value was: None
[2021-03-23 19:28:47,264] {taskinstance.py:1166} INFO - Marking task as SUCCESS. dag_id=Model-Training-Pipeline, task_id=GetData, execution_date=20210323T232827, start_date=20210323T232846, end_date=20210323T232847
[2021-03-23 19:28:47,301] {taskinstance.py:1220} INFO - 1 downstream tasks scheduled from follow-on schedule check
[2021-03-23 19:28:47,333] {local_task_job.py:146} INFO - Task exited with return code 0
