[2021-03-23 20:28:09,931] {scheduler_job.py:182} INFO - Started process (PID=14381) to work on /Users/harika/Desktop/CSYE_7245/Assignment2/pipeline/MyEnv/lib/python3.7/site-packages/airflow/example_dags/example_latest_only_with_trigger.py
[2021-03-23 20:28:09,933] {scheduler_job.py:629} INFO - Processing file /Users/harika/Desktop/CSYE_7245/Assignment2/pipeline/MyEnv/lib/python3.7/site-packages/airflow/example_dags/example_latest_only_with_trigger.py for tasks to queue
[2021-03-23 20:28:09,935] {logging_mixin.py:104} INFO - [2021-03-23 20:28:09,934] {dagbag.py:448} INFO - Filling up the DagBag from /Users/harika/Desktop/CSYE_7245/Assignment2/pipeline/MyEnv/lib/python3.7/site-packages/airflow/example_dags/example_latest_only_with_trigger.py
[2021-03-23 20:28:09,950] {scheduler_job.py:639} INFO - DAG(s) dict_keys(['latest_only_with_trigger']) retrieved from /Users/harika/Desktop/CSYE_7245/Assignment2/pipeline/MyEnv/lib/python3.7/site-packages/airflow/example_dags/example_latest_only_with_trigger.py
[2021-03-23 20:28:09,971] {logging_mixin.py:104} INFO - [2021-03-23 20:28:09,971] {dag.py:1818} INFO - Sync 1 DAGs
[2021-03-23 20:28:09,984] {logging_mixin.py:104} INFO - [2021-03-23 20:28:09,983] {dag.py:2273} INFO - Setting next_dagrun for latest_only_with_trigger to 2021-03-22 00:00:00+00:00
[2021-03-23 20:28:10,004] {scheduler_job.py:190} INFO - Processing /Users/harika/Desktop/CSYE_7245/Assignment2/pipeline/MyEnv/lib/python3.7/site-packages/airflow/example_dags/example_latest_only_with_trigger.py took 0.081 seconds
[2021-03-23 20:28:53,277] {scheduler_job.py:182} INFO - Started process (PID=14421) to work on /Users/harika/Desktop/CSYE_7245/Assignment2/pipeline/MyEnv/lib/python3.7/site-packages/airflow/example_dags/example_latest_only_with_trigger.py
[2021-03-23 20:28:53,279] {scheduler_job.py:629} INFO - Processing file /Users/harika/Desktop/CSYE_7245/Assignment2/pipeline/MyEnv/lib/python3.7/site-packages/airflow/example_dags/example_latest_only_with_trigger.py for tasks to queue
[2021-03-23 20:28:53,280] {logging_mixin.py:104} INFO - [2021-03-23 20:28:53,280] {dagbag.py:448} INFO - Filling up the DagBag from /Users/harika/Desktop/CSYE_7245/Assignment2/pipeline/MyEnv/lib/python3.7/site-packages/airflow/example_dags/example_latest_only_with_trigger.py
[2021-03-23 20:28:53,289] {scheduler_job.py:639} INFO - DAG(s) dict_keys(['latest_only_with_trigger']) retrieved from /Users/harika/Desktop/CSYE_7245/Assignment2/pipeline/MyEnv/lib/python3.7/site-packages/airflow/example_dags/example_latest_only_with_trigger.py
[2021-03-23 20:28:53,314] {logging_mixin.py:104} INFO - [2021-03-23 20:28:53,313] {dag.py:1818} INFO - Sync 1 DAGs
[2021-03-23 20:28:53,330] {logging_mixin.py:104} INFO - [2021-03-23 20:28:53,329] {dag.py:2273} INFO - Setting next_dagrun for latest_only_with_trigger to 2021-03-22 00:00:00+00:00
[2021-03-23 20:28:53,340] {scheduler_job.py:190} INFO - Processing /Users/harika/Desktop/CSYE_7245/Assignment2/pipeline/MyEnv/lib/python3.7/site-packages/airflow/example_dags/example_latest_only_with_trigger.py took 0.068 seconds
[2021-03-23 20:29:32,489] {scheduler_job.py:182} INFO - Started process (PID=14452) to work on /Users/harika/Desktop/CSYE_7245/Assignment2/pipeline/MyEnv/lib/python3.7/site-packages/airflow/example_dags/example_latest_only_with_trigger.py
[2021-03-23 20:29:32,498] {scheduler_job.py:629} INFO - Processing file /Users/harika/Desktop/CSYE_7245/Assignment2/pipeline/MyEnv/lib/python3.7/site-packages/airflow/example_dags/example_latest_only_with_trigger.py for tasks to queue
[2021-03-23 20:29:32,504] {logging_mixin.py:104} INFO - [2021-03-23 20:29:32,500] {dagbag.py:448} INFO - Filling up the DagBag from /Users/harika/Desktop/CSYE_7245/Assignment2/pipeline/MyEnv/lib/python3.7/site-packages/airflow/example_dags/example_latest_only_with_trigger.py
[2021-03-23 20:29:32,547] {scheduler_job.py:639} INFO - DAG(s) dict_keys(['latest_only_with_trigger']) retrieved from /Users/harika/Desktop/CSYE_7245/Assignment2/pipeline/MyEnv/lib/python3.7/site-packages/airflow/example_dags/example_latest_only_with_trigger.py
[2021-03-23 20:29:32,621] {logging_mixin.py:104} INFO - [2021-03-23 20:29:32,620] {dag.py:1818} INFO - Sync 1 DAGs
[2021-03-23 20:29:32,656] {logging_mixin.py:104} INFO - [2021-03-23 20:29:32,654] {dag.py:2273} INFO - Setting next_dagrun for latest_only_with_trigger to 2021-03-22 00:00:00+00:00
[2021-03-23 20:29:32,676] {scheduler_job.py:190} INFO - Processing /Users/harika/Desktop/CSYE_7245/Assignment2/pipeline/MyEnv/lib/python3.7/site-packages/airflow/example_dags/example_latest_only_with_trigger.py took 0.198 seconds
[2021-03-23 20:30:14,435] {scheduler_job.py:182} INFO - Started process (PID=14493) to work on /Users/harika/Desktop/CSYE_7245/Assignment2/pipeline/MyEnv/lib/python3.7/site-packages/airflow/example_dags/example_latest_only_with_trigger.py
[2021-03-23 20:30:14,438] {scheduler_job.py:629} INFO - Processing file /Users/harika/Desktop/CSYE_7245/Assignment2/pipeline/MyEnv/lib/python3.7/site-packages/airflow/example_dags/example_latest_only_with_trigger.py for tasks to queue
[2021-03-23 20:30:14,440] {logging_mixin.py:104} INFO - [2021-03-23 20:30:14,440] {dagbag.py:448} INFO - Filling up the DagBag from /Users/harika/Desktop/CSYE_7245/Assignment2/pipeline/MyEnv/lib/python3.7/site-packages/airflow/example_dags/example_latest_only_with_trigger.py
[2021-03-23 20:30:14,452] {scheduler_job.py:639} INFO - DAG(s) dict_keys(['latest_only_with_trigger']) retrieved from /Users/harika/Desktop/CSYE_7245/Assignment2/pipeline/MyEnv/lib/python3.7/site-packages/airflow/example_dags/example_latest_only_with_trigger.py
[2021-03-23 20:30:14,495] {logging_mixin.py:104} INFO - [2021-03-23 20:30:14,494] {dag.py:1818} INFO - Sync 1 DAGs
[2021-03-23 20:30:14,524] {logging_mixin.py:104} INFO - [2021-03-23 20:30:14,523] {dag.py:2273} INFO - Setting next_dagrun for latest_only_with_trigger to 2021-03-22 00:00:00+00:00
[2021-03-23 20:30:14,545] {scheduler_job.py:190} INFO - Processing /Users/harika/Desktop/CSYE_7245/Assignment2/pipeline/MyEnv/lib/python3.7/site-packages/airflow/example_dags/example_latest_only_with_trigger.py took 0.114 seconds
[2021-03-23 20:30:51,366] {scheduler_job.py:182} INFO - Started process (PID=14522) to work on /Users/harika/Desktop/CSYE_7245/Assignment2/pipeline/MyEnv/lib/python3.7/site-packages/airflow/example_dags/example_latest_only_with_trigger.py
[2021-03-23 20:30:51,369] {scheduler_job.py:629} INFO - Processing file /Users/harika/Desktop/CSYE_7245/Assignment2/pipeline/MyEnv/lib/python3.7/site-packages/airflow/example_dags/example_latest_only_with_trigger.py for tasks to queue
[2021-03-23 20:30:51,372] {logging_mixin.py:104} INFO - [2021-03-23 20:30:51,371] {dagbag.py:448} INFO - Filling up the DagBag from /Users/harika/Desktop/CSYE_7245/Assignment2/pipeline/MyEnv/lib/python3.7/site-packages/airflow/example_dags/example_latest_only_with_trigger.py
[2021-03-23 20:30:51,386] {scheduler_job.py:639} INFO - DAG(s) dict_keys(['latest_only_with_trigger']) retrieved from /Users/harika/Desktop/CSYE_7245/Assignment2/pipeline/MyEnv/lib/python3.7/site-packages/airflow/example_dags/example_latest_only_with_trigger.py
[2021-03-23 20:30:51,416] {logging_mixin.py:104} INFO - [2021-03-23 20:30:51,415] {dag.py:1818} INFO - Sync 1 DAGs
[2021-03-23 20:30:51,461] {logging_mixin.py:104} INFO - [2021-03-23 20:30:51,460] {dag.py:2273} INFO - Setting next_dagrun for latest_only_with_trigger to 2021-03-22 00:00:00+00:00
[2021-03-23 20:30:51,494] {scheduler_job.py:190} INFO - Processing /Users/harika/Desktop/CSYE_7245/Assignment2/pipeline/MyEnv/lib/python3.7/site-packages/airflow/example_dags/example_latest_only_with_trigger.py took 0.135 seconds
[2021-03-23 21:09:38,947] {scheduler_job.py:182} INFO - Started process (PID=14936) to work on /Users/harika/Desktop/CSYE_7245/Assignment2/pipeline/MyEnv/lib/python3.7/site-packages/airflow/example_dags/example_latest_only_with_trigger.py
[2021-03-23 21:09:38,950] {scheduler_job.py:629} INFO - Processing file /Users/harika/Desktop/CSYE_7245/Assignment2/pipeline/MyEnv/lib/python3.7/site-packages/airflow/example_dags/example_latest_only_with_trigger.py for tasks to queue
[2021-03-23 21:09:38,953] {logging_mixin.py:104} INFO - [2021-03-23 21:09:38,952] {dagbag.py:448} INFO - Filling up the DagBag from /Users/harika/Desktop/CSYE_7245/Assignment2/pipeline/MyEnv/lib/python3.7/site-packages/airflow/example_dags/example_latest_only_with_trigger.py
[2021-03-23 21:09:38,979] {scheduler_job.py:639} INFO - DAG(s) dict_keys(['latest_only_with_trigger']) retrieved from /Users/harika/Desktop/CSYE_7245/Assignment2/pipeline/MyEnv/lib/python3.7/site-packages/airflow/example_dags/example_latest_only_with_trigger.py
[2021-03-23 21:09:39,013] {logging_mixin.py:104} INFO - [2021-03-23 21:09:39,012] {dag.py:1818} INFO - Sync 1 DAGs
[2021-03-23 21:09:39,041] {logging_mixin.py:104} INFO - [2021-03-23 21:09:39,040] {dag.py:2273} INFO - Setting next_dagrun for latest_only_with_trigger to 2021-03-22 00:00:00+00:00
[2021-03-23 21:09:39,060] {scheduler_job.py:190} INFO - Processing /Users/harika/Desktop/CSYE_7245/Assignment2/pipeline/MyEnv/lib/python3.7/site-packages/airflow/example_dags/example_latest_only_with_trigger.py took 0.119 seconds
[2021-03-23 21:12:51,525] {scheduler_job.py:182} INFO - Started process (PID=15012) to work on /Users/harika/Desktop/CSYE_7245/Assignment2/pipeline/MyEnv/lib/python3.7/site-packages/airflow/example_dags/example_latest_only_with_trigger.py
[2021-03-23 21:12:51,528] {scheduler_job.py:629} INFO - Processing file /Users/harika/Desktop/CSYE_7245/Assignment2/pipeline/MyEnv/lib/python3.7/site-packages/airflow/example_dags/example_latest_only_with_trigger.py for tasks to queue
[2021-03-23 21:12:51,530] {logging_mixin.py:104} INFO - [2021-03-23 21:12:51,530] {dagbag.py:448} INFO - Filling up the DagBag from /Users/harika/Desktop/CSYE_7245/Assignment2/pipeline/MyEnv/lib/python3.7/site-packages/airflow/example_dags/example_latest_only_with_trigger.py
[2021-03-23 21:12:51,540] {scheduler_job.py:639} INFO - DAG(s) dict_keys(['latest_only_with_trigger']) retrieved from /Users/harika/Desktop/CSYE_7245/Assignment2/pipeline/MyEnv/lib/python3.7/site-packages/airflow/example_dags/example_latest_only_with_trigger.py
[2021-03-23 21:12:51,573] {logging_mixin.py:104} INFO - [2021-03-23 21:12:51,572] {dag.py:1818} INFO - Sync 1 DAGs
[2021-03-23 21:12:51,601] {logging_mixin.py:104} INFO - [2021-03-23 21:12:51,600] {dag.py:2273} INFO - Setting next_dagrun for latest_only_with_trigger to 2021-03-22 00:00:00+00:00
[2021-03-23 21:12:51,613] {scheduler_job.py:190} INFO - Processing /Users/harika/Desktop/CSYE_7245/Assignment2/pipeline/MyEnv/lib/python3.7/site-packages/airflow/example_dags/example_latest_only_with_trigger.py took 0.095 seconds
[2021-03-23 21:13:32,543] {scheduler_job.py:182} INFO - Started process (PID=15044) to work on /Users/harika/Desktop/CSYE_7245/Assignment2/pipeline/MyEnv/lib/python3.7/site-packages/airflow/example_dags/example_latest_only_with_trigger.py
[2021-03-23 21:13:32,548] {scheduler_job.py:629} INFO - Processing file /Users/harika/Desktop/CSYE_7245/Assignment2/pipeline/MyEnv/lib/python3.7/site-packages/airflow/example_dags/example_latest_only_with_trigger.py for tasks to queue
[2021-03-23 21:13:32,550] {logging_mixin.py:104} INFO - [2021-03-23 21:13:32,549] {dagbag.py:448} INFO - Filling up the DagBag from /Users/harika/Desktop/CSYE_7245/Assignment2/pipeline/MyEnv/lib/python3.7/site-packages/airflow/example_dags/example_latest_only_with_trigger.py
[2021-03-23 21:13:32,565] {scheduler_job.py:639} INFO - DAG(s) dict_keys(['latest_only_with_trigger']) retrieved from /Users/harika/Desktop/CSYE_7245/Assignment2/pipeline/MyEnv/lib/python3.7/site-packages/airflow/example_dags/example_latest_only_with_trigger.py
[2021-03-23 21:13:32,586] {logging_mixin.py:104} INFO - [2021-03-23 21:13:32,586] {dag.py:1818} INFO - Sync 1 DAGs
[2021-03-23 21:13:32,617] {logging_mixin.py:104} INFO - [2021-03-23 21:13:32,615] {dag.py:2273} INFO - Setting next_dagrun for latest_only_with_trigger to 2021-03-22 00:00:00+00:00
[2021-03-23 21:13:32,629] {scheduler_job.py:190} INFO - Processing /Users/harika/Desktop/CSYE_7245/Assignment2/pipeline/MyEnv/lib/python3.7/site-packages/airflow/example_dags/example_latest_only_with_trigger.py took 0.092 seconds
[2021-03-23 21:18:00,315] {scheduler_job.py:182} INFO - Started process (PID=15196) to work on /Users/harika/Desktop/CSYE_7245/Assignment2/pipeline/MyEnv/lib/python3.7/site-packages/airflow/example_dags/example_latest_only_with_trigger.py
[2021-03-23 21:18:00,318] {scheduler_job.py:629} INFO - Processing file /Users/harika/Desktop/CSYE_7245/Assignment2/pipeline/MyEnv/lib/python3.7/site-packages/airflow/example_dags/example_latest_only_with_trigger.py for tasks to queue
[2021-03-23 21:18:00,321] {logging_mixin.py:104} INFO - [2021-03-23 21:18:00,320] {dagbag.py:448} INFO - Filling up the DagBag from /Users/harika/Desktop/CSYE_7245/Assignment2/pipeline/MyEnv/lib/python3.7/site-packages/airflow/example_dags/example_latest_only_with_trigger.py
[2021-03-23 21:18:00,337] {scheduler_job.py:639} INFO - DAG(s) dict_keys(['latest_only_with_trigger']) retrieved from /Users/harika/Desktop/CSYE_7245/Assignment2/pipeline/MyEnv/lib/python3.7/site-packages/airflow/example_dags/example_latest_only_with_trigger.py
[2021-03-23 21:18:00,369] {logging_mixin.py:104} INFO - [2021-03-23 21:18:00,368] {dag.py:1818} INFO - Sync 1 DAGs
[2021-03-23 21:18:00,396] {logging_mixin.py:104} INFO - [2021-03-23 21:18:00,395] {dag.py:2273} INFO - Setting next_dagrun for latest_only_with_trigger to 2021-03-22 00:00:00+00:00
[2021-03-23 21:18:00,418] {scheduler_job.py:190} INFO - Processing /Users/harika/Desktop/CSYE_7245/Assignment2/pipeline/MyEnv/lib/python3.7/site-packages/airflow/example_dags/example_latest_only_with_trigger.py took 0.111 seconds
[2021-03-23 21:18:31,878] {scheduler_job.py:182} INFO - Started process (PID=15228) to work on /Users/harika/Desktop/CSYE_7245/Assignment2/pipeline/MyEnv/lib/python3.7/site-packages/airflow/example_dags/example_latest_only_with_trigger.py
[2021-03-23 21:18:31,880] {scheduler_job.py:629} INFO - Processing file /Users/harika/Desktop/CSYE_7245/Assignment2/pipeline/MyEnv/lib/python3.7/site-packages/airflow/example_dags/example_latest_only_with_trigger.py for tasks to queue
[2021-03-23 21:18:31,882] {logging_mixin.py:104} INFO - [2021-03-23 21:18:31,881] {dagbag.py:448} INFO - Filling up the DagBag from /Users/harika/Desktop/CSYE_7245/Assignment2/pipeline/MyEnv/lib/python3.7/site-packages/airflow/example_dags/example_latest_only_with_trigger.py
[2021-03-23 21:18:31,889] {scheduler_job.py:639} INFO - DAG(s) dict_keys(['latest_only_with_trigger']) retrieved from /Users/harika/Desktop/CSYE_7245/Assignment2/pipeline/MyEnv/lib/python3.7/site-packages/airflow/example_dags/example_latest_only_with_trigger.py
[2021-03-23 21:18:31,905] {logging_mixin.py:104} INFO - [2021-03-23 21:18:31,904] {dag.py:1818} INFO - Sync 1 DAGs
[2021-03-23 21:18:31,923] {logging_mixin.py:104} INFO - [2021-03-23 21:18:31,922] {dag.py:2273} INFO - Setting next_dagrun for latest_only_with_trigger to 2021-03-22 00:00:00+00:00
[2021-03-23 21:18:31,934] {scheduler_job.py:190} INFO - Processing /Users/harika/Desktop/CSYE_7245/Assignment2/pipeline/MyEnv/lib/python3.7/site-packages/airflow/example_dags/example_latest_only_with_trigger.py took 0.059 seconds
[2021-03-23 21:19:11,466] {scheduler_job.py:182} INFO - Started process (PID=15258) to work on /Users/harika/Desktop/CSYE_7245/Assignment2/pipeline/MyEnv/lib/python3.7/site-packages/airflow/example_dags/example_latest_only_with_trigger.py
[2021-03-23 21:19:11,468] {scheduler_job.py:629} INFO - Processing file /Users/harika/Desktop/CSYE_7245/Assignment2/pipeline/MyEnv/lib/python3.7/site-packages/airflow/example_dags/example_latest_only_with_trigger.py for tasks to queue
[2021-03-23 21:19:11,470] {logging_mixin.py:104} INFO - [2021-03-23 21:19:11,470] {dagbag.py:448} INFO - Filling up the DagBag from /Users/harika/Desktop/CSYE_7245/Assignment2/pipeline/MyEnv/lib/python3.7/site-packages/airflow/example_dags/example_latest_only_with_trigger.py
[2021-03-23 21:19:11,483] {scheduler_job.py:639} INFO - DAG(s) dict_keys(['latest_only_with_trigger']) retrieved from /Users/harika/Desktop/CSYE_7245/Assignment2/pipeline/MyEnv/lib/python3.7/site-packages/airflow/example_dags/example_latest_only_with_trigger.py
[2021-03-23 21:19:11,516] {logging_mixin.py:104} INFO - [2021-03-23 21:19:11,515] {dag.py:1818} INFO - Sync 1 DAGs
[2021-03-23 21:19:11,531] {logging_mixin.py:104} INFO - [2021-03-23 21:19:11,531] {dag.py:2273} INFO - Setting next_dagrun for latest_only_with_trigger to 2021-03-22 00:00:00+00:00
[2021-03-23 21:19:11,541] {scheduler_job.py:190} INFO - Processing /Users/harika/Desktop/CSYE_7245/Assignment2/pipeline/MyEnv/lib/python3.7/site-packages/airflow/example_dags/example_latest_only_with_trigger.py took 0.078 seconds
[2021-03-23 21:19:47,774] {scheduler_job.py:182} INFO - Started process (PID=15289) to work on /Users/harika/Desktop/CSYE_7245/Assignment2/pipeline/MyEnv/lib/python3.7/site-packages/airflow/example_dags/example_latest_only_with_trigger.py
[2021-03-23 21:19:47,779] {scheduler_job.py:629} INFO - Processing file /Users/harika/Desktop/CSYE_7245/Assignment2/pipeline/MyEnv/lib/python3.7/site-packages/airflow/example_dags/example_latest_only_with_trigger.py for tasks to queue
[2021-03-23 21:19:47,781] {logging_mixin.py:104} INFO - [2021-03-23 21:19:47,780] {dagbag.py:448} INFO - Filling up the DagBag from /Users/harika/Desktop/CSYE_7245/Assignment2/pipeline/MyEnv/lib/python3.7/site-packages/airflow/example_dags/example_latest_only_with_trigger.py
[2021-03-23 21:19:47,789] {scheduler_job.py:639} INFO - DAG(s) dict_keys(['latest_only_with_trigger']) retrieved from /Users/harika/Desktop/CSYE_7245/Assignment2/pipeline/MyEnv/lib/python3.7/site-packages/airflow/example_dags/example_latest_only_with_trigger.py
[2021-03-23 21:19:47,813] {logging_mixin.py:104} INFO - [2021-03-23 21:19:47,813] {dag.py:1818} INFO - Sync 1 DAGs
[2021-03-23 21:19:47,828] {logging_mixin.py:104} INFO - [2021-03-23 21:19:47,828] {dag.py:2273} INFO - Setting next_dagrun for latest_only_with_trigger to 2021-03-22 00:00:00+00:00
[2021-03-23 21:19:47,837] {scheduler_job.py:190} INFO - Processing /Users/harika/Desktop/CSYE_7245/Assignment2/pipeline/MyEnv/lib/python3.7/site-packages/airflow/example_dags/example_latest_only_with_trigger.py took 0.068 seconds
[2021-03-24 00:03:06,269] {scheduler_job.py:182} INFO - Started process (PID=16952) to work on /Users/harika/Desktop/CSYE_7245/Assignment2/pipeline/MyEnv/lib/python3.7/site-packages/airflow/example_dags/example_latest_only_with_trigger.py
[2021-03-24 00:03:06,272] {scheduler_job.py:629} INFO - Processing file /Users/harika/Desktop/CSYE_7245/Assignment2/pipeline/MyEnv/lib/python3.7/site-packages/airflow/example_dags/example_latest_only_with_trigger.py for tasks to queue
[2021-03-24 00:03:06,274] {logging_mixin.py:104} INFO - [2021-03-24 00:03:06,273] {dagbag.py:448} INFO - Filling up the DagBag from /Users/harika/Desktop/CSYE_7245/Assignment2/pipeline/MyEnv/lib/python3.7/site-packages/airflow/example_dags/example_latest_only_with_trigger.py
[2021-03-24 00:03:06,291] {scheduler_job.py:639} INFO - DAG(s) dict_keys(['latest_only_with_trigger']) retrieved from /Users/harika/Desktop/CSYE_7245/Assignment2/pipeline/MyEnv/lib/python3.7/site-packages/airflow/example_dags/example_latest_only_with_trigger.py
[2021-03-24 00:03:06,309] {logging_mixin.py:104} INFO - [2021-03-24 00:03:06,309] {dag.py:1818} INFO - Sync 1 DAGs
[2021-03-24 00:03:06,324] {logging_mixin.py:104} INFO - [2021-03-24 00:03:06,323] {dag.py:2273} INFO - Setting next_dagrun for latest_only_with_trigger to 2021-03-22 00:00:00+00:00
[2021-03-24 00:03:06,336] {scheduler_job.py:190} INFO - Processing /Users/harika/Desktop/CSYE_7245/Assignment2/pipeline/MyEnv/lib/python3.7/site-packages/airflow/example_dags/example_latest_only_with_trigger.py took 0.073 seconds
[2021-03-24 00:03:41,003] {scheduler_job.py:182} INFO - Started process (PID=16978) to work on /Users/harika/Desktop/CSYE_7245/Assignment2/pipeline/MyEnv/lib/python3.7/site-packages/airflow/example_dags/example_latest_only_with_trigger.py
[2021-03-24 00:03:41,005] {scheduler_job.py:629} INFO - Processing file /Users/harika/Desktop/CSYE_7245/Assignment2/pipeline/MyEnv/lib/python3.7/site-packages/airflow/example_dags/example_latest_only_with_trigger.py for tasks to queue
[2021-03-24 00:03:41,007] {logging_mixin.py:104} INFO - [2021-03-24 00:03:41,007] {dagbag.py:448} INFO - Filling up the DagBag from /Users/harika/Desktop/CSYE_7245/Assignment2/pipeline/MyEnv/lib/python3.7/site-packages/airflow/example_dags/example_latest_only_with_trigger.py
[2021-03-24 00:03:41,024] {scheduler_job.py:639} INFO - DAG(s) dict_keys(['latest_only_with_trigger']) retrieved from /Users/harika/Desktop/CSYE_7245/Assignment2/pipeline/MyEnv/lib/python3.7/site-packages/airflow/example_dags/example_latest_only_with_trigger.py
[2021-03-24 00:03:41,040] {logging_mixin.py:104} INFO - [2021-03-24 00:03:41,039] {dag.py:1818} INFO - Sync 1 DAGs
[2021-03-24 00:03:41,051] {logging_mixin.py:104} INFO - [2021-03-24 00:03:41,051] {dag.py:2273} INFO - Setting next_dagrun for latest_only_with_trigger to 2021-03-22 00:00:00+00:00
[2021-03-24 00:03:41,059] {scheduler_job.py:190} INFO - Processing /Users/harika/Desktop/CSYE_7245/Assignment2/pipeline/MyEnv/lib/python3.7/site-packages/airflow/example_dags/example_latest_only_with_trigger.py took 0.062 seconds
[2021-03-24 00:04:29,719] {scheduler_job.py:182} INFO - Started process (PID=17015) to work on /Users/harika/Desktop/CSYE_7245/Assignment2/pipeline/MyEnv/lib/python3.7/site-packages/airflow/example_dags/example_latest_only_with_trigger.py
[2021-03-24 00:04:29,722] {scheduler_job.py:629} INFO - Processing file /Users/harika/Desktop/CSYE_7245/Assignment2/pipeline/MyEnv/lib/python3.7/site-packages/airflow/example_dags/example_latest_only_with_trigger.py for tasks to queue
[2021-03-24 00:04:29,725] {logging_mixin.py:104} INFO - [2021-03-24 00:04:29,724] {dagbag.py:448} INFO - Filling up the DagBag from /Users/harika/Desktop/CSYE_7245/Assignment2/pipeline/MyEnv/lib/python3.7/site-packages/airflow/example_dags/example_latest_only_with_trigger.py
[2021-03-24 00:04:29,754] {scheduler_job.py:639} INFO - DAG(s) dict_keys(['latest_only_with_trigger']) retrieved from /Users/harika/Desktop/CSYE_7245/Assignment2/pipeline/MyEnv/lib/python3.7/site-packages/airflow/example_dags/example_latest_only_with_trigger.py
[2021-03-24 00:04:29,792] {logging_mixin.py:104} INFO - [2021-03-24 00:04:29,785] {dag.py:1818} INFO - Sync 1 DAGs
[2021-03-24 00:04:29,829] {logging_mixin.py:104} INFO - [2021-03-24 00:04:29,828] {dag.py:2273} INFO - Setting next_dagrun for latest_only_with_trigger to 2021-03-22 00:00:00+00:00
[2021-03-24 00:04:29,844] {scheduler_job.py:190} INFO - Processing /Users/harika/Desktop/CSYE_7245/Assignment2/pipeline/MyEnv/lib/python3.7/site-packages/airflow/example_dags/example_latest_only_with_trigger.py took 0.130 seconds
[2021-03-24 00:05:02,423] {scheduler_job.py:182} INFO - Started process (PID=17043) to work on /Users/harika/Desktop/CSYE_7245/Assignment2/pipeline/MyEnv/lib/python3.7/site-packages/airflow/example_dags/example_latest_only_with_trigger.py
[2021-03-24 00:05:02,425] {scheduler_job.py:629} INFO - Processing file /Users/harika/Desktop/CSYE_7245/Assignment2/pipeline/MyEnv/lib/python3.7/site-packages/airflow/example_dags/example_latest_only_with_trigger.py for tasks to queue
[2021-03-24 00:05:02,427] {logging_mixin.py:104} INFO - [2021-03-24 00:05:02,427] {dagbag.py:448} INFO - Filling up the DagBag from /Users/harika/Desktop/CSYE_7245/Assignment2/pipeline/MyEnv/lib/python3.7/site-packages/airflow/example_dags/example_latest_only_with_trigger.py
[2021-03-24 00:05:02,441] {scheduler_job.py:639} INFO - DAG(s) dict_keys(['latest_only_with_trigger']) retrieved from /Users/harika/Desktop/CSYE_7245/Assignment2/pipeline/MyEnv/lib/python3.7/site-packages/airflow/example_dags/example_latest_only_with_trigger.py
[2021-03-24 00:05:02,457] {logging_mixin.py:104} INFO - [2021-03-24 00:05:02,457] {dag.py:1818} INFO - Sync 1 DAGs
[2021-03-24 00:05:02,471] {logging_mixin.py:104} INFO - [2021-03-24 00:05:02,470] {dag.py:2273} INFO - Setting next_dagrun for latest_only_with_trigger to 2021-03-22 00:00:00+00:00
[2021-03-24 00:05:02,479] {scheduler_job.py:190} INFO - Processing /Users/harika/Desktop/CSYE_7245/Assignment2/pipeline/MyEnv/lib/python3.7/site-packages/airflow/example_dags/example_latest_only_with_trigger.py took 0.061 seconds
[2021-03-24 00:06:00,301] {scheduler_job.py:182} INFO - Started process (PID=17095) to work on /Users/harika/Desktop/CSYE_7245/Assignment2/pipeline/MyEnv/lib/python3.7/site-packages/airflow/example_dags/example_latest_only_with_trigger.py
[2021-03-24 00:06:00,304] {scheduler_job.py:629} INFO - Processing file /Users/harika/Desktop/CSYE_7245/Assignment2/pipeline/MyEnv/lib/python3.7/site-packages/airflow/example_dags/example_latest_only_with_trigger.py for tasks to queue
[2021-03-24 00:06:00,305] {logging_mixin.py:104} INFO - [2021-03-24 00:06:00,305] {dagbag.py:448} INFO - Filling up the DagBag from /Users/harika/Desktop/CSYE_7245/Assignment2/pipeline/MyEnv/lib/python3.7/site-packages/airflow/example_dags/example_latest_only_with_trigger.py
[2021-03-24 00:06:00,318] {scheduler_job.py:639} INFO - DAG(s) dict_keys(['latest_only_with_trigger']) retrieved from /Users/harika/Desktop/CSYE_7245/Assignment2/pipeline/MyEnv/lib/python3.7/site-packages/airflow/example_dags/example_latest_only_with_trigger.py
[2021-03-24 00:06:00,341] {logging_mixin.py:104} INFO - [2021-03-24 00:06:00,340] {dag.py:1818} INFO - Sync 1 DAGs
[2021-03-24 00:06:00,357] {logging_mixin.py:104} INFO - [2021-03-24 00:06:00,356] {dag.py:2273} INFO - Setting next_dagrun for latest_only_with_trigger to 2021-03-22 00:00:00+00:00
[2021-03-24 00:06:00,369] {scheduler_job.py:190} INFO - Processing /Users/harika/Desktop/CSYE_7245/Assignment2/pipeline/MyEnv/lib/python3.7/site-packages/airflow/example_dags/example_latest_only_with_trigger.py took 0.073 seconds
[2021-03-24 01:02:32,210] {scheduler_job.py:182} INFO - Started process (PID=17426) to work on /Users/harika/Desktop/CSYE_7245/Assignment2/pipeline/MyEnv/lib/python3.7/site-packages/airflow/example_dags/example_latest_only_with_trigger.py
[2021-03-24 01:02:32,212] {scheduler_job.py:629} INFO - Processing file /Users/harika/Desktop/CSYE_7245/Assignment2/pipeline/MyEnv/lib/python3.7/site-packages/airflow/example_dags/example_latest_only_with_trigger.py for tasks to queue
[2021-03-24 01:02:32,214] {logging_mixin.py:104} INFO - [2021-03-24 01:02:32,214] {dagbag.py:448} INFO - Filling up the DagBag from /Users/harika/Desktop/CSYE_7245/Assignment2/pipeline/MyEnv/lib/python3.7/site-packages/airflow/example_dags/example_latest_only_with_trigger.py
[2021-03-24 01:02:32,222] {scheduler_job.py:639} INFO - DAG(s) dict_keys(['latest_only_with_trigger']) retrieved from /Users/harika/Desktop/CSYE_7245/Assignment2/pipeline/MyEnv/lib/python3.7/site-packages/airflow/example_dags/example_latest_only_with_trigger.py
[2021-03-24 01:02:32,237] {logging_mixin.py:104} INFO - [2021-03-24 01:02:32,237] {dag.py:1818} INFO - Sync 1 DAGs
[2021-03-24 01:02:32,248] {logging_mixin.py:104} INFO - [2021-03-24 01:02:32,248] {dag.py:2273} INFO - Setting next_dagrun for latest_only_with_trigger to 2021-03-22 00:00:00+00:00
[2021-03-24 01:02:32,257] {scheduler_job.py:190} INFO - Processing /Users/harika/Desktop/CSYE_7245/Assignment2/pipeline/MyEnv/lib/python3.7/site-packages/airflow/example_dags/example_latest_only_with_trigger.py took 0.050 seconds
[2021-03-24 01:03:03,693] {scheduler_job.py:182} INFO - Started process (PID=17466) to work on /Users/harika/Desktop/CSYE_7245/Assignment2/pipeline/MyEnv/lib/python3.7/site-packages/airflow/example_dags/example_latest_only_with_trigger.py
[2021-03-24 01:03:03,695] {scheduler_job.py:629} INFO - Processing file /Users/harika/Desktop/CSYE_7245/Assignment2/pipeline/MyEnv/lib/python3.7/site-packages/airflow/example_dags/example_latest_only_with_trigger.py for tasks to queue
[2021-03-24 01:03:03,696] {logging_mixin.py:104} INFO - [2021-03-24 01:03:03,696] {dagbag.py:448} INFO - Filling up the DagBag from /Users/harika/Desktop/CSYE_7245/Assignment2/pipeline/MyEnv/lib/python3.7/site-packages/airflow/example_dags/example_latest_only_with_trigger.py
[2021-03-24 01:03:03,706] {scheduler_job.py:639} INFO - DAG(s) dict_keys(['latest_only_with_trigger']) retrieved from /Users/harika/Desktop/CSYE_7245/Assignment2/pipeline/MyEnv/lib/python3.7/site-packages/airflow/example_dags/example_latest_only_with_trigger.py
[2021-03-24 01:03:03,724] {logging_mixin.py:104} INFO - [2021-03-24 01:03:03,723] {dag.py:1818} INFO - Sync 1 DAGs
[2021-03-24 01:03:03,738] {logging_mixin.py:104} INFO - [2021-03-24 01:03:03,737] {dag.py:2273} INFO - Setting next_dagrun for latest_only_with_trigger to 2021-03-22 00:00:00+00:00
[2021-03-24 01:03:03,746] {scheduler_job.py:190} INFO - Processing /Users/harika/Desktop/CSYE_7245/Assignment2/pipeline/MyEnv/lib/python3.7/site-packages/airflow/example_dags/example_latest_only_with_trigger.py took 0.058 seconds
[2021-03-24 01:03:41,280] {scheduler_job.py:182} INFO - Started process (PID=17508) to work on /Users/harika/Desktop/CSYE_7245/Assignment2/pipeline/MyEnv/lib/python3.7/site-packages/airflow/example_dags/example_latest_only_with_trigger.py
[2021-03-24 01:03:41,282] {scheduler_job.py:629} INFO - Processing file /Users/harika/Desktop/CSYE_7245/Assignment2/pipeline/MyEnv/lib/python3.7/site-packages/airflow/example_dags/example_latest_only_with_trigger.py for tasks to queue
[2021-03-24 01:03:41,283] {logging_mixin.py:104} INFO - [2021-03-24 01:03:41,283] {dagbag.py:448} INFO - Filling up the DagBag from /Users/harika/Desktop/CSYE_7245/Assignment2/pipeline/MyEnv/lib/python3.7/site-packages/airflow/example_dags/example_latest_only_with_trigger.py
[2021-03-24 01:03:41,297] {scheduler_job.py:639} INFO - DAG(s) dict_keys(['latest_only_with_trigger']) retrieved from /Users/harika/Desktop/CSYE_7245/Assignment2/pipeline/MyEnv/lib/python3.7/site-packages/airflow/example_dags/example_latest_only_with_trigger.py
[2021-03-24 01:03:41,325] {logging_mixin.py:104} INFO - [2021-03-24 01:03:41,324] {dag.py:1818} INFO - Sync 1 DAGs
[2021-03-24 01:03:41,341] {logging_mixin.py:104} INFO - [2021-03-24 01:03:41,341] {dag.py:2273} INFO - Setting next_dagrun for latest_only_with_trigger to 2021-03-22 00:00:00+00:00
[2021-03-24 01:03:41,350] {scheduler_job.py:190} INFO - Processing /Users/harika/Desktop/CSYE_7245/Assignment2/pipeline/MyEnv/lib/python3.7/site-packages/airflow/example_dags/example_latest_only_with_trigger.py took 0.073 seconds
[2021-03-24 01:04:13,999] {scheduler_job.py:182} INFO - Started process (PID=17550) to work on /Users/harika/Desktop/CSYE_7245/Assignment2/pipeline/MyEnv/lib/python3.7/site-packages/airflow/example_dags/example_latest_only_with_trigger.py
[2021-03-24 01:04:14,001] {scheduler_job.py:629} INFO - Processing file /Users/harika/Desktop/CSYE_7245/Assignment2/pipeline/MyEnv/lib/python3.7/site-packages/airflow/example_dags/example_latest_only_with_trigger.py for tasks to queue
[2021-03-24 01:04:14,002] {logging_mixin.py:104} INFO - [2021-03-24 01:04:14,002] {dagbag.py:448} INFO - Filling up the DagBag from /Users/harika/Desktop/CSYE_7245/Assignment2/pipeline/MyEnv/lib/python3.7/site-packages/airflow/example_dags/example_latest_only_with_trigger.py
[2021-03-24 01:04:14,008] {scheduler_job.py:639} INFO - DAG(s) dict_keys(['latest_only_with_trigger']) retrieved from /Users/harika/Desktop/CSYE_7245/Assignment2/pipeline/MyEnv/lib/python3.7/site-packages/airflow/example_dags/example_latest_only_with_trigger.py
[2021-03-24 01:04:14,024] {logging_mixin.py:104} INFO - [2021-03-24 01:04:14,023] {dag.py:1818} INFO - Sync 1 DAGs
[2021-03-24 01:04:14,036] {logging_mixin.py:104} INFO - [2021-03-24 01:04:14,036] {dag.py:2273} INFO - Setting next_dagrun for latest_only_with_trigger to 2021-03-22 00:00:00+00:00
[2021-03-24 01:04:14,045] {scheduler_job.py:190} INFO - Processing /Users/harika/Desktop/CSYE_7245/Assignment2/pipeline/MyEnv/lib/python3.7/site-packages/airflow/example_dags/example_latest_only_with_trigger.py took 0.050 seconds
[2021-03-24 01:04:47,894] {scheduler_job.py:182} INFO - Started process (PID=17647) to work on /Users/harika/Desktop/CSYE_7245/Assignment2/pipeline/MyEnv/lib/python3.7/site-packages/airflow/example_dags/example_latest_only_with_trigger.py
[2021-03-24 01:04:47,897] {scheduler_job.py:629} INFO - Processing file /Users/harika/Desktop/CSYE_7245/Assignment2/pipeline/MyEnv/lib/python3.7/site-packages/airflow/example_dags/example_latest_only_with_trigger.py for tasks to queue
[2021-03-24 01:04:47,899] {logging_mixin.py:104} INFO - [2021-03-24 01:04:47,898] {dagbag.py:448} INFO - Filling up the DagBag from /Users/harika/Desktop/CSYE_7245/Assignment2/pipeline/MyEnv/lib/python3.7/site-packages/airflow/example_dags/example_latest_only_with_trigger.py
[2021-03-24 01:04:47,909] {scheduler_job.py:639} INFO - DAG(s) dict_keys(['latest_only_with_trigger']) retrieved from /Users/harika/Desktop/CSYE_7245/Assignment2/pipeline/MyEnv/lib/python3.7/site-packages/airflow/example_dags/example_latest_only_with_trigger.py
[2021-03-24 01:04:47,931] {logging_mixin.py:104} INFO - [2021-03-24 01:04:47,930] {dag.py:1818} INFO - Sync 1 DAGs
[2021-03-24 01:04:47,950] {logging_mixin.py:104} INFO - [2021-03-24 01:04:47,949] {dag.py:2273} INFO - Setting next_dagrun for latest_only_with_trigger to 2021-03-22 00:00:00+00:00
[2021-03-24 01:04:47,963] {scheduler_job.py:190} INFO - Processing /Users/harika/Desktop/CSYE_7245/Assignment2/pipeline/MyEnv/lib/python3.7/site-packages/airflow/example_dags/example_latest_only_with_trigger.py took 0.074 seconds
