[2021-03-23 20:15:07,416] {scheduler_job.py:182} INFO - Started process (PID=14193) to work on /Users/harika/Desktop/CSYE_7245/Assignment2/pipeline/MyEnv/lib/python3.7/site-packages/airflow/example_dags/example_task_group.py
[2021-03-23 20:15:07,418] {scheduler_job.py:629} INFO - Processing file /Users/harika/Desktop/CSYE_7245/Assignment2/pipeline/MyEnv/lib/python3.7/site-packages/airflow/example_dags/example_task_group.py for tasks to queue
[2021-03-23 20:15:07,420] {logging_mixin.py:104} INFO - [2021-03-23 20:15:07,419] {dagbag.py:448} INFO - Filling up the DagBag from /Users/harika/Desktop/CSYE_7245/Assignment2/pipeline/MyEnv/lib/python3.7/site-packages/airflow/example_dags/example_task_group.py
[2021-03-23 20:15:07,452] {scheduler_job.py:639} INFO - DAG(s) dict_keys(['example_task_group']) retrieved from /Users/harika/Desktop/CSYE_7245/Assignment2/pipeline/MyEnv/lib/python3.7/site-packages/airflow/example_dags/example_task_group.py
[2021-03-23 20:15:07,483] {logging_mixin.py:104} INFO - [2021-03-23 20:15:07,482] {dag.py:1818} INFO - Sync 1 DAGs
[2021-03-23 20:15:07,512] {logging_mixin.py:104} INFO - [2021-03-23 20:15:07,511] {dag.py:2273} INFO - Setting next_dagrun for example_task_group to 2021-03-22 00:00:00+00:00
[2021-03-23 20:15:07,537] {scheduler_job.py:190} INFO - Processing /Users/harika/Desktop/CSYE_7245/Assignment2/pipeline/MyEnv/lib/python3.7/site-packages/airflow/example_dags/example_task_group.py took 0.130 seconds
[2021-03-23 20:28:15,341] {scheduler_job.py:182} INFO - Started process (PID=14388) to work on /Users/harika/Desktop/CSYE_7245/Assignment2/pipeline/MyEnv/lib/python3.7/site-packages/airflow/example_dags/example_task_group.py
[2021-03-23 20:28:15,347] {scheduler_job.py:629} INFO - Processing file /Users/harika/Desktop/CSYE_7245/Assignment2/pipeline/MyEnv/lib/python3.7/site-packages/airflow/example_dags/example_task_group.py for tasks to queue
[2021-03-23 20:28:15,349] {logging_mixin.py:104} INFO - [2021-03-23 20:28:15,348] {dagbag.py:448} INFO - Filling up the DagBag from /Users/harika/Desktop/CSYE_7245/Assignment2/pipeline/MyEnv/lib/python3.7/site-packages/airflow/example_dags/example_task_group.py
[2021-03-23 20:28:15,369] {scheduler_job.py:639} INFO - DAG(s) dict_keys(['example_task_group']) retrieved from /Users/harika/Desktop/CSYE_7245/Assignment2/pipeline/MyEnv/lib/python3.7/site-packages/airflow/example_dags/example_task_group.py
[2021-03-23 20:28:15,400] {logging_mixin.py:104} INFO - [2021-03-23 20:28:15,399] {dag.py:1818} INFO - Sync 1 DAGs
[2021-03-23 20:28:15,439] {logging_mixin.py:104} INFO - [2021-03-23 20:28:15,439] {dag.py:2273} INFO - Setting next_dagrun for example_task_group to 2021-03-22 00:00:00+00:00
[2021-03-23 20:28:15,466] {scheduler_job.py:190} INFO - Processing /Users/harika/Desktop/CSYE_7245/Assignment2/pipeline/MyEnv/lib/python3.7/site-packages/airflow/example_dags/example_task_group.py took 0.139 seconds
[2021-03-23 20:28:50,990] {scheduler_job.py:182} INFO - Started process (PID=14419) to work on /Users/harika/Desktop/CSYE_7245/Assignment2/pipeline/MyEnv/lib/python3.7/site-packages/airflow/example_dags/example_task_group.py
[2021-03-23 20:28:50,991] {scheduler_job.py:629} INFO - Processing file /Users/harika/Desktop/CSYE_7245/Assignment2/pipeline/MyEnv/lib/python3.7/site-packages/airflow/example_dags/example_task_group.py for tasks to queue
[2021-03-23 20:28:50,993] {logging_mixin.py:104} INFO - [2021-03-23 20:28:50,993] {dagbag.py:448} INFO - Filling up the DagBag from /Users/harika/Desktop/CSYE_7245/Assignment2/pipeline/MyEnv/lib/python3.7/site-packages/airflow/example_dags/example_task_group.py
[2021-03-23 20:28:51,003] {scheduler_job.py:639} INFO - DAG(s) dict_keys(['example_task_group']) retrieved from /Users/harika/Desktop/CSYE_7245/Assignment2/pipeline/MyEnv/lib/python3.7/site-packages/airflow/example_dags/example_task_group.py
[2021-03-23 20:28:51,029] {logging_mixin.py:104} INFO - [2021-03-23 20:28:51,028] {dag.py:1818} INFO - Sync 1 DAGs
[2021-03-23 20:28:51,046] {logging_mixin.py:104} INFO - [2021-03-23 20:28:51,046] {dag.py:2273} INFO - Setting next_dagrun for example_task_group to 2021-03-22 00:00:00+00:00
[2021-03-23 20:28:51,058] {scheduler_job.py:190} INFO - Processing /Users/harika/Desktop/CSYE_7245/Assignment2/pipeline/MyEnv/lib/python3.7/site-packages/airflow/example_dags/example_task_group.py took 0.074 seconds
[2021-03-23 20:29:35,125] {scheduler_job.py:182} INFO - Started process (PID=14454) to work on /Users/harika/Desktop/CSYE_7245/Assignment2/pipeline/MyEnv/lib/python3.7/site-packages/airflow/example_dags/example_task_group.py
[2021-03-23 20:29:35,127] {scheduler_job.py:629} INFO - Processing file /Users/harika/Desktop/CSYE_7245/Assignment2/pipeline/MyEnv/lib/python3.7/site-packages/airflow/example_dags/example_task_group.py for tasks to queue
[2021-03-23 20:29:35,128] {logging_mixin.py:104} INFO - [2021-03-23 20:29:35,128] {dagbag.py:448} INFO - Filling up the DagBag from /Users/harika/Desktop/CSYE_7245/Assignment2/pipeline/MyEnv/lib/python3.7/site-packages/airflow/example_dags/example_task_group.py
[2021-03-23 20:29:35,137] {scheduler_job.py:639} INFO - DAG(s) dict_keys(['example_task_group']) retrieved from /Users/harika/Desktop/CSYE_7245/Assignment2/pipeline/MyEnv/lib/python3.7/site-packages/airflow/example_dags/example_task_group.py
[2021-03-23 20:29:35,159] {logging_mixin.py:104} INFO - [2021-03-23 20:29:35,158] {dag.py:1818} INFO - Sync 1 DAGs
[2021-03-23 20:29:35,181] {logging_mixin.py:104} INFO - [2021-03-23 20:29:35,181] {dag.py:2273} INFO - Setting next_dagrun for example_task_group to 2021-03-22 00:00:00+00:00
[2021-03-23 20:29:35,190] {scheduler_job.py:190} INFO - Processing /Users/harika/Desktop/CSYE_7245/Assignment2/pipeline/MyEnv/lib/python3.7/site-packages/airflow/example_dags/example_task_group.py took 0.069 seconds
[2021-03-23 20:30:16,959] {scheduler_job.py:182} INFO - Started process (PID=14495) to work on /Users/harika/Desktop/CSYE_7245/Assignment2/pipeline/MyEnv/lib/python3.7/site-packages/airflow/example_dags/example_task_group.py
[2021-03-23 20:30:16,961] {scheduler_job.py:629} INFO - Processing file /Users/harika/Desktop/CSYE_7245/Assignment2/pipeline/MyEnv/lib/python3.7/site-packages/airflow/example_dags/example_task_group.py for tasks to queue
[2021-03-23 20:30:16,963] {logging_mixin.py:104} INFO - [2021-03-23 20:30:16,963] {dagbag.py:448} INFO - Filling up the DagBag from /Users/harika/Desktop/CSYE_7245/Assignment2/pipeline/MyEnv/lib/python3.7/site-packages/airflow/example_dags/example_task_group.py
[2021-03-23 20:30:16,972] {scheduler_job.py:639} INFO - DAG(s) dict_keys(['example_task_group']) retrieved from /Users/harika/Desktop/CSYE_7245/Assignment2/pipeline/MyEnv/lib/python3.7/site-packages/airflow/example_dags/example_task_group.py
[2021-03-23 20:30:16,990] {logging_mixin.py:104} INFO - [2021-03-23 20:30:16,989] {dag.py:1818} INFO - Sync 1 DAGs
[2021-03-23 20:30:17,010] {logging_mixin.py:104} INFO - [2021-03-23 20:30:17,009] {dag.py:2273} INFO - Setting next_dagrun for example_task_group to 2021-03-22 00:00:00+00:00
[2021-03-23 20:30:17,024] {scheduler_job.py:190} INFO - Processing /Users/harika/Desktop/CSYE_7245/Assignment2/pipeline/MyEnv/lib/python3.7/site-packages/airflow/example_dags/example_task_group.py took 0.068 seconds
[2021-03-23 20:30:58,326] {scheduler_job.py:182} INFO - Started process (PID=14529) to work on /Users/harika/Desktop/CSYE_7245/Assignment2/pipeline/MyEnv/lib/python3.7/site-packages/airflow/example_dags/example_task_group.py
[2021-03-23 20:30:58,328] {scheduler_job.py:629} INFO - Processing file /Users/harika/Desktop/CSYE_7245/Assignment2/pipeline/MyEnv/lib/python3.7/site-packages/airflow/example_dags/example_task_group.py for tasks to queue
[2021-03-23 20:30:58,331] {logging_mixin.py:104} INFO - [2021-03-23 20:30:58,330] {dagbag.py:448} INFO - Filling up the DagBag from /Users/harika/Desktop/CSYE_7245/Assignment2/pipeline/MyEnv/lib/python3.7/site-packages/airflow/example_dags/example_task_group.py
[2021-03-23 20:30:58,347] {scheduler_job.py:639} INFO - DAG(s) dict_keys(['example_task_group']) retrieved from /Users/harika/Desktop/CSYE_7245/Assignment2/pipeline/MyEnv/lib/python3.7/site-packages/airflow/example_dags/example_task_group.py
[2021-03-23 20:30:58,366] {logging_mixin.py:104} INFO - [2021-03-23 20:30:58,366] {dag.py:1818} INFO - Sync 1 DAGs
[2021-03-23 20:30:58,379] {logging_mixin.py:104} INFO - [2021-03-23 20:30:58,378] {dag.py:2273} INFO - Setting next_dagrun for example_task_group to 2021-03-22 00:00:00+00:00
[2021-03-23 20:30:58,389] {scheduler_job.py:190} INFO - Processing /Users/harika/Desktop/CSYE_7245/Assignment2/pipeline/MyEnv/lib/python3.7/site-packages/airflow/example_dags/example_task_group.py took 0.068 seconds
[2021-03-23 21:09:56,202] {scheduler_job.py:182} INFO - Started process (PID=14961) to work on /Users/harika/Desktop/CSYE_7245/Assignment2/pipeline/MyEnv/lib/python3.7/site-packages/airflow/example_dags/example_task_group.py
[2021-03-23 21:09:56,208] {scheduler_job.py:629} INFO - Processing file /Users/harika/Desktop/CSYE_7245/Assignment2/pipeline/MyEnv/lib/python3.7/site-packages/airflow/example_dags/example_task_group.py for tasks to queue
[2021-03-23 21:09:56,211] {logging_mixin.py:104} INFO - [2021-03-23 21:09:56,210] {dagbag.py:448} INFO - Filling up the DagBag from /Users/harika/Desktop/CSYE_7245/Assignment2/pipeline/MyEnv/lib/python3.7/site-packages/airflow/example_dags/example_task_group.py
[2021-03-23 21:09:56,243] {scheduler_job.py:639} INFO - DAG(s) dict_keys(['example_task_group']) retrieved from /Users/harika/Desktop/CSYE_7245/Assignment2/pipeline/MyEnv/lib/python3.7/site-packages/airflow/example_dags/example_task_group.py
[2021-03-23 21:09:56,289] {logging_mixin.py:104} INFO - [2021-03-23 21:09:56,288] {dag.py:1818} INFO - Sync 1 DAGs
[2021-03-23 21:09:56,337] {logging_mixin.py:104} INFO - [2021-03-23 21:09:56,336] {dag.py:2273} INFO - Setting next_dagrun for example_task_group to 2021-03-22 00:00:00+00:00
[2021-03-23 21:09:56,364] {scheduler_job.py:190} INFO - Processing /Users/harika/Desktop/CSYE_7245/Assignment2/pipeline/MyEnv/lib/python3.7/site-packages/airflow/example_dags/example_task_group.py took 0.173 seconds
[2021-03-23 21:13:07,415] {scheduler_job.py:182} INFO - Started process (PID=15028) to work on /Users/harika/Desktop/CSYE_7245/Assignment2/pipeline/MyEnv/lib/python3.7/site-packages/airflow/example_dags/example_task_group.py
[2021-03-23 21:13:07,419] {scheduler_job.py:629} INFO - Processing file /Users/harika/Desktop/CSYE_7245/Assignment2/pipeline/MyEnv/lib/python3.7/site-packages/airflow/example_dags/example_task_group.py for tasks to queue
[2021-03-23 21:13:07,420] {logging_mixin.py:104} INFO - [2021-03-23 21:13:07,420] {dagbag.py:448} INFO - Filling up the DagBag from /Users/harika/Desktop/CSYE_7245/Assignment2/pipeline/MyEnv/lib/python3.7/site-packages/airflow/example_dags/example_task_group.py
[2021-03-23 21:13:07,431] {scheduler_job.py:639} INFO - DAG(s) dict_keys(['example_task_group']) retrieved from /Users/harika/Desktop/CSYE_7245/Assignment2/pipeline/MyEnv/lib/python3.7/site-packages/airflow/example_dags/example_task_group.py
[2021-03-23 21:13:07,452] {logging_mixin.py:104} INFO - [2021-03-23 21:13:07,450] {dag.py:1818} INFO - Sync 1 DAGs
[2021-03-23 21:13:07,475] {logging_mixin.py:104} INFO - [2021-03-23 21:13:07,474] {dag.py:2273} INFO - Setting next_dagrun for example_task_group to 2021-03-22 00:00:00+00:00
[2021-03-23 21:13:07,486] {scheduler_job.py:190} INFO - Processing /Users/harika/Desktop/CSYE_7245/Assignment2/pipeline/MyEnv/lib/python3.7/site-packages/airflow/example_dags/example_task_group.py took 0.077 seconds
[2021-03-23 21:13:48,142] {scheduler_job.py:182} INFO - Started process (PID=15060) to work on /Users/harika/Desktop/CSYE_7245/Assignment2/pipeline/MyEnv/lib/python3.7/site-packages/airflow/example_dags/example_task_group.py
[2021-03-23 21:13:48,144] {scheduler_job.py:629} INFO - Processing file /Users/harika/Desktop/CSYE_7245/Assignment2/pipeline/MyEnv/lib/python3.7/site-packages/airflow/example_dags/example_task_group.py for tasks to queue
[2021-03-23 21:13:48,145] {logging_mixin.py:104} INFO - [2021-03-23 21:13:48,145] {dagbag.py:448} INFO - Filling up the DagBag from /Users/harika/Desktop/CSYE_7245/Assignment2/pipeline/MyEnv/lib/python3.7/site-packages/airflow/example_dags/example_task_group.py
[2021-03-23 21:13:48,155] {scheduler_job.py:639} INFO - DAG(s) dict_keys(['example_task_group']) retrieved from /Users/harika/Desktop/CSYE_7245/Assignment2/pipeline/MyEnv/lib/python3.7/site-packages/airflow/example_dags/example_task_group.py
[2021-03-23 21:13:48,177] {logging_mixin.py:104} INFO - [2021-03-23 21:13:48,175] {dag.py:1818} INFO - Sync 1 DAGs
[2021-03-23 21:13:48,200] {logging_mixin.py:104} INFO - [2021-03-23 21:13:48,200] {dag.py:2273} INFO - Setting next_dagrun for example_task_group to 2021-03-22 00:00:00+00:00
[2021-03-23 21:13:48,211] {scheduler_job.py:190} INFO - Processing /Users/harika/Desktop/CSYE_7245/Assignment2/pipeline/MyEnv/lib/python3.7/site-packages/airflow/example_dags/example_task_group.py took 0.072 seconds
[2021-03-23 21:18:04,306] {scheduler_job.py:182} INFO - Started process (PID=15200) to work on /Users/harika/Desktop/CSYE_7245/Assignment2/pipeline/MyEnv/lib/python3.7/site-packages/airflow/example_dags/example_task_group.py
[2021-03-23 21:18:04,309] {scheduler_job.py:629} INFO - Processing file /Users/harika/Desktop/CSYE_7245/Assignment2/pipeline/MyEnv/lib/python3.7/site-packages/airflow/example_dags/example_task_group.py for tasks to queue
[2021-03-23 21:18:04,310] {logging_mixin.py:104} INFO - [2021-03-23 21:18:04,310] {dagbag.py:448} INFO - Filling up the DagBag from /Users/harika/Desktop/CSYE_7245/Assignment2/pipeline/MyEnv/lib/python3.7/site-packages/airflow/example_dags/example_task_group.py
[2021-03-23 21:18:04,325] {scheduler_job.py:639} INFO - DAG(s) dict_keys(['example_task_group']) retrieved from /Users/harika/Desktop/CSYE_7245/Assignment2/pipeline/MyEnv/lib/python3.7/site-packages/airflow/example_dags/example_task_group.py
[2021-03-23 21:18:04,351] {logging_mixin.py:104} INFO - [2021-03-23 21:18:04,351] {dag.py:1818} INFO - Sync 1 DAGs
[2021-03-23 21:18:04,362] {logging_mixin.py:104} INFO - [2021-03-23 21:18:04,362] {dag.py:2273} INFO - Setting next_dagrun for example_task_group to 2021-03-22 00:00:00+00:00
[2021-03-23 21:18:04,374] {scheduler_job.py:190} INFO - Processing /Users/harika/Desktop/CSYE_7245/Assignment2/pipeline/MyEnv/lib/python3.7/site-packages/airflow/example_dags/example_task_group.py took 0.072 seconds
[2021-03-23 21:18:42,140] {scheduler_job.py:182} INFO - Started process (PID=15237) to work on /Users/harika/Desktop/CSYE_7245/Assignment2/pipeline/MyEnv/lib/python3.7/site-packages/airflow/example_dags/example_task_group.py
[2021-03-23 21:18:42,143] {scheduler_job.py:629} INFO - Processing file /Users/harika/Desktop/CSYE_7245/Assignment2/pipeline/MyEnv/lib/python3.7/site-packages/airflow/example_dags/example_task_group.py for tasks to queue
[2021-03-23 21:18:42,144] {logging_mixin.py:104} INFO - [2021-03-23 21:18:42,144] {dagbag.py:448} INFO - Filling up the DagBag from /Users/harika/Desktop/CSYE_7245/Assignment2/pipeline/MyEnv/lib/python3.7/site-packages/airflow/example_dags/example_task_group.py
[2021-03-23 21:18:42,157] {scheduler_job.py:639} INFO - DAG(s) dict_keys(['example_task_group']) retrieved from /Users/harika/Desktop/CSYE_7245/Assignment2/pipeline/MyEnv/lib/python3.7/site-packages/airflow/example_dags/example_task_group.py
[2021-03-23 21:18:42,173] {logging_mixin.py:104} INFO - [2021-03-23 21:18:42,173] {dag.py:1818} INFO - Sync 1 DAGs
[2021-03-23 21:18:42,185] {logging_mixin.py:104} INFO - [2021-03-23 21:18:42,184] {dag.py:2273} INFO - Setting next_dagrun for example_task_group to 2021-03-22 00:00:00+00:00
[2021-03-23 21:18:42,193] {scheduler_job.py:190} INFO - Processing /Users/harika/Desktop/CSYE_7245/Assignment2/pipeline/MyEnv/lib/python3.7/site-packages/airflow/example_dags/example_task_group.py took 0.061 seconds
[2021-03-23 21:19:22,229] {scheduler_job.py:182} INFO - Started process (PID=15270) to work on /Users/harika/Desktop/CSYE_7245/Assignment2/pipeline/MyEnv/lib/python3.7/site-packages/airflow/example_dags/example_task_group.py
[2021-03-23 21:19:22,232] {scheduler_job.py:629} INFO - Processing file /Users/harika/Desktop/CSYE_7245/Assignment2/pipeline/MyEnv/lib/python3.7/site-packages/airflow/example_dags/example_task_group.py for tasks to queue
[2021-03-23 21:19:22,236] {logging_mixin.py:104} INFO - [2021-03-23 21:19:22,235] {dagbag.py:448} INFO - Filling up the DagBag from /Users/harika/Desktop/CSYE_7245/Assignment2/pipeline/MyEnv/lib/python3.7/site-packages/airflow/example_dags/example_task_group.py
[2021-03-23 21:19:22,251] {scheduler_job.py:639} INFO - DAG(s) dict_keys(['example_task_group']) retrieved from /Users/harika/Desktop/CSYE_7245/Assignment2/pipeline/MyEnv/lib/python3.7/site-packages/airflow/example_dags/example_task_group.py
[2021-03-23 21:19:22,287] {logging_mixin.py:104} INFO - [2021-03-23 21:19:22,286] {dag.py:1818} INFO - Sync 1 DAGs
[2021-03-23 21:19:22,311] {logging_mixin.py:104} INFO - [2021-03-23 21:19:22,310] {dag.py:2273} INFO - Setting next_dagrun for example_task_group to 2021-03-22 00:00:00+00:00
[2021-03-23 21:19:22,323] {scheduler_job.py:190} INFO - Processing /Users/harika/Desktop/CSYE_7245/Assignment2/pipeline/MyEnv/lib/python3.7/site-packages/airflow/example_dags/example_task_group.py took 0.098 seconds
[2021-03-23 21:19:58,159] {scheduler_job.py:182} INFO - Started process (PID=15298) to work on /Users/harika/Desktop/CSYE_7245/Assignment2/pipeline/MyEnv/lib/python3.7/site-packages/airflow/example_dags/example_task_group.py
[2021-03-23 21:19:58,161] {scheduler_job.py:629} INFO - Processing file /Users/harika/Desktop/CSYE_7245/Assignment2/pipeline/MyEnv/lib/python3.7/site-packages/airflow/example_dags/example_task_group.py for tasks to queue
[2021-03-23 21:19:58,164] {logging_mixin.py:104} INFO - [2021-03-23 21:19:58,163] {dagbag.py:448} INFO - Filling up the DagBag from /Users/harika/Desktop/CSYE_7245/Assignment2/pipeline/MyEnv/lib/python3.7/site-packages/airflow/example_dags/example_task_group.py
[2021-03-23 21:19:58,180] {scheduler_job.py:639} INFO - DAG(s) dict_keys(['example_task_group']) retrieved from /Users/harika/Desktop/CSYE_7245/Assignment2/pipeline/MyEnv/lib/python3.7/site-packages/airflow/example_dags/example_task_group.py
[2021-03-23 21:19:58,205] {logging_mixin.py:104} INFO - [2021-03-23 21:19:58,204] {dag.py:1818} INFO - Sync 1 DAGs
[2021-03-23 21:19:58,228] {logging_mixin.py:104} INFO - [2021-03-23 21:19:58,227] {dag.py:2273} INFO - Setting next_dagrun for example_task_group to 2021-03-22 00:00:00+00:00
[2021-03-23 21:19:58,247] {scheduler_job.py:190} INFO - Processing /Users/harika/Desktop/CSYE_7245/Assignment2/pipeline/MyEnv/lib/python3.7/site-packages/airflow/example_dags/example_task_group.py took 0.094 seconds
[2021-03-24 00:02:43,131] {scheduler_job.py:182} INFO - Started process (PID=16936) to work on /Users/harika/Desktop/CSYE_7245/Assignment2/pipeline/MyEnv/lib/python3.7/site-packages/airflow/example_dags/example_task_group.py
[2021-03-24 00:02:43,133] {scheduler_job.py:629} INFO - Processing file /Users/harika/Desktop/CSYE_7245/Assignment2/pipeline/MyEnv/lib/python3.7/site-packages/airflow/example_dags/example_task_group.py for tasks to queue
[2021-03-24 00:02:43,134] {logging_mixin.py:104} INFO - [2021-03-24 00:02:43,134] {dagbag.py:448} INFO - Filling up the DagBag from /Users/harika/Desktop/CSYE_7245/Assignment2/pipeline/MyEnv/lib/python3.7/site-packages/airflow/example_dags/example_task_group.py
[2021-03-24 00:02:43,153] {scheduler_job.py:639} INFO - DAG(s) dict_keys(['example_task_group']) retrieved from /Users/harika/Desktop/CSYE_7245/Assignment2/pipeline/MyEnv/lib/python3.7/site-packages/airflow/example_dags/example_task_group.py
[2021-03-24 00:02:43,177] {logging_mixin.py:104} INFO - [2021-03-24 00:02:43,176] {dag.py:1818} INFO - Sync 1 DAGs
[2021-03-24 00:02:43,190] {logging_mixin.py:104} INFO - [2021-03-24 00:02:43,189] {dag.py:2273} INFO - Setting next_dagrun for example_task_group to 2021-03-22 00:00:00+00:00
[2021-03-24 00:02:43,207] {scheduler_job.py:190} INFO - Processing /Users/harika/Desktop/CSYE_7245/Assignment2/pipeline/MyEnv/lib/python3.7/site-packages/airflow/example_dags/example_task_group.py took 0.081 seconds
[2021-03-24 00:03:20,488] {scheduler_job.py:182} INFO - Started process (PID=16967) to work on /Users/harika/Desktop/CSYE_7245/Assignment2/pipeline/MyEnv/lib/python3.7/site-packages/airflow/example_dags/example_task_group.py
[2021-03-24 00:03:20,491] {scheduler_job.py:629} INFO - Processing file /Users/harika/Desktop/CSYE_7245/Assignment2/pipeline/MyEnv/lib/python3.7/site-packages/airflow/example_dags/example_task_group.py for tasks to queue
[2021-03-24 00:03:20,493] {logging_mixin.py:104} INFO - [2021-03-24 00:03:20,492] {dagbag.py:448} INFO - Filling up the DagBag from /Users/harika/Desktop/CSYE_7245/Assignment2/pipeline/MyEnv/lib/python3.7/site-packages/airflow/example_dags/example_task_group.py
[2021-03-24 00:03:20,509] {scheduler_job.py:639} INFO - DAG(s) dict_keys(['example_task_group']) retrieved from /Users/harika/Desktop/CSYE_7245/Assignment2/pipeline/MyEnv/lib/python3.7/site-packages/airflow/example_dags/example_task_group.py
[2021-03-24 00:03:20,529] {logging_mixin.py:104} INFO - [2021-03-24 00:03:20,528] {dag.py:1818} INFO - Sync 1 DAGs
[2021-03-24 00:03:20,541] {logging_mixin.py:104} INFO - [2021-03-24 00:03:20,541] {dag.py:2273} INFO - Setting next_dagrun for example_task_group to 2021-03-22 00:00:00+00:00
[2021-03-24 00:03:20,554] {scheduler_job.py:190} INFO - Processing /Users/harika/Desktop/CSYE_7245/Assignment2/pipeline/MyEnv/lib/python3.7/site-packages/airflow/example_dags/example_task_group.py took 0.070 seconds
[2021-03-24 00:03:56,566] {scheduler_job.py:182} INFO - Started process (PID=16993) to work on /Users/harika/Desktop/CSYE_7245/Assignment2/pipeline/MyEnv/lib/python3.7/site-packages/airflow/example_dags/example_task_group.py
[2021-03-24 00:03:56,567] {scheduler_job.py:629} INFO - Processing file /Users/harika/Desktop/CSYE_7245/Assignment2/pipeline/MyEnv/lib/python3.7/site-packages/airflow/example_dags/example_task_group.py for tasks to queue
[2021-03-24 00:03:56,570] {logging_mixin.py:104} INFO - [2021-03-24 00:03:56,568] {dagbag.py:448} INFO - Filling up the DagBag from /Users/harika/Desktop/CSYE_7245/Assignment2/pipeline/MyEnv/lib/python3.7/site-packages/airflow/example_dags/example_task_group.py
[2021-03-24 00:03:56,605] {scheduler_job.py:639} INFO - DAG(s) dict_keys(['example_task_group']) retrieved from /Users/harika/Desktop/CSYE_7245/Assignment2/pipeline/MyEnv/lib/python3.7/site-packages/airflow/example_dags/example_task_group.py
[2021-03-24 00:03:56,641] {logging_mixin.py:104} INFO - [2021-03-24 00:03:56,640] {dag.py:1818} INFO - Sync 1 DAGs
[2021-03-24 00:03:56,662] {logging_mixin.py:104} INFO - [2021-03-24 00:03:56,661] {dag.py:2273} INFO - Setting next_dagrun for example_task_group to 2021-03-22 00:00:00+00:00
[2021-03-24 00:03:56,677] {scheduler_job.py:190} INFO - Processing /Users/harika/Desktop/CSYE_7245/Assignment2/pipeline/MyEnv/lib/python3.7/site-packages/airflow/example_dags/example_task_group.py took 0.116 seconds
[2021-03-24 00:04:41,561] {scheduler_job.py:182} INFO - Started process (PID=17028) to work on /Users/harika/Desktop/CSYE_7245/Assignment2/pipeline/MyEnv/lib/python3.7/site-packages/airflow/example_dags/example_task_group.py
[2021-03-24 00:04:41,563] {scheduler_job.py:629} INFO - Processing file /Users/harika/Desktop/CSYE_7245/Assignment2/pipeline/MyEnv/lib/python3.7/site-packages/airflow/example_dags/example_task_group.py for tasks to queue
[2021-03-24 00:04:41,565] {logging_mixin.py:104} INFO - [2021-03-24 00:04:41,564] {dagbag.py:448} INFO - Filling up the DagBag from /Users/harika/Desktop/CSYE_7245/Assignment2/pipeline/MyEnv/lib/python3.7/site-packages/airflow/example_dags/example_task_group.py
[2021-03-24 00:04:41,581] {scheduler_job.py:639} INFO - DAG(s) dict_keys(['example_task_group']) retrieved from /Users/harika/Desktop/CSYE_7245/Assignment2/pipeline/MyEnv/lib/python3.7/site-packages/airflow/example_dags/example_task_group.py
[2021-03-24 00:04:41,599] {logging_mixin.py:104} INFO - [2021-03-24 00:04:41,599] {dag.py:1818} INFO - Sync 1 DAGs
[2021-03-24 00:04:41,611] {logging_mixin.py:104} INFO - [2021-03-24 00:04:41,611] {dag.py:2273} INFO - Setting next_dagrun for example_task_group to 2021-03-22 00:00:00+00:00
[2021-03-24 00:04:41,619] {scheduler_job.py:190} INFO - Processing /Users/harika/Desktop/CSYE_7245/Assignment2/pipeline/MyEnv/lib/python3.7/site-packages/airflow/example_dags/example_task_group.py took 0.065 seconds
[2021-03-24 00:05:14,349] {scheduler_job.py:182} INFO - Started process (PID=17056) to work on /Users/harika/Desktop/CSYE_7245/Assignment2/pipeline/MyEnv/lib/python3.7/site-packages/airflow/example_dags/example_task_group.py
[2021-03-24 00:05:14,351] {scheduler_job.py:629} INFO - Processing file /Users/harika/Desktop/CSYE_7245/Assignment2/pipeline/MyEnv/lib/python3.7/site-packages/airflow/example_dags/example_task_group.py for tasks to queue
[2021-03-24 00:05:14,353] {logging_mixin.py:104} INFO - [2021-03-24 00:05:14,352] {dagbag.py:448} INFO - Filling up the DagBag from /Users/harika/Desktop/CSYE_7245/Assignment2/pipeline/MyEnv/lib/python3.7/site-packages/airflow/example_dags/example_task_group.py
[2021-03-24 00:05:14,369] {scheduler_job.py:639} INFO - DAG(s) dict_keys(['example_task_group']) retrieved from /Users/harika/Desktop/CSYE_7245/Assignment2/pipeline/MyEnv/lib/python3.7/site-packages/airflow/example_dags/example_task_group.py
[2021-03-24 00:05:14,389] {logging_mixin.py:104} INFO - [2021-03-24 00:05:14,389] {dag.py:1818} INFO - Sync 1 DAGs
[2021-03-24 00:05:14,407] {logging_mixin.py:104} INFO - [2021-03-24 00:05:14,406] {dag.py:2273} INFO - Setting next_dagrun for example_task_group to 2021-03-22 00:00:00+00:00
[2021-03-24 00:05:14,418] {scheduler_job.py:190} INFO - Processing /Users/harika/Desktop/CSYE_7245/Assignment2/pipeline/MyEnv/lib/python3.7/site-packages/airflow/example_dags/example_task_group.py took 0.077 seconds
[2021-03-24 00:06:02,733] {scheduler_job.py:182} INFO - Started process (PID=17097) to work on /Users/harika/Desktop/CSYE_7245/Assignment2/pipeline/MyEnv/lib/python3.7/site-packages/airflow/example_dags/example_task_group.py
[2021-03-24 00:06:02,736] {scheduler_job.py:629} INFO - Processing file /Users/harika/Desktop/CSYE_7245/Assignment2/pipeline/MyEnv/lib/python3.7/site-packages/airflow/example_dags/example_task_group.py for tasks to queue
[2021-03-24 00:06:02,739] {logging_mixin.py:104} INFO - [2021-03-24 00:06:02,739] {dagbag.py:448} INFO - Filling up the DagBag from /Users/harika/Desktop/CSYE_7245/Assignment2/pipeline/MyEnv/lib/python3.7/site-packages/airflow/example_dags/example_task_group.py
[2021-03-24 00:06:02,772] {scheduler_job.py:639} INFO - DAG(s) dict_keys(['example_task_group']) retrieved from /Users/harika/Desktop/CSYE_7245/Assignment2/pipeline/MyEnv/lib/python3.7/site-packages/airflow/example_dags/example_task_group.py
[2021-03-24 00:06:02,811] {logging_mixin.py:104} INFO - [2021-03-24 00:06:02,809] {dag.py:1818} INFO - Sync 1 DAGs
[2021-03-24 00:06:02,839] {logging_mixin.py:104} INFO - [2021-03-24 00:06:02,838] {dag.py:2273} INFO - Setting next_dagrun for example_task_group to 2021-03-22 00:00:00+00:00
[2021-03-24 00:06:02,869] {scheduler_job.py:190} INFO - Processing /Users/harika/Desktop/CSYE_7245/Assignment2/pipeline/MyEnv/lib/python3.7/site-packages/airflow/example_dags/example_task_group.py took 0.143 seconds
[2021-03-24 01:02:33,739] {scheduler_job.py:182} INFO - Started process (PID=17429) to work on /Users/harika/Desktop/CSYE_7245/Assignment2/pipeline/MyEnv/lib/python3.7/site-packages/airflow/example_dags/example_task_group.py
[2021-03-24 01:02:33,741] {scheduler_job.py:629} INFO - Processing file /Users/harika/Desktop/CSYE_7245/Assignment2/pipeline/MyEnv/lib/python3.7/site-packages/airflow/example_dags/example_task_group.py for tasks to queue
[2021-03-24 01:02:33,743] {logging_mixin.py:104} INFO - [2021-03-24 01:02:33,742] {dagbag.py:448} INFO - Filling up the DagBag from /Users/harika/Desktop/CSYE_7245/Assignment2/pipeline/MyEnv/lib/python3.7/site-packages/airflow/example_dags/example_task_group.py
[2021-03-24 01:02:33,754] {scheduler_job.py:639} INFO - DAG(s) dict_keys(['example_task_group']) retrieved from /Users/harika/Desktop/CSYE_7245/Assignment2/pipeline/MyEnv/lib/python3.7/site-packages/airflow/example_dags/example_task_group.py
[2021-03-24 01:02:33,772] {logging_mixin.py:104} INFO - [2021-03-24 01:02:33,771] {dag.py:1818} INFO - Sync 1 DAGs
[2021-03-24 01:02:33,786] {logging_mixin.py:104} INFO - [2021-03-24 01:02:33,786] {dag.py:2273} INFO - Setting next_dagrun for example_task_group to 2021-03-22 00:00:00+00:00
[2021-03-24 01:02:33,796] {scheduler_job.py:190} INFO - Processing /Users/harika/Desktop/CSYE_7245/Assignment2/pipeline/MyEnv/lib/python3.7/site-packages/airflow/example_dags/example_task_group.py took 0.061 seconds
[2021-03-24 01:03:05,396] {scheduler_job.py:182} INFO - Started process (PID=17468) to work on /Users/harika/Desktop/CSYE_7245/Assignment2/pipeline/MyEnv/lib/python3.7/site-packages/airflow/example_dags/example_task_group.py
[2021-03-24 01:03:05,398] {scheduler_job.py:629} INFO - Processing file /Users/harika/Desktop/CSYE_7245/Assignment2/pipeline/MyEnv/lib/python3.7/site-packages/airflow/example_dags/example_task_group.py for tasks to queue
[2021-03-24 01:03:05,399] {logging_mixin.py:104} INFO - [2021-03-24 01:03:05,399] {dagbag.py:448} INFO - Filling up the DagBag from /Users/harika/Desktop/CSYE_7245/Assignment2/pipeline/MyEnv/lib/python3.7/site-packages/airflow/example_dags/example_task_group.py
[2021-03-24 01:03:05,408] {scheduler_job.py:639} INFO - DAG(s) dict_keys(['example_task_group']) retrieved from /Users/harika/Desktop/CSYE_7245/Assignment2/pipeline/MyEnv/lib/python3.7/site-packages/airflow/example_dags/example_task_group.py
[2021-03-24 01:03:05,423] {logging_mixin.py:104} INFO - [2021-03-24 01:03:05,423] {dag.py:1818} INFO - Sync 1 DAGs
[2021-03-24 01:03:05,436] {logging_mixin.py:104} INFO - [2021-03-24 01:03:05,435] {dag.py:2273} INFO - Setting next_dagrun for example_task_group to 2021-03-22 00:00:00+00:00
[2021-03-24 01:03:05,444] {scheduler_job.py:190} INFO - Processing /Users/harika/Desktop/CSYE_7245/Assignment2/pipeline/MyEnv/lib/python3.7/site-packages/airflow/example_dags/example_task_group.py took 0.052 seconds
[2021-03-24 01:03:43,008] {scheduler_job.py:182} INFO - Started process (PID=17510) to work on /Users/harika/Desktop/CSYE_7245/Assignment2/pipeline/MyEnv/lib/python3.7/site-packages/airflow/example_dags/example_task_group.py
[2021-03-24 01:03:43,010] {scheduler_job.py:629} INFO - Processing file /Users/harika/Desktop/CSYE_7245/Assignment2/pipeline/MyEnv/lib/python3.7/site-packages/airflow/example_dags/example_task_group.py for tasks to queue
[2021-03-24 01:03:43,012] {logging_mixin.py:104} INFO - [2021-03-24 01:03:43,012] {dagbag.py:448} INFO - Filling up the DagBag from /Users/harika/Desktop/CSYE_7245/Assignment2/pipeline/MyEnv/lib/python3.7/site-packages/airflow/example_dags/example_task_group.py
[2021-03-24 01:03:43,023] {scheduler_job.py:639} INFO - DAG(s) dict_keys(['example_task_group']) retrieved from /Users/harika/Desktop/CSYE_7245/Assignment2/pipeline/MyEnv/lib/python3.7/site-packages/airflow/example_dags/example_task_group.py
[2021-03-24 01:03:43,042] {logging_mixin.py:104} INFO - [2021-03-24 01:03:43,041] {dag.py:1818} INFO - Sync 1 DAGs
[2021-03-24 01:03:43,054] {logging_mixin.py:104} INFO - [2021-03-24 01:03:43,053] {dag.py:2273} INFO - Setting next_dagrun for example_task_group to 2021-03-22 00:00:00+00:00
[2021-03-24 01:03:43,063] {scheduler_job.py:190} INFO - Processing /Users/harika/Desktop/CSYE_7245/Assignment2/pipeline/MyEnv/lib/python3.7/site-packages/airflow/example_dags/example_task_group.py took 0.060 seconds
[2021-03-24 01:04:18,038] {scheduler_job.py:182} INFO - Started process (PID=17556) to work on /Users/harika/Desktop/CSYE_7245/Assignment2/pipeline/MyEnv/lib/python3.7/site-packages/airflow/example_dags/example_task_group.py
[2021-03-24 01:04:18,039] {scheduler_job.py:629} INFO - Processing file /Users/harika/Desktop/CSYE_7245/Assignment2/pipeline/MyEnv/lib/python3.7/site-packages/airflow/example_dags/example_task_group.py for tasks to queue
[2021-03-24 01:04:18,041] {logging_mixin.py:104} INFO - [2021-03-24 01:04:18,040] {dagbag.py:448} INFO - Filling up the DagBag from /Users/harika/Desktop/CSYE_7245/Assignment2/pipeline/MyEnv/lib/python3.7/site-packages/airflow/example_dags/example_task_group.py
[2021-03-24 01:04:18,048] {scheduler_job.py:639} INFO - DAG(s) dict_keys(['example_task_group']) retrieved from /Users/harika/Desktop/CSYE_7245/Assignment2/pipeline/MyEnv/lib/python3.7/site-packages/airflow/example_dags/example_task_group.py
[2021-03-24 01:04:18,064] {logging_mixin.py:104} INFO - [2021-03-24 01:04:18,063] {dag.py:1818} INFO - Sync 1 DAGs
[2021-03-24 01:04:18,075] {logging_mixin.py:104} INFO - [2021-03-24 01:04:18,074] {dag.py:2273} INFO - Setting next_dagrun for example_task_group to 2021-03-22 00:00:00+00:00
[2021-03-24 01:04:18,083] {scheduler_job.py:190} INFO - Processing /Users/harika/Desktop/CSYE_7245/Assignment2/pipeline/MyEnv/lib/python3.7/site-packages/airflow/example_dags/example_task_group.py took 0.048 seconds
[2021-03-24 01:04:52,031] {scheduler_job.py:182} INFO - Started process (PID=17651) to work on /Users/harika/Desktop/CSYE_7245/Assignment2/pipeline/MyEnv/lib/python3.7/site-packages/airflow/example_dags/example_task_group.py
[2021-03-24 01:04:52,033] {scheduler_job.py:629} INFO - Processing file /Users/harika/Desktop/CSYE_7245/Assignment2/pipeline/MyEnv/lib/python3.7/site-packages/airflow/example_dags/example_task_group.py for tasks to queue
[2021-03-24 01:04:52,036] {logging_mixin.py:104} INFO - [2021-03-24 01:04:52,035] {dagbag.py:448} INFO - Filling up the DagBag from /Users/harika/Desktop/CSYE_7245/Assignment2/pipeline/MyEnv/lib/python3.7/site-packages/airflow/example_dags/example_task_group.py
[2021-03-24 01:04:52,050] {scheduler_job.py:639} INFO - DAG(s) dict_keys(['example_task_group']) retrieved from /Users/harika/Desktop/CSYE_7245/Assignment2/pipeline/MyEnv/lib/python3.7/site-packages/airflow/example_dags/example_task_group.py
[2021-03-24 01:04:52,068] {logging_mixin.py:104} INFO - [2021-03-24 01:04:52,068] {dag.py:1818} INFO - Sync 1 DAGs
[2021-03-24 01:04:52,082] {logging_mixin.py:104} INFO - [2021-03-24 01:04:52,081] {dag.py:2273} INFO - Setting next_dagrun for example_task_group to 2021-03-22 00:00:00+00:00
[2021-03-24 01:04:52,090] {scheduler_job.py:190} INFO - Processing /Users/harika/Desktop/CSYE_7245/Assignment2/pipeline/MyEnv/lib/python3.7/site-packages/airflow/example_dags/example_task_group.py took 0.067 seconds
