[2021-03-23 20:28:10,143] {scheduler_job.py:182} INFO - Started process (PID=14382) to work on /Users/harika/Desktop/CSYE_7245/Assignment2/pipeline/MyEnv/lib/python3.7/site-packages/airflow/example_dags/example_trigger_controller_dag.py
[2021-03-23 20:28:10,146] {scheduler_job.py:629} INFO - Processing file /Users/harika/Desktop/CSYE_7245/Assignment2/pipeline/MyEnv/lib/python3.7/site-packages/airflow/example_dags/example_trigger_controller_dag.py for tasks to queue
[2021-03-23 20:28:10,150] {logging_mixin.py:104} INFO - [2021-03-23 20:28:10,148] {dagbag.py:448} INFO - Filling up the DagBag from /Users/harika/Desktop/CSYE_7245/Assignment2/pipeline/MyEnv/lib/python3.7/site-packages/airflow/example_dags/example_trigger_controller_dag.py
[2021-03-23 20:28:10,157] {scheduler_job.py:639} INFO - DAG(s) dict_keys(['example_trigger_controller_dag']) retrieved from /Users/harika/Desktop/CSYE_7245/Assignment2/pipeline/MyEnv/lib/python3.7/site-packages/airflow/example_dags/example_trigger_controller_dag.py
[2021-03-23 20:28:10,176] {logging_mixin.py:104} INFO - [2021-03-23 20:28:10,176] {dag.py:1818} INFO - Sync 1 DAGs
[2021-03-23 20:28:10,190] {logging_mixin.py:104} INFO - [2021-03-23 20:28:10,190] {dag.py:2273} INFO - Setting next_dagrun for example_trigger_controller_dag to 2021-03-22 00:00:00+00:00
[2021-03-23 20:28:10,209] {scheduler_job.py:190} INFO - Processing /Users/harika/Desktop/CSYE_7245/Assignment2/pipeline/MyEnv/lib/python3.7/site-packages/airflow/example_dags/example_trigger_controller_dag.py took 0.070 seconds
[2021-03-23 20:28:52,132] {scheduler_job.py:182} INFO - Started process (PID=14420) to work on /Users/harika/Desktop/CSYE_7245/Assignment2/pipeline/MyEnv/lib/python3.7/site-packages/airflow/example_dags/example_trigger_controller_dag.py
[2021-03-23 20:28:52,133] {scheduler_job.py:629} INFO - Processing file /Users/harika/Desktop/CSYE_7245/Assignment2/pipeline/MyEnv/lib/python3.7/site-packages/airflow/example_dags/example_trigger_controller_dag.py for tasks to queue
[2021-03-23 20:28:52,135] {logging_mixin.py:104} INFO - [2021-03-23 20:28:52,135] {dagbag.py:448} INFO - Filling up the DagBag from /Users/harika/Desktop/CSYE_7245/Assignment2/pipeline/MyEnv/lib/python3.7/site-packages/airflow/example_dags/example_trigger_controller_dag.py
[2021-03-23 20:28:52,143] {scheduler_job.py:639} INFO - DAG(s) dict_keys(['example_trigger_controller_dag']) retrieved from /Users/harika/Desktop/CSYE_7245/Assignment2/pipeline/MyEnv/lib/python3.7/site-packages/airflow/example_dags/example_trigger_controller_dag.py
[2021-03-23 20:28:52,163] {logging_mixin.py:104} INFO - [2021-03-23 20:28:52,163] {dag.py:1818} INFO - Sync 1 DAGs
[2021-03-23 20:28:52,178] {logging_mixin.py:104} INFO - [2021-03-23 20:28:52,178] {dag.py:2273} INFO - Setting next_dagrun for example_trigger_controller_dag to 2021-03-22 00:00:00+00:00
[2021-03-23 20:28:52,186] {scheduler_job.py:190} INFO - Processing /Users/harika/Desktop/CSYE_7245/Assignment2/pipeline/MyEnv/lib/python3.7/site-packages/airflow/example_dags/example_trigger_controller_dag.py took 0.059 seconds
[2021-03-23 20:29:28,470] {scheduler_job.py:182} INFO - Started process (PID=14447) to work on /Users/harika/Desktop/CSYE_7245/Assignment2/pipeline/MyEnv/lib/python3.7/site-packages/airflow/example_dags/example_trigger_controller_dag.py
[2021-03-23 20:29:28,472] {scheduler_job.py:629} INFO - Processing file /Users/harika/Desktop/CSYE_7245/Assignment2/pipeline/MyEnv/lib/python3.7/site-packages/airflow/example_dags/example_trigger_controller_dag.py for tasks to queue
[2021-03-23 20:29:28,474] {logging_mixin.py:104} INFO - [2021-03-23 20:29:28,473] {dagbag.py:448} INFO - Filling up the DagBag from /Users/harika/Desktop/CSYE_7245/Assignment2/pipeline/MyEnv/lib/python3.7/site-packages/airflow/example_dags/example_trigger_controller_dag.py
[2021-03-23 20:29:28,488] {scheduler_job.py:639} INFO - DAG(s) dict_keys(['example_trigger_controller_dag']) retrieved from /Users/harika/Desktop/CSYE_7245/Assignment2/pipeline/MyEnv/lib/python3.7/site-packages/airflow/example_dags/example_trigger_controller_dag.py
[2021-03-23 20:29:28,508] {logging_mixin.py:104} INFO - [2021-03-23 20:29:28,507] {dag.py:1818} INFO - Sync 1 DAGs
[2021-03-23 20:29:28,522] {logging_mixin.py:104} INFO - [2021-03-23 20:29:28,521] {dag.py:2273} INFO - Setting next_dagrun for example_trigger_controller_dag to 2021-03-22 00:00:00+00:00
[2021-03-23 20:29:28,530] {scheduler_job.py:190} INFO - Processing /Users/harika/Desktop/CSYE_7245/Assignment2/pipeline/MyEnv/lib/python3.7/site-packages/airflow/example_dags/example_trigger_controller_dag.py took 0.064 seconds
[2021-03-23 20:30:10,494] {scheduler_job.py:182} INFO - Started process (PID=14486) to work on /Users/harika/Desktop/CSYE_7245/Assignment2/pipeline/MyEnv/lib/python3.7/site-packages/airflow/example_dags/example_trigger_controller_dag.py
[2021-03-23 20:30:10,497] {scheduler_job.py:629} INFO - Processing file /Users/harika/Desktop/CSYE_7245/Assignment2/pipeline/MyEnv/lib/python3.7/site-packages/airflow/example_dags/example_trigger_controller_dag.py for tasks to queue
[2021-03-23 20:30:10,500] {logging_mixin.py:104} INFO - [2021-03-23 20:30:10,499] {dagbag.py:448} INFO - Filling up the DagBag from /Users/harika/Desktop/CSYE_7245/Assignment2/pipeline/MyEnv/lib/python3.7/site-packages/airflow/example_dags/example_trigger_controller_dag.py
[2021-03-23 20:30:10,508] {scheduler_job.py:639} INFO - DAG(s) dict_keys(['example_trigger_controller_dag']) retrieved from /Users/harika/Desktop/CSYE_7245/Assignment2/pipeline/MyEnv/lib/python3.7/site-packages/airflow/example_dags/example_trigger_controller_dag.py
[2021-03-23 20:30:10,544] {logging_mixin.py:104} INFO - [2021-03-23 20:30:10,543] {dag.py:1818} INFO - Sync 1 DAGs
[2021-03-23 20:30:10,560] {logging_mixin.py:104} INFO - [2021-03-23 20:30:10,560] {dag.py:2273} INFO - Setting next_dagrun for example_trigger_controller_dag to 2021-03-22 00:00:00+00:00
[2021-03-23 20:30:10,575] {scheduler_job.py:190} INFO - Processing /Users/harika/Desktop/CSYE_7245/Assignment2/pipeline/MyEnv/lib/python3.7/site-packages/airflow/example_dags/example_trigger_controller_dag.py took 0.087 seconds
[2021-03-23 20:30:50,206] {scheduler_job.py:182} INFO - Started process (PID=14521) to work on /Users/harika/Desktop/CSYE_7245/Assignment2/pipeline/MyEnv/lib/python3.7/site-packages/airflow/example_dags/example_trigger_controller_dag.py
[2021-03-23 20:30:50,208] {scheduler_job.py:629} INFO - Processing file /Users/harika/Desktop/CSYE_7245/Assignment2/pipeline/MyEnv/lib/python3.7/site-packages/airflow/example_dags/example_trigger_controller_dag.py for tasks to queue
[2021-03-23 20:30:50,210] {logging_mixin.py:104} INFO - [2021-03-23 20:30:50,210] {dagbag.py:448} INFO - Filling up the DagBag from /Users/harika/Desktop/CSYE_7245/Assignment2/pipeline/MyEnv/lib/python3.7/site-packages/airflow/example_dags/example_trigger_controller_dag.py
[2021-03-23 20:30:50,220] {scheduler_job.py:639} INFO - DAG(s) dict_keys(['example_trigger_controller_dag']) retrieved from /Users/harika/Desktop/CSYE_7245/Assignment2/pipeline/MyEnv/lib/python3.7/site-packages/airflow/example_dags/example_trigger_controller_dag.py
[2021-03-23 20:30:50,238] {logging_mixin.py:104} INFO - [2021-03-23 20:30:50,238] {dag.py:1818} INFO - Sync 1 DAGs
[2021-03-23 20:30:50,250] {logging_mixin.py:104} INFO - [2021-03-23 20:30:50,250] {dag.py:2273} INFO - Setting next_dagrun for example_trigger_controller_dag to 2021-03-22 00:00:00+00:00
[2021-03-23 20:30:50,259] {scheduler_job.py:190} INFO - Processing /Users/harika/Desktop/CSYE_7245/Assignment2/pipeline/MyEnv/lib/python3.7/site-packages/airflow/example_dags/example_trigger_controller_dag.py took 0.063 seconds
[2021-03-23 21:09:57,543] {scheduler_job.py:182} INFO - Started process (PID=14962) to work on /Users/harika/Desktop/CSYE_7245/Assignment2/pipeline/MyEnv/lib/python3.7/site-packages/airflow/example_dags/example_trigger_controller_dag.py
[2021-03-23 21:09:57,548] {scheduler_job.py:629} INFO - Processing file /Users/harika/Desktop/CSYE_7245/Assignment2/pipeline/MyEnv/lib/python3.7/site-packages/airflow/example_dags/example_trigger_controller_dag.py for tasks to queue
[2021-03-23 21:09:57,551] {logging_mixin.py:104} INFO - [2021-03-23 21:09:57,550] {dagbag.py:448} INFO - Filling up the DagBag from /Users/harika/Desktop/CSYE_7245/Assignment2/pipeline/MyEnv/lib/python3.7/site-packages/airflow/example_dags/example_trigger_controller_dag.py
[2021-03-23 21:09:57,597] {scheduler_job.py:639} INFO - DAG(s) dict_keys(['example_trigger_controller_dag']) retrieved from /Users/harika/Desktop/CSYE_7245/Assignment2/pipeline/MyEnv/lib/python3.7/site-packages/airflow/example_dags/example_trigger_controller_dag.py
[2021-03-23 21:09:57,625] {logging_mixin.py:104} INFO - [2021-03-23 21:09:57,624] {dag.py:1818} INFO - Sync 1 DAGs
[2021-03-23 21:09:57,656] {logging_mixin.py:104} INFO - [2021-03-23 21:09:57,654] {dag.py:2273} INFO - Setting next_dagrun for example_trigger_controller_dag to 2021-03-22 00:00:00+00:00
[2021-03-23 21:09:57,672] {scheduler_job.py:190} INFO - Processing /Users/harika/Desktop/CSYE_7245/Assignment2/pipeline/MyEnv/lib/python3.7/site-packages/airflow/example_dags/example_trigger_controller_dag.py took 0.135 seconds
[2021-03-23 21:13:08,574] {scheduler_job.py:182} INFO - Started process (PID=15029) to work on /Users/harika/Desktop/CSYE_7245/Assignment2/pipeline/MyEnv/lib/python3.7/site-packages/airflow/example_dags/example_trigger_controller_dag.py
[2021-03-23 21:13:08,579] {scheduler_job.py:629} INFO - Processing file /Users/harika/Desktop/CSYE_7245/Assignment2/pipeline/MyEnv/lib/python3.7/site-packages/airflow/example_dags/example_trigger_controller_dag.py for tasks to queue
[2021-03-23 21:13:08,582] {logging_mixin.py:104} INFO - [2021-03-23 21:13:08,581] {dagbag.py:448} INFO - Filling up the DagBag from /Users/harika/Desktop/CSYE_7245/Assignment2/pipeline/MyEnv/lib/python3.7/site-packages/airflow/example_dags/example_trigger_controller_dag.py
[2021-03-23 21:13:08,595] {scheduler_job.py:639} INFO - DAG(s) dict_keys(['example_trigger_controller_dag']) retrieved from /Users/harika/Desktop/CSYE_7245/Assignment2/pipeline/MyEnv/lib/python3.7/site-packages/airflow/example_dags/example_trigger_controller_dag.py
[2021-03-23 21:13:08,630] {logging_mixin.py:104} INFO - [2021-03-23 21:13:08,629] {dag.py:1818} INFO - Sync 1 DAGs
[2021-03-23 21:13:08,651] {logging_mixin.py:104} INFO - [2021-03-23 21:13:08,650] {dag.py:2273} INFO - Setting next_dagrun for example_trigger_controller_dag to 2021-03-22 00:00:00+00:00
[2021-03-23 21:13:08,661] {scheduler_job.py:190} INFO - Processing /Users/harika/Desktop/CSYE_7245/Assignment2/pipeline/MyEnv/lib/python3.7/site-packages/airflow/example_dags/example_trigger_controller_dag.py took 0.094 seconds
[2021-03-23 21:13:46,656] {scheduler_job.py:182} INFO - Started process (PID=15058) to work on /Users/harika/Desktop/CSYE_7245/Assignment2/pipeline/MyEnv/lib/python3.7/site-packages/airflow/example_dags/example_trigger_controller_dag.py
[2021-03-23 21:13:46,658] {scheduler_job.py:629} INFO - Processing file /Users/harika/Desktop/CSYE_7245/Assignment2/pipeline/MyEnv/lib/python3.7/site-packages/airflow/example_dags/example_trigger_controller_dag.py for tasks to queue
[2021-03-23 21:13:46,660] {logging_mixin.py:104} INFO - [2021-03-23 21:13:46,659] {dagbag.py:448} INFO - Filling up the DagBag from /Users/harika/Desktop/CSYE_7245/Assignment2/pipeline/MyEnv/lib/python3.7/site-packages/airflow/example_dags/example_trigger_controller_dag.py
[2021-03-23 21:13:46,667] {scheduler_job.py:639} INFO - DAG(s) dict_keys(['example_trigger_controller_dag']) retrieved from /Users/harika/Desktop/CSYE_7245/Assignment2/pipeline/MyEnv/lib/python3.7/site-packages/airflow/example_dags/example_trigger_controller_dag.py
[2021-03-23 21:13:46,681] {logging_mixin.py:104} INFO - [2021-03-23 21:13:46,681] {dag.py:1818} INFO - Sync 1 DAGs
[2021-03-23 21:13:46,706] {logging_mixin.py:104} INFO - [2021-03-23 21:13:46,704] {dag.py:2273} INFO - Setting next_dagrun for example_trigger_controller_dag to 2021-03-22 00:00:00+00:00
[2021-03-23 21:13:46,718] {scheduler_job.py:190} INFO - Processing /Users/harika/Desktop/CSYE_7245/Assignment2/pipeline/MyEnv/lib/python3.7/site-packages/airflow/example_dags/example_trigger_controller_dag.py took 0.065 seconds
[2021-03-23 21:14:44,770] {scheduler_job.py:182} INFO - Started process (PID=15089) to work on /Users/harika/Desktop/CSYE_7245/Assignment2/pipeline/MyEnv/lib/python3.7/site-packages/airflow/example_dags/example_trigger_controller_dag.py
[2021-03-23 21:14:44,773] {scheduler_job.py:629} INFO - Processing file /Users/harika/Desktop/CSYE_7245/Assignment2/pipeline/MyEnv/lib/python3.7/site-packages/airflow/example_dags/example_trigger_controller_dag.py for tasks to queue
[2021-03-23 21:14:44,775] {logging_mixin.py:104} INFO - [2021-03-23 21:14:44,774] {dagbag.py:448} INFO - Filling up the DagBag from /Users/harika/Desktop/CSYE_7245/Assignment2/pipeline/MyEnv/lib/python3.7/site-packages/airflow/example_dags/example_trigger_controller_dag.py
[2021-03-23 21:14:44,790] {scheduler_job.py:639} INFO - DAG(s) dict_keys(['example_trigger_controller_dag']) retrieved from /Users/harika/Desktop/CSYE_7245/Assignment2/pipeline/MyEnv/lib/python3.7/site-packages/airflow/example_dags/example_trigger_controller_dag.py
[2021-03-23 21:14:44,815] {logging_mixin.py:104} INFO - [2021-03-23 21:14:44,814] {dag.py:1818} INFO - Sync 1 DAGs
[2021-03-23 21:14:44,828] {logging_mixin.py:104} INFO - [2021-03-23 21:14:44,828] {dag.py:2273} INFO - Setting next_dagrun for example_trigger_controller_dag to 2021-03-22 00:00:00+00:00
[2021-03-23 21:14:44,837] {scheduler_job.py:190} INFO - Processing /Users/harika/Desktop/CSYE_7245/Assignment2/pipeline/MyEnv/lib/python3.7/site-packages/airflow/example_dags/example_trigger_controller_dag.py took 0.072 seconds
[2021-03-23 21:15:27,139] {scheduler_job.py:182} INFO - Started process (PID=15130) to work on /Users/harika/Desktop/CSYE_7245/Assignment2/pipeline/MyEnv/lib/python3.7/site-packages/airflow/example_dags/example_trigger_controller_dag.py
[2021-03-23 21:15:27,143] {scheduler_job.py:629} INFO - Processing file /Users/harika/Desktop/CSYE_7245/Assignment2/pipeline/MyEnv/lib/python3.7/site-packages/airflow/example_dags/example_trigger_controller_dag.py for tasks to queue
[2021-03-23 21:15:27,146] {logging_mixin.py:104} INFO - [2021-03-23 21:15:27,145] {dagbag.py:448} INFO - Filling up the DagBag from /Users/harika/Desktop/CSYE_7245/Assignment2/pipeline/MyEnv/lib/python3.7/site-packages/airflow/example_dags/example_trigger_controller_dag.py
[2021-03-23 21:15:27,169] {scheduler_job.py:639} INFO - DAG(s) dict_keys(['example_trigger_controller_dag']) retrieved from /Users/harika/Desktop/CSYE_7245/Assignment2/pipeline/MyEnv/lib/python3.7/site-packages/airflow/example_dags/example_trigger_controller_dag.py
[2021-03-23 21:15:27,198] {logging_mixin.py:104} INFO - [2021-03-23 21:15:27,198] {dag.py:1818} INFO - Sync 1 DAGs
[2021-03-23 21:15:27,228] {logging_mixin.py:104} INFO - [2021-03-23 21:15:27,227] {dag.py:2273} INFO - Setting next_dagrun for example_trigger_controller_dag to 2021-03-22 00:00:00+00:00
[2021-03-23 21:15:27,249] {scheduler_job.py:190} INFO - Processing /Users/harika/Desktop/CSYE_7245/Assignment2/pipeline/MyEnv/lib/python3.7/site-packages/airflow/example_dags/example_trigger_controller_dag.py took 0.123 seconds
[2021-03-23 21:17:43,177] {scheduler_job.py:182} INFO - Started process (PID=15178) to work on /Users/harika/Desktop/CSYE_7245/Assignment2/pipeline/MyEnv/lib/python3.7/site-packages/airflow/example_dags/example_trigger_controller_dag.py
[2021-03-23 21:17:43,180] {scheduler_job.py:629} INFO - Processing file /Users/harika/Desktop/CSYE_7245/Assignment2/pipeline/MyEnv/lib/python3.7/site-packages/airflow/example_dags/example_trigger_controller_dag.py for tasks to queue
[2021-03-23 21:17:43,181] {logging_mixin.py:104} INFO - [2021-03-23 21:17:43,181] {dagbag.py:448} INFO - Filling up the DagBag from /Users/harika/Desktop/CSYE_7245/Assignment2/pipeline/MyEnv/lib/python3.7/site-packages/airflow/example_dags/example_trigger_controller_dag.py
[2021-03-23 21:17:43,188] {scheduler_job.py:639} INFO - DAG(s) dict_keys(['example_trigger_controller_dag']) retrieved from /Users/harika/Desktop/CSYE_7245/Assignment2/pipeline/MyEnv/lib/python3.7/site-packages/airflow/example_dags/example_trigger_controller_dag.py
[2021-03-23 21:17:43,204] {logging_mixin.py:104} INFO - [2021-03-23 21:17:43,203] {dag.py:1818} INFO - Sync 1 DAGs
[2021-03-23 21:17:43,216] {logging_mixin.py:104} INFO - [2021-03-23 21:17:43,215] {dag.py:2273} INFO - Setting next_dagrun for example_trigger_controller_dag to 2021-03-22 00:00:00+00:00
[2021-03-23 21:17:43,231] {scheduler_job.py:190} INFO - Processing /Users/harika/Desktop/CSYE_7245/Assignment2/pipeline/MyEnv/lib/python3.7/site-packages/airflow/example_dags/example_trigger_controller_dag.py took 0.059 seconds
[2021-03-23 21:18:19,662] {scheduler_job.py:182} INFO - Started process (PID=15220) to work on /Users/harika/Desktop/CSYE_7245/Assignment2/pipeline/MyEnv/lib/python3.7/site-packages/airflow/example_dags/example_trigger_controller_dag.py
[2021-03-23 21:18:19,665] {scheduler_job.py:629} INFO - Processing file /Users/harika/Desktop/CSYE_7245/Assignment2/pipeline/MyEnv/lib/python3.7/site-packages/airflow/example_dags/example_trigger_controller_dag.py for tasks to queue
[2021-03-23 21:18:19,667] {logging_mixin.py:104} INFO - [2021-03-23 21:18:19,666] {dagbag.py:448} INFO - Filling up the DagBag from /Users/harika/Desktop/CSYE_7245/Assignment2/pipeline/MyEnv/lib/python3.7/site-packages/airflow/example_dags/example_trigger_controller_dag.py
[2021-03-23 21:18:19,678] {scheduler_job.py:639} INFO - DAG(s) dict_keys(['example_trigger_controller_dag']) retrieved from /Users/harika/Desktop/CSYE_7245/Assignment2/pipeline/MyEnv/lib/python3.7/site-packages/airflow/example_dags/example_trigger_controller_dag.py
[2021-03-23 21:18:19,704] {logging_mixin.py:104} INFO - [2021-03-23 21:18:19,704] {dag.py:1818} INFO - Sync 1 DAGs
[2021-03-23 21:18:19,721] {logging_mixin.py:104} INFO - [2021-03-23 21:18:19,720] {dag.py:2273} INFO - Setting next_dagrun for example_trigger_controller_dag to 2021-03-22 00:00:00+00:00
[2021-03-23 21:18:19,732] {scheduler_job.py:190} INFO - Processing /Users/harika/Desktop/CSYE_7245/Assignment2/pipeline/MyEnv/lib/python3.7/site-packages/airflow/example_dags/example_trigger_controller_dag.py took 0.074 seconds
[2021-03-23 21:18:56,354] {scheduler_job.py:182} INFO - Started process (PID=15252) to work on /Users/harika/Desktop/CSYE_7245/Assignment2/pipeline/MyEnv/lib/python3.7/site-packages/airflow/example_dags/example_trigger_controller_dag.py
[2021-03-23 21:18:56,358] {scheduler_job.py:629} INFO - Processing file /Users/harika/Desktop/CSYE_7245/Assignment2/pipeline/MyEnv/lib/python3.7/site-packages/airflow/example_dags/example_trigger_controller_dag.py for tasks to queue
[2021-03-23 21:18:56,362] {logging_mixin.py:104} INFO - [2021-03-23 21:18:56,361] {dagbag.py:448} INFO - Filling up the DagBag from /Users/harika/Desktop/CSYE_7245/Assignment2/pipeline/MyEnv/lib/python3.7/site-packages/airflow/example_dags/example_trigger_controller_dag.py
[2021-03-23 21:18:56,387] {scheduler_job.py:639} INFO - DAG(s) dict_keys(['example_trigger_controller_dag']) retrieved from /Users/harika/Desktop/CSYE_7245/Assignment2/pipeline/MyEnv/lib/python3.7/site-packages/airflow/example_dags/example_trigger_controller_dag.py
[2021-03-23 21:18:56,421] {logging_mixin.py:104} INFO - [2021-03-23 21:18:56,420] {dag.py:1818} INFO - Sync 1 DAGs
[2021-03-23 21:18:56,457] {logging_mixin.py:104} INFO - [2021-03-23 21:18:56,456] {dag.py:2273} INFO - Setting next_dagrun for example_trigger_controller_dag to 2021-03-22 00:00:00+00:00
[2021-03-23 21:18:56,497] {scheduler_job.py:190} INFO - Processing /Users/harika/Desktop/CSYE_7245/Assignment2/pipeline/MyEnv/lib/python3.7/site-packages/airflow/example_dags/example_trigger_controller_dag.py took 0.164 seconds
[2021-03-23 21:19:31,493] {scheduler_job.py:182} INFO - Started process (PID=15279) to work on /Users/harika/Desktop/CSYE_7245/Assignment2/pipeline/MyEnv/lib/python3.7/site-packages/airflow/example_dags/example_trigger_controller_dag.py
[2021-03-23 21:19:31,496] {scheduler_job.py:629} INFO - Processing file /Users/harika/Desktop/CSYE_7245/Assignment2/pipeline/MyEnv/lib/python3.7/site-packages/airflow/example_dags/example_trigger_controller_dag.py for tasks to queue
[2021-03-23 21:19:31,498] {logging_mixin.py:104} INFO - [2021-03-23 21:19:31,498] {dagbag.py:448} INFO - Filling up the DagBag from /Users/harika/Desktop/CSYE_7245/Assignment2/pipeline/MyEnv/lib/python3.7/site-packages/airflow/example_dags/example_trigger_controller_dag.py
[2021-03-23 21:19:31,505] {scheduler_job.py:639} INFO - DAG(s) dict_keys(['example_trigger_controller_dag']) retrieved from /Users/harika/Desktop/CSYE_7245/Assignment2/pipeline/MyEnv/lib/python3.7/site-packages/airflow/example_dags/example_trigger_controller_dag.py
[2021-03-23 21:19:31,521] {logging_mixin.py:104} INFO - [2021-03-23 21:19:31,520] {dag.py:1818} INFO - Sync 1 DAGs
[2021-03-23 21:19:31,541] {logging_mixin.py:104} INFO - [2021-03-23 21:19:31,540] {dag.py:2273} INFO - Setting next_dagrun for example_trigger_controller_dag to 2021-03-22 00:00:00+00:00
[2021-03-23 21:19:31,554] {scheduler_job.py:190} INFO - Processing /Users/harika/Desktop/CSYE_7245/Assignment2/pipeline/MyEnv/lib/python3.7/site-packages/airflow/example_dags/example_trigger_controller_dag.py took 0.065 seconds
[2021-03-23 21:20:06,918] {scheduler_job.py:182} INFO - Started process (PID=15306) to work on /Users/harika/Desktop/CSYE_7245/Assignment2/pipeline/MyEnv/lib/python3.7/site-packages/airflow/example_dags/example_trigger_controller_dag.py
[2021-03-23 21:20:06,920] {scheduler_job.py:629} INFO - Processing file /Users/harika/Desktop/CSYE_7245/Assignment2/pipeline/MyEnv/lib/python3.7/site-packages/airflow/example_dags/example_trigger_controller_dag.py for tasks to queue
[2021-03-23 21:20:06,922] {logging_mixin.py:104} INFO - [2021-03-23 21:20:06,921] {dagbag.py:448} INFO - Filling up the DagBag from /Users/harika/Desktop/CSYE_7245/Assignment2/pipeline/MyEnv/lib/python3.7/site-packages/airflow/example_dags/example_trigger_controller_dag.py
[2021-03-23 21:20:06,929] {scheduler_job.py:639} INFO - DAG(s) dict_keys(['example_trigger_controller_dag']) retrieved from /Users/harika/Desktop/CSYE_7245/Assignment2/pipeline/MyEnv/lib/python3.7/site-packages/airflow/example_dags/example_trigger_controller_dag.py
[2021-03-23 21:20:06,944] {logging_mixin.py:104} INFO - [2021-03-23 21:20:06,944] {dag.py:1818} INFO - Sync 1 DAGs
[2021-03-23 21:20:06,956] {logging_mixin.py:104} INFO - [2021-03-23 21:20:06,955] {dag.py:2273} INFO - Setting next_dagrun for example_trigger_controller_dag to 2021-03-22 00:00:00+00:00
[2021-03-23 21:20:06,963] {scheduler_job.py:190} INFO - Processing /Users/harika/Desktop/CSYE_7245/Assignment2/pipeline/MyEnv/lib/python3.7/site-packages/airflow/example_dags/example_trigger_controller_dag.py took 0.050 seconds
[2021-03-24 00:02:44,291] {scheduler_job.py:182} INFO - Started process (PID=16937) to work on /Users/harika/Desktop/CSYE_7245/Assignment2/pipeline/MyEnv/lib/python3.7/site-packages/airflow/example_dags/example_trigger_controller_dag.py
[2021-03-24 00:02:44,294] {scheduler_job.py:629} INFO - Processing file /Users/harika/Desktop/CSYE_7245/Assignment2/pipeline/MyEnv/lib/python3.7/site-packages/airflow/example_dags/example_trigger_controller_dag.py for tasks to queue
[2021-03-24 00:02:44,296] {logging_mixin.py:104} INFO - [2021-03-24 00:02:44,295] {dagbag.py:448} INFO - Filling up the DagBag from /Users/harika/Desktop/CSYE_7245/Assignment2/pipeline/MyEnv/lib/python3.7/site-packages/airflow/example_dags/example_trigger_controller_dag.py
[2021-03-24 00:02:44,312] {scheduler_job.py:639} INFO - DAG(s) dict_keys(['example_trigger_controller_dag']) retrieved from /Users/harika/Desktop/CSYE_7245/Assignment2/pipeline/MyEnv/lib/python3.7/site-packages/airflow/example_dags/example_trigger_controller_dag.py
[2021-03-24 00:02:44,330] {logging_mixin.py:104} INFO - [2021-03-24 00:02:44,329] {dag.py:1818} INFO - Sync 1 DAGs
[2021-03-24 00:02:44,344] {logging_mixin.py:104} INFO - [2021-03-24 00:02:44,343] {dag.py:2273} INFO - Setting next_dagrun for example_trigger_controller_dag to 2021-03-22 00:00:00+00:00
[2021-03-24 00:02:44,356] {scheduler_job.py:190} INFO - Processing /Users/harika/Desktop/CSYE_7245/Assignment2/pipeline/MyEnv/lib/python3.7/site-packages/airflow/example_dags/example_trigger_controller_dag.py took 0.070 seconds
[2021-03-24 00:03:21,633] {scheduler_job.py:182} INFO - Started process (PID=16968) to work on /Users/harika/Desktop/CSYE_7245/Assignment2/pipeline/MyEnv/lib/python3.7/site-packages/airflow/example_dags/example_trigger_controller_dag.py
[2021-03-24 00:03:21,636] {scheduler_job.py:629} INFO - Processing file /Users/harika/Desktop/CSYE_7245/Assignment2/pipeline/MyEnv/lib/python3.7/site-packages/airflow/example_dags/example_trigger_controller_dag.py for tasks to queue
[2021-03-24 00:03:21,638] {logging_mixin.py:104} INFO - [2021-03-24 00:03:21,637] {dagbag.py:448} INFO - Filling up the DagBag from /Users/harika/Desktop/CSYE_7245/Assignment2/pipeline/MyEnv/lib/python3.7/site-packages/airflow/example_dags/example_trigger_controller_dag.py
[2021-03-24 00:03:21,658] {scheduler_job.py:639} INFO - DAG(s) dict_keys(['example_trigger_controller_dag']) retrieved from /Users/harika/Desktop/CSYE_7245/Assignment2/pipeline/MyEnv/lib/python3.7/site-packages/airflow/example_dags/example_trigger_controller_dag.py
[2021-03-24 00:03:21,682] {logging_mixin.py:104} INFO - [2021-03-24 00:03:21,681] {dag.py:1818} INFO - Sync 1 DAGs
[2021-03-24 00:03:21,698] {logging_mixin.py:104} INFO - [2021-03-24 00:03:21,697] {dag.py:2273} INFO - Setting next_dagrun for example_trigger_controller_dag to 2021-03-22 00:00:00+00:00
[2021-03-24 00:03:21,708] {scheduler_job.py:190} INFO - Processing /Users/harika/Desktop/CSYE_7245/Assignment2/pipeline/MyEnv/lib/python3.7/site-packages/airflow/example_dags/example_trigger_controller_dag.py took 0.084 seconds
[2021-03-24 00:03:57,807] {scheduler_job.py:182} INFO - Started process (PID=16994) to work on /Users/harika/Desktop/CSYE_7245/Assignment2/pipeline/MyEnv/lib/python3.7/site-packages/airflow/example_dags/example_trigger_controller_dag.py
[2021-03-24 00:03:57,809] {scheduler_job.py:629} INFO - Processing file /Users/harika/Desktop/CSYE_7245/Assignment2/pipeline/MyEnv/lib/python3.7/site-packages/airflow/example_dags/example_trigger_controller_dag.py for tasks to queue
[2021-03-24 00:03:57,810] {logging_mixin.py:104} INFO - [2021-03-24 00:03:57,810] {dagbag.py:448} INFO - Filling up the DagBag from /Users/harika/Desktop/CSYE_7245/Assignment2/pipeline/MyEnv/lib/python3.7/site-packages/airflow/example_dags/example_trigger_controller_dag.py
[2021-03-24 00:03:57,827] {scheduler_job.py:639} INFO - DAG(s) dict_keys(['example_trigger_controller_dag']) retrieved from /Users/harika/Desktop/CSYE_7245/Assignment2/pipeline/MyEnv/lib/python3.7/site-packages/airflow/example_dags/example_trigger_controller_dag.py
[2021-03-24 00:03:57,842] {logging_mixin.py:104} INFO - [2021-03-24 00:03:57,841] {dag.py:1818} INFO - Sync 1 DAGs
[2021-03-24 00:03:57,854] {logging_mixin.py:104} INFO - [2021-03-24 00:03:57,853] {dag.py:2273} INFO - Setting next_dagrun for example_trigger_controller_dag to 2021-03-22 00:00:00+00:00
[2021-03-24 00:03:57,862] {scheduler_job.py:190} INFO - Processing /Users/harika/Desktop/CSYE_7245/Assignment2/pipeline/MyEnv/lib/python3.7/site-packages/airflow/example_dags/example_trigger_controller_dag.py took 0.060 seconds
[2021-03-24 00:04:42,716] {scheduler_job.py:182} INFO - Started process (PID=17029) to work on /Users/harika/Desktop/CSYE_7245/Assignment2/pipeline/MyEnv/lib/python3.7/site-packages/airflow/example_dags/example_trigger_controller_dag.py
[2021-03-24 00:04:42,718] {scheduler_job.py:629} INFO - Processing file /Users/harika/Desktop/CSYE_7245/Assignment2/pipeline/MyEnv/lib/python3.7/site-packages/airflow/example_dags/example_trigger_controller_dag.py for tasks to queue
[2021-03-24 00:04:42,720] {logging_mixin.py:104} INFO - [2021-03-24 00:04:42,719] {dagbag.py:448} INFO - Filling up the DagBag from /Users/harika/Desktop/CSYE_7245/Assignment2/pipeline/MyEnv/lib/python3.7/site-packages/airflow/example_dags/example_trigger_controller_dag.py
[2021-03-24 00:04:42,736] {scheduler_job.py:639} INFO - DAG(s) dict_keys(['example_trigger_controller_dag']) retrieved from /Users/harika/Desktop/CSYE_7245/Assignment2/pipeline/MyEnv/lib/python3.7/site-packages/airflow/example_dags/example_trigger_controller_dag.py
[2021-03-24 00:04:42,755] {logging_mixin.py:104} INFO - [2021-03-24 00:04:42,754] {dag.py:1818} INFO - Sync 1 DAGs
[2021-03-24 00:04:42,770] {logging_mixin.py:104} INFO - [2021-03-24 00:04:42,770] {dag.py:2273} INFO - Setting next_dagrun for example_trigger_controller_dag to 2021-03-22 00:00:00+00:00
[2021-03-24 00:04:42,781] {scheduler_job.py:190} INFO - Processing /Users/harika/Desktop/CSYE_7245/Assignment2/pipeline/MyEnv/lib/python3.7/site-packages/airflow/example_dags/example_trigger_controller_dag.py took 0.072 seconds
[2021-03-24 00:05:15,480] {scheduler_job.py:182} INFO - Started process (PID=17058) to work on /Users/harika/Desktop/CSYE_7245/Assignment2/pipeline/MyEnv/lib/python3.7/site-packages/airflow/example_dags/example_trigger_controller_dag.py
[2021-03-24 00:05:15,482] {scheduler_job.py:629} INFO - Processing file /Users/harika/Desktop/CSYE_7245/Assignment2/pipeline/MyEnv/lib/python3.7/site-packages/airflow/example_dags/example_trigger_controller_dag.py for tasks to queue
[2021-03-24 00:05:15,484] {logging_mixin.py:104} INFO - [2021-03-24 00:05:15,484] {dagbag.py:448} INFO - Filling up the DagBag from /Users/harika/Desktop/CSYE_7245/Assignment2/pipeline/MyEnv/lib/python3.7/site-packages/airflow/example_dags/example_trigger_controller_dag.py
[2021-03-24 00:05:15,504] {scheduler_job.py:639} INFO - DAG(s) dict_keys(['example_trigger_controller_dag']) retrieved from /Users/harika/Desktop/CSYE_7245/Assignment2/pipeline/MyEnv/lib/python3.7/site-packages/airflow/example_dags/example_trigger_controller_dag.py
[2021-03-24 00:05:15,525] {logging_mixin.py:104} INFO - [2021-03-24 00:05:15,525] {dag.py:1818} INFO - Sync 1 DAGs
[2021-03-24 00:05:15,538] {logging_mixin.py:104} INFO - [2021-03-24 00:05:15,537] {dag.py:2273} INFO - Setting next_dagrun for example_trigger_controller_dag to 2021-03-22 00:00:00+00:00
[2021-03-24 00:05:15,546] {scheduler_job.py:190} INFO - Processing /Users/harika/Desktop/CSYE_7245/Assignment2/pipeline/MyEnv/lib/python3.7/site-packages/airflow/example_dags/example_trigger_controller_dag.py took 0.071 seconds
[2021-03-24 01:02:48,263] {scheduler_job.py:182} INFO - Started process (PID=17442) to work on /Users/harika/Desktop/CSYE_7245/Assignment2/pipeline/MyEnv/lib/python3.7/site-packages/airflow/example_dags/example_trigger_controller_dag.py
[2021-03-24 01:02:48,266] {scheduler_job.py:629} INFO - Processing file /Users/harika/Desktop/CSYE_7245/Assignment2/pipeline/MyEnv/lib/python3.7/site-packages/airflow/example_dags/example_trigger_controller_dag.py for tasks to queue
[2021-03-24 01:02:48,268] {logging_mixin.py:104} INFO - [2021-03-24 01:02:48,268] {dagbag.py:448} INFO - Filling up the DagBag from /Users/harika/Desktop/CSYE_7245/Assignment2/pipeline/MyEnv/lib/python3.7/site-packages/airflow/example_dags/example_trigger_controller_dag.py
[2021-03-24 01:02:48,275] {scheduler_job.py:639} INFO - DAG(s) dict_keys(['example_trigger_controller_dag']) retrieved from /Users/harika/Desktop/CSYE_7245/Assignment2/pipeline/MyEnv/lib/python3.7/site-packages/airflow/example_dags/example_trigger_controller_dag.py
[2021-03-24 01:02:48,298] {logging_mixin.py:104} INFO - [2021-03-24 01:02:48,297] {dag.py:1818} INFO - Sync 1 DAGs
[2021-03-24 01:02:48,315] {logging_mixin.py:104} INFO - [2021-03-24 01:02:48,315] {dag.py:2273} INFO - Setting next_dagrun for example_trigger_controller_dag to 2021-03-22 00:00:00+00:00
[2021-03-24 01:02:48,325] {scheduler_job.py:190} INFO - Processing /Users/harika/Desktop/CSYE_7245/Assignment2/pipeline/MyEnv/lib/python3.7/site-packages/airflow/example_dags/example_trigger_controller_dag.py took 0.067 seconds
[2021-03-24 01:03:26,221] {scheduler_job.py:182} INFO - Started process (PID=17489) to work on /Users/harika/Desktop/CSYE_7245/Assignment2/pipeline/MyEnv/lib/python3.7/site-packages/airflow/example_dags/example_trigger_controller_dag.py
[2021-03-24 01:03:26,223] {scheduler_job.py:629} INFO - Processing file /Users/harika/Desktop/CSYE_7245/Assignment2/pipeline/MyEnv/lib/python3.7/site-packages/airflow/example_dags/example_trigger_controller_dag.py for tasks to queue
[2021-03-24 01:03:26,224] {logging_mixin.py:104} INFO - [2021-03-24 01:03:26,224] {dagbag.py:448} INFO - Filling up the DagBag from /Users/harika/Desktop/CSYE_7245/Assignment2/pipeline/MyEnv/lib/python3.7/site-packages/airflow/example_dags/example_trigger_controller_dag.py
[2021-03-24 01:03:26,232] {scheduler_job.py:639} INFO - DAG(s) dict_keys(['example_trigger_controller_dag']) retrieved from /Users/harika/Desktop/CSYE_7245/Assignment2/pipeline/MyEnv/lib/python3.7/site-packages/airflow/example_dags/example_trigger_controller_dag.py
[2021-03-24 01:03:26,247] {logging_mixin.py:104} INFO - [2021-03-24 01:03:26,246] {dag.py:1818} INFO - Sync 1 DAGs
[2021-03-24 01:03:26,259] {logging_mixin.py:104} INFO - [2021-03-24 01:03:26,258] {dag.py:2273} INFO - Setting next_dagrun for example_trigger_controller_dag to 2021-03-22 00:00:00+00:00
[2021-03-24 01:03:26,269] {scheduler_job.py:190} INFO - Processing /Users/harika/Desktop/CSYE_7245/Assignment2/pipeline/MyEnv/lib/python3.7/site-packages/airflow/example_dags/example_trigger_controller_dag.py took 0.051 seconds
[2021-03-24 01:04:01,414] {scheduler_job.py:182} INFO - Started process (PID=17528) to work on /Users/harika/Desktop/CSYE_7245/Assignment2/pipeline/MyEnv/lib/python3.7/site-packages/airflow/example_dags/example_trigger_controller_dag.py
[2021-03-24 01:04:01,417] {scheduler_job.py:629} INFO - Processing file /Users/harika/Desktop/CSYE_7245/Assignment2/pipeline/MyEnv/lib/python3.7/site-packages/airflow/example_dags/example_trigger_controller_dag.py for tasks to queue
[2021-03-24 01:04:01,418] {logging_mixin.py:104} INFO - [2021-03-24 01:04:01,418] {dagbag.py:448} INFO - Filling up the DagBag from /Users/harika/Desktop/CSYE_7245/Assignment2/pipeline/MyEnv/lib/python3.7/site-packages/airflow/example_dags/example_trigger_controller_dag.py
[2021-03-24 01:04:01,424] {scheduler_job.py:639} INFO - DAG(s) dict_keys(['example_trigger_controller_dag']) retrieved from /Users/harika/Desktop/CSYE_7245/Assignment2/pipeline/MyEnv/lib/python3.7/site-packages/airflow/example_dags/example_trigger_controller_dag.py
[2021-03-24 01:04:01,436] {logging_mixin.py:104} INFO - [2021-03-24 01:04:01,436] {dag.py:1818} INFO - Sync 1 DAGs
[2021-03-24 01:04:01,446] {logging_mixin.py:104} INFO - [2021-03-24 01:04:01,446] {dag.py:2273} INFO - Setting next_dagrun for example_trigger_controller_dag to 2021-03-22 00:00:00+00:00
[2021-03-24 01:04:01,454] {scheduler_job.py:190} INFO - Processing /Users/harika/Desktop/CSYE_7245/Assignment2/pipeline/MyEnv/lib/python3.7/site-packages/airflow/example_dags/example_trigger_controller_dag.py took 0.043 seconds
[2021-03-24 01:04:35,309] {scheduler_job.py:182} INFO - Started process (PID=17632) to work on /Users/harika/Desktop/CSYE_7245/Assignment2/pipeline/MyEnv/lib/python3.7/site-packages/airflow/example_dags/example_trigger_controller_dag.py
[2021-03-24 01:04:35,310] {scheduler_job.py:629} INFO - Processing file /Users/harika/Desktop/CSYE_7245/Assignment2/pipeline/MyEnv/lib/python3.7/site-packages/airflow/example_dags/example_trigger_controller_dag.py for tasks to queue
[2021-03-24 01:04:35,311] {logging_mixin.py:104} INFO - [2021-03-24 01:04:35,311] {dagbag.py:448} INFO - Filling up the DagBag from /Users/harika/Desktop/CSYE_7245/Assignment2/pipeline/MyEnv/lib/python3.7/site-packages/airflow/example_dags/example_trigger_controller_dag.py
[2021-03-24 01:04:35,317] {scheduler_job.py:639} INFO - DAG(s) dict_keys(['example_trigger_controller_dag']) retrieved from /Users/harika/Desktop/CSYE_7245/Assignment2/pipeline/MyEnv/lib/python3.7/site-packages/airflow/example_dags/example_trigger_controller_dag.py
[2021-03-24 01:04:35,331] {logging_mixin.py:104} INFO - [2021-03-24 01:04:35,330] {dag.py:1818} INFO - Sync 1 DAGs
[2021-03-24 01:04:35,341] {logging_mixin.py:104} INFO - [2021-03-24 01:04:35,341] {dag.py:2273} INFO - Setting next_dagrun for example_trigger_controller_dag to 2021-03-22 00:00:00+00:00
[2021-03-24 01:04:35,349] {scheduler_job.py:190} INFO - Processing /Users/harika/Desktop/CSYE_7245/Assignment2/pipeline/MyEnv/lib/python3.7/site-packages/airflow/example_dags/example_trigger_controller_dag.py took 0.044 seconds
