[2021-03-23 20:14:35,866] {scheduler_job.py:182} INFO - Started process (PID=14180) to work on /Users/harika/Desktop/CSYE_7245/Assignment2/pipeline/MyEnv/lib/python3.7/site-packages/airflow/example_dags/example_branch_operator.py
[2021-03-23 20:14:35,869] {scheduler_job.py:629} INFO - Processing file /Users/harika/Desktop/CSYE_7245/Assignment2/pipeline/MyEnv/lib/python3.7/site-packages/airflow/example_dags/example_branch_operator.py for tasks to queue
[2021-03-23 20:14:35,871] {logging_mixin.py:104} INFO - [2021-03-23 20:14:35,871] {dagbag.py:448} INFO - Filling up the DagBag from /Users/harika/Desktop/CSYE_7245/Assignment2/pipeline/MyEnv/lib/python3.7/site-packages/airflow/example_dags/example_branch_operator.py
[2021-03-23 20:14:35,911] {scheduler_job.py:639} INFO - DAG(s) dict_keys(['example_branch_operator']) retrieved from /Users/harika/Desktop/CSYE_7245/Assignment2/pipeline/MyEnv/lib/python3.7/site-packages/airflow/example_dags/example_branch_operator.py
[2021-03-23 20:14:35,969] {logging_mixin.py:104} INFO - [2021-03-23 20:14:35,968] {dag.py:1818} INFO - Sync 1 DAGs
[2021-03-23 20:14:36,018] {logging_mixin.py:104} INFO - [2021-03-23 20:14:36,017] {dag.py:2273} INFO - Setting next_dagrun for example_branch_operator to 2021-03-22 00:00:00+00:00
[2021-03-23 20:14:36,068] {scheduler_job.py:190} INFO - Processing /Users/harika/Desktop/CSYE_7245/Assignment2/pipeline/MyEnv/lib/python3.7/site-packages/airflow/example_dags/example_branch_operator.py took 0.207 seconds
[2021-03-23 20:28:14,893] {scheduler_job.py:182} INFO - Started process (PID=14387) to work on /Users/harika/Desktop/CSYE_7245/Assignment2/pipeline/MyEnv/lib/python3.7/site-packages/airflow/example_dags/example_branch_operator.py
[2021-03-23 20:28:14,897] {scheduler_job.py:629} INFO - Processing file /Users/harika/Desktop/CSYE_7245/Assignment2/pipeline/MyEnv/lib/python3.7/site-packages/airflow/example_dags/example_branch_operator.py for tasks to queue
[2021-03-23 20:28:14,905] {logging_mixin.py:104} INFO - [2021-03-23 20:28:14,902] {dagbag.py:448} INFO - Filling up the DagBag from /Users/harika/Desktop/CSYE_7245/Assignment2/pipeline/MyEnv/lib/python3.7/site-packages/airflow/example_dags/example_branch_operator.py
[2021-03-23 20:28:14,938] {scheduler_job.py:639} INFO - DAG(s) dict_keys(['example_branch_operator']) retrieved from /Users/harika/Desktop/CSYE_7245/Assignment2/pipeline/MyEnv/lib/python3.7/site-packages/airflow/example_dags/example_branch_operator.py
[2021-03-23 20:28:14,979] {logging_mixin.py:104} INFO - [2021-03-23 20:28:14,979] {dag.py:1818} INFO - Sync 1 DAGs
[2021-03-23 20:28:15,030] {logging_mixin.py:104} INFO - [2021-03-23 20:28:15,029] {dag.py:2273} INFO - Setting next_dagrun for example_branch_operator to 2021-03-22 00:00:00+00:00
[2021-03-23 20:28:15,048] {scheduler_job.py:190} INFO - Processing /Users/harika/Desktop/CSYE_7245/Assignment2/pipeline/MyEnv/lib/python3.7/site-packages/airflow/example_dags/example_branch_operator.py took 0.171 seconds
[2021-03-23 20:28:48,556] {scheduler_job.py:182} INFO - Started process (PID=14417) to work on /Users/harika/Desktop/CSYE_7245/Assignment2/pipeline/MyEnv/lib/python3.7/site-packages/airflow/example_dags/example_branch_operator.py
[2021-03-23 20:28:48,558] {scheduler_job.py:629} INFO - Processing file /Users/harika/Desktop/CSYE_7245/Assignment2/pipeline/MyEnv/lib/python3.7/site-packages/airflow/example_dags/example_branch_operator.py for tasks to queue
[2021-03-23 20:28:48,560] {logging_mixin.py:104} INFO - [2021-03-23 20:28:48,559] {dagbag.py:448} INFO - Filling up the DagBag from /Users/harika/Desktop/CSYE_7245/Assignment2/pipeline/MyEnv/lib/python3.7/site-packages/airflow/example_dags/example_branch_operator.py
[2021-03-23 20:28:48,578] {scheduler_job.py:639} INFO - DAG(s) dict_keys(['example_branch_operator']) retrieved from /Users/harika/Desktop/CSYE_7245/Assignment2/pipeline/MyEnv/lib/python3.7/site-packages/airflow/example_dags/example_branch_operator.py
[2021-03-23 20:28:48,598] {logging_mixin.py:104} INFO - [2021-03-23 20:28:48,597] {dag.py:1818} INFO - Sync 1 DAGs
[2021-03-23 20:28:48,635] {logging_mixin.py:104} INFO - [2021-03-23 20:28:48,635] {dag.py:2273} INFO - Setting next_dagrun for example_branch_operator to 2021-03-22 00:00:00+00:00
[2021-03-23 20:28:48,645] {scheduler_job.py:190} INFO - Processing /Users/harika/Desktop/CSYE_7245/Assignment2/pipeline/MyEnv/lib/python3.7/site-packages/airflow/example_dags/example_branch_operator.py took 0.096 seconds
[2021-03-23 20:29:33,878] {scheduler_job.py:182} INFO - Started process (PID=14453) to work on /Users/harika/Desktop/CSYE_7245/Assignment2/pipeline/MyEnv/lib/python3.7/site-packages/airflow/example_dags/example_branch_operator.py
[2021-03-23 20:29:33,880] {scheduler_job.py:629} INFO - Processing file /Users/harika/Desktop/CSYE_7245/Assignment2/pipeline/MyEnv/lib/python3.7/site-packages/airflow/example_dags/example_branch_operator.py for tasks to queue
[2021-03-23 20:29:33,883] {logging_mixin.py:104} INFO - [2021-03-23 20:29:33,881] {dagbag.py:448} INFO - Filling up the DagBag from /Users/harika/Desktop/CSYE_7245/Assignment2/pipeline/MyEnv/lib/python3.7/site-packages/airflow/example_dags/example_branch_operator.py
[2021-03-23 20:29:33,911] {scheduler_job.py:639} INFO - DAG(s) dict_keys(['example_branch_operator']) retrieved from /Users/harika/Desktop/CSYE_7245/Assignment2/pipeline/MyEnv/lib/python3.7/site-packages/airflow/example_dags/example_branch_operator.py
[2021-03-23 20:29:33,930] {logging_mixin.py:104} INFO - [2021-03-23 20:29:33,929] {dag.py:1818} INFO - Sync 1 DAGs
[2021-03-23 20:29:33,966] {logging_mixin.py:104} INFO - [2021-03-23 20:29:33,966] {dag.py:2273} INFO - Setting next_dagrun for example_branch_operator to 2021-03-22 00:00:00+00:00
[2021-03-23 20:29:33,982] {scheduler_job.py:190} INFO - Processing /Users/harika/Desktop/CSYE_7245/Assignment2/pipeline/MyEnv/lib/python3.7/site-packages/airflow/example_dags/example_branch_operator.py took 0.109 seconds
[2021-03-23 20:30:15,713] {scheduler_job.py:182} INFO - Started process (PID=14494) to work on /Users/harika/Desktop/CSYE_7245/Assignment2/pipeline/MyEnv/lib/python3.7/site-packages/airflow/example_dags/example_branch_operator.py
[2021-03-23 20:30:15,716] {scheduler_job.py:629} INFO - Processing file /Users/harika/Desktop/CSYE_7245/Assignment2/pipeline/MyEnv/lib/python3.7/site-packages/airflow/example_dags/example_branch_operator.py for tasks to queue
[2021-03-23 20:30:15,717] {logging_mixin.py:104} INFO - [2021-03-23 20:30:15,717] {dagbag.py:448} INFO - Filling up the DagBag from /Users/harika/Desktop/CSYE_7245/Assignment2/pipeline/MyEnv/lib/python3.7/site-packages/airflow/example_dags/example_branch_operator.py
[2021-03-23 20:30:15,737] {scheduler_job.py:639} INFO - DAG(s) dict_keys(['example_branch_operator']) retrieved from /Users/harika/Desktop/CSYE_7245/Assignment2/pipeline/MyEnv/lib/python3.7/site-packages/airflow/example_dags/example_branch_operator.py
[2021-03-23 20:30:15,770] {logging_mixin.py:104} INFO - [2021-03-23 20:30:15,769] {dag.py:1818} INFO - Sync 1 DAGs
[2021-03-23 20:30:15,808] {logging_mixin.py:104} INFO - [2021-03-23 20:30:15,808] {dag.py:2273} INFO - Setting next_dagrun for example_branch_operator to 2021-03-22 00:00:00+00:00
[2021-03-23 20:30:15,826] {scheduler_job.py:190} INFO - Processing /Users/harika/Desktop/CSYE_7245/Assignment2/pipeline/MyEnv/lib/python3.7/site-packages/airflow/example_dags/example_branch_operator.py took 0.118 seconds
[2021-03-23 20:30:47,784] {scheduler_job.py:182} INFO - Started process (PID=14519) to work on /Users/harika/Desktop/CSYE_7245/Assignment2/pipeline/MyEnv/lib/python3.7/site-packages/airflow/example_dags/example_branch_operator.py
[2021-03-23 20:30:47,790] {scheduler_job.py:629} INFO - Processing file /Users/harika/Desktop/CSYE_7245/Assignment2/pipeline/MyEnv/lib/python3.7/site-packages/airflow/example_dags/example_branch_operator.py for tasks to queue
[2021-03-23 20:30:47,793] {logging_mixin.py:104} INFO - [2021-03-23 20:30:47,792] {dagbag.py:448} INFO - Filling up the DagBag from /Users/harika/Desktop/CSYE_7245/Assignment2/pipeline/MyEnv/lib/python3.7/site-packages/airflow/example_dags/example_branch_operator.py
[2021-03-23 20:30:47,811] {scheduler_job.py:639} INFO - DAG(s) dict_keys(['example_branch_operator']) retrieved from /Users/harika/Desktop/CSYE_7245/Assignment2/pipeline/MyEnv/lib/python3.7/site-packages/airflow/example_dags/example_branch_operator.py
[2021-03-23 20:30:47,829] {logging_mixin.py:104} INFO - [2021-03-23 20:30:47,828] {dag.py:1818} INFO - Sync 1 DAGs
[2021-03-23 20:30:47,864] {logging_mixin.py:104} INFO - [2021-03-23 20:30:47,864] {dag.py:2273} INFO - Setting next_dagrun for example_branch_operator to 2021-03-22 00:00:00+00:00
[2021-03-23 20:30:47,876] {scheduler_job.py:190} INFO - Processing /Users/harika/Desktop/CSYE_7245/Assignment2/pipeline/MyEnv/lib/python3.7/site-packages/airflow/example_dags/example_branch_operator.py took 0.096 seconds
[2021-03-23 20:31:24,003] {scheduler_job.py:182} INFO - Started process (PID=14553) to work on /Users/harika/Desktop/CSYE_7245/Assignment2/pipeline/MyEnv/lib/python3.7/site-packages/airflow/example_dags/example_branch_operator.py
[2021-03-23 20:31:24,004] {scheduler_job.py:629} INFO - Processing file /Users/harika/Desktop/CSYE_7245/Assignment2/pipeline/MyEnv/lib/python3.7/site-packages/airflow/example_dags/example_branch_operator.py for tasks to queue
[2021-03-23 20:31:24,006] {logging_mixin.py:104} INFO - [2021-03-23 20:31:24,005] {dagbag.py:448} INFO - Filling up the DagBag from /Users/harika/Desktop/CSYE_7245/Assignment2/pipeline/MyEnv/lib/python3.7/site-packages/airflow/example_dags/example_branch_operator.py
[2021-03-23 20:31:24,018] {scheduler_job.py:639} INFO - DAG(s) dict_keys(['example_branch_operator']) retrieved from /Users/harika/Desktop/CSYE_7245/Assignment2/pipeline/MyEnv/lib/python3.7/site-packages/airflow/example_dags/example_branch_operator.py
[2021-03-23 20:31:24,035] {logging_mixin.py:104} INFO - [2021-03-23 20:31:24,034] {dag.py:1818} INFO - Sync 1 DAGs
[2021-03-23 20:31:24,062] {logging_mixin.py:104} INFO - [2021-03-23 20:31:24,061] {dag.py:2273} INFO - Setting next_dagrun for example_branch_operator to 2021-03-22 00:00:00+00:00
[2021-03-23 20:31:24,072] {scheduler_job.py:190} INFO - Processing /Users/harika/Desktop/CSYE_7245/Assignment2/pipeline/MyEnv/lib/python3.7/site-packages/airflow/example_dags/example_branch_operator.py took 0.073 seconds
[2021-03-23 21:09:51,134] {scheduler_job.py:182} INFO - Started process (PID=14956) to work on /Users/harika/Desktop/CSYE_7245/Assignment2/pipeline/MyEnv/lib/python3.7/site-packages/airflow/example_dags/example_branch_operator.py
[2021-03-23 21:09:51,144] {scheduler_job.py:629} INFO - Processing file /Users/harika/Desktop/CSYE_7245/Assignment2/pipeline/MyEnv/lib/python3.7/site-packages/airflow/example_dags/example_branch_operator.py for tasks to queue
[2021-03-23 21:09:51,146] {logging_mixin.py:104} INFO - [2021-03-23 21:09:51,146] {dagbag.py:448} INFO - Filling up the DagBag from /Users/harika/Desktop/CSYE_7245/Assignment2/pipeline/MyEnv/lib/python3.7/site-packages/airflow/example_dags/example_branch_operator.py
[2021-03-23 21:09:51,181] {scheduler_job.py:639} INFO - DAG(s) dict_keys(['example_branch_operator']) retrieved from /Users/harika/Desktop/CSYE_7245/Assignment2/pipeline/MyEnv/lib/python3.7/site-packages/airflow/example_dags/example_branch_operator.py
[2021-03-23 21:09:51,220] {logging_mixin.py:104} INFO - [2021-03-23 21:09:51,219] {dag.py:1818} INFO - Sync 1 DAGs
[2021-03-23 21:09:51,254] {logging_mixin.py:104} INFO - [2021-03-23 21:09:51,254] {dag.py:2273} INFO - Setting next_dagrun for example_branch_operator to 2021-03-22 00:00:00+00:00
[2021-03-23 21:09:51,280] {scheduler_job.py:190} INFO - Processing /Users/harika/Desktop/CSYE_7245/Assignment2/pipeline/MyEnv/lib/python3.7/site-packages/airflow/example_dags/example_branch_operator.py took 0.152 seconds
[2021-03-23 21:13:02,203] {scheduler_job.py:182} INFO - Started process (PID=15024) to work on /Users/harika/Desktop/CSYE_7245/Assignment2/pipeline/MyEnv/lib/python3.7/site-packages/airflow/example_dags/example_branch_operator.py
[2021-03-23 21:13:02,209] {scheduler_job.py:629} INFO - Processing file /Users/harika/Desktop/CSYE_7245/Assignment2/pipeline/MyEnv/lib/python3.7/site-packages/airflow/example_dags/example_branch_operator.py for tasks to queue
[2021-03-23 21:13:02,212] {logging_mixin.py:104} INFO - [2021-03-23 21:13:02,211] {dagbag.py:448} INFO - Filling up the DagBag from /Users/harika/Desktop/CSYE_7245/Assignment2/pipeline/MyEnv/lib/python3.7/site-packages/airflow/example_dags/example_branch_operator.py
[2021-03-23 21:13:02,233] {scheduler_job.py:639} INFO - DAG(s) dict_keys(['example_branch_operator']) retrieved from /Users/harika/Desktop/CSYE_7245/Assignment2/pipeline/MyEnv/lib/python3.7/site-packages/airflow/example_dags/example_branch_operator.py
[2021-03-23 21:13:02,284] {logging_mixin.py:104} INFO - [2021-03-23 21:13:02,280] {dag.py:1818} INFO - Sync 1 DAGs
[2021-03-23 21:13:02,337] {logging_mixin.py:104} INFO - [2021-03-23 21:13:02,331] {dag.py:2273} INFO - Setting next_dagrun for example_branch_operator to 2021-03-22 00:00:00+00:00
[2021-03-23 21:13:02,364] {scheduler_job.py:190} INFO - Processing /Users/harika/Desktop/CSYE_7245/Assignment2/pipeline/MyEnv/lib/python3.7/site-packages/airflow/example_dags/example_branch_operator.py took 0.166 seconds
[2021-03-23 21:13:37,810] {scheduler_job.py:182} INFO - Started process (PID=15050) to work on /Users/harika/Desktop/CSYE_7245/Assignment2/pipeline/MyEnv/lib/python3.7/site-packages/airflow/example_dags/example_branch_operator.py
[2021-03-23 21:13:37,811] {scheduler_job.py:629} INFO - Processing file /Users/harika/Desktop/CSYE_7245/Assignment2/pipeline/MyEnv/lib/python3.7/site-packages/airflow/example_dags/example_branch_operator.py for tasks to queue
[2021-03-23 21:13:37,813] {logging_mixin.py:104} INFO - [2021-03-23 21:13:37,812] {dagbag.py:448} INFO - Filling up the DagBag from /Users/harika/Desktop/CSYE_7245/Assignment2/pipeline/MyEnv/lib/python3.7/site-packages/airflow/example_dags/example_branch_operator.py
[2021-03-23 21:13:37,833] {scheduler_job.py:639} INFO - DAG(s) dict_keys(['example_branch_operator']) retrieved from /Users/harika/Desktop/CSYE_7245/Assignment2/pipeline/MyEnv/lib/python3.7/site-packages/airflow/example_dags/example_branch_operator.py
[2021-03-23 21:13:37,856] {logging_mixin.py:104} INFO - [2021-03-23 21:13:37,856] {dag.py:1818} INFO - Sync 1 DAGs
[2021-03-23 21:13:37,880] {logging_mixin.py:104} INFO - [2021-03-23 21:13:37,880] {dag.py:2273} INFO - Setting next_dagrun for example_branch_operator to 2021-03-22 00:00:00+00:00
[2021-03-23 21:13:37,891] {scheduler_job.py:190} INFO - Processing /Users/harika/Desktop/CSYE_7245/Assignment2/pipeline/MyEnv/lib/python3.7/site-packages/airflow/example_dags/example_branch_operator.py took 0.085 seconds
[2021-03-23 21:18:02,812] {scheduler_job.py:182} INFO - Started process (PID=15198) to work on /Users/harika/Desktop/CSYE_7245/Assignment2/pipeline/MyEnv/lib/python3.7/site-packages/airflow/example_dags/example_branch_operator.py
[2021-03-23 21:18:02,814] {scheduler_job.py:629} INFO - Processing file /Users/harika/Desktop/CSYE_7245/Assignment2/pipeline/MyEnv/lib/python3.7/site-packages/airflow/example_dags/example_branch_operator.py for tasks to queue
[2021-03-23 21:18:02,817] {logging_mixin.py:104} INFO - [2021-03-23 21:18:02,816] {dagbag.py:448} INFO - Filling up the DagBag from /Users/harika/Desktop/CSYE_7245/Assignment2/pipeline/MyEnv/lib/python3.7/site-packages/airflow/example_dags/example_branch_operator.py
[2021-03-23 21:18:02,830] {scheduler_job.py:639} INFO - DAG(s) dict_keys(['example_branch_operator']) retrieved from /Users/harika/Desktop/CSYE_7245/Assignment2/pipeline/MyEnv/lib/python3.7/site-packages/airflow/example_dags/example_branch_operator.py
[2021-03-23 21:18:02,853] {logging_mixin.py:104} INFO - [2021-03-23 21:18:02,853] {dag.py:1818} INFO - Sync 1 DAGs
[2021-03-23 21:18:02,877] {logging_mixin.py:104} INFO - [2021-03-23 21:18:02,877] {dag.py:2273} INFO - Setting next_dagrun for example_branch_operator to 2021-03-22 00:00:00+00:00
[2021-03-23 21:18:02,891] {scheduler_job.py:190} INFO - Processing /Users/harika/Desktop/CSYE_7245/Assignment2/pipeline/MyEnv/lib/python3.7/site-packages/airflow/example_dags/example_branch_operator.py took 0.083 seconds
[2021-03-23 21:18:40,860] {scheduler_job.py:182} INFO - Started process (PID=15236) to work on /Users/harika/Desktop/CSYE_7245/Assignment2/pipeline/MyEnv/lib/python3.7/site-packages/airflow/example_dags/example_branch_operator.py
[2021-03-23 21:18:40,863] {scheduler_job.py:629} INFO - Processing file /Users/harika/Desktop/CSYE_7245/Assignment2/pipeline/MyEnv/lib/python3.7/site-packages/airflow/example_dags/example_branch_operator.py for tasks to queue
[2021-03-23 21:18:40,868] {logging_mixin.py:104} INFO - [2021-03-23 21:18:40,864] {dagbag.py:448} INFO - Filling up the DagBag from /Users/harika/Desktop/CSYE_7245/Assignment2/pipeline/MyEnv/lib/python3.7/site-packages/airflow/example_dags/example_branch_operator.py
[2021-03-23 21:18:40,891] {scheduler_job.py:639} INFO - DAG(s) dict_keys(['example_branch_operator']) retrieved from /Users/harika/Desktop/CSYE_7245/Assignment2/pipeline/MyEnv/lib/python3.7/site-packages/airflow/example_dags/example_branch_operator.py
[2021-03-23 21:18:40,913] {logging_mixin.py:104} INFO - [2021-03-23 21:18:40,913] {dag.py:1818} INFO - Sync 1 DAGs
[2021-03-23 21:18:40,948] {logging_mixin.py:104} INFO - [2021-03-23 21:18:40,947] {dag.py:2273} INFO - Setting next_dagrun for example_branch_operator to 2021-03-22 00:00:00+00:00
[2021-03-23 21:18:40,967] {scheduler_job.py:190} INFO - Processing /Users/harika/Desktop/CSYE_7245/Assignment2/pipeline/MyEnv/lib/python3.7/site-packages/airflow/example_dags/example_branch_operator.py took 0.112 seconds
[2021-03-23 21:19:13,775] {scheduler_job.py:182} INFO - Started process (PID=15260) to work on /Users/harika/Desktop/CSYE_7245/Assignment2/pipeline/MyEnv/lib/python3.7/site-packages/airflow/example_dags/example_branch_operator.py
[2021-03-23 21:19:13,776] {scheduler_job.py:629} INFO - Processing file /Users/harika/Desktop/CSYE_7245/Assignment2/pipeline/MyEnv/lib/python3.7/site-packages/airflow/example_dags/example_branch_operator.py for tasks to queue
[2021-03-23 21:19:13,778] {logging_mixin.py:104} INFO - [2021-03-23 21:19:13,777] {dagbag.py:448} INFO - Filling up the DagBag from /Users/harika/Desktop/CSYE_7245/Assignment2/pipeline/MyEnv/lib/python3.7/site-packages/airflow/example_dags/example_branch_operator.py
[2021-03-23 21:19:13,797] {scheduler_job.py:639} INFO - DAG(s) dict_keys(['example_branch_operator']) retrieved from /Users/harika/Desktop/CSYE_7245/Assignment2/pipeline/MyEnv/lib/python3.7/site-packages/airflow/example_dags/example_branch_operator.py
[2021-03-23 21:19:13,815] {logging_mixin.py:104} INFO - [2021-03-23 21:19:13,815] {dag.py:1818} INFO - Sync 1 DAGs
[2021-03-23 21:19:13,840] {logging_mixin.py:104} INFO - [2021-03-23 21:19:13,839] {dag.py:2273} INFO - Setting next_dagrun for example_branch_operator to 2021-03-22 00:00:00+00:00
[2021-03-23 21:19:13,857] {scheduler_job.py:190} INFO - Processing /Users/harika/Desktop/CSYE_7245/Assignment2/pipeline/MyEnv/lib/python3.7/site-packages/airflow/example_dags/example_branch_operator.py took 0.086 seconds
[2021-03-23 21:19:51,591] {scheduler_job.py:182} INFO - Started process (PID=15293) to work on /Users/harika/Desktop/CSYE_7245/Assignment2/pipeline/MyEnv/lib/python3.7/site-packages/airflow/example_dags/example_branch_operator.py
[2021-03-23 21:19:51,593] {scheduler_job.py:629} INFO - Processing file /Users/harika/Desktop/CSYE_7245/Assignment2/pipeline/MyEnv/lib/python3.7/site-packages/airflow/example_dags/example_branch_operator.py for tasks to queue
[2021-03-23 21:19:51,595] {logging_mixin.py:104} INFO - [2021-03-23 21:19:51,594] {dagbag.py:448} INFO - Filling up the DagBag from /Users/harika/Desktop/CSYE_7245/Assignment2/pipeline/MyEnv/lib/python3.7/site-packages/airflow/example_dags/example_branch_operator.py
[2021-03-23 21:19:51,608] {scheduler_job.py:639} INFO - DAG(s) dict_keys(['example_branch_operator']) retrieved from /Users/harika/Desktop/CSYE_7245/Assignment2/pipeline/MyEnv/lib/python3.7/site-packages/airflow/example_dags/example_branch_operator.py
[2021-03-23 21:19:51,636] {logging_mixin.py:104} INFO - [2021-03-23 21:19:51,636] {dag.py:1818} INFO - Sync 1 DAGs
[2021-03-23 21:19:51,675] {logging_mixin.py:104} INFO - [2021-03-23 21:19:51,674] {dag.py:2273} INFO - Setting next_dagrun for example_branch_operator to 2021-03-22 00:00:00+00:00
[2021-03-23 21:19:51,691] {scheduler_job.py:190} INFO - Processing /Users/harika/Desktop/CSYE_7245/Assignment2/pipeline/MyEnv/lib/python3.7/site-packages/airflow/example_dags/example_branch_operator.py took 0.105 seconds
[2021-03-24 00:03:16,630] {scheduler_job.py:182} INFO - Started process (PID=16963) to work on /Users/harika/Desktop/CSYE_7245/Assignment2/pipeline/MyEnv/lib/python3.7/site-packages/airflow/example_dags/example_branch_operator.py
[2021-03-24 00:03:16,634] {scheduler_job.py:629} INFO - Processing file /Users/harika/Desktop/CSYE_7245/Assignment2/pipeline/MyEnv/lib/python3.7/site-packages/airflow/example_dags/example_branch_operator.py for tasks to queue
[2021-03-24 00:03:16,637] {logging_mixin.py:104} INFO - [2021-03-24 00:03:16,636] {dagbag.py:448} INFO - Filling up the DagBag from /Users/harika/Desktop/CSYE_7245/Assignment2/pipeline/MyEnv/lib/python3.7/site-packages/airflow/example_dags/example_branch_operator.py
[2021-03-24 00:03:16,666] {scheduler_job.py:639} INFO - DAG(s) dict_keys(['example_branch_operator']) retrieved from /Users/harika/Desktop/CSYE_7245/Assignment2/pipeline/MyEnv/lib/python3.7/site-packages/airflow/example_dags/example_branch_operator.py
[2021-03-24 00:03:16,688] {logging_mixin.py:104} INFO - [2021-03-24 00:03:16,687] {dag.py:1818} INFO - Sync 1 DAGs
[2021-03-24 00:03:16,716] {logging_mixin.py:104} INFO - [2021-03-24 00:03:16,716] {dag.py:2273} INFO - Setting next_dagrun for example_branch_operator to 2021-03-22 00:00:00+00:00
[2021-03-24 00:03:16,733] {scheduler_job.py:190} INFO - Processing /Users/harika/Desktop/CSYE_7245/Assignment2/pipeline/MyEnv/lib/python3.7/site-packages/airflow/example_dags/example_branch_operator.py took 0.111 seconds
[2021-03-24 00:03:54,170] {scheduler_job.py:182} INFO - Started process (PID=16991) to work on /Users/harika/Desktop/CSYE_7245/Assignment2/pipeline/MyEnv/lib/python3.7/site-packages/airflow/example_dags/example_branch_operator.py
[2021-03-24 00:03:54,172] {scheduler_job.py:629} INFO - Processing file /Users/harika/Desktop/CSYE_7245/Assignment2/pipeline/MyEnv/lib/python3.7/site-packages/airflow/example_dags/example_branch_operator.py for tasks to queue
[2021-03-24 00:03:54,173] {logging_mixin.py:104} INFO - [2021-03-24 00:03:54,173] {dagbag.py:448} INFO - Filling up the DagBag from /Users/harika/Desktop/CSYE_7245/Assignment2/pipeline/MyEnv/lib/python3.7/site-packages/airflow/example_dags/example_branch_operator.py
[2021-03-24 00:03:54,191] {scheduler_job.py:639} INFO - DAG(s) dict_keys(['example_branch_operator']) retrieved from /Users/harika/Desktop/CSYE_7245/Assignment2/pipeline/MyEnv/lib/python3.7/site-packages/airflow/example_dags/example_branch_operator.py
[2021-03-24 00:03:54,206] {logging_mixin.py:104} INFO - [2021-03-24 00:03:54,206] {dag.py:1818} INFO - Sync 1 DAGs
[2021-03-24 00:03:54,228] {logging_mixin.py:104} INFO - [2021-03-24 00:03:54,227] {dag.py:2273} INFO - Setting next_dagrun for example_branch_operator to 2021-03-22 00:00:00+00:00
[2021-03-24 00:03:54,236] {scheduler_job.py:190} INFO - Processing /Users/harika/Desktop/CSYE_7245/Assignment2/pipeline/MyEnv/lib/python3.7/site-packages/airflow/example_dags/example_branch_operator.py took 0.070 seconds
[2021-03-24 00:04:40,976] {scheduler_job.py:182} INFO - Started process (PID=17026) to work on /Users/harika/Desktop/CSYE_7245/Assignment2/pipeline/MyEnv/lib/python3.7/site-packages/airflow/example_dags/example_branch_operator.py
[2021-03-24 00:04:40,978] {scheduler_job.py:629} INFO - Processing file /Users/harika/Desktop/CSYE_7245/Assignment2/pipeline/MyEnv/lib/python3.7/site-packages/airflow/example_dags/example_branch_operator.py for tasks to queue
[2021-03-24 00:04:40,980] {logging_mixin.py:104} INFO - [2021-03-24 00:04:40,979] {dagbag.py:448} INFO - Filling up the DagBag from /Users/harika/Desktop/CSYE_7245/Assignment2/pipeline/MyEnv/lib/python3.7/site-packages/airflow/example_dags/example_branch_operator.py
[2021-03-24 00:04:41,000] {scheduler_job.py:639} INFO - DAG(s) dict_keys(['example_branch_operator']) retrieved from /Users/harika/Desktop/CSYE_7245/Assignment2/pipeline/MyEnv/lib/python3.7/site-packages/airflow/example_dags/example_branch_operator.py
[2021-03-24 00:04:41,017] {logging_mixin.py:104} INFO - [2021-03-24 00:04:41,016] {dag.py:1818} INFO - Sync 1 DAGs
[2021-03-24 00:04:41,041] {logging_mixin.py:104} INFO - [2021-03-24 00:04:41,041] {dag.py:2273} INFO - Setting next_dagrun for example_branch_operator to 2021-03-22 00:00:00+00:00
[2021-03-24 00:04:41,051] {scheduler_job.py:190} INFO - Processing /Users/harika/Desktop/CSYE_7245/Assignment2/pipeline/MyEnv/lib/python3.7/site-packages/airflow/example_dags/example_branch_operator.py took 0.080 seconds
[2021-03-24 00:05:11,472] {scheduler_job.py:182} INFO - Started process (PID=17052) to work on /Users/harika/Desktop/CSYE_7245/Assignment2/pipeline/MyEnv/lib/python3.7/site-packages/airflow/example_dags/example_branch_operator.py
[2021-03-24 00:05:11,474] {scheduler_job.py:629} INFO - Processing file /Users/harika/Desktop/CSYE_7245/Assignment2/pipeline/MyEnv/lib/python3.7/site-packages/airflow/example_dags/example_branch_operator.py for tasks to queue
[2021-03-24 00:05:11,475] {logging_mixin.py:104} INFO - [2021-03-24 00:05:11,475] {dagbag.py:448} INFO - Filling up the DagBag from /Users/harika/Desktop/CSYE_7245/Assignment2/pipeline/MyEnv/lib/python3.7/site-packages/airflow/example_dags/example_branch_operator.py
[2021-03-24 00:05:11,494] {scheduler_job.py:639} INFO - DAG(s) dict_keys(['example_branch_operator']) retrieved from /Users/harika/Desktop/CSYE_7245/Assignment2/pipeline/MyEnv/lib/python3.7/site-packages/airflow/example_dags/example_branch_operator.py
[2021-03-24 00:05:11,511] {logging_mixin.py:104} INFO - [2021-03-24 00:05:11,510] {dag.py:1818} INFO - Sync 1 DAGs
[2021-03-24 00:05:11,537] {logging_mixin.py:104} INFO - [2021-03-24 00:05:11,536] {dag.py:2273} INFO - Setting next_dagrun for example_branch_operator to 2021-03-22 00:00:00+00:00
[2021-03-24 00:05:11,545] {scheduler_job.py:190} INFO - Processing /Users/harika/Desktop/CSYE_7245/Assignment2/pipeline/MyEnv/lib/python3.7/site-packages/airflow/example_dags/example_branch_operator.py took 0.077 seconds
[2021-03-24 00:05:56,753] {scheduler_job.py:182} INFO - Started process (PID=17092) to work on /Users/harika/Desktop/CSYE_7245/Assignment2/pipeline/MyEnv/lib/python3.7/site-packages/airflow/example_dags/example_branch_operator.py
[2021-03-24 00:05:56,755] {scheduler_job.py:629} INFO - Processing file /Users/harika/Desktop/CSYE_7245/Assignment2/pipeline/MyEnv/lib/python3.7/site-packages/airflow/example_dags/example_branch_operator.py for tasks to queue
[2021-03-24 00:05:56,761] {logging_mixin.py:104} INFO - [2021-03-24 00:05:56,757] {dagbag.py:448} INFO - Filling up the DagBag from /Users/harika/Desktop/CSYE_7245/Assignment2/pipeline/MyEnv/lib/python3.7/site-packages/airflow/example_dags/example_branch_operator.py
[2021-03-24 00:05:56,794] {scheduler_job.py:639} INFO - DAG(s) dict_keys(['example_branch_operator']) retrieved from /Users/harika/Desktop/CSYE_7245/Assignment2/pipeline/MyEnv/lib/python3.7/site-packages/airflow/example_dags/example_branch_operator.py
[2021-03-24 00:05:56,823] {logging_mixin.py:104} INFO - [2021-03-24 00:05:56,822] {dag.py:1818} INFO - Sync 1 DAGs
[2021-03-24 00:05:56,858] {logging_mixin.py:104} INFO - [2021-03-24 00:05:56,857] {dag.py:2273} INFO - Setting next_dagrun for example_branch_operator to 2021-03-22 00:00:00+00:00
[2021-03-24 00:05:56,879] {scheduler_job.py:190} INFO - Processing /Users/harika/Desktop/CSYE_7245/Assignment2/pipeline/MyEnv/lib/python3.7/site-packages/airflow/example_dags/example_branch_operator.py took 0.132 seconds
[2021-03-24 01:02:28,785] {scheduler_job.py:182} INFO - Started process (PID=17423) to work on /Users/harika/Desktop/CSYE_7245/Assignment2/pipeline/MyEnv/lib/python3.7/site-packages/airflow/example_dags/example_branch_operator.py
[2021-03-24 01:02:28,788] {scheduler_job.py:629} INFO - Processing file /Users/harika/Desktop/CSYE_7245/Assignment2/pipeline/MyEnv/lib/python3.7/site-packages/airflow/example_dags/example_branch_operator.py for tasks to queue
[2021-03-24 01:02:28,790] {logging_mixin.py:104} INFO - [2021-03-24 01:02:28,789] {dagbag.py:448} INFO - Filling up the DagBag from /Users/harika/Desktop/CSYE_7245/Assignment2/pipeline/MyEnv/lib/python3.7/site-packages/airflow/example_dags/example_branch_operator.py
[2021-03-24 01:02:28,801] {scheduler_job.py:639} INFO - DAG(s) dict_keys(['example_branch_operator']) retrieved from /Users/harika/Desktop/CSYE_7245/Assignment2/pipeline/MyEnv/lib/python3.7/site-packages/airflow/example_dags/example_branch_operator.py
[2021-03-24 01:02:28,817] {logging_mixin.py:104} INFO - [2021-03-24 01:02:28,817] {dag.py:1818} INFO - Sync 1 DAGs
[2021-03-24 01:02:28,841] {logging_mixin.py:104} INFO - [2021-03-24 01:02:28,840] {dag.py:2273} INFO - Setting next_dagrun for example_branch_operator to 2021-03-22 00:00:00+00:00
[2021-03-24 01:02:28,850] {scheduler_job.py:190} INFO - Processing /Users/harika/Desktop/CSYE_7245/Assignment2/pipeline/MyEnv/lib/python3.7/site-packages/airflow/example_dags/example_branch_operator.py took 0.069 seconds
[2021-03-24 01:03:00,246] {scheduler_job.py:182} INFO - Started process (PID=17463) to work on /Users/harika/Desktop/CSYE_7245/Assignment2/pipeline/MyEnv/lib/python3.7/site-packages/airflow/example_dags/example_branch_operator.py
[2021-03-24 01:03:00,248] {scheduler_job.py:629} INFO - Processing file /Users/harika/Desktop/CSYE_7245/Assignment2/pipeline/MyEnv/lib/python3.7/site-packages/airflow/example_dags/example_branch_operator.py for tasks to queue
[2021-03-24 01:03:00,250] {logging_mixin.py:104} INFO - [2021-03-24 01:03:00,250] {dagbag.py:448} INFO - Filling up the DagBag from /Users/harika/Desktop/CSYE_7245/Assignment2/pipeline/MyEnv/lib/python3.7/site-packages/airflow/example_dags/example_branch_operator.py
[2021-03-24 01:03:00,268] {scheduler_job.py:639} INFO - DAG(s) dict_keys(['example_branch_operator']) retrieved from /Users/harika/Desktop/CSYE_7245/Assignment2/pipeline/MyEnv/lib/python3.7/site-packages/airflow/example_dags/example_branch_operator.py
[2021-03-24 01:03:00,287] {logging_mixin.py:104} INFO - [2021-03-24 01:03:00,286] {dag.py:1818} INFO - Sync 1 DAGs
[2021-03-24 01:03:00,306] {logging_mixin.py:104} INFO - [2021-03-24 01:03:00,306] {dag.py:2273} INFO - Setting next_dagrun for example_branch_operator to 2021-03-22 00:00:00+00:00
[2021-03-24 01:03:00,315] {scheduler_job.py:190} INFO - Processing /Users/harika/Desktop/CSYE_7245/Assignment2/pipeline/MyEnv/lib/python3.7/site-packages/airflow/example_dags/example_branch_operator.py took 0.074 seconds
[2021-03-24 01:03:37,846] {scheduler_job.py:182} INFO - Started process (PID=17505) to work on /Users/harika/Desktop/CSYE_7245/Assignment2/pipeline/MyEnv/lib/python3.7/site-packages/airflow/example_dags/example_branch_operator.py
[2021-03-24 01:03:37,848] {scheduler_job.py:629} INFO - Processing file /Users/harika/Desktop/CSYE_7245/Assignment2/pipeline/MyEnv/lib/python3.7/site-packages/airflow/example_dags/example_branch_operator.py for tasks to queue
[2021-03-24 01:03:37,850] {logging_mixin.py:104} INFO - [2021-03-24 01:03:37,850] {dagbag.py:448} INFO - Filling up the DagBag from /Users/harika/Desktop/CSYE_7245/Assignment2/pipeline/MyEnv/lib/python3.7/site-packages/airflow/example_dags/example_branch_operator.py
[2021-03-24 01:03:37,863] {scheduler_job.py:639} INFO - DAG(s) dict_keys(['example_branch_operator']) retrieved from /Users/harika/Desktop/CSYE_7245/Assignment2/pipeline/MyEnv/lib/python3.7/site-packages/airflow/example_dags/example_branch_operator.py
[2021-03-24 01:03:37,885] {logging_mixin.py:104} INFO - [2021-03-24 01:03:37,884] {dag.py:1818} INFO - Sync 1 DAGs
[2021-03-24 01:03:37,909] {logging_mixin.py:104} INFO - [2021-03-24 01:03:37,909] {dag.py:2273} INFO - Setting next_dagrun for example_branch_operator to 2021-03-22 00:00:00+00:00
[2021-03-24 01:03:37,918] {scheduler_job.py:190} INFO - Processing /Users/harika/Desktop/CSYE_7245/Assignment2/pipeline/MyEnv/lib/python3.7/site-packages/airflow/example_dags/example_branch_operator.py took 0.075 seconds
[2021-03-24 01:04:08,855] {scheduler_job.py:182} INFO - Started process (PID=17538) to work on /Users/harika/Desktop/CSYE_7245/Assignment2/pipeline/MyEnv/lib/python3.7/site-packages/airflow/example_dags/example_branch_operator.py
[2021-03-24 01:04:08,856] {scheduler_job.py:629} INFO - Processing file /Users/harika/Desktop/CSYE_7245/Assignment2/pipeline/MyEnv/lib/python3.7/site-packages/airflow/example_dags/example_branch_operator.py for tasks to queue
[2021-03-24 01:04:08,858] {logging_mixin.py:104} INFO - [2021-03-24 01:04:08,857] {dagbag.py:448} INFO - Filling up the DagBag from /Users/harika/Desktop/CSYE_7245/Assignment2/pipeline/MyEnv/lib/python3.7/site-packages/airflow/example_dags/example_branch_operator.py
[2021-03-24 01:04:08,869] {scheduler_job.py:639} INFO - DAG(s) dict_keys(['example_branch_operator']) retrieved from /Users/harika/Desktop/CSYE_7245/Assignment2/pipeline/MyEnv/lib/python3.7/site-packages/airflow/example_dags/example_branch_operator.py
[2021-03-24 01:04:08,887] {logging_mixin.py:104} INFO - [2021-03-24 01:04:08,887] {dag.py:1818} INFO - Sync 1 DAGs
[2021-03-24 01:04:08,908] {logging_mixin.py:104} INFO - [2021-03-24 01:04:08,907] {dag.py:2273} INFO - Setting next_dagrun for example_branch_operator to 2021-03-22 00:00:00+00:00
[2021-03-24 01:04:08,916] {scheduler_job.py:190} INFO - Processing /Users/harika/Desktop/CSYE_7245/Assignment2/pipeline/MyEnv/lib/python3.7/site-packages/airflow/example_dags/example_branch_operator.py took 0.066 seconds
[2021-03-24 01:04:42,754] {scheduler_job.py:182} INFO - Started process (PID=17640) to work on /Users/harika/Desktop/CSYE_7245/Assignment2/pipeline/MyEnv/lib/python3.7/site-packages/airflow/example_dags/example_branch_operator.py
[2021-03-24 01:04:42,756] {scheduler_job.py:629} INFO - Processing file /Users/harika/Desktop/CSYE_7245/Assignment2/pipeline/MyEnv/lib/python3.7/site-packages/airflow/example_dags/example_branch_operator.py for tasks to queue
[2021-03-24 01:04:42,759] {logging_mixin.py:104} INFO - [2021-03-24 01:04:42,758] {dagbag.py:448} INFO - Filling up the DagBag from /Users/harika/Desktop/CSYE_7245/Assignment2/pipeline/MyEnv/lib/python3.7/site-packages/airflow/example_dags/example_branch_operator.py
[2021-03-24 01:04:42,770] {scheduler_job.py:639} INFO - DAG(s) dict_keys(['example_branch_operator']) retrieved from /Users/harika/Desktop/CSYE_7245/Assignment2/pipeline/MyEnv/lib/python3.7/site-packages/airflow/example_dags/example_branch_operator.py
[2021-03-24 01:04:42,787] {logging_mixin.py:104} INFO - [2021-03-24 01:04:42,787] {dag.py:1818} INFO - Sync 1 DAGs
[2021-03-24 01:04:42,810] {logging_mixin.py:104} INFO - [2021-03-24 01:04:42,810] {dag.py:2273} INFO - Setting next_dagrun for example_branch_operator to 2021-03-22 00:00:00+00:00
[2021-03-24 01:04:42,819] {scheduler_job.py:190} INFO - Processing /Users/harika/Desktop/CSYE_7245/Assignment2/pipeline/MyEnv/lib/python3.7/site-packages/airflow/example_dags/example_branch_operator.py took 0.068 seconds
