[2021-03-23 20:28:01,084] {scheduler_job.py:182} INFO - Started process (PID=14372) to work on /Users/harika/Desktop/CSYE_7245/Assignment2/pipeline/MyEnv/lib/python3.7/site-packages/airflow/example_dags/example_branch_python_dop_operator_3.py
[2021-03-23 20:28:01,088] {scheduler_job.py:629} INFO - Processing file /Users/harika/Desktop/CSYE_7245/Assignment2/pipeline/MyEnv/lib/python3.7/site-packages/airflow/example_dags/example_branch_python_dop_operator_3.py for tasks to queue
[2021-03-23 20:28:01,090] {logging_mixin.py:104} INFO - [2021-03-23 20:28:01,089] {dagbag.py:448} INFO - Filling up the DagBag from /Users/harika/Desktop/CSYE_7245/Assignment2/pipeline/MyEnv/lib/python3.7/site-packages/airflow/example_dags/example_branch_python_dop_operator_3.py
[2021-03-23 20:28:01,120] {scheduler_job.py:639} INFO - DAG(s) dict_keys(['example_branch_dop_operator_v3']) retrieved from /Users/harika/Desktop/CSYE_7245/Assignment2/pipeline/MyEnv/lib/python3.7/site-packages/airflow/example_dags/example_branch_python_dop_operator_3.py
[2021-03-23 20:28:01,177] {logging_mixin.py:104} INFO - [2021-03-23 20:28:01,177] {dag.py:1818} INFO - Sync 1 DAGs
[2021-03-23 20:28:01,501] {logging_mixin.py:104} INFO - [2021-03-23 20:28:01,496] {dag.py:2273} INFO - Setting next_dagrun for example_branch_dop_operator_v3 to 2021-03-22 00:00:00+00:00
[2021-03-23 20:28:01,602] {scheduler_job.py:190} INFO - Processing /Users/harika/Desktop/CSYE_7245/Assignment2/pipeline/MyEnv/lib/python3.7/site-packages/airflow/example_dags/example_branch_python_dop_operator_3.py took 0.527 seconds
[2021-03-23 20:28:42,740] {scheduler_job.py:182} INFO - Started process (PID=14411) to work on /Users/harika/Desktop/CSYE_7245/Assignment2/pipeline/MyEnv/lib/python3.7/site-packages/airflow/example_dags/example_branch_python_dop_operator_3.py
[2021-03-23 20:28:42,741] {scheduler_job.py:629} INFO - Processing file /Users/harika/Desktop/CSYE_7245/Assignment2/pipeline/MyEnv/lib/python3.7/site-packages/airflow/example_dags/example_branch_python_dop_operator_3.py for tasks to queue
[2021-03-23 20:28:42,743] {logging_mixin.py:104} INFO - [2021-03-23 20:28:42,743] {dagbag.py:448} INFO - Filling up the DagBag from /Users/harika/Desktop/CSYE_7245/Assignment2/pipeline/MyEnv/lib/python3.7/site-packages/airflow/example_dags/example_branch_python_dop_operator_3.py
[2021-03-23 20:28:42,758] {scheduler_job.py:639} INFO - DAG(s) dict_keys(['example_branch_dop_operator_v3']) retrieved from /Users/harika/Desktop/CSYE_7245/Assignment2/pipeline/MyEnv/lib/python3.7/site-packages/airflow/example_dags/example_branch_python_dop_operator_3.py
[2021-03-23 20:28:42,783] {logging_mixin.py:104} INFO - [2021-03-23 20:28:42,783] {dag.py:1818} INFO - Sync 1 DAGs
[2021-03-23 20:28:42,816] {logging_mixin.py:104} INFO - [2021-03-23 20:28:42,815] {dag.py:2273} INFO - Setting next_dagrun for example_branch_dop_operator_v3 to 2021-03-22 00:00:00+00:00
[2021-03-23 20:28:42,829] {scheduler_job.py:190} INFO - Processing /Users/harika/Desktop/CSYE_7245/Assignment2/pipeline/MyEnv/lib/python3.7/site-packages/airflow/example_dags/example_branch_python_dop_operator_3.py took 0.093 seconds
[2021-03-23 20:29:25,830] {scheduler_job.py:182} INFO - Started process (PID=14444) to work on /Users/harika/Desktop/CSYE_7245/Assignment2/pipeline/MyEnv/lib/python3.7/site-packages/airflow/example_dags/example_branch_python_dop_operator_3.py
[2021-03-23 20:29:25,833] {scheduler_job.py:629} INFO - Processing file /Users/harika/Desktop/CSYE_7245/Assignment2/pipeline/MyEnv/lib/python3.7/site-packages/airflow/example_dags/example_branch_python_dop_operator_3.py for tasks to queue
[2021-03-23 20:29:25,835] {logging_mixin.py:104} INFO - [2021-03-23 20:29:25,834] {dagbag.py:448} INFO - Filling up the DagBag from /Users/harika/Desktop/CSYE_7245/Assignment2/pipeline/MyEnv/lib/python3.7/site-packages/airflow/example_dags/example_branch_python_dop_operator_3.py
[2021-03-23 20:29:25,847] {scheduler_job.py:639} INFO - DAG(s) dict_keys(['example_branch_dop_operator_v3']) retrieved from /Users/harika/Desktop/CSYE_7245/Assignment2/pipeline/MyEnv/lib/python3.7/site-packages/airflow/example_dags/example_branch_python_dop_operator_3.py
[2021-03-23 20:29:25,875] {logging_mixin.py:104} INFO - [2021-03-23 20:29:25,874] {dag.py:1818} INFO - Sync 1 DAGs
[2021-03-23 20:29:25,909] {logging_mixin.py:104} INFO - [2021-03-23 20:29:25,908] {dag.py:2273} INFO - Setting next_dagrun for example_branch_dop_operator_v3 to 2021-03-22 00:00:00+00:00
[2021-03-23 20:29:25,923] {scheduler_job.py:190} INFO - Processing /Users/harika/Desktop/CSYE_7245/Assignment2/pipeline/MyEnv/lib/python3.7/site-packages/airflow/example_dags/example_branch_python_dop_operator_3.py took 0.097 seconds
[2021-03-23 20:30:06,421] {scheduler_job.py:182} INFO - Started process (PID=14481) to work on /Users/harika/Desktop/CSYE_7245/Assignment2/pipeline/MyEnv/lib/python3.7/site-packages/airflow/example_dags/example_branch_python_dop_operator_3.py
[2021-03-23 20:30:06,422] {scheduler_job.py:629} INFO - Processing file /Users/harika/Desktop/CSYE_7245/Assignment2/pipeline/MyEnv/lib/python3.7/site-packages/airflow/example_dags/example_branch_python_dop_operator_3.py for tasks to queue
[2021-03-23 20:30:06,424] {logging_mixin.py:104} INFO - [2021-03-23 20:30:06,423] {dagbag.py:448} INFO - Filling up the DagBag from /Users/harika/Desktop/CSYE_7245/Assignment2/pipeline/MyEnv/lib/python3.7/site-packages/airflow/example_dags/example_branch_python_dop_operator_3.py
[2021-03-23 20:30:06,436] {scheduler_job.py:639} INFO - DAG(s) dict_keys(['example_branch_dop_operator_v3']) retrieved from /Users/harika/Desktop/CSYE_7245/Assignment2/pipeline/MyEnv/lib/python3.7/site-packages/airflow/example_dags/example_branch_python_dop_operator_3.py
[2021-03-23 20:30:06,451] {logging_mixin.py:104} INFO - [2021-03-23 20:30:06,450] {dag.py:1818} INFO - Sync 1 DAGs
[2021-03-23 20:30:06,495] {logging_mixin.py:104} INFO - [2021-03-23 20:30:06,495] {dag.py:2273} INFO - Setting next_dagrun for example_branch_dop_operator_v3 to 2021-03-22 00:00:00+00:00
[2021-03-23 20:30:06,505] {scheduler_job.py:190} INFO - Processing /Users/harika/Desktop/CSYE_7245/Assignment2/pipeline/MyEnv/lib/python3.7/site-packages/airflow/example_dags/example_branch_python_dop_operator_3.py took 0.088 seconds
[2021-03-23 20:30:43,790] {scheduler_job.py:182} INFO - Started process (PID=14514) to work on /Users/harika/Desktop/CSYE_7245/Assignment2/pipeline/MyEnv/lib/python3.7/site-packages/airflow/example_dags/example_branch_python_dop_operator_3.py
[2021-03-23 20:30:43,792] {scheduler_job.py:629} INFO - Processing file /Users/harika/Desktop/CSYE_7245/Assignment2/pipeline/MyEnv/lib/python3.7/site-packages/airflow/example_dags/example_branch_python_dop_operator_3.py for tasks to queue
[2021-03-23 20:30:43,796] {logging_mixin.py:104} INFO - [2021-03-23 20:30:43,793] {dagbag.py:448} INFO - Filling up the DagBag from /Users/harika/Desktop/CSYE_7245/Assignment2/pipeline/MyEnv/lib/python3.7/site-packages/airflow/example_dags/example_branch_python_dop_operator_3.py
[2021-03-23 20:30:43,811] {scheduler_job.py:639} INFO - DAG(s) dict_keys(['example_branch_dop_operator_v3']) retrieved from /Users/harika/Desktop/CSYE_7245/Assignment2/pipeline/MyEnv/lib/python3.7/site-packages/airflow/example_dags/example_branch_python_dop_operator_3.py
[2021-03-23 20:30:43,828] {logging_mixin.py:104} INFO - [2021-03-23 20:30:43,828] {dag.py:1818} INFO - Sync 1 DAGs
[2021-03-23 20:30:43,856] {logging_mixin.py:104} INFO - [2021-03-23 20:30:43,855] {dag.py:2273} INFO - Setting next_dagrun for example_branch_dop_operator_v3 to 2021-03-22 00:00:00+00:00
[2021-03-23 20:30:43,872] {scheduler_job.py:190} INFO - Processing /Users/harika/Desktop/CSYE_7245/Assignment2/pipeline/MyEnv/lib/python3.7/site-packages/airflow/example_dags/example_branch_python_dop_operator_3.py took 0.086 seconds
[2021-03-23 20:31:20,043] {scheduler_job.py:182} INFO - Started process (PID=14547) to work on /Users/harika/Desktop/CSYE_7245/Assignment2/pipeline/MyEnv/lib/python3.7/site-packages/airflow/example_dags/example_branch_python_dop_operator_3.py
[2021-03-23 20:31:20,048] {scheduler_job.py:629} INFO - Processing file /Users/harika/Desktop/CSYE_7245/Assignment2/pipeline/MyEnv/lib/python3.7/site-packages/airflow/example_dags/example_branch_python_dop_operator_3.py for tasks to queue
[2021-03-23 20:31:20,052] {logging_mixin.py:104} INFO - [2021-03-23 20:31:20,050] {dagbag.py:448} INFO - Filling up the DagBag from /Users/harika/Desktop/CSYE_7245/Assignment2/pipeline/MyEnv/lib/python3.7/site-packages/airflow/example_dags/example_branch_python_dop_operator_3.py
[2021-03-23 20:31:20,081] {scheduler_job.py:639} INFO - DAG(s) dict_keys(['example_branch_dop_operator_v3']) retrieved from /Users/harika/Desktop/CSYE_7245/Assignment2/pipeline/MyEnv/lib/python3.7/site-packages/airflow/example_dags/example_branch_python_dop_operator_3.py
[2021-03-23 20:31:20,111] {logging_mixin.py:104} INFO - [2021-03-23 20:31:20,110] {dag.py:1818} INFO - Sync 1 DAGs
[2021-03-23 20:31:20,194] {logging_mixin.py:104} INFO - [2021-03-23 20:31:20,179] {dag.py:2273} INFO - Setting next_dagrun for example_branch_dop_operator_v3 to 2021-03-22 00:00:00+00:00
[2021-03-23 20:31:20,215] {scheduler_job.py:190} INFO - Processing /Users/harika/Desktop/CSYE_7245/Assignment2/pipeline/MyEnv/lib/python3.7/site-packages/airflow/example_dags/example_branch_python_dop_operator_3.py took 0.192 seconds
[2021-03-23 21:09:47,176] {scheduler_job.py:182} INFO - Started process (PID=14952) to work on /Users/harika/Desktop/CSYE_7245/Assignment2/pipeline/MyEnv/lib/python3.7/site-packages/airflow/example_dags/example_branch_python_dop_operator_3.py
[2021-03-23 21:09:47,180] {scheduler_job.py:629} INFO - Processing file /Users/harika/Desktop/CSYE_7245/Assignment2/pipeline/MyEnv/lib/python3.7/site-packages/airflow/example_dags/example_branch_python_dop_operator_3.py for tasks to queue
[2021-03-23 21:09:47,184] {logging_mixin.py:104} INFO - [2021-03-23 21:09:47,182] {dagbag.py:448} INFO - Filling up the DagBag from /Users/harika/Desktop/CSYE_7245/Assignment2/pipeline/MyEnv/lib/python3.7/site-packages/airflow/example_dags/example_branch_python_dop_operator_3.py
[2021-03-23 21:09:47,222] {scheduler_job.py:639} INFO - DAG(s) dict_keys(['example_branch_dop_operator_v3']) retrieved from /Users/harika/Desktop/CSYE_7245/Assignment2/pipeline/MyEnv/lib/python3.7/site-packages/airflow/example_dags/example_branch_python_dop_operator_3.py
[2021-03-23 21:09:47,255] {logging_mixin.py:104} INFO - [2021-03-23 21:09:47,254] {dag.py:1818} INFO - Sync 1 DAGs
[2021-03-23 21:09:47,581] {logging_mixin.py:104} INFO - [2021-03-23 21:09:47,580] {dag.py:2273} INFO - Setting next_dagrun for example_branch_dop_operator_v3 to 2021-03-22 00:00:00+00:00
[2021-03-23 21:09:47,602] {scheduler_job.py:190} INFO - Processing /Users/harika/Desktop/CSYE_7245/Assignment2/pipeline/MyEnv/lib/python3.7/site-packages/airflow/example_dags/example_branch_python_dop_operator_3.py took 0.438 seconds
[2021-03-23 21:12:59,564] {scheduler_job.py:182} INFO - Started process (PID=15021) to work on /Users/harika/Desktop/CSYE_7245/Assignment2/pipeline/MyEnv/lib/python3.7/site-packages/airflow/example_dags/example_branch_python_dop_operator_3.py
[2021-03-23 21:12:59,570] {scheduler_job.py:629} INFO - Processing file /Users/harika/Desktop/CSYE_7245/Assignment2/pipeline/MyEnv/lib/python3.7/site-packages/airflow/example_dags/example_branch_python_dop_operator_3.py for tasks to queue
[2021-03-23 21:12:59,572] {logging_mixin.py:104} INFO - [2021-03-23 21:12:59,571] {dagbag.py:448} INFO - Filling up the DagBag from /Users/harika/Desktop/CSYE_7245/Assignment2/pipeline/MyEnv/lib/python3.7/site-packages/airflow/example_dags/example_branch_python_dop_operator_3.py
[2021-03-23 21:12:59,641] {scheduler_job.py:639} INFO - DAG(s) dict_keys(['example_branch_dop_operator_v3']) retrieved from /Users/harika/Desktop/CSYE_7245/Assignment2/pipeline/MyEnv/lib/python3.7/site-packages/airflow/example_dags/example_branch_python_dop_operator_3.py
[2021-03-23 21:12:59,685] {logging_mixin.py:104} INFO - [2021-03-23 21:12:59,684] {dag.py:1818} INFO - Sync 1 DAGs
[2021-03-23 21:12:59,809] {logging_mixin.py:104} INFO - [2021-03-23 21:12:59,808] {dag.py:2273} INFO - Setting next_dagrun for example_branch_dop_operator_v3 to 2021-03-22 00:00:00+00:00
[2021-03-23 21:12:59,833] {scheduler_job.py:190} INFO - Processing /Users/harika/Desktop/CSYE_7245/Assignment2/pipeline/MyEnv/lib/python3.7/site-packages/airflow/example_dags/example_branch_python_dop_operator_3.py took 0.281 seconds
[2021-03-23 21:13:45,403] {scheduler_job.py:182} INFO - Started process (PID=15057) to work on /Users/harika/Desktop/CSYE_7245/Assignment2/pipeline/MyEnv/lib/python3.7/site-packages/airflow/example_dags/example_branch_python_dop_operator_3.py
[2021-03-23 21:13:45,406] {scheduler_job.py:629} INFO - Processing file /Users/harika/Desktop/CSYE_7245/Assignment2/pipeline/MyEnv/lib/python3.7/site-packages/airflow/example_dags/example_branch_python_dop_operator_3.py for tasks to queue
[2021-03-23 21:13:45,410] {logging_mixin.py:104} INFO - [2021-03-23 21:13:45,409] {dagbag.py:448} INFO - Filling up the DagBag from /Users/harika/Desktop/CSYE_7245/Assignment2/pipeline/MyEnv/lib/python3.7/site-packages/airflow/example_dags/example_branch_python_dop_operator_3.py
[2021-03-23 21:13:45,435] {scheduler_job.py:639} INFO - DAG(s) dict_keys(['example_branch_dop_operator_v3']) retrieved from /Users/harika/Desktop/CSYE_7245/Assignment2/pipeline/MyEnv/lib/python3.7/site-packages/airflow/example_dags/example_branch_python_dop_operator_3.py
[2021-03-23 21:13:45,461] {logging_mixin.py:104} INFO - [2021-03-23 21:13:45,461] {dag.py:1818} INFO - Sync 1 DAGs
[2021-03-23 21:13:45,518] {logging_mixin.py:104} INFO - [2021-03-23 21:13:45,517] {dag.py:2273} INFO - Setting next_dagrun for example_branch_dop_operator_v3 to 2021-03-22 00:00:00+00:00
[2021-03-23 21:13:45,546] {scheduler_job.py:190} INFO - Processing /Users/harika/Desktop/CSYE_7245/Assignment2/pipeline/MyEnv/lib/python3.7/site-packages/airflow/example_dags/example_branch_python_dop_operator_3.py took 0.147 seconds
[2021-03-23 21:14:42,015] {scheduler_job.py:182} INFO - Started process (PID=15087) to work on /Users/harika/Desktop/CSYE_7245/Assignment2/pipeline/MyEnv/lib/python3.7/site-packages/airflow/example_dags/example_branch_python_dop_operator_3.py
[2021-03-23 21:14:42,018] {scheduler_job.py:629} INFO - Processing file /Users/harika/Desktop/CSYE_7245/Assignment2/pipeline/MyEnv/lib/python3.7/site-packages/airflow/example_dags/example_branch_python_dop_operator_3.py for tasks to queue
[2021-03-23 21:14:42,020] {logging_mixin.py:104} INFO - [2021-03-23 21:14:42,019] {dagbag.py:448} INFO - Filling up the DagBag from /Users/harika/Desktop/CSYE_7245/Assignment2/pipeline/MyEnv/lib/python3.7/site-packages/airflow/example_dags/example_branch_python_dop_operator_3.py
[2021-03-23 21:14:42,059] {scheduler_job.py:639} INFO - DAG(s) dict_keys(['example_branch_dop_operator_v3']) retrieved from /Users/harika/Desktop/CSYE_7245/Assignment2/pipeline/MyEnv/lib/python3.7/site-packages/airflow/example_dags/example_branch_python_dop_operator_3.py
[2021-03-23 21:14:42,092] {logging_mixin.py:104} INFO - [2021-03-23 21:14:42,091] {dag.py:1818} INFO - Sync 1 DAGs
[2021-03-23 21:14:42,194] {logging_mixin.py:104} INFO - [2021-03-23 21:14:42,193] {dag.py:2273} INFO - Setting next_dagrun for example_branch_dop_operator_v3 to 2021-03-22 00:00:00+00:00
[2021-03-23 21:14:42,223] {scheduler_job.py:190} INFO - Processing /Users/harika/Desktop/CSYE_7245/Assignment2/pipeline/MyEnv/lib/python3.7/site-packages/airflow/example_dags/example_branch_python_dop_operator_3.py took 0.214 seconds
[2021-03-23 21:18:12,423] {scheduler_job.py:182} INFO - Started process (PID=15209) to work on /Users/harika/Desktop/CSYE_7245/Assignment2/pipeline/MyEnv/lib/python3.7/site-packages/airflow/example_dags/example_branch_python_dop_operator_3.py
[2021-03-23 21:18:12,426] {scheduler_job.py:629} INFO - Processing file /Users/harika/Desktop/CSYE_7245/Assignment2/pipeline/MyEnv/lib/python3.7/site-packages/airflow/example_dags/example_branch_python_dop_operator_3.py for tasks to queue
[2021-03-23 21:18:12,429] {logging_mixin.py:104} INFO - [2021-03-23 21:18:12,428] {dagbag.py:448} INFO - Filling up the DagBag from /Users/harika/Desktop/CSYE_7245/Assignment2/pipeline/MyEnv/lib/python3.7/site-packages/airflow/example_dags/example_branch_python_dop_operator_3.py
[2021-03-23 21:18:12,463] {scheduler_job.py:639} INFO - DAG(s) dict_keys(['example_branch_dop_operator_v3']) retrieved from /Users/harika/Desktop/CSYE_7245/Assignment2/pipeline/MyEnv/lib/python3.7/site-packages/airflow/example_dags/example_branch_python_dop_operator_3.py
[2021-03-23 21:18:12,509] {logging_mixin.py:104} INFO - [2021-03-23 21:18:12,508] {dag.py:1818} INFO - Sync 1 DAGs
[2021-03-23 21:18:12,718] {logging_mixin.py:104} INFO - [2021-03-23 21:18:12,717] {dag.py:2273} INFO - Setting next_dagrun for example_branch_dop_operator_v3 to 2021-03-22 00:00:00+00:00
[2021-03-23 21:18:12,756] {scheduler_job.py:190} INFO - Processing /Users/harika/Desktop/CSYE_7245/Assignment2/pipeline/MyEnv/lib/python3.7/site-packages/airflow/example_dags/example_branch_python_dop_operator_3.py took 0.345 seconds
[2021-03-23 21:18:51,066] {scheduler_job.py:182} INFO - Started process (PID=15247) to work on /Users/harika/Desktop/CSYE_7245/Assignment2/pipeline/MyEnv/lib/python3.7/site-packages/airflow/example_dags/example_branch_python_dop_operator_3.py
[2021-03-23 21:18:51,069] {scheduler_job.py:629} INFO - Processing file /Users/harika/Desktop/CSYE_7245/Assignment2/pipeline/MyEnv/lib/python3.7/site-packages/airflow/example_dags/example_branch_python_dop_operator_3.py for tasks to queue
[2021-03-23 21:18:51,072] {logging_mixin.py:104} INFO - [2021-03-23 21:18:51,072] {dagbag.py:448} INFO - Filling up the DagBag from /Users/harika/Desktop/CSYE_7245/Assignment2/pipeline/MyEnv/lib/python3.7/site-packages/airflow/example_dags/example_branch_python_dop_operator_3.py
[2021-03-23 21:18:51,088] {scheduler_job.py:639} INFO - DAG(s) dict_keys(['example_branch_dop_operator_v3']) retrieved from /Users/harika/Desktop/CSYE_7245/Assignment2/pipeline/MyEnv/lib/python3.7/site-packages/airflow/example_dags/example_branch_python_dop_operator_3.py
[2021-03-23 21:18:51,110] {logging_mixin.py:104} INFO - [2021-03-23 21:18:51,109] {dag.py:1818} INFO - Sync 1 DAGs
[2021-03-23 21:18:51,170] {logging_mixin.py:104} INFO - [2021-03-23 21:18:51,170] {dag.py:2273} INFO - Setting next_dagrun for example_branch_dop_operator_v3 to 2021-03-22 00:00:00+00:00
[2021-03-23 21:18:51,182] {scheduler_job.py:190} INFO - Processing /Users/harika/Desktop/CSYE_7245/Assignment2/pipeline/MyEnv/lib/python3.7/site-packages/airflow/example_dags/example_branch_python_dop_operator_3.py took 0.121 seconds
[2021-03-23 21:19:35,118] {scheduler_job.py:182} INFO - Started process (PID=15282) to work on /Users/harika/Desktop/CSYE_7245/Assignment2/pipeline/MyEnv/lib/python3.7/site-packages/airflow/example_dags/example_branch_python_dop_operator_3.py
[2021-03-23 21:19:35,121] {scheduler_job.py:629} INFO - Processing file /Users/harika/Desktop/CSYE_7245/Assignment2/pipeline/MyEnv/lib/python3.7/site-packages/airflow/example_dags/example_branch_python_dop_operator_3.py for tasks to queue
[2021-03-23 21:19:35,123] {logging_mixin.py:104} INFO - [2021-03-23 21:19:35,123] {dagbag.py:448} INFO - Filling up the DagBag from /Users/harika/Desktop/CSYE_7245/Assignment2/pipeline/MyEnv/lib/python3.7/site-packages/airflow/example_dags/example_branch_python_dop_operator_3.py
[2021-03-23 21:19:35,149] {scheduler_job.py:639} INFO - DAG(s) dict_keys(['example_branch_dop_operator_v3']) retrieved from /Users/harika/Desktop/CSYE_7245/Assignment2/pipeline/MyEnv/lib/python3.7/site-packages/airflow/example_dags/example_branch_python_dop_operator_3.py
[2021-03-23 21:19:35,175] {logging_mixin.py:104} INFO - [2021-03-23 21:19:35,174] {dag.py:1818} INFO - Sync 1 DAGs
[2021-03-23 21:19:35,227] {logging_mixin.py:104} INFO - [2021-03-23 21:19:35,227] {dag.py:2273} INFO - Setting next_dagrun for example_branch_dop_operator_v3 to 2021-03-22 00:00:00+00:00
[2021-03-23 21:19:35,243] {scheduler_job.py:190} INFO - Processing /Users/harika/Desktop/CSYE_7245/Assignment2/pipeline/MyEnv/lib/python3.7/site-packages/airflow/example_dags/example_branch_python_dop_operator_3.py took 0.131 seconds
[2021-03-24 00:03:08,904] {scheduler_job.py:182} INFO - Started process (PID=16955) to work on /Users/harika/Desktop/CSYE_7245/Assignment2/pipeline/MyEnv/lib/python3.7/site-packages/airflow/example_dags/example_branch_python_dop_operator_3.py
[2021-03-24 00:03:08,907] {scheduler_job.py:629} INFO - Processing file /Users/harika/Desktop/CSYE_7245/Assignment2/pipeline/MyEnv/lib/python3.7/site-packages/airflow/example_dags/example_branch_python_dop_operator_3.py for tasks to queue
[2021-03-24 00:03:08,909] {logging_mixin.py:104} INFO - [2021-03-24 00:03:08,909] {dagbag.py:448} INFO - Filling up the DagBag from /Users/harika/Desktop/CSYE_7245/Assignment2/pipeline/MyEnv/lib/python3.7/site-packages/airflow/example_dags/example_branch_python_dop_operator_3.py
[2021-03-24 00:03:08,930] {scheduler_job.py:639} INFO - DAG(s) dict_keys(['example_branch_dop_operator_v3']) retrieved from /Users/harika/Desktop/CSYE_7245/Assignment2/pipeline/MyEnv/lib/python3.7/site-packages/airflow/example_dags/example_branch_python_dop_operator_3.py
[2021-03-24 00:03:08,950] {logging_mixin.py:104} INFO - [2021-03-24 00:03:08,949] {dag.py:1818} INFO - Sync 1 DAGs
[2021-03-24 00:03:08,989] {logging_mixin.py:104} INFO - [2021-03-24 00:03:08,988] {dag.py:2273} INFO - Setting next_dagrun for example_branch_dop_operator_v3 to 2021-03-22 00:00:00+00:00
[2021-03-24 00:03:09,002] {scheduler_job.py:190} INFO - Processing /Users/harika/Desktop/CSYE_7245/Assignment2/pipeline/MyEnv/lib/python3.7/site-packages/airflow/example_dags/example_branch_python_dop_operator_3.py took 0.102 seconds
[2021-03-24 00:03:43,852] {scheduler_job.py:182} INFO - Started process (PID=16981) to work on /Users/harika/Desktop/CSYE_7245/Assignment2/pipeline/MyEnv/lib/python3.7/site-packages/airflow/example_dags/example_branch_python_dop_operator_3.py
[2021-03-24 00:03:43,854] {scheduler_job.py:629} INFO - Processing file /Users/harika/Desktop/CSYE_7245/Assignment2/pipeline/MyEnv/lib/python3.7/site-packages/airflow/example_dags/example_branch_python_dop_operator_3.py for tasks to queue
[2021-03-24 00:03:43,855] {logging_mixin.py:104} INFO - [2021-03-24 00:03:43,855] {dagbag.py:448} INFO - Filling up the DagBag from /Users/harika/Desktop/CSYE_7245/Assignment2/pipeline/MyEnv/lib/python3.7/site-packages/airflow/example_dags/example_branch_python_dop_operator_3.py
[2021-03-24 00:03:43,878] {scheduler_job.py:639} INFO - DAG(s) dict_keys(['example_branch_dop_operator_v3']) retrieved from /Users/harika/Desktop/CSYE_7245/Assignment2/pipeline/MyEnv/lib/python3.7/site-packages/airflow/example_dags/example_branch_python_dop_operator_3.py
[2021-03-24 00:03:43,895] {logging_mixin.py:104} INFO - [2021-03-24 00:03:43,894] {dag.py:1818} INFO - Sync 1 DAGs
[2021-03-24 00:03:43,928] {logging_mixin.py:104} INFO - [2021-03-24 00:03:43,928] {dag.py:2273} INFO - Setting next_dagrun for example_branch_dop_operator_v3 to 2021-03-22 00:00:00+00:00
[2021-03-24 00:03:43,938] {scheduler_job.py:190} INFO - Processing /Users/harika/Desktop/CSYE_7245/Assignment2/pipeline/MyEnv/lib/python3.7/site-packages/airflow/example_dags/example_branch_python_dop_operator_3.py took 0.090 seconds
[2021-03-24 00:04:32,391] {scheduler_job.py:182} INFO - Started process (PID=17018) to work on /Users/harika/Desktop/CSYE_7245/Assignment2/pipeline/MyEnv/lib/python3.7/site-packages/airflow/example_dags/example_branch_python_dop_operator_3.py
[2021-03-24 00:04:32,394] {scheduler_job.py:629} INFO - Processing file /Users/harika/Desktop/CSYE_7245/Assignment2/pipeline/MyEnv/lib/python3.7/site-packages/airflow/example_dags/example_branch_python_dop_operator_3.py for tasks to queue
[2021-03-24 00:04:32,395] {logging_mixin.py:104} INFO - [2021-03-24 00:04:32,395] {dagbag.py:448} INFO - Filling up the DagBag from /Users/harika/Desktop/CSYE_7245/Assignment2/pipeline/MyEnv/lib/python3.7/site-packages/airflow/example_dags/example_branch_python_dop_operator_3.py
[2021-03-24 00:04:32,421] {scheduler_job.py:639} INFO - DAG(s) dict_keys(['example_branch_dop_operator_v3']) retrieved from /Users/harika/Desktop/CSYE_7245/Assignment2/pipeline/MyEnv/lib/python3.7/site-packages/airflow/example_dags/example_branch_python_dop_operator_3.py
[2021-03-24 00:04:32,440] {logging_mixin.py:104} INFO - [2021-03-24 00:04:32,440] {dag.py:1818} INFO - Sync 1 DAGs
[2021-03-24 00:04:32,483] {logging_mixin.py:104} INFO - [2021-03-24 00:04:32,483] {dag.py:2273} INFO - Setting next_dagrun for example_branch_dop_operator_v3 to 2021-03-22 00:00:00+00:00
[2021-03-24 00:04:32,503] {scheduler_job.py:190} INFO - Processing /Users/harika/Desktop/CSYE_7245/Assignment2/pipeline/MyEnv/lib/python3.7/site-packages/airflow/example_dags/example_branch_python_dop_operator_3.py took 0.117 seconds
[2021-03-24 00:05:05,165] {scheduler_job.py:182} INFO - Started process (PID=17046) to work on /Users/harika/Desktop/CSYE_7245/Assignment2/pipeline/MyEnv/lib/python3.7/site-packages/airflow/example_dags/example_branch_python_dop_operator_3.py
[2021-03-24 00:05:05,167] {scheduler_job.py:629} INFO - Processing file /Users/harika/Desktop/CSYE_7245/Assignment2/pipeline/MyEnv/lib/python3.7/site-packages/airflow/example_dags/example_branch_python_dop_operator_3.py for tasks to queue
[2021-03-24 00:05:05,168] {logging_mixin.py:104} INFO - [2021-03-24 00:05:05,168] {dagbag.py:448} INFO - Filling up the DagBag from /Users/harika/Desktop/CSYE_7245/Assignment2/pipeline/MyEnv/lib/python3.7/site-packages/airflow/example_dags/example_branch_python_dop_operator_3.py
[2021-03-24 00:05:05,185] {scheduler_job.py:639} INFO - DAG(s) dict_keys(['example_branch_dop_operator_v3']) retrieved from /Users/harika/Desktop/CSYE_7245/Assignment2/pipeline/MyEnv/lib/python3.7/site-packages/airflow/example_dags/example_branch_python_dop_operator_3.py
[2021-03-24 00:05:05,201] {logging_mixin.py:104} INFO - [2021-03-24 00:05:05,201] {dag.py:1818} INFO - Sync 1 DAGs
[2021-03-24 00:05:05,231] {logging_mixin.py:104} INFO - [2021-03-24 00:05:05,230] {dag.py:2273} INFO - Setting next_dagrun for example_branch_dop_operator_v3 to 2021-03-22 00:00:00+00:00
[2021-03-24 00:05:05,239] {scheduler_job.py:190} INFO - Processing /Users/harika/Desktop/CSYE_7245/Assignment2/pipeline/MyEnv/lib/python3.7/site-packages/airflow/example_dags/example_branch_python_dop_operator_3.py took 0.079 seconds
[2021-03-24 01:02:48,789] {scheduler_job.py:182} INFO - Started process (PID=17443) to work on /Users/harika/Desktop/CSYE_7245/Assignment2/pipeline/MyEnv/lib/python3.7/site-packages/airflow/example_dags/example_branch_python_dop_operator_3.py
[2021-03-24 01:02:48,792] {scheduler_job.py:629} INFO - Processing file /Users/harika/Desktop/CSYE_7245/Assignment2/pipeline/MyEnv/lib/python3.7/site-packages/airflow/example_dags/example_branch_python_dop_operator_3.py for tasks to queue
[2021-03-24 01:02:48,794] {logging_mixin.py:104} INFO - [2021-03-24 01:02:48,794] {dagbag.py:448} INFO - Filling up the DagBag from /Users/harika/Desktop/CSYE_7245/Assignment2/pipeline/MyEnv/lib/python3.7/site-packages/airflow/example_dags/example_branch_python_dop_operator_3.py
[2021-03-24 01:02:48,806] {scheduler_job.py:639} INFO - DAG(s) dict_keys(['example_branch_dop_operator_v3']) retrieved from /Users/harika/Desktop/CSYE_7245/Assignment2/pipeline/MyEnv/lib/python3.7/site-packages/airflow/example_dags/example_branch_python_dop_operator_3.py
[2021-03-24 01:02:48,823] {logging_mixin.py:104} INFO - [2021-03-24 01:02:48,823] {dag.py:1818} INFO - Sync 1 DAGs
[2021-03-24 01:02:48,855] {logging_mixin.py:104} INFO - [2021-03-24 01:02:48,854] {dag.py:2273} INFO - Setting next_dagrun for example_branch_dop_operator_v3 to 2021-03-22 00:00:00+00:00
[2021-03-24 01:02:48,869] {scheduler_job.py:190} INFO - Processing /Users/harika/Desktop/CSYE_7245/Assignment2/pipeline/MyEnv/lib/python3.7/site-packages/airflow/example_dags/example_branch_python_dop_operator_3.py took 0.085 seconds
[2021-03-24 01:03:28,519] {scheduler_job.py:182} INFO - Started process (PID=17493) to work on /Users/harika/Desktop/CSYE_7245/Assignment2/pipeline/MyEnv/lib/python3.7/site-packages/airflow/example_dags/example_branch_python_dop_operator_3.py
[2021-03-24 01:03:28,520] {scheduler_job.py:629} INFO - Processing file /Users/harika/Desktop/CSYE_7245/Assignment2/pipeline/MyEnv/lib/python3.7/site-packages/airflow/example_dags/example_branch_python_dop_operator_3.py for tasks to queue
[2021-03-24 01:03:28,522] {logging_mixin.py:104} INFO - [2021-03-24 01:03:28,521] {dagbag.py:448} INFO - Filling up the DagBag from /Users/harika/Desktop/CSYE_7245/Assignment2/pipeline/MyEnv/lib/python3.7/site-packages/airflow/example_dags/example_branch_python_dop_operator_3.py
[2021-03-24 01:03:28,533] {scheduler_job.py:639} INFO - DAG(s) dict_keys(['example_branch_dop_operator_v3']) retrieved from /Users/harika/Desktop/CSYE_7245/Assignment2/pipeline/MyEnv/lib/python3.7/site-packages/airflow/example_dags/example_branch_python_dop_operator_3.py
[2021-03-24 01:03:28,548] {logging_mixin.py:104} INFO - [2021-03-24 01:03:28,547] {dag.py:1818} INFO - Sync 1 DAGs
[2021-03-24 01:03:28,575] {logging_mixin.py:104} INFO - [2021-03-24 01:03:28,575] {dag.py:2273} INFO - Setting next_dagrun for example_branch_dop_operator_v3 to 2021-03-22 00:00:00+00:00
[2021-03-24 01:03:28,586] {scheduler_job.py:190} INFO - Processing /Users/harika/Desktop/CSYE_7245/Assignment2/pipeline/MyEnv/lib/python3.7/site-packages/airflow/example_dags/example_branch_python_dop_operator_3.py took 0.071 seconds
[2021-03-24 01:04:03,701] {scheduler_job.py:182} INFO - Started process (PID=17532) to work on /Users/harika/Desktop/CSYE_7245/Assignment2/pipeline/MyEnv/lib/python3.7/site-packages/airflow/example_dags/example_branch_python_dop_operator_3.py
[2021-03-24 01:04:03,703] {scheduler_job.py:629} INFO - Processing file /Users/harika/Desktop/CSYE_7245/Assignment2/pipeline/MyEnv/lib/python3.7/site-packages/airflow/example_dags/example_branch_python_dop_operator_3.py for tasks to queue
[2021-03-24 01:04:03,705] {logging_mixin.py:104} INFO - [2021-03-24 01:04:03,704] {dagbag.py:448} INFO - Filling up the DagBag from /Users/harika/Desktop/CSYE_7245/Assignment2/pipeline/MyEnv/lib/python3.7/site-packages/airflow/example_dags/example_branch_python_dop_operator_3.py
[2021-03-24 01:04:03,715] {scheduler_job.py:639} INFO - DAG(s) dict_keys(['example_branch_dop_operator_v3']) retrieved from /Users/harika/Desktop/CSYE_7245/Assignment2/pipeline/MyEnv/lib/python3.7/site-packages/airflow/example_dags/example_branch_python_dop_operator_3.py
[2021-03-24 01:04:03,729] {logging_mixin.py:104} INFO - [2021-03-24 01:04:03,729] {dag.py:1818} INFO - Sync 1 DAGs
[2021-03-24 01:04:03,766] {logging_mixin.py:104} INFO - [2021-03-24 01:04:03,765] {dag.py:2273} INFO - Setting next_dagrun for example_branch_dop_operator_v3 to 2021-03-22 00:00:00+00:00
[2021-03-24 01:04:03,784] {scheduler_job.py:190} INFO - Processing /Users/harika/Desktop/CSYE_7245/Assignment2/pipeline/MyEnv/lib/python3.7/site-packages/airflow/example_dags/example_branch_python_dop_operator_3.py took 0.087 seconds
[2021-03-24 01:04:37,590] {scheduler_job.py:182} INFO - Started process (PID=17634) to work on /Users/harika/Desktop/CSYE_7245/Assignment2/pipeline/MyEnv/lib/python3.7/site-packages/airflow/example_dags/example_branch_python_dop_operator_3.py
[2021-03-24 01:04:37,592] {scheduler_job.py:629} INFO - Processing file /Users/harika/Desktop/CSYE_7245/Assignment2/pipeline/MyEnv/lib/python3.7/site-packages/airflow/example_dags/example_branch_python_dop_operator_3.py for tasks to queue
[2021-03-24 01:04:37,593] {logging_mixin.py:104} INFO - [2021-03-24 01:04:37,593] {dagbag.py:448} INFO - Filling up the DagBag from /Users/harika/Desktop/CSYE_7245/Assignment2/pipeline/MyEnv/lib/python3.7/site-packages/airflow/example_dags/example_branch_python_dop_operator_3.py
[2021-03-24 01:04:37,603] {scheduler_job.py:639} INFO - DAG(s) dict_keys(['example_branch_dop_operator_v3']) retrieved from /Users/harika/Desktop/CSYE_7245/Assignment2/pipeline/MyEnv/lib/python3.7/site-packages/airflow/example_dags/example_branch_python_dop_operator_3.py
[2021-03-24 01:04:37,618] {logging_mixin.py:104} INFO - [2021-03-24 01:04:37,618] {dag.py:1818} INFO - Sync 1 DAGs
[2021-03-24 01:04:37,645] {logging_mixin.py:104} INFO - [2021-03-24 01:04:37,645] {dag.py:2273} INFO - Setting next_dagrun for example_branch_dop_operator_v3 to 2021-03-22 00:00:00+00:00
[2021-03-24 01:04:37,653] {scheduler_job.py:190} INFO - Processing /Users/harika/Desktop/CSYE_7245/Assignment2/pipeline/MyEnv/lib/python3.7/site-packages/airflow/example_dags/example_branch_python_dop_operator_3.py took 0.066 seconds
