[2021-03-23 20:14:27,152] {scheduler_job.py:182} INFO - Started process (PID=14172) to work on /Users/harika/Desktop/CSYE_7245/Assignment2/pipeline/MyEnv/lib/python3.7/site-packages/airflow/example_dags/example_nested_branch_dag.py
[2021-03-23 20:14:27,155] {scheduler_job.py:629} INFO - Processing file /Users/harika/Desktop/CSYE_7245/Assignment2/pipeline/MyEnv/lib/python3.7/site-packages/airflow/example_dags/example_nested_branch_dag.py for tasks to queue
[2021-03-23 20:14:27,158] {logging_mixin.py:104} INFO - [2021-03-23 20:14:27,157] {dagbag.py:448} INFO - Filling up the DagBag from /Users/harika/Desktop/CSYE_7245/Assignment2/pipeline/MyEnv/lib/python3.7/site-packages/airflow/example_dags/example_nested_branch_dag.py
[2021-03-23 20:14:27,192] {scheduler_job.py:639} INFO - DAG(s) dict_keys(['example_nested_branch_dag']) retrieved from /Users/harika/Desktop/CSYE_7245/Assignment2/pipeline/MyEnv/lib/python3.7/site-packages/airflow/example_dags/example_nested_branch_dag.py
[2021-03-23 20:14:27,221] {logging_mixin.py:104} INFO - [2021-03-23 20:14:27,221] {dag.py:1818} INFO - Sync 1 DAGs
[2021-03-23 20:14:27,267] {logging_mixin.py:104} INFO - [2021-03-23 20:14:27,266] {dag.py:2273} INFO - Setting next_dagrun for example_nested_branch_dag to 2021-03-22 00:00:00+00:00
[2021-03-23 20:14:27,303] {scheduler_job.py:190} INFO - Processing /Users/harika/Desktop/CSYE_7245/Assignment2/pipeline/MyEnv/lib/python3.7/site-packages/airflow/example_dags/example_nested_branch_dag.py took 0.156 seconds
[2021-03-23 20:28:04,894] {scheduler_job.py:182} INFO - Started process (PID=14376) to work on /Users/harika/Desktop/CSYE_7245/Assignment2/pipeline/MyEnv/lib/python3.7/site-packages/airflow/example_dags/example_nested_branch_dag.py
[2021-03-23 20:28:04,901] {scheduler_job.py:629} INFO - Processing file /Users/harika/Desktop/CSYE_7245/Assignment2/pipeline/MyEnv/lib/python3.7/site-packages/airflow/example_dags/example_nested_branch_dag.py for tasks to queue
[2021-03-23 20:28:04,905] {logging_mixin.py:104} INFO - [2021-03-23 20:28:04,903] {dagbag.py:448} INFO - Filling up the DagBag from /Users/harika/Desktop/CSYE_7245/Assignment2/pipeline/MyEnv/lib/python3.7/site-packages/airflow/example_dags/example_nested_branch_dag.py
[2021-03-23 20:28:04,942] {scheduler_job.py:639} INFO - DAG(s) dict_keys(['example_nested_branch_dag']) retrieved from /Users/harika/Desktop/CSYE_7245/Assignment2/pipeline/MyEnv/lib/python3.7/site-packages/airflow/example_dags/example_nested_branch_dag.py
[2021-03-23 20:28:04,979] {logging_mixin.py:104} INFO - [2021-03-23 20:28:04,978] {dag.py:1818} INFO - Sync 1 DAGs
[2021-03-23 20:28:05,023] {logging_mixin.py:104} INFO - [2021-03-23 20:28:05,023] {dag.py:2273} INFO - Setting next_dagrun for example_nested_branch_dag to 2021-03-22 00:00:00+00:00
[2021-03-23 20:28:05,037] {scheduler_job.py:190} INFO - Processing /Users/harika/Desktop/CSYE_7245/Assignment2/pipeline/MyEnv/lib/python3.7/site-packages/airflow/example_dags/example_nested_branch_dag.py took 0.150 seconds
[2021-03-23 20:28:39,275] {scheduler_job.py:182} INFO - Started process (PID=14407) to work on /Users/harika/Desktop/CSYE_7245/Assignment2/pipeline/MyEnv/lib/python3.7/site-packages/airflow/example_dags/example_nested_branch_dag.py
[2021-03-23 20:28:39,277] {scheduler_job.py:629} INFO - Processing file /Users/harika/Desktop/CSYE_7245/Assignment2/pipeline/MyEnv/lib/python3.7/site-packages/airflow/example_dags/example_nested_branch_dag.py for tasks to queue
[2021-03-23 20:28:39,279] {logging_mixin.py:104} INFO - [2021-03-23 20:28:39,278] {dagbag.py:448} INFO - Filling up the DagBag from /Users/harika/Desktop/CSYE_7245/Assignment2/pipeline/MyEnv/lib/python3.7/site-packages/airflow/example_dags/example_nested_branch_dag.py
[2021-03-23 20:28:39,290] {scheduler_job.py:639} INFO - DAG(s) dict_keys(['example_nested_branch_dag']) retrieved from /Users/harika/Desktop/CSYE_7245/Assignment2/pipeline/MyEnv/lib/python3.7/site-packages/airflow/example_dags/example_nested_branch_dag.py
[2021-03-23 20:28:39,307] {logging_mixin.py:104} INFO - [2021-03-23 20:28:39,306] {dag.py:1818} INFO - Sync 1 DAGs
[2021-03-23 20:28:39,340] {logging_mixin.py:104} INFO - [2021-03-23 20:28:39,340] {dag.py:2273} INFO - Setting next_dagrun for example_nested_branch_dag to 2021-03-22 00:00:00+00:00
[2021-03-23 20:28:39,348] {scheduler_job.py:190} INFO - Processing /Users/harika/Desktop/CSYE_7245/Assignment2/pipeline/MyEnv/lib/python3.7/site-packages/airflow/example_dags/example_nested_branch_dag.py took 0.076 seconds
[2021-03-23 20:29:18,143] {scheduler_job.py:182} INFO - Started process (PID=14436) to work on /Users/harika/Desktop/CSYE_7245/Assignment2/pipeline/MyEnv/lib/python3.7/site-packages/airflow/example_dags/example_nested_branch_dag.py
[2021-03-23 20:29:18,146] {scheduler_job.py:629} INFO - Processing file /Users/harika/Desktop/CSYE_7245/Assignment2/pipeline/MyEnv/lib/python3.7/site-packages/airflow/example_dags/example_nested_branch_dag.py for tasks to queue
[2021-03-23 20:29:18,149] {logging_mixin.py:104} INFO - [2021-03-23 20:29:18,148] {dagbag.py:448} INFO - Filling up the DagBag from /Users/harika/Desktop/CSYE_7245/Assignment2/pipeline/MyEnv/lib/python3.7/site-packages/airflow/example_dags/example_nested_branch_dag.py
[2021-03-23 20:29:18,176] {scheduler_job.py:639} INFO - DAG(s) dict_keys(['example_nested_branch_dag']) retrieved from /Users/harika/Desktop/CSYE_7245/Assignment2/pipeline/MyEnv/lib/python3.7/site-packages/airflow/example_dags/example_nested_branch_dag.py
[2021-03-23 20:29:18,204] {logging_mixin.py:104} INFO - [2021-03-23 20:29:18,204] {dag.py:1818} INFO - Sync 1 DAGs
[2021-03-23 20:29:18,252] {logging_mixin.py:104} INFO - [2021-03-23 20:29:18,251] {dag.py:2273} INFO - Setting next_dagrun for example_nested_branch_dag to 2021-03-22 00:00:00+00:00
[2021-03-23 20:29:18,266] {scheduler_job.py:190} INFO - Processing /Users/harika/Desktop/CSYE_7245/Assignment2/pipeline/MyEnv/lib/python3.7/site-packages/airflow/example_dags/example_nested_branch_dag.py took 0.126 seconds
[2021-03-23 20:29:57,687] {scheduler_job.py:182} INFO - Started process (PID=14471) to work on /Users/harika/Desktop/CSYE_7245/Assignment2/pipeline/MyEnv/lib/python3.7/site-packages/airflow/example_dags/example_nested_branch_dag.py
[2021-03-23 20:29:57,689] {scheduler_job.py:629} INFO - Processing file /Users/harika/Desktop/CSYE_7245/Assignment2/pipeline/MyEnv/lib/python3.7/site-packages/airflow/example_dags/example_nested_branch_dag.py for tasks to queue
[2021-03-23 20:29:57,690] {logging_mixin.py:104} INFO - [2021-03-23 20:29:57,690] {dagbag.py:448} INFO - Filling up the DagBag from /Users/harika/Desktop/CSYE_7245/Assignment2/pipeline/MyEnv/lib/python3.7/site-packages/airflow/example_dags/example_nested_branch_dag.py
[2021-03-23 20:29:57,708] {scheduler_job.py:639} INFO - DAG(s) dict_keys(['example_nested_branch_dag']) retrieved from /Users/harika/Desktop/CSYE_7245/Assignment2/pipeline/MyEnv/lib/python3.7/site-packages/airflow/example_dags/example_nested_branch_dag.py
[2021-03-23 20:29:57,730] {logging_mixin.py:104} INFO - [2021-03-23 20:29:57,730] {dag.py:1818} INFO - Sync 1 DAGs
[2021-03-23 20:29:57,758] {logging_mixin.py:104} INFO - [2021-03-23 20:29:57,757] {dag.py:2273} INFO - Setting next_dagrun for example_nested_branch_dag to 2021-03-22 00:00:00+00:00
[2021-03-23 20:29:57,773] {scheduler_job.py:190} INFO - Processing /Users/harika/Desktop/CSYE_7245/Assignment2/pipeline/MyEnv/lib/python3.7/site-packages/airflow/example_dags/example_nested_branch_dag.py took 0.090 seconds
[2021-03-23 20:30:33,243] {scheduler_job.py:182} INFO - Started process (PID=14504) to work on /Users/harika/Desktop/CSYE_7245/Assignment2/pipeline/MyEnv/lib/python3.7/site-packages/airflow/example_dags/example_nested_branch_dag.py
[2021-03-23 20:30:33,245] {scheduler_job.py:629} INFO - Processing file /Users/harika/Desktop/CSYE_7245/Assignment2/pipeline/MyEnv/lib/python3.7/site-packages/airflow/example_dags/example_nested_branch_dag.py for tasks to queue
[2021-03-23 20:30:33,246] {logging_mixin.py:104} INFO - [2021-03-23 20:30:33,246] {dagbag.py:448} INFO - Filling up the DagBag from /Users/harika/Desktop/CSYE_7245/Assignment2/pipeline/MyEnv/lib/python3.7/site-packages/airflow/example_dags/example_nested_branch_dag.py
[2021-03-23 20:30:33,261] {scheduler_job.py:639} INFO - DAG(s) dict_keys(['example_nested_branch_dag']) retrieved from /Users/harika/Desktop/CSYE_7245/Assignment2/pipeline/MyEnv/lib/python3.7/site-packages/airflow/example_dags/example_nested_branch_dag.py
[2021-03-23 20:30:33,295] {logging_mixin.py:104} INFO - [2021-03-23 20:30:33,295] {dag.py:1818} INFO - Sync 1 DAGs
[2021-03-23 20:30:33,343] {logging_mixin.py:104} INFO - [2021-03-23 20:30:33,342] {dag.py:2273} INFO - Setting next_dagrun for example_nested_branch_dag to 2021-03-22 00:00:00+00:00
[2021-03-23 20:30:33,360] {scheduler_job.py:190} INFO - Processing /Users/harika/Desktop/CSYE_7245/Assignment2/pipeline/MyEnv/lib/python3.7/site-packages/airflow/example_dags/example_nested_branch_dag.py took 0.125 seconds
[2021-03-23 20:31:09,474] {scheduler_job.py:182} INFO - Started process (PID=14534) to work on /Users/harika/Desktop/CSYE_7245/Assignment2/pipeline/MyEnv/lib/python3.7/site-packages/airflow/example_dags/example_nested_branch_dag.py
[2021-03-23 20:31:09,475] {scheduler_job.py:629} INFO - Processing file /Users/harika/Desktop/CSYE_7245/Assignment2/pipeline/MyEnv/lib/python3.7/site-packages/airflow/example_dags/example_nested_branch_dag.py for tasks to queue
[2021-03-23 20:31:09,477] {logging_mixin.py:104} INFO - [2021-03-23 20:31:09,476] {dagbag.py:448} INFO - Filling up the DagBag from /Users/harika/Desktop/CSYE_7245/Assignment2/pipeline/MyEnv/lib/python3.7/site-packages/airflow/example_dags/example_nested_branch_dag.py
[2021-03-23 20:31:09,490] {scheduler_job.py:639} INFO - DAG(s) dict_keys(['example_nested_branch_dag']) retrieved from /Users/harika/Desktop/CSYE_7245/Assignment2/pipeline/MyEnv/lib/python3.7/site-packages/airflow/example_dags/example_nested_branch_dag.py
[2021-03-23 20:31:09,511] {logging_mixin.py:104} INFO - [2021-03-23 20:31:09,511] {dag.py:1818} INFO - Sync 1 DAGs
[2021-03-23 20:31:09,541] {logging_mixin.py:104} INFO - [2021-03-23 20:31:09,541] {dag.py:2273} INFO - Setting next_dagrun for example_nested_branch_dag to 2021-03-22 00:00:00+00:00
[2021-03-23 20:31:09,550] {scheduler_job.py:190} INFO - Processing /Users/harika/Desktop/CSYE_7245/Assignment2/pipeline/MyEnv/lib/python3.7/site-packages/airflow/example_dags/example_nested_branch_dag.py took 0.080 seconds
[2021-03-23 21:09:37,471] {scheduler_job.py:182} INFO - Started process (PID=14935) to work on /Users/harika/Desktop/CSYE_7245/Assignment2/pipeline/MyEnv/lib/python3.7/site-packages/airflow/example_dags/example_nested_branch_dag.py
[2021-03-23 21:09:37,475] {scheduler_job.py:629} INFO - Processing file /Users/harika/Desktop/CSYE_7245/Assignment2/pipeline/MyEnv/lib/python3.7/site-packages/airflow/example_dags/example_nested_branch_dag.py for tasks to queue
[2021-03-23 21:09:37,477] {logging_mixin.py:104} INFO - [2021-03-23 21:09:37,476] {dagbag.py:448} INFO - Filling up the DagBag from /Users/harika/Desktop/CSYE_7245/Assignment2/pipeline/MyEnv/lib/python3.7/site-packages/airflow/example_dags/example_nested_branch_dag.py
[2021-03-23 21:09:37,510] {scheduler_job.py:639} INFO - DAG(s) dict_keys(['example_nested_branch_dag']) retrieved from /Users/harika/Desktop/CSYE_7245/Assignment2/pipeline/MyEnv/lib/python3.7/site-packages/airflow/example_dags/example_nested_branch_dag.py
[2021-03-23 21:09:37,635] {logging_mixin.py:104} INFO - [2021-03-23 21:09:37,634] {dag.py:1818} INFO - Sync 1 DAGs
[2021-03-23 21:09:37,712] {logging_mixin.py:104} INFO - [2021-03-23 21:09:37,712] {dag.py:2273} INFO - Setting next_dagrun for example_nested_branch_dag to 2021-03-22 00:00:00+00:00
[2021-03-23 21:09:37,765] {scheduler_job.py:190} INFO - Processing /Users/harika/Desktop/CSYE_7245/Assignment2/pipeline/MyEnv/lib/python3.7/site-packages/airflow/example_dags/example_nested_branch_dag.py took 0.301 seconds
[2021-03-23 21:12:50,361] {scheduler_job.py:182} INFO - Started process (PID=15011) to work on /Users/harika/Desktop/CSYE_7245/Assignment2/pipeline/MyEnv/lib/python3.7/site-packages/airflow/example_dags/example_nested_branch_dag.py
[2021-03-23 21:12:50,363] {scheduler_job.py:629} INFO - Processing file /Users/harika/Desktop/CSYE_7245/Assignment2/pipeline/MyEnv/lib/python3.7/site-packages/airflow/example_dags/example_nested_branch_dag.py for tasks to queue
[2021-03-23 21:12:50,365] {logging_mixin.py:104} INFO - [2021-03-23 21:12:50,365] {dagbag.py:448} INFO - Filling up the DagBag from /Users/harika/Desktop/CSYE_7245/Assignment2/pipeline/MyEnv/lib/python3.7/site-packages/airflow/example_dags/example_nested_branch_dag.py
[2021-03-23 21:12:50,378] {scheduler_job.py:639} INFO - DAG(s) dict_keys(['example_nested_branch_dag']) retrieved from /Users/harika/Desktop/CSYE_7245/Assignment2/pipeline/MyEnv/lib/python3.7/site-packages/airflow/example_dags/example_nested_branch_dag.py
[2021-03-23 21:12:50,394] {logging_mixin.py:104} INFO - [2021-03-23 21:12:50,394] {dag.py:1818} INFO - Sync 1 DAGs
[2021-03-23 21:12:50,417] {logging_mixin.py:104} INFO - [2021-03-23 21:12:50,417] {dag.py:2273} INFO - Setting next_dagrun for example_nested_branch_dag to 2021-03-22 00:00:00+00:00
[2021-03-23 21:12:50,428] {scheduler_job.py:190} INFO - Processing /Users/harika/Desktop/CSYE_7245/Assignment2/pipeline/MyEnv/lib/python3.7/site-packages/airflow/example_dags/example_nested_branch_dag.py took 0.071 seconds
[2021-03-23 21:13:31,273] {scheduler_job.py:182} INFO - Started process (PID=15043) to work on /Users/harika/Desktop/CSYE_7245/Assignment2/pipeline/MyEnv/lib/python3.7/site-packages/airflow/example_dags/example_nested_branch_dag.py
[2021-03-23 21:13:31,277] {scheduler_job.py:629} INFO - Processing file /Users/harika/Desktop/CSYE_7245/Assignment2/pipeline/MyEnv/lib/python3.7/site-packages/airflow/example_dags/example_nested_branch_dag.py for tasks to queue
[2021-03-23 21:13:31,279] {logging_mixin.py:104} INFO - [2021-03-23 21:13:31,278] {dagbag.py:448} INFO - Filling up the DagBag from /Users/harika/Desktop/CSYE_7245/Assignment2/pipeline/MyEnv/lib/python3.7/site-packages/airflow/example_dags/example_nested_branch_dag.py
[2021-03-23 21:13:31,302] {scheduler_job.py:639} INFO - DAG(s) dict_keys(['example_nested_branch_dag']) retrieved from /Users/harika/Desktop/CSYE_7245/Assignment2/pipeline/MyEnv/lib/python3.7/site-packages/airflow/example_dags/example_nested_branch_dag.py
[2021-03-23 21:13:31,324] {logging_mixin.py:104} INFO - [2021-03-23 21:13:31,324] {dag.py:1818} INFO - Sync 1 DAGs
[2021-03-23 21:13:31,358] {logging_mixin.py:104} INFO - [2021-03-23 21:13:31,358] {dag.py:2273} INFO - Setting next_dagrun for example_nested_branch_dag to 2021-03-22 00:00:00+00:00
[2021-03-23 21:13:31,368] {scheduler_job.py:190} INFO - Processing /Users/harika/Desktop/CSYE_7245/Assignment2/pipeline/MyEnv/lib/python3.7/site-packages/airflow/example_dags/example_nested_branch_dag.py took 0.102 seconds
[2021-03-23 21:14:48,546] {scheduler_job.py:182} INFO - Started process (PID=15094) to work on /Users/harika/Desktop/CSYE_7245/Assignment2/pipeline/MyEnv/lib/python3.7/site-packages/airflow/example_dags/example_nested_branch_dag.py
[2021-03-23 21:14:48,548] {scheduler_job.py:629} INFO - Processing file /Users/harika/Desktop/CSYE_7245/Assignment2/pipeline/MyEnv/lib/python3.7/site-packages/airflow/example_dags/example_nested_branch_dag.py for tasks to queue
[2021-03-23 21:14:48,549] {logging_mixin.py:104} INFO - [2021-03-23 21:14:48,549] {dagbag.py:448} INFO - Filling up the DagBag from /Users/harika/Desktop/CSYE_7245/Assignment2/pipeline/MyEnv/lib/python3.7/site-packages/airflow/example_dags/example_nested_branch_dag.py
[2021-03-23 21:14:48,574] {scheduler_job.py:639} INFO - DAG(s) dict_keys(['example_nested_branch_dag']) retrieved from /Users/harika/Desktop/CSYE_7245/Assignment2/pipeline/MyEnv/lib/python3.7/site-packages/airflow/example_dags/example_nested_branch_dag.py
[2021-03-23 21:14:48,594] {logging_mixin.py:104} INFO - [2021-03-23 21:14:48,594] {dag.py:1818} INFO - Sync 1 DAGs
[2021-03-23 21:14:48,615] {logging_mixin.py:104} INFO - [2021-03-23 21:14:48,615] {dag.py:2273} INFO - Setting next_dagrun for example_nested_branch_dag to 2021-03-22 00:00:00+00:00
[2021-03-23 21:14:48,627] {scheduler_job.py:190} INFO - Processing /Users/harika/Desktop/CSYE_7245/Assignment2/pipeline/MyEnv/lib/python3.7/site-packages/airflow/example_dags/example_nested_branch_dag.py took 0.085 seconds
[2021-03-23 21:15:23,346] {scheduler_job.py:182} INFO - Started process (PID=15126) to work on /Users/harika/Desktop/CSYE_7245/Assignment2/pipeline/MyEnv/lib/python3.7/site-packages/airflow/example_dags/example_nested_branch_dag.py
[2021-03-23 21:15:23,349] {scheduler_job.py:629} INFO - Processing file /Users/harika/Desktop/CSYE_7245/Assignment2/pipeline/MyEnv/lib/python3.7/site-packages/airflow/example_dags/example_nested_branch_dag.py for tasks to queue
[2021-03-23 21:15:23,351] {logging_mixin.py:104} INFO - [2021-03-23 21:15:23,350] {dagbag.py:448} INFO - Filling up the DagBag from /Users/harika/Desktop/CSYE_7245/Assignment2/pipeline/MyEnv/lib/python3.7/site-packages/airflow/example_dags/example_nested_branch_dag.py
[2021-03-23 21:15:23,393] {scheduler_job.py:639} INFO - DAG(s) dict_keys(['example_nested_branch_dag']) retrieved from /Users/harika/Desktop/CSYE_7245/Assignment2/pipeline/MyEnv/lib/python3.7/site-packages/airflow/example_dags/example_nested_branch_dag.py
[2021-03-23 21:15:23,430] {logging_mixin.py:104} INFO - [2021-03-23 21:15:23,429] {dag.py:1818} INFO - Sync 1 DAGs
[2021-03-23 21:15:23,512] {logging_mixin.py:104} INFO - [2021-03-23 21:15:23,511] {dag.py:2273} INFO - Setting next_dagrun for example_nested_branch_dag to 2021-03-22 00:00:00+00:00
[2021-03-23 21:15:23,541] {scheduler_job.py:190} INFO - Processing /Users/harika/Desktop/CSYE_7245/Assignment2/pipeline/MyEnv/lib/python3.7/site-packages/airflow/example_dags/example_nested_branch_dag.py took 0.203 seconds
[2021-03-23 21:17:09,055] {scheduler_job.py:182} INFO - Started process (PID=15168) to work on /Users/harika/Desktop/CSYE_7245/Assignment2/pipeline/MyEnv/lib/python3.7/site-packages/airflow/example_dags/example_nested_branch_dag.py
[2021-03-23 21:17:09,059] {scheduler_job.py:629} INFO - Processing file /Users/harika/Desktop/CSYE_7245/Assignment2/pipeline/MyEnv/lib/python3.7/site-packages/airflow/example_dags/example_nested_branch_dag.py for tasks to queue
[2021-03-23 21:17:09,062] {logging_mixin.py:104} INFO - [2021-03-23 21:17:09,061] {dagbag.py:448} INFO - Filling up the DagBag from /Users/harika/Desktop/CSYE_7245/Assignment2/pipeline/MyEnv/lib/python3.7/site-packages/airflow/example_dags/example_nested_branch_dag.py
[2021-03-23 21:17:09,090] {scheduler_job.py:639} INFO - DAG(s) dict_keys(['example_nested_branch_dag']) retrieved from /Users/harika/Desktop/CSYE_7245/Assignment2/pipeline/MyEnv/lib/python3.7/site-packages/airflow/example_dags/example_nested_branch_dag.py
[2021-03-23 21:17:09,112] {logging_mixin.py:104} INFO - [2021-03-23 21:17:09,112] {dag.py:1818} INFO - Sync 1 DAGs
[2021-03-23 21:17:09,143] {logging_mixin.py:104} INFO - [2021-03-23 21:17:09,142] {dag.py:2273} INFO - Setting next_dagrun for example_nested_branch_dag to 2021-03-22 00:00:00+00:00
[2021-03-23 21:17:09,153] {scheduler_job.py:190} INFO - Processing /Users/harika/Desktop/CSYE_7245/Assignment2/pipeline/MyEnv/lib/python3.7/site-packages/airflow/example_dags/example_nested_branch_dag.py took 0.102 seconds
[2021-03-23 21:18:16,008] {scheduler_job.py:182} INFO - Started process (PID=15215) to work on /Users/harika/Desktop/CSYE_7245/Assignment2/pipeline/MyEnv/lib/python3.7/site-packages/airflow/example_dags/example_nested_branch_dag.py
[2021-03-23 21:18:16,012] {scheduler_job.py:629} INFO - Processing file /Users/harika/Desktop/CSYE_7245/Assignment2/pipeline/MyEnv/lib/python3.7/site-packages/airflow/example_dags/example_nested_branch_dag.py for tasks to queue
[2021-03-23 21:18:16,017] {logging_mixin.py:104} INFO - [2021-03-23 21:18:16,014] {dagbag.py:448} INFO - Filling up the DagBag from /Users/harika/Desktop/CSYE_7245/Assignment2/pipeline/MyEnv/lib/python3.7/site-packages/airflow/example_dags/example_nested_branch_dag.py
[2021-03-23 21:18:16,048] {scheduler_job.py:639} INFO - DAG(s) dict_keys(['example_nested_branch_dag']) retrieved from /Users/harika/Desktop/CSYE_7245/Assignment2/pipeline/MyEnv/lib/python3.7/site-packages/airflow/example_dags/example_nested_branch_dag.py
[2021-03-23 21:18:16,101] {logging_mixin.py:104} INFO - [2021-03-23 21:18:16,099] {dag.py:1818} INFO - Sync 1 DAGs
[2021-03-23 21:18:16,143] {logging_mixin.py:104} INFO - [2021-03-23 21:18:16,142] {dag.py:2273} INFO - Setting next_dagrun for example_nested_branch_dag to 2021-03-22 00:00:00+00:00
[2021-03-23 21:18:16,152] {scheduler_job.py:190} INFO - Processing /Users/harika/Desktop/CSYE_7245/Assignment2/pipeline/MyEnv/lib/python3.7/site-packages/airflow/example_dags/example_nested_branch_dag.py took 0.165 seconds
[2021-03-23 21:18:48,412] {scheduler_job.py:182} INFO - Started process (PID=15244) to work on /Users/harika/Desktop/CSYE_7245/Assignment2/pipeline/MyEnv/lib/python3.7/site-packages/airflow/example_dags/example_nested_branch_dag.py
[2021-03-23 21:18:48,415] {scheduler_job.py:629} INFO - Processing file /Users/harika/Desktop/CSYE_7245/Assignment2/pipeline/MyEnv/lib/python3.7/site-packages/airflow/example_dags/example_nested_branch_dag.py for tasks to queue
[2021-03-23 21:18:48,417] {logging_mixin.py:104} INFO - [2021-03-23 21:18:48,416] {dagbag.py:448} INFO - Filling up the DagBag from /Users/harika/Desktop/CSYE_7245/Assignment2/pipeline/MyEnv/lib/python3.7/site-packages/airflow/example_dags/example_nested_branch_dag.py
[2021-03-23 21:18:48,433] {scheduler_job.py:639} INFO - DAG(s) dict_keys(['example_nested_branch_dag']) retrieved from /Users/harika/Desktop/CSYE_7245/Assignment2/pipeline/MyEnv/lib/python3.7/site-packages/airflow/example_dags/example_nested_branch_dag.py
[2021-03-23 21:18:48,453] {logging_mixin.py:104} INFO - [2021-03-23 21:18:48,452] {dag.py:1818} INFO - Sync 1 DAGs
[2021-03-23 21:18:48,491] {logging_mixin.py:104} INFO - [2021-03-23 21:18:48,491] {dag.py:2273} INFO - Setting next_dagrun for example_nested_branch_dag to 2021-03-22 00:00:00+00:00
[2021-03-23 21:18:48,504] {scheduler_job.py:190} INFO - Processing /Users/harika/Desktop/CSYE_7245/Assignment2/pipeline/MyEnv/lib/python3.7/site-packages/airflow/example_dags/example_nested_branch_dag.py took 0.097 seconds
[2021-03-23 21:19:20,878] {scheduler_job.py:182} INFO - Started process (PID=15269) to work on /Users/harika/Desktop/CSYE_7245/Assignment2/pipeline/MyEnv/lib/python3.7/site-packages/airflow/example_dags/example_nested_branch_dag.py
[2021-03-23 21:19:20,881] {scheduler_job.py:629} INFO - Processing file /Users/harika/Desktop/CSYE_7245/Assignment2/pipeline/MyEnv/lib/python3.7/site-packages/airflow/example_dags/example_nested_branch_dag.py for tasks to queue
[2021-03-23 21:19:20,883] {logging_mixin.py:104} INFO - [2021-03-23 21:19:20,882] {dagbag.py:448} INFO - Filling up the DagBag from /Users/harika/Desktop/CSYE_7245/Assignment2/pipeline/MyEnv/lib/python3.7/site-packages/airflow/example_dags/example_nested_branch_dag.py
[2021-03-23 21:19:20,900] {scheduler_job.py:639} INFO - DAG(s) dict_keys(['example_nested_branch_dag']) retrieved from /Users/harika/Desktop/CSYE_7245/Assignment2/pipeline/MyEnv/lib/python3.7/site-packages/airflow/example_dags/example_nested_branch_dag.py
[2021-03-23 21:19:20,927] {logging_mixin.py:104} INFO - [2021-03-23 21:19:20,926] {dag.py:1818} INFO - Sync 1 DAGs
[2021-03-23 21:19:20,961] {logging_mixin.py:104} INFO - [2021-03-23 21:19:20,961] {dag.py:2273} INFO - Setting next_dagrun for example_nested_branch_dag to 2021-03-22 00:00:00+00:00
[2021-03-23 21:19:20,970] {scheduler_job.py:190} INFO - Processing /Users/harika/Desktop/CSYE_7245/Assignment2/pipeline/MyEnv/lib/python3.7/site-packages/airflow/example_dags/example_nested_branch_dag.py took 0.097 seconds
[2021-03-23 21:19:55,632] {scheduler_job.py:182} INFO - Started process (PID=15296) to work on /Users/harika/Desktop/CSYE_7245/Assignment2/pipeline/MyEnv/lib/python3.7/site-packages/airflow/example_dags/example_nested_branch_dag.py
[2021-03-23 21:19:55,635] {scheduler_job.py:629} INFO - Processing file /Users/harika/Desktop/CSYE_7245/Assignment2/pipeline/MyEnv/lib/python3.7/site-packages/airflow/example_dags/example_nested_branch_dag.py for tasks to queue
[2021-03-23 21:19:55,637] {logging_mixin.py:104} INFO - [2021-03-23 21:19:55,637] {dagbag.py:448} INFO - Filling up the DagBag from /Users/harika/Desktop/CSYE_7245/Assignment2/pipeline/MyEnv/lib/python3.7/site-packages/airflow/example_dags/example_nested_branch_dag.py
[2021-03-23 21:19:55,672] {scheduler_job.py:639} INFO - DAG(s) dict_keys(['example_nested_branch_dag']) retrieved from /Users/harika/Desktop/CSYE_7245/Assignment2/pipeline/MyEnv/lib/python3.7/site-packages/airflow/example_dags/example_nested_branch_dag.py
[2021-03-23 21:19:55,709] {logging_mixin.py:104} INFO - [2021-03-23 21:19:55,708] {dag.py:1818} INFO - Sync 1 DAGs
[2021-03-23 21:19:55,754] {logging_mixin.py:104} INFO - [2021-03-23 21:19:55,752] {dag.py:2273} INFO - Setting next_dagrun for example_nested_branch_dag to 2021-03-22 00:00:00+00:00
[2021-03-23 21:19:55,775] {scheduler_job.py:190} INFO - Processing /Users/harika/Desktop/CSYE_7245/Assignment2/pipeline/MyEnv/lib/python3.7/site-packages/airflow/example_dags/example_nested_branch_dag.py took 0.149 seconds
[2021-03-24 00:03:10,145] {scheduler_job.py:182} INFO - Started process (PID=16956) to work on /Users/harika/Desktop/CSYE_7245/Assignment2/pipeline/MyEnv/lib/python3.7/site-packages/airflow/example_dags/example_nested_branch_dag.py
[2021-03-24 00:03:10,148] {scheduler_job.py:629} INFO - Processing file /Users/harika/Desktop/CSYE_7245/Assignment2/pipeline/MyEnv/lib/python3.7/site-packages/airflow/example_dags/example_nested_branch_dag.py for tasks to queue
[2021-03-24 00:03:10,150] {logging_mixin.py:104} INFO - [2021-03-24 00:03:10,149] {dagbag.py:448} INFO - Filling up the DagBag from /Users/harika/Desktop/CSYE_7245/Assignment2/pipeline/MyEnv/lib/python3.7/site-packages/airflow/example_dags/example_nested_branch_dag.py
[2021-03-24 00:03:10,169] {scheduler_job.py:639} INFO - DAG(s) dict_keys(['example_nested_branch_dag']) retrieved from /Users/harika/Desktop/CSYE_7245/Assignment2/pipeline/MyEnv/lib/python3.7/site-packages/airflow/example_dags/example_nested_branch_dag.py
[2021-03-24 00:03:10,190] {logging_mixin.py:104} INFO - [2021-03-24 00:03:10,189] {dag.py:1818} INFO - Sync 1 DAGs
[2021-03-24 00:03:10,214] {logging_mixin.py:104} INFO - [2021-03-24 00:03:10,213] {dag.py:2273} INFO - Setting next_dagrun for example_nested_branch_dag to 2021-03-22 00:00:00+00:00
[2021-03-24 00:03:10,226] {scheduler_job.py:190} INFO - Processing /Users/harika/Desktop/CSYE_7245/Assignment2/pipeline/MyEnv/lib/python3.7/site-packages/airflow/example_dags/example_nested_branch_dag.py took 0.086 seconds
[2021-03-24 00:03:47,299] {scheduler_job.py:182} INFO - Started process (PID=16984) to work on /Users/harika/Desktop/CSYE_7245/Assignment2/pipeline/MyEnv/lib/python3.7/site-packages/airflow/example_dags/example_nested_branch_dag.py
[2021-03-24 00:03:47,301] {scheduler_job.py:629} INFO - Processing file /Users/harika/Desktop/CSYE_7245/Assignment2/pipeline/MyEnv/lib/python3.7/site-packages/airflow/example_dags/example_nested_branch_dag.py for tasks to queue
[2021-03-24 00:03:47,304] {logging_mixin.py:104} INFO - [2021-03-24 00:03:47,303] {dagbag.py:448} INFO - Filling up the DagBag from /Users/harika/Desktop/CSYE_7245/Assignment2/pipeline/MyEnv/lib/python3.7/site-packages/airflow/example_dags/example_nested_branch_dag.py
[2021-03-24 00:03:47,335] {scheduler_job.py:639} INFO - DAG(s) dict_keys(['example_nested_branch_dag']) retrieved from /Users/harika/Desktop/CSYE_7245/Assignment2/pipeline/MyEnv/lib/python3.7/site-packages/airflow/example_dags/example_nested_branch_dag.py
[2021-03-24 00:03:47,364] {logging_mixin.py:104} INFO - [2021-03-24 00:03:47,363] {dag.py:1818} INFO - Sync 1 DAGs
[2021-03-24 00:03:47,395] {logging_mixin.py:104} INFO - [2021-03-24 00:03:47,395] {dag.py:2273} INFO - Setting next_dagrun for example_nested_branch_dag to 2021-03-22 00:00:00+00:00
[2021-03-24 00:03:47,404] {scheduler_job.py:190} INFO - Processing /Users/harika/Desktop/CSYE_7245/Assignment2/pipeline/MyEnv/lib/python3.7/site-packages/airflow/example_dags/example_nested_branch_dag.py took 0.110 seconds
[2021-03-24 00:04:33,656] {scheduler_job.py:182} INFO - Started process (PID=17019) to work on /Users/harika/Desktop/CSYE_7245/Assignment2/pipeline/MyEnv/lib/python3.7/site-packages/airflow/example_dags/example_nested_branch_dag.py
[2021-03-24 00:04:33,658] {scheduler_job.py:629} INFO - Processing file /Users/harika/Desktop/CSYE_7245/Assignment2/pipeline/MyEnv/lib/python3.7/site-packages/airflow/example_dags/example_nested_branch_dag.py for tasks to queue
[2021-03-24 00:04:33,661] {logging_mixin.py:104} INFO - [2021-03-24 00:04:33,660] {dagbag.py:448} INFO - Filling up the DagBag from /Users/harika/Desktop/CSYE_7245/Assignment2/pipeline/MyEnv/lib/python3.7/site-packages/airflow/example_dags/example_nested_branch_dag.py
[2021-03-24 00:04:33,691] {scheduler_job.py:639} INFO - DAG(s) dict_keys(['example_nested_branch_dag']) retrieved from /Users/harika/Desktop/CSYE_7245/Assignment2/pipeline/MyEnv/lib/python3.7/site-packages/airflow/example_dags/example_nested_branch_dag.py
[2021-03-24 00:04:33,713] {logging_mixin.py:104} INFO - [2021-03-24 00:04:33,713] {dag.py:1818} INFO - Sync 1 DAGs
[2021-03-24 00:04:33,743] {logging_mixin.py:104} INFO - [2021-03-24 00:04:33,743] {dag.py:2273} INFO - Setting next_dagrun for example_nested_branch_dag to 2021-03-22 00:00:00+00:00
[2021-03-24 00:04:33,756] {scheduler_job.py:190} INFO - Processing /Users/harika/Desktop/CSYE_7245/Assignment2/pipeline/MyEnv/lib/python3.7/site-packages/airflow/example_dags/example_nested_branch_dag.py took 0.109 seconds
[2021-03-24 00:05:06,307] {scheduler_job.py:182} INFO - Started process (PID=17047) to work on /Users/harika/Desktop/CSYE_7245/Assignment2/pipeline/MyEnv/lib/python3.7/site-packages/airflow/example_dags/example_nested_branch_dag.py
[2021-03-24 00:05:06,309] {scheduler_job.py:629} INFO - Processing file /Users/harika/Desktop/CSYE_7245/Assignment2/pipeline/MyEnv/lib/python3.7/site-packages/airflow/example_dags/example_nested_branch_dag.py for tasks to queue
[2021-03-24 00:05:06,313] {logging_mixin.py:104} INFO - [2021-03-24 00:05:06,312] {dagbag.py:448} INFO - Filling up the DagBag from /Users/harika/Desktop/CSYE_7245/Assignment2/pipeline/MyEnv/lib/python3.7/site-packages/airflow/example_dags/example_nested_branch_dag.py
[2021-03-24 00:05:06,336] {scheduler_job.py:639} INFO - DAG(s) dict_keys(['example_nested_branch_dag']) retrieved from /Users/harika/Desktop/CSYE_7245/Assignment2/pipeline/MyEnv/lib/python3.7/site-packages/airflow/example_dags/example_nested_branch_dag.py
[2021-03-24 00:05:06,354] {logging_mixin.py:104} INFO - [2021-03-24 00:05:06,353] {dag.py:1818} INFO - Sync 1 DAGs
[2021-03-24 00:05:06,376] {logging_mixin.py:104} INFO - [2021-03-24 00:05:06,376] {dag.py:2273} INFO - Setting next_dagrun for example_nested_branch_dag to 2021-03-22 00:00:00+00:00
[2021-03-24 00:05:06,385] {scheduler_job.py:190} INFO - Processing /Users/harika/Desktop/CSYE_7245/Assignment2/pipeline/MyEnv/lib/python3.7/site-packages/airflow/example_dags/example_nested_branch_dag.py took 0.084 seconds
[2021-03-24 00:06:01,467] {scheduler_job.py:182} INFO - Started process (PID=17096) to work on /Users/harika/Desktop/CSYE_7245/Assignment2/pipeline/MyEnv/lib/python3.7/site-packages/airflow/example_dags/example_nested_branch_dag.py
[2021-03-24 00:06:01,469] {scheduler_job.py:629} INFO - Processing file /Users/harika/Desktop/CSYE_7245/Assignment2/pipeline/MyEnv/lib/python3.7/site-packages/airflow/example_dags/example_nested_branch_dag.py for tasks to queue
[2021-03-24 00:06:01,471] {logging_mixin.py:104} INFO - [2021-03-24 00:06:01,470] {dagbag.py:448} INFO - Filling up the DagBag from /Users/harika/Desktop/CSYE_7245/Assignment2/pipeline/MyEnv/lib/python3.7/site-packages/airflow/example_dags/example_nested_branch_dag.py
[2021-03-24 00:06:01,503] {scheduler_job.py:639} INFO - DAG(s) dict_keys(['example_nested_branch_dag']) retrieved from /Users/harika/Desktop/CSYE_7245/Assignment2/pipeline/MyEnv/lib/python3.7/site-packages/airflow/example_dags/example_nested_branch_dag.py
[2021-03-24 00:06:01,540] {logging_mixin.py:104} INFO - [2021-03-24 00:06:01,539] {dag.py:1818} INFO - Sync 1 DAGs
[2021-03-24 00:06:01,584] {logging_mixin.py:104} INFO - [2021-03-24 00:06:01,583] {dag.py:2273} INFO - Setting next_dagrun for example_nested_branch_dag to 2021-03-22 00:00:00+00:00
[2021-03-24 00:06:01,609] {scheduler_job.py:190} INFO - Processing /Users/harika/Desktop/CSYE_7245/Assignment2/pipeline/MyEnv/lib/python3.7/site-packages/airflow/example_dags/example_nested_branch_dag.py took 0.154 seconds
[2021-03-24 01:02:32,581] {scheduler_job.py:182} INFO - Started process (PID=17427) to work on /Users/harika/Desktop/CSYE_7245/Assignment2/pipeline/MyEnv/lib/python3.7/site-packages/airflow/example_dags/example_nested_branch_dag.py
[2021-03-24 01:02:32,584] {scheduler_job.py:629} INFO - Processing file /Users/harika/Desktop/CSYE_7245/Assignment2/pipeline/MyEnv/lib/python3.7/site-packages/airflow/example_dags/example_nested_branch_dag.py for tasks to queue
[2021-03-24 01:02:32,585] {logging_mixin.py:104} INFO - [2021-03-24 01:02:32,585] {dagbag.py:448} INFO - Filling up the DagBag from /Users/harika/Desktop/CSYE_7245/Assignment2/pipeline/MyEnv/lib/python3.7/site-packages/airflow/example_dags/example_nested_branch_dag.py
[2021-03-24 01:02:32,597] {scheduler_job.py:639} INFO - DAG(s) dict_keys(['example_nested_branch_dag']) retrieved from /Users/harika/Desktop/CSYE_7245/Assignment2/pipeline/MyEnv/lib/python3.7/site-packages/airflow/example_dags/example_nested_branch_dag.py
[2021-03-24 01:02:32,617] {logging_mixin.py:104} INFO - [2021-03-24 01:02:32,617] {dag.py:1818} INFO - Sync 1 DAGs
[2021-03-24 01:02:32,641] {logging_mixin.py:104} INFO - [2021-03-24 01:02:32,640] {dag.py:2273} INFO - Setting next_dagrun for example_nested_branch_dag to 2021-03-22 00:00:00+00:00
[2021-03-24 01:02:32,649] {scheduler_job.py:190} INFO - Processing /Users/harika/Desktop/CSYE_7245/Assignment2/pipeline/MyEnv/lib/python3.7/site-packages/airflow/example_dags/example_nested_branch_dag.py took 0.073 seconds
[2021-03-24 01:03:04,245] {scheduler_job.py:182} INFO - Started process (PID=17467) to work on /Users/harika/Desktop/CSYE_7245/Assignment2/pipeline/MyEnv/lib/python3.7/site-packages/airflow/example_dags/example_nested_branch_dag.py
[2021-03-24 01:03:04,247] {scheduler_job.py:629} INFO - Processing file /Users/harika/Desktop/CSYE_7245/Assignment2/pipeline/MyEnv/lib/python3.7/site-packages/airflow/example_dags/example_nested_branch_dag.py for tasks to queue
[2021-03-24 01:03:04,248] {logging_mixin.py:104} INFO - [2021-03-24 01:03:04,247] {dagbag.py:448} INFO - Filling up the DagBag from /Users/harika/Desktop/CSYE_7245/Assignment2/pipeline/MyEnv/lib/python3.7/site-packages/airflow/example_dags/example_nested_branch_dag.py
[2021-03-24 01:03:04,259] {scheduler_job.py:639} INFO - DAG(s) dict_keys(['example_nested_branch_dag']) retrieved from /Users/harika/Desktop/CSYE_7245/Assignment2/pipeline/MyEnv/lib/python3.7/site-packages/airflow/example_dags/example_nested_branch_dag.py
[2021-03-24 01:03:04,275] {logging_mixin.py:104} INFO - [2021-03-24 01:03:04,274] {dag.py:1818} INFO - Sync 1 DAGs
[2021-03-24 01:03:04,295] {logging_mixin.py:104} INFO - [2021-03-24 01:03:04,295] {dag.py:2273} INFO - Setting next_dagrun for example_nested_branch_dag to 2021-03-22 00:00:00+00:00
[2021-03-24 01:03:04,303] {scheduler_job.py:190} INFO - Processing /Users/harika/Desktop/CSYE_7245/Assignment2/pipeline/MyEnv/lib/python3.7/site-packages/airflow/example_dags/example_nested_branch_dag.py took 0.062 seconds
[2021-03-24 01:03:41,839] {scheduler_job.py:182} INFO - Started process (PID=17509) to work on /Users/harika/Desktop/CSYE_7245/Assignment2/pipeline/MyEnv/lib/python3.7/site-packages/airflow/example_dags/example_nested_branch_dag.py
[2021-03-24 01:03:41,841] {scheduler_job.py:629} INFO - Processing file /Users/harika/Desktop/CSYE_7245/Assignment2/pipeline/MyEnv/lib/python3.7/site-packages/airflow/example_dags/example_nested_branch_dag.py for tasks to queue
[2021-03-24 01:03:41,842] {logging_mixin.py:104} INFO - [2021-03-24 01:03:41,842] {dagbag.py:448} INFO - Filling up the DagBag from /Users/harika/Desktop/CSYE_7245/Assignment2/pipeline/MyEnv/lib/python3.7/site-packages/airflow/example_dags/example_nested_branch_dag.py
[2021-03-24 01:03:41,854] {scheduler_job.py:639} INFO - DAG(s) dict_keys(['example_nested_branch_dag']) retrieved from /Users/harika/Desktop/CSYE_7245/Assignment2/pipeline/MyEnv/lib/python3.7/site-packages/airflow/example_dags/example_nested_branch_dag.py
[2021-03-24 01:03:41,872] {logging_mixin.py:104} INFO - [2021-03-24 01:03:41,871] {dag.py:1818} INFO - Sync 1 DAGs
[2021-03-24 01:03:41,898] {logging_mixin.py:104} INFO - [2021-03-24 01:03:41,897] {dag.py:2273} INFO - Setting next_dagrun for example_nested_branch_dag to 2021-03-22 00:00:00+00:00
[2021-03-24 01:03:41,906] {scheduler_job.py:190} INFO - Processing /Users/harika/Desktop/CSYE_7245/Assignment2/pipeline/MyEnv/lib/python3.7/site-packages/airflow/example_dags/example_nested_branch_dag.py took 0.071 seconds
[2021-03-24 01:04:15,142] {scheduler_job.py:182} INFO - Started process (PID=17552) to work on /Users/harika/Desktop/CSYE_7245/Assignment2/pipeline/MyEnv/lib/python3.7/site-packages/airflow/example_dags/example_nested_branch_dag.py
[2021-03-24 01:04:15,143] {scheduler_job.py:629} INFO - Processing file /Users/harika/Desktop/CSYE_7245/Assignment2/pipeline/MyEnv/lib/python3.7/site-packages/airflow/example_dags/example_nested_branch_dag.py for tasks to queue
[2021-03-24 01:04:15,144] {logging_mixin.py:104} INFO - [2021-03-24 01:04:15,144] {dagbag.py:448} INFO - Filling up the DagBag from /Users/harika/Desktop/CSYE_7245/Assignment2/pipeline/MyEnv/lib/python3.7/site-packages/airflow/example_dags/example_nested_branch_dag.py
[2021-03-24 01:04:15,154] {scheduler_job.py:639} INFO - DAG(s) dict_keys(['example_nested_branch_dag']) retrieved from /Users/harika/Desktop/CSYE_7245/Assignment2/pipeline/MyEnv/lib/python3.7/site-packages/airflow/example_dags/example_nested_branch_dag.py
[2021-03-24 01:04:15,170] {logging_mixin.py:104} INFO - [2021-03-24 01:04:15,169] {dag.py:1818} INFO - Sync 1 DAGs
[2021-03-24 01:04:15,190] {logging_mixin.py:104} INFO - [2021-03-24 01:04:15,190] {dag.py:2273} INFO - Setting next_dagrun for example_nested_branch_dag to 2021-03-22 00:00:00+00:00
[2021-03-24 01:04:15,197] {scheduler_job.py:190} INFO - Processing /Users/harika/Desktop/CSYE_7245/Assignment2/pipeline/MyEnv/lib/python3.7/site-packages/airflow/example_dags/example_nested_branch_dag.py took 0.059 seconds
[2021-03-24 01:04:49,040] {scheduler_job.py:182} INFO - Started process (PID=17648) to work on /Users/harika/Desktop/CSYE_7245/Assignment2/pipeline/MyEnv/lib/python3.7/site-packages/airflow/example_dags/example_nested_branch_dag.py
[2021-03-24 01:04:49,043] {scheduler_job.py:629} INFO - Processing file /Users/harika/Desktop/CSYE_7245/Assignment2/pipeline/MyEnv/lib/python3.7/site-packages/airflow/example_dags/example_nested_branch_dag.py for tasks to queue
[2021-03-24 01:04:49,045] {logging_mixin.py:104} INFO - [2021-03-24 01:04:49,045] {dagbag.py:448} INFO - Filling up the DagBag from /Users/harika/Desktop/CSYE_7245/Assignment2/pipeline/MyEnv/lib/python3.7/site-packages/airflow/example_dags/example_nested_branch_dag.py
[2021-03-24 01:04:49,063] {scheduler_job.py:639} INFO - DAG(s) dict_keys(['example_nested_branch_dag']) retrieved from /Users/harika/Desktop/CSYE_7245/Assignment2/pipeline/MyEnv/lib/python3.7/site-packages/airflow/example_dags/example_nested_branch_dag.py
[2021-03-24 01:04:49,087] {logging_mixin.py:104} INFO - [2021-03-24 01:04:49,086] {dag.py:1818} INFO - Sync 1 DAGs
[2021-03-24 01:04:49,122] {logging_mixin.py:104} INFO - [2021-03-24 01:04:49,121] {dag.py:2273} INFO - Setting next_dagrun for example_nested_branch_dag to 2021-03-22 00:00:00+00:00
[2021-03-24 01:04:49,134] {scheduler_job.py:190} INFO - Processing /Users/harika/Desktop/CSYE_7245/Assignment2/pipeline/MyEnv/lib/python3.7/site-packages/airflow/example_dags/example_nested_branch_dag.py took 0.099 seconds
