[2021-03-23 20:14:38,576] {scheduler_job.py:182} INFO - Started process (PID=14182) to work on /Users/harika/Desktop/CSYE_7245/Assignment2/pipeline/MyEnv/lib/python3.7/site-packages/airflow/example_dags/example_external_task_marker_dag.py
[2021-03-23 20:14:38,581] {scheduler_job.py:629} INFO - Processing file /Users/harika/Desktop/CSYE_7245/Assignment2/pipeline/MyEnv/lib/python3.7/site-packages/airflow/example_dags/example_external_task_marker_dag.py for tasks to queue
[2021-03-23 20:14:38,586] {logging_mixin.py:104} INFO - [2021-03-23 20:14:38,584] {dagbag.py:448} INFO - Filling up the DagBag from /Users/harika/Desktop/CSYE_7245/Assignment2/pipeline/MyEnv/lib/python3.7/site-packages/airflow/example_dags/example_external_task_marker_dag.py
[2021-03-23 20:14:38,619] {scheduler_job.py:639} INFO - DAG(s) dict_keys(['example_external_task_marker_parent', 'example_external_task_marker_child']) retrieved from /Users/harika/Desktop/CSYE_7245/Assignment2/pipeline/MyEnv/lib/python3.7/site-packages/airflow/example_dags/example_external_task_marker_dag.py
[2021-03-23 20:14:38,662] {logging_mixin.py:104} INFO - [2021-03-23 20:14:38,662] {dag.py:1818} INFO - Sync 2 DAGs
[2021-03-23 20:14:38,695] {logging_mixin.py:104} INFO - [2021-03-23 20:14:38,694] {dag.py:2273} INFO - Setting next_dagrun for example_external_task_marker_child to None
[2021-03-23 20:14:38,702] {logging_mixin.py:104} INFO - [2021-03-23 20:14:38,701] {dag.py:2273} INFO - Setting next_dagrun for example_external_task_marker_parent to None
[2021-03-23 20:14:38,775] {scheduler_job.py:190} INFO - Processing /Users/harika/Desktop/CSYE_7245/Assignment2/pipeline/MyEnv/lib/python3.7/site-packages/airflow/example_dags/example_external_task_marker_dag.py took 0.206 seconds
[2021-03-23 20:25:17,284] {scheduler_job.py:182} INFO - Started process (PID=14302) to work on /Users/harika/Desktop/CSYE_7245/Assignment2/pipeline/MyEnv/lib/python3.7/site-packages/airflow/example_dags/example_external_task_marker_dag.py
[2021-03-23 20:25:17,289] {scheduler_job.py:629} INFO - Processing file /Users/harika/Desktop/CSYE_7245/Assignment2/pipeline/MyEnv/lib/python3.7/site-packages/airflow/example_dags/example_external_task_marker_dag.py for tasks to queue
[2021-03-23 20:25:17,291] {logging_mixin.py:104} INFO - [2021-03-23 20:25:17,290] {dagbag.py:448} INFO - Filling up the DagBag from /Users/harika/Desktop/CSYE_7245/Assignment2/pipeline/MyEnv/lib/python3.7/site-packages/airflow/example_dags/example_external_task_marker_dag.py
[2021-03-23 20:25:17,315] {scheduler_job.py:639} INFO - DAG(s) dict_keys(['example_external_task_marker_parent', 'example_external_task_marker_child']) retrieved from /Users/harika/Desktop/CSYE_7245/Assignment2/pipeline/MyEnv/lib/python3.7/site-packages/airflow/example_dags/example_external_task_marker_dag.py
[2021-03-23 20:25:17,354] {logging_mixin.py:104} INFO - [2021-03-23 20:25:17,354] {dag.py:1818} INFO - Sync 2 DAGs
[2021-03-23 20:25:17,381] {logging_mixin.py:104} INFO - [2021-03-23 20:25:17,381] {dag.py:2273} INFO - Setting next_dagrun for example_external_task_marker_child to None
[2021-03-23 20:25:17,384] {logging_mixin.py:104} INFO - [2021-03-23 20:25:17,383] {dag.py:2273} INFO - Setting next_dagrun for example_external_task_marker_parent to None
[2021-03-23 20:25:17,402] {scheduler_job.py:190} INFO - Processing /Users/harika/Desktop/CSYE_7245/Assignment2/pipeline/MyEnv/lib/python3.7/site-packages/airflow/example_dags/example_external_task_marker_dag.py took 0.123 seconds
[2021-03-23 20:27:45,918] {scheduler_job.py:182} INFO - Started process (PID=14361) to work on /Users/harika/Desktop/CSYE_7245/Assignment2/pipeline/MyEnv/lib/python3.7/site-packages/airflow/example_dags/example_external_task_marker_dag.py
[2021-03-23 20:27:45,924] {scheduler_job.py:629} INFO - Processing file /Users/harika/Desktop/CSYE_7245/Assignment2/pipeline/MyEnv/lib/python3.7/site-packages/airflow/example_dags/example_external_task_marker_dag.py for tasks to queue
[2021-03-23 20:27:45,927] {logging_mixin.py:104} INFO - [2021-03-23 20:27:45,926] {dagbag.py:448} INFO - Filling up the DagBag from /Users/harika/Desktop/CSYE_7245/Assignment2/pipeline/MyEnv/lib/python3.7/site-packages/airflow/example_dags/example_external_task_marker_dag.py
[2021-03-23 20:27:45,960] {scheduler_job.py:639} INFO - DAG(s) dict_keys(['example_external_task_marker_parent', 'example_external_task_marker_child']) retrieved from /Users/harika/Desktop/CSYE_7245/Assignment2/pipeline/MyEnv/lib/python3.7/site-packages/airflow/example_dags/example_external_task_marker_dag.py
[2021-03-23 20:27:46,045] {logging_mixin.py:104} INFO - [2021-03-23 20:27:46,042] {dag.py:1818} INFO - Sync 2 DAGs
[2021-03-23 20:27:46,095] {logging_mixin.py:104} INFO - [2021-03-23 20:27:46,094] {dag.py:2273} INFO - Setting next_dagrun for example_external_task_marker_child to None
[2021-03-23 20:27:46,098] {logging_mixin.py:104} INFO - [2021-03-23 20:27:46,097] {dag.py:2273} INFO - Setting next_dagrun for example_external_task_marker_parent to None
[2021-03-23 20:27:46,122] {scheduler_job.py:190} INFO - Processing /Users/harika/Desktop/CSYE_7245/Assignment2/pipeline/MyEnv/lib/python3.7/site-packages/airflow/example_dags/example_external_task_marker_dag.py took 0.211 seconds
[2021-03-23 20:28:16,642] {scheduler_job.py:182} INFO - Started process (PID=14390) to work on /Users/harika/Desktop/CSYE_7245/Assignment2/pipeline/MyEnv/lib/python3.7/site-packages/airflow/example_dags/example_external_task_marker_dag.py
[2021-03-23 20:28:16,646] {scheduler_job.py:629} INFO - Processing file /Users/harika/Desktop/CSYE_7245/Assignment2/pipeline/MyEnv/lib/python3.7/site-packages/airflow/example_dags/example_external_task_marker_dag.py for tasks to queue
[2021-03-23 20:28:16,652] {logging_mixin.py:104} INFO - [2021-03-23 20:28:16,651] {dagbag.py:448} INFO - Filling up the DagBag from /Users/harika/Desktop/CSYE_7245/Assignment2/pipeline/MyEnv/lib/python3.7/site-packages/airflow/example_dags/example_external_task_marker_dag.py
[2021-03-23 20:28:16,667] {scheduler_job.py:639} INFO - DAG(s) dict_keys(['example_external_task_marker_parent', 'example_external_task_marker_child']) retrieved from /Users/harika/Desktop/CSYE_7245/Assignment2/pipeline/MyEnv/lib/python3.7/site-packages/airflow/example_dags/example_external_task_marker_dag.py
[2021-03-23 20:28:16,714] {logging_mixin.py:104} INFO - [2021-03-23 20:28:16,712] {dag.py:1818} INFO - Sync 2 DAGs
[2021-03-23 20:28:16,866] {logging_mixin.py:104} INFO - [2021-03-23 20:28:16,865] {dag.py:2273} INFO - Setting next_dagrun for example_external_task_marker_child to None
[2021-03-23 20:28:16,872] {logging_mixin.py:104} INFO - [2021-03-23 20:28:16,870] {dag.py:2273} INFO - Setting next_dagrun for example_external_task_marker_parent to None
[2021-03-23 20:28:16,913] {scheduler_job.py:190} INFO - Processing /Users/harika/Desktop/CSYE_7245/Assignment2/pipeline/MyEnv/lib/python3.7/site-packages/airflow/example_dags/example_external_task_marker_dag.py took 0.276 seconds
[2021-03-23 20:28:59,003] {scheduler_job.py:182} INFO - Started process (PID=14427) to work on /Users/harika/Desktop/CSYE_7245/Assignment2/pipeline/MyEnv/lib/python3.7/site-packages/airflow/example_dags/example_external_task_marker_dag.py
[2021-03-23 20:28:59,005] {scheduler_job.py:629} INFO - Processing file /Users/harika/Desktop/CSYE_7245/Assignment2/pipeline/MyEnv/lib/python3.7/site-packages/airflow/example_dags/example_external_task_marker_dag.py for tasks to queue
[2021-03-23 20:28:59,007] {logging_mixin.py:104} INFO - [2021-03-23 20:28:59,006] {dagbag.py:448} INFO - Filling up the DagBag from /Users/harika/Desktop/CSYE_7245/Assignment2/pipeline/MyEnv/lib/python3.7/site-packages/airflow/example_dags/example_external_task_marker_dag.py
[2021-03-23 20:28:59,018] {scheduler_job.py:639} INFO - DAG(s) dict_keys(['example_external_task_marker_parent', 'example_external_task_marker_child']) retrieved from /Users/harika/Desktop/CSYE_7245/Assignment2/pipeline/MyEnv/lib/python3.7/site-packages/airflow/example_dags/example_external_task_marker_dag.py
[2021-03-23 20:28:59,052] {logging_mixin.py:104} INFO - [2021-03-23 20:28:59,051] {dag.py:1818} INFO - Sync 2 DAGs
[2021-03-23 20:28:59,070] {logging_mixin.py:104} INFO - [2021-03-23 20:28:59,070] {dag.py:2273} INFO - Setting next_dagrun for example_external_task_marker_child to None
[2021-03-23 20:28:59,072] {logging_mixin.py:104} INFO - [2021-03-23 20:28:59,072] {dag.py:2273} INFO - Setting next_dagrun for example_external_task_marker_parent to None
[2021-03-23 20:28:59,082] {scheduler_job.py:190} INFO - Processing /Users/harika/Desktop/CSYE_7245/Assignment2/pipeline/MyEnv/lib/python3.7/site-packages/airflow/example_dags/example_external_task_marker_dag.py took 0.085 seconds
[2021-03-23 20:29:37,899] {scheduler_job.py:182} INFO - Started process (PID=14457) to work on /Users/harika/Desktop/CSYE_7245/Assignment2/pipeline/MyEnv/lib/python3.7/site-packages/airflow/example_dags/example_external_task_marker_dag.py
[2021-03-23 20:29:37,902] {scheduler_job.py:629} INFO - Processing file /Users/harika/Desktop/CSYE_7245/Assignment2/pipeline/MyEnv/lib/python3.7/site-packages/airflow/example_dags/example_external_task_marker_dag.py for tasks to queue
[2021-03-23 20:29:37,904] {logging_mixin.py:104} INFO - [2021-03-23 20:29:37,904] {dagbag.py:448} INFO - Filling up the DagBag from /Users/harika/Desktop/CSYE_7245/Assignment2/pipeline/MyEnv/lib/python3.7/site-packages/airflow/example_dags/example_external_task_marker_dag.py
[2021-03-23 20:29:37,917] {scheduler_job.py:639} INFO - DAG(s) dict_keys(['example_external_task_marker_parent', 'example_external_task_marker_child']) retrieved from /Users/harika/Desktop/CSYE_7245/Assignment2/pipeline/MyEnv/lib/python3.7/site-packages/airflow/example_dags/example_external_task_marker_dag.py
[2021-03-23 20:29:37,954] {logging_mixin.py:104} INFO - [2021-03-23 20:29:37,953] {dag.py:1818} INFO - Sync 2 DAGs
[2021-03-23 20:29:37,969] {logging_mixin.py:104} INFO - [2021-03-23 20:29:37,969] {dag.py:2273} INFO - Setting next_dagrun for example_external_task_marker_child to None
[2021-03-23 20:29:37,971] {logging_mixin.py:104} INFO - [2021-03-23 20:29:37,970] {dag.py:2273} INFO - Setting next_dagrun for example_external_task_marker_parent to None
[2021-03-23 20:29:37,980] {scheduler_job.py:190} INFO - Processing /Users/harika/Desktop/CSYE_7245/Assignment2/pipeline/MyEnv/lib/python3.7/site-packages/airflow/example_dags/example_external_task_marker_dag.py took 0.094 seconds
[2021-03-23 20:30:23,563] {scheduler_job.py:182} INFO - Started process (PID=14502) to work on /Users/harika/Desktop/CSYE_7245/Assignment2/pipeline/MyEnv/lib/python3.7/site-packages/airflow/example_dags/example_external_task_marker_dag.py
[2021-03-23 20:30:23,565] {scheduler_job.py:629} INFO - Processing file /Users/harika/Desktop/CSYE_7245/Assignment2/pipeline/MyEnv/lib/python3.7/site-packages/airflow/example_dags/example_external_task_marker_dag.py for tasks to queue
[2021-03-23 20:30:23,567] {logging_mixin.py:104} INFO - [2021-03-23 20:30:23,567] {dagbag.py:448} INFO - Filling up the DagBag from /Users/harika/Desktop/CSYE_7245/Assignment2/pipeline/MyEnv/lib/python3.7/site-packages/airflow/example_dags/example_external_task_marker_dag.py
[2021-03-23 20:30:23,577] {scheduler_job.py:639} INFO - DAG(s) dict_keys(['example_external_task_marker_parent', 'example_external_task_marker_child']) retrieved from /Users/harika/Desktop/CSYE_7245/Assignment2/pipeline/MyEnv/lib/python3.7/site-packages/airflow/example_dags/example_external_task_marker_dag.py
[2021-03-23 20:30:23,603] {logging_mixin.py:104} INFO - [2021-03-23 20:30:23,602] {dag.py:1818} INFO - Sync 2 DAGs
[2021-03-23 20:30:23,615] {logging_mixin.py:104} INFO - [2021-03-23 20:30:23,615] {dag.py:2273} INFO - Setting next_dagrun for example_external_task_marker_child to None
[2021-03-23 20:30:23,617] {logging_mixin.py:104} INFO - [2021-03-23 20:30:23,616] {dag.py:2273} INFO - Setting next_dagrun for example_external_task_marker_parent to None
[2021-03-23 20:30:23,626] {scheduler_job.py:190} INFO - Processing /Users/harika/Desktop/CSYE_7245/Assignment2/pipeline/MyEnv/lib/python3.7/site-packages/airflow/example_dags/example_external_task_marker_dag.py took 0.066 seconds
[2021-03-23 20:30:59,500] {scheduler_job.py:182} INFO - Started process (PID=14531) to work on /Users/harika/Desktop/CSYE_7245/Assignment2/pipeline/MyEnv/lib/python3.7/site-packages/airflow/example_dags/example_external_task_marker_dag.py
[2021-03-23 20:30:59,503] {scheduler_job.py:629} INFO - Processing file /Users/harika/Desktop/CSYE_7245/Assignment2/pipeline/MyEnv/lib/python3.7/site-packages/airflow/example_dags/example_external_task_marker_dag.py for tasks to queue
[2021-03-23 20:30:59,506] {logging_mixin.py:104} INFO - [2021-03-23 20:30:59,505] {dagbag.py:448} INFO - Filling up the DagBag from /Users/harika/Desktop/CSYE_7245/Assignment2/pipeline/MyEnv/lib/python3.7/site-packages/airflow/example_dags/example_external_task_marker_dag.py
[2021-03-23 20:30:59,522] {scheduler_job.py:639} INFO - DAG(s) dict_keys(['example_external_task_marker_parent', 'example_external_task_marker_child']) retrieved from /Users/harika/Desktop/CSYE_7245/Assignment2/pipeline/MyEnv/lib/python3.7/site-packages/airflow/example_dags/example_external_task_marker_dag.py
[2021-03-23 20:30:59,550] {logging_mixin.py:104} INFO - [2021-03-23 20:30:59,549] {dag.py:1818} INFO - Sync 2 DAGs
[2021-03-23 20:30:59,579] {logging_mixin.py:104} INFO - [2021-03-23 20:30:59,578] {dag.py:2273} INFO - Setting next_dagrun for example_external_task_marker_child to None
[2021-03-23 20:30:59,581] {logging_mixin.py:104} INFO - [2021-03-23 20:30:59,580] {dag.py:2273} INFO - Setting next_dagrun for example_external_task_marker_parent to None
[2021-03-23 20:30:59,594] {scheduler_job.py:190} INFO - Processing /Users/harika/Desktop/CSYE_7245/Assignment2/pipeline/MyEnv/lib/python3.7/site-packages/airflow/example_dags/example_external_task_marker_dag.py took 0.100 seconds
[2021-03-23 21:09:44,756] {scheduler_job.py:182} INFO - Started process (PID=14948) to work on /Users/harika/Desktop/CSYE_7245/Assignment2/pipeline/MyEnv/lib/python3.7/site-packages/airflow/example_dags/example_external_task_marker_dag.py
[2021-03-23 21:09:44,762] {scheduler_job.py:629} INFO - Processing file /Users/harika/Desktop/CSYE_7245/Assignment2/pipeline/MyEnv/lib/python3.7/site-packages/airflow/example_dags/example_external_task_marker_dag.py for tasks to queue
[2021-03-23 21:09:44,764] {logging_mixin.py:104} INFO - [2021-03-23 21:09:44,763] {dagbag.py:448} INFO - Filling up the DagBag from /Users/harika/Desktop/CSYE_7245/Assignment2/pipeline/MyEnv/lib/python3.7/site-packages/airflow/example_dags/example_external_task_marker_dag.py
[2021-03-23 21:09:44,790] {scheduler_job.py:639} INFO - DAG(s) dict_keys(['example_external_task_marker_parent', 'example_external_task_marker_child']) retrieved from /Users/harika/Desktop/CSYE_7245/Assignment2/pipeline/MyEnv/lib/python3.7/site-packages/airflow/example_dags/example_external_task_marker_dag.py
[2021-03-23 21:09:44,838] {logging_mixin.py:104} INFO - [2021-03-23 21:09:44,838] {dag.py:1818} INFO - Sync 2 DAGs
[2021-03-23 21:09:44,894] {logging_mixin.py:104} INFO - [2021-03-23 21:09:44,893] {dag.py:2273} INFO - Setting next_dagrun for example_external_task_marker_child to None
[2021-03-23 21:09:44,897] {logging_mixin.py:104} INFO - [2021-03-23 21:09:44,896] {dag.py:2273} INFO - Setting next_dagrun for example_external_task_marker_parent to None
[2021-03-23 21:09:44,945] {scheduler_job.py:190} INFO - Processing /Users/harika/Desktop/CSYE_7245/Assignment2/pipeline/MyEnv/lib/python3.7/site-packages/airflow/example_dags/example_external_task_marker_dag.py took 0.195 seconds
[2021-03-23 21:12:56,899] {scheduler_job.py:182} INFO - Started process (PID=15018) to work on /Users/harika/Desktop/CSYE_7245/Assignment2/pipeline/MyEnv/lib/python3.7/site-packages/airflow/example_dags/example_external_task_marker_dag.py
[2021-03-23 21:12:56,902] {scheduler_job.py:629} INFO - Processing file /Users/harika/Desktop/CSYE_7245/Assignment2/pipeline/MyEnv/lib/python3.7/site-packages/airflow/example_dags/example_external_task_marker_dag.py for tasks to queue
[2021-03-23 21:12:56,904] {logging_mixin.py:104} INFO - [2021-03-23 21:12:56,903] {dagbag.py:448} INFO - Filling up the DagBag from /Users/harika/Desktop/CSYE_7245/Assignment2/pipeline/MyEnv/lib/python3.7/site-packages/airflow/example_dags/example_external_task_marker_dag.py
[2021-03-23 21:12:56,915] {scheduler_job.py:639} INFO - DAG(s) dict_keys(['example_external_task_marker_parent', 'example_external_task_marker_child']) retrieved from /Users/harika/Desktop/CSYE_7245/Assignment2/pipeline/MyEnv/lib/python3.7/site-packages/airflow/example_dags/example_external_task_marker_dag.py
[2021-03-23 21:12:56,944] {logging_mixin.py:104} INFO - [2021-03-23 21:12:56,942] {dag.py:1818} INFO - Sync 2 DAGs
[2021-03-23 21:12:56,967] {logging_mixin.py:104} INFO - [2021-03-23 21:12:56,967] {dag.py:2273} INFO - Setting next_dagrun for example_external_task_marker_child to None
[2021-03-23 21:12:56,969] {logging_mixin.py:104} INFO - [2021-03-23 21:12:56,969] {dag.py:2273} INFO - Setting next_dagrun for example_external_task_marker_parent to None
[2021-03-23 21:12:56,981] {scheduler_job.py:190} INFO - Processing /Users/harika/Desktop/CSYE_7245/Assignment2/pipeline/MyEnv/lib/python3.7/site-packages/airflow/example_dags/example_external_task_marker_dag.py took 0.091 seconds
[2021-03-23 21:13:42,988] {scheduler_job.py:182} INFO - Started process (PID=15055) to work on /Users/harika/Desktop/CSYE_7245/Assignment2/pipeline/MyEnv/lib/python3.7/site-packages/airflow/example_dags/example_external_task_marker_dag.py
[2021-03-23 21:13:42,990] {scheduler_job.py:629} INFO - Processing file /Users/harika/Desktop/CSYE_7245/Assignment2/pipeline/MyEnv/lib/python3.7/site-packages/airflow/example_dags/example_external_task_marker_dag.py for tasks to queue
[2021-03-23 21:13:42,993] {logging_mixin.py:104} INFO - [2021-03-23 21:13:42,992] {dagbag.py:448} INFO - Filling up the DagBag from /Users/harika/Desktop/CSYE_7245/Assignment2/pipeline/MyEnv/lib/python3.7/site-packages/airflow/example_dags/example_external_task_marker_dag.py
[2021-03-23 21:13:43,011] {scheduler_job.py:639} INFO - DAG(s) dict_keys(['example_external_task_marker_parent', 'example_external_task_marker_child']) retrieved from /Users/harika/Desktop/CSYE_7245/Assignment2/pipeline/MyEnv/lib/python3.7/site-packages/airflow/example_dags/example_external_task_marker_dag.py
[2021-03-23 21:13:43,044] {logging_mixin.py:104} INFO - [2021-03-23 21:13:43,043] {dag.py:1818} INFO - Sync 2 DAGs
[2021-03-23 21:13:43,058] {logging_mixin.py:104} INFO - [2021-03-23 21:13:43,057] {dag.py:2273} INFO - Setting next_dagrun for example_external_task_marker_child to None
[2021-03-23 21:13:43,060] {logging_mixin.py:104} INFO - [2021-03-23 21:13:43,060] {dag.py:2273} INFO - Setting next_dagrun for example_external_task_marker_parent to None
[2021-03-23 21:13:43,083] {scheduler_job.py:190} INFO - Processing /Users/harika/Desktop/CSYE_7245/Assignment2/pipeline/MyEnv/lib/python3.7/site-packages/airflow/example_dags/example_external_task_marker_dag.py took 0.099 seconds
[2021-03-23 21:14:36,742] {scheduler_job.py:182} INFO - Started process (PID=15079) to work on /Users/harika/Desktop/CSYE_7245/Assignment2/pipeline/MyEnv/lib/python3.7/site-packages/airflow/example_dags/example_external_task_marker_dag.py
[2021-03-23 21:14:36,745] {scheduler_job.py:629} INFO - Processing file /Users/harika/Desktop/CSYE_7245/Assignment2/pipeline/MyEnv/lib/python3.7/site-packages/airflow/example_dags/example_external_task_marker_dag.py for tasks to queue
[2021-03-23 21:14:36,747] {logging_mixin.py:104} INFO - [2021-03-23 21:14:36,746] {dagbag.py:448} INFO - Filling up the DagBag from /Users/harika/Desktop/CSYE_7245/Assignment2/pipeline/MyEnv/lib/python3.7/site-packages/airflow/example_dags/example_external_task_marker_dag.py
[2021-03-23 21:14:36,774] {scheduler_job.py:639} INFO - DAG(s) dict_keys(['example_external_task_marker_parent', 'example_external_task_marker_child']) retrieved from /Users/harika/Desktop/CSYE_7245/Assignment2/pipeline/MyEnv/lib/python3.7/site-packages/airflow/example_dags/example_external_task_marker_dag.py
[2021-03-23 21:14:36,821] {logging_mixin.py:104} INFO - [2021-03-23 21:14:36,820] {dag.py:1818} INFO - Sync 2 DAGs
[2021-03-23 21:14:36,844] {logging_mixin.py:104} INFO - [2021-03-23 21:14:36,843] {dag.py:2273} INFO - Setting next_dagrun for example_external_task_marker_child to None
[2021-03-23 21:14:36,845] {logging_mixin.py:104} INFO - [2021-03-23 21:14:36,845] {dag.py:2273} INFO - Setting next_dagrun for example_external_task_marker_parent to None
[2021-03-23 21:14:36,869] {scheduler_job.py:190} INFO - Processing /Users/harika/Desktop/CSYE_7245/Assignment2/pipeline/MyEnv/lib/python3.7/site-packages/airflow/example_dags/example_external_task_marker_dag.py took 0.134 seconds
[2021-03-23 21:18:03,963] {scheduler_job.py:182} INFO - Started process (PID=15199) to work on /Users/harika/Desktop/CSYE_7245/Assignment2/pipeline/MyEnv/lib/python3.7/site-packages/airflow/example_dags/example_external_task_marker_dag.py
[2021-03-23 21:18:03,966] {scheduler_job.py:629} INFO - Processing file /Users/harika/Desktop/CSYE_7245/Assignment2/pipeline/MyEnv/lib/python3.7/site-packages/airflow/example_dags/example_external_task_marker_dag.py for tasks to queue
[2021-03-23 21:18:03,967] {logging_mixin.py:104} INFO - [2021-03-23 21:18:03,967] {dagbag.py:448} INFO - Filling up the DagBag from /Users/harika/Desktop/CSYE_7245/Assignment2/pipeline/MyEnv/lib/python3.7/site-packages/airflow/example_dags/example_external_task_marker_dag.py
[2021-03-23 21:18:03,976] {scheduler_job.py:639} INFO - DAG(s) dict_keys(['example_external_task_marker_parent', 'example_external_task_marker_child']) retrieved from /Users/harika/Desktop/CSYE_7245/Assignment2/pipeline/MyEnv/lib/python3.7/site-packages/airflow/example_dags/example_external_task_marker_dag.py
[2021-03-23 21:18:04,005] {logging_mixin.py:104} INFO - [2021-03-23 21:18:04,004] {dag.py:1818} INFO - Sync 2 DAGs
[2021-03-23 21:18:04,016] {logging_mixin.py:104} INFO - [2021-03-23 21:18:04,016] {dag.py:2273} INFO - Setting next_dagrun for example_external_task_marker_child to None
[2021-03-23 21:18:04,017] {logging_mixin.py:104} INFO - [2021-03-23 21:18:04,017] {dag.py:2273} INFO - Setting next_dagrun for example_external_task_marker_parent to None
[2021-03-23 21:18:04,029] {scheduler_job.py:190} INFO - Processing /Users/harika/Desktop/CSYE_7245/Assignment2/pipeline/MyEnv/lib/python3.7/site-packages/airflow/example_dags/example_external_task_marker_dag.py took 0.069 seconds
[2021-03-23 21:18:44,545] {scheduler_job.py:182} INFO - Started process (PID=15239) to work on /Users/harika/Desktop/CSYE_7245/Assignment2/pipeline/MyEnv/lib/python3.7/site-packages/airflow/example_dags/example_external_task_marker_dag.py
[2021-03-23 21:18:44,547] {scheduler_job.py:629} INFO - Processing file /Users/harika/Desktop/CSYE_7245/Assignment2/pipeline/MyEnv/lib/python3.7/site-packages/airflow/example_dags/example_external_task_marker_dag.py for tasks to queue
[2021-03-23 21:18:44,549] {logging_mixin.py:104} INFO - [2021-03-23 21:18:44,548] {dagbag.py:448} INFO - Filling up the DagBag from /Users/harika/Desktop/CSYE_7245/Assignment2/pipeline/MyEnv/lib/python3.7/site-packages/airflow/example_dags/example_external_task_marker_dag.py
[2021-03-23 21:18:44,559] {scheduler_job.py:639} INFO - DAG(s) dict_keys(['example_external_task_marker_parent', 'example_external_task_marker_child']) retrieved from /Users/harika/Desktop/CSYE_7245/Assignment2/pipeline/MyEnv/lib/python3.7/site-packages/airflow/example_dags/example_external_task_marker_dag.py
[2021-03-23 21:18:44,592] {logging_mixin.py:104} INFO - [2021-03-23 21:18:44,592] {dag.py:1818} INFO - Sync 2 DAGs
[2021-03-23 21:18:44,607] {logging_mixin.py:104} INFO - [2021-03-23 21:18:44,607] {dag.py:2273} INFO - Setting next_dagrun for example_external_task_marker_child to None
[2021-03-23 21:18:44,609] {logging_mixin.py:104} INFO - [2021-03-23 21:18:44,608] {dag.py:2273} INFO - Setting next_dagrun for example_external_task_marker_parent to None
[2021-03-23 21:18:44,618] {scheduler_job.py:190} INFO - Processing /Users/harika/Desktop/CSYE_7245/Assignment2/pipeline/MyEnv/lib/python3.7/site-packages/airflow/example_dags/example_external_task_marker_dag.py took 0.078 seconds
[2021-03-23 21:19:24,623] {scheduler_job.py:182} INFO - Started process (PID=15272) to work on /Users/harika/Desktop/CSYE_7245/Assignment2/pipeline/MyEnv/lib/python3.7/site-packages/airflow/example_dags/example_external_task_marker_dag.py
[2021-03-23 21:19:24,628] {scheduler_job.py:629} INFO - Processing file /Users/harika/Desktop/CSYE_7245/Assignment2/pipeline/MyEnv/lib/python3.7/site-packages/airflow/example_dags/example_external_task_marker_dag.py for tasks to queue
[2021-03-23 21:19:24,633] {logging_mixin.py:104} INFO - [2021-03-23 21:19:24,630] {dagbag.py:448} INFO - Filling up the DagBag from /Users/harika/Desktop/CSYE_7245/Assignment2/pipeline/MyEnv/lib/python3.7/site-packages/airflow/example_dags/example_external_task_marker_dag.py
[2021-03-23 21:19:24,645] {scheduler_job.py:639} INFO - DAG(s) dict_keys(['example_external_task_marker_parent', 'example_external_task_marker_child']) retrieved from /Users/harika/Desktop/CSYE_7245/Assignment2/pipeline/MyEnv/lib/python3.7/site-packages/airflow/example_dags/example_external_task_marker_dag.py
[2021-03-23 21:19:24,698] {logging_mixin.py:104} INFO - [2021-03-23 21:19:24,697] {dag.py:1818} INFO - Sync 2 DAGs
[2021-03-23 21:19:24,732] {logging_mixin.py:104} INFO - [2021-03-23 21:19:24,732] {dag.py:2273} INFO - Setting next_dagrun for example_external_task_marker_child to None
[2021-03-23 21:19:24,734] {logging_mixin.py:104} INFO - [2021-03-23 21:19:24,733] {dag.py:2273} INFO - Setting next_dagrun for example_external_task_marker_parent to None
[2021-03-23 21:19:24,744] {scheduler_job.py:190} INFO - Processing /Users/harika/Desktop/CSYE_7245/Assignment2/pipeline/MyEnv/lib/python3.7/site-packages/airflow/example_dags/example_external_task_marker_dag.py took 0.126 seconds
[2021-03-23 21:19:56,862] {scheduler_job.py:182} INFO - Started process (PID=15297) to work on /Users/harika/Desktop/CSYE_7245/Assignment2/pipeline/MyEnv/lib/python3.7/site-packages/airflow/example_dags/example_external_task_marker_dag.py
[2021-03-23 21:19:56,865] {scheduler_job.py:629} INFO - Processing file /Users/harika/Desktop/CSYE_7245/Assignment2/pipeline/MyEnv/lib/python3.7/site-packages/airflow/example_dags/example_external_task_marker_dag.py for tasks to queue
[2021-03-23 21:19:56,867] {logging_mixin.py:104} INFO - [2021-03-23 21:19:56,866] {dagbag.py:448} INFO - Filling up the DagBag from /Users/harika/Desktop/CSYE_7245/Assignment2/pipeline/MyEnv/lib/python3.7/site-packages/airflow/example_dags/example_external_task_marker_dag.py
[2021-03-23 21:19:56,890] {scheduler_job.py:639} INFO - DAG(s) dict_keys(['example_external_task_marker_parent', 'example_external_task_marker_child']) retrieved from /Users/harika/Desktop/CSYE_7245/Assignment2/pipeline/MyEnv/lib/python3.7/site-packages/airflow/example_dags/example_external_task_marker_dag.py
[2021-03-23 21:19:56,975] {logging_mixin.py:104} INFO - [2021-03-23 21:19:56,966] {dag.py:1818} INFO - Sync 2 DAGs
[2021-03-23 21:19:57,009] {logging_mixin.py:104} INFO - [2021-03-23 21:19:57,008] {dag.py:2273} INFO - Setting next_dagrun for example_external_task_marker_child to None
[2021-03-23 21:19:57,015] {logging_mixin.py:104} INFO - [2021-03-23 21:19:57,013] {dag.py:2273} INFO - Setting next_dagrun for example_external_task_marker_parent to None
[2021-03-23 21:19:57,041] {scheduler_job.py:190} INFO - Processing /Users/harika/Desktop/CSYE_7245/Assignment2/pipeline/MyEnv/lib/python3.7/site-packages/airflow/example_dags/example_external_task_marker_dag.py took 0.186 seconds
[2021-03-24 00:03:16,362] {scheduler_job.py:182} INFO - Started process (PID=16962) to work on /Users/harika/Desktop/CSYE_7245/Assignment2/pipeline/MyEnv/lib/python3.7/site-packages/airflow/example_dags/example_external_task_marker_dag.py
[2021-03-24 00:03:16,366] {scheduler_job.py:629} INFO - Processing file /Users/harika/Desktop/CSYE_7245/Assignment2/pipeline/MyEnv/lib/python3.7/site-packages/airflow/example_dags/example_external_task_marker_dag.py for tasks to queue
[2021-03-24 00:03:16,367] {logging_mixin.py:104} INFO - [2021-03-24 00:03:16,367] {dagbag.py:448} INFO - Filling up the DagBag from /Users/harika/Desktop/CSYE_7245/Assignment2/pipeline/MyEnv/lib/python3.7/site-packages/airflow/example_dags/example_external_task_marker_dag.py
[2021-03-24 00:03:16,385] {scheduler_job.py:639} INFO - DAG(s) dict_keys(['example_external_task_marker_parent', 'example_external_task_marker_child']) retrieved from /Users/harika/Desktop/CSYE_7245/Assignment2/pipeline/MyEnv/lib/python3.7/site-packages/airflow/example_dags/example_external_task_marker_dag.py
[2021-03-24 00:03:16,414] {logging_mixin.py:104} INFO - [2021-03-24 00:03:16,413] {dag.py:1818} INFO - Sync 2 DAGs
[2021-03-24 00:03:16,431] {logging_mixin.py:104} INFO - [2021-03-24 00:03:16,430] {dag.py:2273} INFO - Setting next_dagrun for example_external_task_marker_child to None
[2021-03-24 00:03:16,433] {logging_mixin.py:104} INFO - [2021-03-24 00:03:16,432] {dag.py:2273} INFO - Setting next_dagrun for example_external_task_marker_parent to None
[2021-03-24 00:03:16,448] {scheduler_job.py:190} INFO - Processing /Users/harika/Desktop/CSYE_7245/Assignment2/pipeline/MyEnv/lib/python3.7/site-packages/airflow/example_dags/example_external_task_marker_dag.py took 0.093 seconds
[2021-03-24 00:03:53,731] {scheduler_job.py:182} INFO - Started process (PID=16990) to work on /Users/harika/Desktop/CSYE_7245/Assignment2/pipeline/MyEnv/lib/python3.7/site-packages/airflow/example_dags/example_external_task_marker_dag.py
[2021-03-24 00:03:53,733] {scheduler_job.py:629} INFO - Processing file /Users/harika/Desktop/CSYE_7245/Assignment2/pipeline/MyEnv/lib/python3.7/site-packages/airflow/example_dags/example_external_task_marker_dag.py for tasks to queue
[2021-03-24 00:03:53,735] {logging_mixin.py:104} INFO - [2021-03-24 00:03:53,734] {dagbag.py:448} INFO - Filling up the DagBag from /Users/harika/Desktop/CSYE_7245/Assignment2/pipeline/MyEnv/lib/python3.7/site-packages/airflow/example_dags/example_external_task_marker_dag.py
[2021-03-24 00:03:53,757] {scheduler_job.py:639} INFO - DAG(s) dict_keys(['example_external_task_marker_parent', 'example_external_task_marker_child']) retrieved from /Users/harika/Desktop/CSYE_7245/Assignment2/pipeline/MyEnv/lib/python3.7/site-packages/airflow/example_dags/example_external_task_marker_dag.py
[2021-03-24 00:03:53,781] {logging_mixin.py:104} INFO - [2021-03-24 00:03:53,780] {dag.py:1818} INFO - Sync 2 DAGs
[2021-03-24 00:03:53,797] {logging_mixin.py:104} INFO - [2021-03-24 00:03:53,796] {dag.py:2273} INFO - Setting next_dagrun for example_external_task_marker_child to None
[2021-03-24 00:03:53,798] {logging_mixin.py:104} INFO - [2021-03-24 00:03:53,798] {dag.py:2273} INFO - Setting next_dagrun for example_external_task_marker_parent to None
[2021-03-24 00:03:53,812] {scheduler_job.py:190} INFO - Processing /Users/harika/Desktop/CSYE_7245/Assignment2/pipeline/MyEnv/lib/python3.7/site-packages/airflow/example_dags/example_external_task_marker_dag.py took 0.085 seconds
[2021-03-24 00:04:39,832] {scheduler_job.py:182} INFO - Started process (PID=17025) to work on /Users/harika/Desktop/CSYE_7245/Assignment2/pipeline/MyEnv/lib/python3.7/site-packages/airflow/example_dags/example_external_task_marker_dag.py
[2021-03-24 00:04:39,834] {scheduler_job.py:629} INFO - Processing file /Users/harika/Desktop/CSYE_7245/Assignment2/pipeline/MyEnv/lib/python3.7/site-packages/airflow/example_dags/example_external_task_marker_dag.py for tasks to queue
[2021-03-24 00:04:39,835] {logging_mixin.py:104} INFO - [2021-03-24 00:04:39,835] {dagbag.py:448} INFO - Filling up the DagBag from /Users/harika/Desktop/CSYE_7245/Assignment2/pipeline/MyEnv/lib/python3.7/site-packages/airflow/example_dags/example_external_task_marker_dag.py
[2021-03-24 00:04:39,852] {scheduler_job.py:639} INFO - DAG(s) dict_keys(['example_external_task_marker_parent', 'example_external_task_marker_child']) retrieved from /Users/harika/Desktop/CSYE_7245/Assignment2/pipeline/MyEnv/lib/python3.7/site-packages/airflow/example_dags/example_external_task_marker_dag.py
[2021-03-24 00:04:39,872] {logging_mixin.py:104} INFO - [2021-03-24 00:04:39,871] {dag.py:1818} INFO - Sync 2 DAGs
[2021-03-24 00:04:39,885] {logging_mixin.py:104} INFO - [2021-03-24 00:04:39,885] {dag.py:2273} INFO - Setting next_dagrun for example_external_task_marker_child to None
[2021-03-24 00:04:39,887] {logging_mixin.py:104} INFO - [2021-03-24 00:04:39,887] {dag.py:2273} INFO - Setting next_dagrun for example_external_task_marker_parent to None
[2021-03-24 00:04:39,896] {scheduler_job.py:190} INFO - Processing /Users/harika/Desktop/CSYE_7245/Assignment2/pipeline/MyEnv/lib/python3.7/site-packages/airflow/example_dags/example_external_task_marker_dag.py took 0.068 seconds
[2021-03-24 00:05:13,187] {scheduler_job.py:182} INFO - Started process (PID=17055) to work on /Users/harika/Desktop/CSYE_7245/Assignment2/pipeline/MyEnv/lib/python3.7/site-packages/airflow/example_dags/example_external_task_marker_dag.py
[2021-03-24 00:05:13,188] {scheduler_job.py:629} INFO - Processing file /Users/harika/Desktop/CSYE_7245/Assignment2/pipeline/MyEnv/lib/python3.7/site-packages/airflow/example_dags/example_external_task_marker_dag.py for tasks to queue
[2021-03-24 00:05:13,190] {logging_mixin.py:104} INFO - [2021-03-24 00:05:13,189] {dagbag.py:448} INFO - Filling up the DagBag from /Users/harika/Desktop/CSYE_7245/Assignment2/pipeline/MyEnv/lib/python3.7/site-packages/airflow/example_dags/example_external_task_marker_dag.py
[2021-03-24 00:05:13,203] {scheduler_job.py:639} INFO - DAG(s) dict_keys(['example_external_task_marker_parent', 'example_external_task_marker_child']) retrieved from /Users/harika/Desktop/CSYE_7245/Assignment2/pipeline/MyEnv/lib/python3.7/site-packages/airflow/example_dags/example_external_task_marker_dag.py
[2021-03-24 00:05:13,221] {logging_mixin.py:104} INFO - [2021-03-24 00:05:13,221] {dag.py:1818} INFO - Sync 2 DAGs
[2021-03-24 00:05:13,233] {logging_mixin.py:104} INFO - [2021-03-24 00:05:13,233] {dag.py:2273} INFO - Setting next_dagrun for example_external_task_marker_child to None
[2021-03-24 00:05:13,234] {logging_mixin.py:104} INFO - [2021-03-24 00:05:13,234] {dag.py:2273} INFO - Setting next_dagrun for example_external_task_marker_parent to None
[2021-03-24 00:05:13,246] {scheduler_job.py:190} INFO - Processing /Users/harika/Desktop/CSYE_7245/Assignment2/pipeline/MyEnv/lib/python3.7/site-packages/airflow/example_dags/example_external_task_marker_dag.py took 0.064 seconds
[2021-03-24 01:02:47,110] {scheduler_job.py:182} INFO - Started process (PID=17440) to work on /Users/harika/Desktop/CSYE_7245/Assignment2/pipeline/MyEnv/lib/python3.7/site-packages/airflow/example_dags/example_external_task_marker_dag.py
[2021-03-24 01:02:47,115] {scheduler_job.py:629} INFO - Processing file /Users/harika/Desktop/CSYE_7245/Assignment2/pipeline/MyEnv/lib/python3.7/site-packages/airflow/example_dags/example_external_task_marker_dag.py for tasks to queue
[2021-03-24 01:02:47,117] {logging_mixin.py:104} INFO - [2021-03-24 01:02:47,116] {dagbag.py:448} INFO - Filling up the DagBag from /Users/harika/Desktop/CSYE_7245/Assignment2/pipeline/MyEnv/lib/python3.7/site-packages/airflow/example_dags/example_external_task_marker_dag.py
[2021-03-24 01:02:47,128] {scheduler_job.py:639} INFO - DAG(s) dict_keys(['example_external_task_marker_parent', 'example_external_task_marker_child']) retrieved from /Users/harika/Desktop/CSYE_7245/Assignment2/pipeline/MyEnv/lib/python3.7/site-packages/airflow/example_dags/example_external_task_marker_dag.py
[2021-03-24 01:02:47,150] {logging_mixin.py:104} INFO - [2021-03-24 01:02:47,149] {dag.py:1818} INFO - Sync 2 DAGs
[2021-03-24 01:02:47,163] {logging_mixin.py:104} INFO - [2021-03-24 01:02:47,163] {dag.py:2273} INFO - Setting next_dagrun for example_external_task_marker_child to None
[2021-03-24 01:02:47,166] {logging_mixin.py:104} INFO - [2021-03-24 01:02:47,165] {dag.py:2273} INFO - Setting next_dagrun for example_external_task_marker_parent to None
[2021-03-24 01:02:47,179] {scheduler_job.py:190} INFO - Processing /Users/harika/Desktop/CSYE_7245/Assignment2/pipeline/MyEnv/lib/python3.7/site-packages/airflow/example_dags/example_external_task_marker_dag.py took 0.073 seconds
[2021-03-24 01:03:25,665] {scheduler_job.py:182} INFO - Started process (PID=17488) to work on /Users/harika/Desktop/CSYE_7245/Assignment2/pipeline/MyEnv/lib/python3.7/site-packages/airflow/example_dags/example_external_task_marker_dag.py
[2021-03-24 01:03:25,668] {scheduler_job.py:629} INFO - Processing file /Users/harika/Desktop/CSYE_7245/Assignment2/pipeline/MyEnv/lib/python3.7/site-packages/airflow/example_dags/example_external_task_marker_dag.py for tasks to queue
[2021-03-24 01:03:25,671] {logging_mixin.py:104} INFO - [2021-03-24 01:03:25,670] {dagbag.py:448} INFO - Filling up the DagBag from /Users/harika/Desktop/CSYE_7245/Assignment2/pipeline/MyEnv/lib/python3.7/site-packages/airflow/example_dags/example_external_task_marker_dag.py
[2021-03-24 01:03:25,684] {scheduler_job.py:639} INFO - DAG(s) dict_keys(['example_external_task_marker_parent', 'example_external_task_marker_child']) retrieved from /Users/harika/Desktop/CSYE_7245/Assignment2/pipeline/MyEnv/lib/python3.7/site-packages/airflow/example_dags/example_external_task_marker_dag.py
[2021-03-24 01:03:25,709] {logging_mixin.py:104} INFO - [2021-03-24 01:03:25,708] {dag.py:1818} INFO - Sync 2 DAGs
[2021-03-24 01:03:25,728] {logging_mixin.py:104} INFO - [2021-03-24 01:03:25,727] {dag.py:2273} INFO - Setting next_dagrun for example_external_task_marker_child to None
[2021-03-24 01:03:25,731] {logging_mixin.py:104} INFO - [2021-03-24 01:03:25,730] {dag.py:2273} INFO - Setting next_dagrun for example_external_task_marker_parent to None
[2021-03-24 01:03:25,743] {scheduler_job.py:190} INFO - Processing /Users/harika/Desktop/CSYE_7245/Assignment2/pipeline/MyEnv/lib/python3.7/site-packages/airflow/example_dags/example_external_task_marker_dag.py took 0.083 seconds
[2021-03-24 01:03:58,550] {scheduler_job.py:182} INFO - Started process (PID=17525) to work on /Users/harika/Desktop/CSYE_7245/Assignment2/pipeline/MyEnv/lib/python3.7/site-packages/airflow/example_dags/example_external_task_marker_dag.py
[2021-03-24 01:03:58,553] {scheduler_job.py:629} INFO - Processing file /Users/harika/Desktop/CSYE_7245/Assignment2/pipeline/MyEnv/lib/python3.7/site-packages/airflow/example_dags/example_external_task_marker_dag.py for tasks to queue
[2021-03-24 01:03:58,554] {logging_mixin.py:104} INFO - [2021-03-24 01:03:58,553] {dagbag.py:448} INFO - Filling up the DagBag from /Users/harika/Desktop/CSYE_7245/Assignment2/pipeline/MyEnv/lib/python3.7/site-packages/airflow/example_dags/example_external_task_marker_dag.py
[2021-03-24 01:03:58,561] {scheduler_job.py:639} INFO - DAG(s) dict_keys(['example_external_task_marker_parent', 'example_external_task_marker_child']) retrieved from /Users/harika/Desktop/CSYE_7245/Assignment2/pipeline/MyEnv/lib/python3.7/site-packages/airflow/example_dags/example_external_task_marker_dag.py
[2021-03-24 01:03:58,576] {logging_mixin.py:104} INFO - [2021-03-24 01:03:58,576] {dag.py:1818} INFO - Sync 2 DAGs
[2021-03-24 01:03:58,586] {logging_mixin.py:104} INFO - [2021-03-24 01:03:58,586] {dag.py:2273} INFO - Setting next_dagrun for example_external_task_marker_child to None
[2021-03-24 01:03:58,589] {logging_mixin.py:104} INFO - [2021-03-24 01:03:58,588] {dag.py:2273} INFO - Setting next_dagrun for example_external_task_marker_parent to None
[2021-03-24 01:03:58,597] {scheduler_job.py:190} INFO - Processing /Users/harika/Desktop/CSYE_7245/Assignment2/pipeline/MyEnv/lib/python3.7/site-packages/airflow/example_dags/example_external_task_marker_dag.py took 0.050 seconds
[2021-03-24 01:04:32,446] {scheduler_job.py:182} INFO - Started process (PID=17629) to work on /Users/harika/Desktop/CSYE_7245/Assignment2/pipeline/MyEnv/lib/python3.7/site-packages/airflow/example_dags/example_external_task_marker_dag.py
[2021-03-24 01:04:32,448] {scheduler_job.py:629} INFO - Processing file /Users/harika/Desktop/CSYE_7245/Assignment2/pipeline/MyEnv/lib/python3.7/site-packages/airflow/example_dags/example_external_task_marker_dag.py for tasks to queue
[2021-03-24 01:04:32,449] {logging_mixin.py:104} INFO - [2021-03-24 01:04:32,449] {dagbag.py:448} INFO - Filling up the DagBag from /Users/harika/Desktop/CSYE_7245/Assignment2/pipeline/MyEnv/lib/python3.7/site-packages/airflow/example_dags/example_external_task_marker_dag.py
[2021-03-24 01:04:32,456] {scheduler_job.py:639} INFO - DAG(s) dict_keys(['example_external_task_marker_parent', 'example_external_task_marker_child']) retrieved from /Users/harika/Desktop/CSYE_7245/Assignment2/pipeline/MyEnv/lib/python3.7/site-packages/airflow/example_dags/example_external_task_marker_dag.py
[2021-03-24 01:04:32,473] {logging_mixin.py:104} INFO - [2021-03-24 01:04:32,472] {dag.py:1818} INFO - Sync 2 DAGs
[2021-03-24 01:04:32,483] {logging_mixin.py:104} INFO - [2021-03-24 01:04:32,483] {dag.py:2273} INFO - Setting next_dagrun for example_external_task_marker_child to None
[2021-03-24 01:04:32,485] {logging_mixin.py:104} INFO - [2021-03-24 01:04:32,484] {dag.py:2273} INFO - Setting next_dagrun for example_external_task_marker_parent to None
[2021-03-24 01:04:32,492] {scheduler_job.py:190} INFO - Processing /Users/harika/Desktop/CSYE_7245/Assignment2/pipeline/MyEnv/lib/python3.7/site-packages/airflow/example_dags/example_external_task_marker_dag.py took 0.049 seconds
