[2021-03-23 20:14:28,449] {scheduler_job.py:182} INFO - Started process (PID=14173) to work on /Users/harika/Desktop/CSYE_7245/Assignment2/pipeline/MyEnv/lib/python3.7/site-packages/airflow/example_dags/example_trigger_target_dag.py
[2021-03-23 20:14:28,452] {scheduler_job.py:629} INFO - Processing file /Users/harika/Desktop/CSYE_7245/Assignment2/pipeline/MyEnv/lib/python3.7/site-packages/airflow/example_dags/example_trigger_target_dag.py for tasks to queue
[2021-03-23 20:14:28,454] {logging_mixin.py:104} INFO - [2021-03-23 20:14:28,453] {dagbag.py:448} INFO - Filling up the DagBag from /Users/harika/Desktop/CSYE_7245/Assignment2/pipeline/MyEnv/lib/python3.7/site-packages/airflow/example_dags/example_trigger_target_dag.py
[2021-03-23 20:14:28,481] {scheduler_job.py:639} INFO - DAG(s) dict_keys(['example_trigger_target_dag']) retrieved from /Users/harika/Desktop/CSYE_7245/Assignment2/pipeline/MyEnv/lib/python3.7/site-packages/airflow/example_dags/example_trigger_target_dag.py
[2021-03-23 20:14:28,526] {logging_mixin.py:104} INFO - [2021-03-23 20:14:28,525] {dag.py:1818} INFO - Sync 1 DAGs
[2021-03-23 20:14:28,557] {logging_mixin.py:104} INFO - [2021-03-23 20:14:28,556] {dag.py:2273} INFO - Setting next_dagrun for example_trigger_target_dag to None
[2021-03-23 20:14:28,819] {scheduler_job.py:190} INFO - Processing /Users/harika/Desktop/CSYE_7245/Assignment2/pipeline/MyEnv/lib/python3.7/site-packages/airflow/example_dags/example_trigger_target_dag.py took 0.375 seconds
[2021-03-23 20:28:08,791] {scheduler_job.py:182} INFO - Started process (PID=14380) to work on /Users/harika/Desktop/CSYE_7245/Assignment2/pipeline/MyEnv/lib/python3.7/site-packages/airflow/example_dags/example_trigger_target_dag.py
[2021-03-23 20:28:08,797] {scheduler_job.py:629} INFO - Processing file /Users/harika/Desktop/CSYE_7245/Assignment2/pipeline/MyEnv/lib/python3.7/site-packages/airflow/example_dags/example_trigger_target_dag.py for tasks to queue
[2021-03-23 20:28:08,799] {logging_mixin.py:104} INFO - [2021-03-23 20:28:08,798] {dagbag.py:448} INFO - Filling up the DagBag from /Users/harika/Desktop/CSYE_7245/Assignment2/pipeline/MyEnv/lib/python3.7/site-packages/airflow/example_dags/example_trigger_target_dag.py
[2021-03-23 20:28:08,810] {scheduler_job.py:639} INFO - DAG(s) dict_keys(['example_trigger_target_dag']) retrieved from /Users/harika/Desktop/CSYE_7245/Assignment2/pipeline/MyEnv/lib/python3.7/site-packages/airflow/example_dags/example_trigger_target_dag.py
[2021-03-23 20:28:08,827] {logging_mixin.py:104} INFO - [2021-03-23 20:28:08,826] {dag.py:1818} INFO - Sync 1 DAGs
[2021-03-23 20:28:08,840] {logging_mixin.py:104} INFO - [2021-03-23 20:28:08,840] {dag.py:2273} INFO - Setting next_dagrun for example_trigger_target_dag to None
[2021-03-23 20:28:08,849] {scheduler_job.py:190} INFO - Processing /Users/harika/Desktop/CSYE_7245/Assignment2/pipeline/MyEnv/lib/python3.7/site-packages/airflow/example_dags/example_trigger_target_dag.py took 0.063 seconds
[2021-03-23 20:28:43,269] {scheduler_job.py:182} INFO - Started process (PID=14412) to work on /Users/harika/Desktop/CSYE_7245/Assignment2/pipeline/MyEnv/lib/python3.7/site-packages/airflow/example_dags/example_trigger_target_dag.py
[2021-03-23 20:28:43,272] {scheduler_job.py:629} INFO - Processing file /Users/harika/Desktop/CSYE_7245/Assignment2/pipeline/MyEnv/lib/python3.7/site-packages/airflow/example_dags/example_trigger_target_dag.py for tasks to queue
[2021-03-23 20:28:43,274] {logging_mixin.py:104} INFO - [2021-03-23 20:28:43,273] {dagbag.py:448} INFO - Filling up the DagBag from /Users/harika/Desktop/CSYE_7245/Assignment2/pipeline/MyEnv/lib/python3.7/site-packages/airflow/example_dags/example_trigger_target_dag.py
[2021-03-23 20:28:43,292] {scheduler_job.py:639} INFO - DAG(s) dict_keys(['example_trigger_target_dag']) retrieved from /Users/harika/Desktop/CSYE_7245/Assignment2/pipeline/MyEnv/lib/python3.7/site-packages/airflow/example_dags/example_trigger_target_dag.py
[2021-03-23 20:28:43,340] {logging_mixin.py:104} INFO - [2021-03-23 20:28:43,340] {dag.py:1818} INFO - Sync 1 DAGs
[2021-03-23 20:28:43,358] {logging_mixin.py:104} INFO - [2021-03-23 20:28:43,357] {dag.py:2273} INFO - Setting next_dagrun for example_trigger_target_dag to None
[2021-03-23 20:28:43,384] {scheduler_job.py:190} INFO - Processing /Users/harika/Desktop/CSYE_7245/Assignment2/pipeline/MyEnv/lib/python3.7/site-packages/airflow/example_dags/example_trigger_target_dag.py took 0.119 seconds
[2021-03-23 20:29:22,117] {scheduler_job.py:182} INFO - Started process (PID=14441) to work on /Users/harika/Desktop/CSYE_7245/Assignment2/pipeline/MyEnv/lib/python3.7/site-packages/airflow/example_dags/example_trigger_target_dag.py
[2021-03-23 20:29:22,121] {scheduler_job.py:629} INFO - Processing file /Users/harika/Desktop/CSYE_7245/Assignment2/pipeline/MyEnv/lib/python3.7/site-packages/airflow/example_dags/example_trigger_target_dag.py for tasks to queue
[2021-03-23 20:29:22,122] {logging_mixin.py:104} INFO - [2021-03-23 20:29:22,122] {dagbag.py:448} INFO - Filling up the DagBag from /Users/harika/Desktop/CSYE_7245/Assignment2/pipeline/MyEnv/lib/python3.7/site-packages/airflow/example_dags/example_trigger_target_dag.py
[2021-03-23 20:29:22,139] {scheduler_job.py:639} INFO - DAG(s) dict_keys(['example_trigger_target_dag']) retrieved from /Users/harika/Desktop/CSYE_7245/Assignment2/pipeline/MyEnv/lib/python3.7/site-packages/airflow/example_dags/example_trigger_target_dag.py
[2021-03-23 20:29:22,161] {logging_mixin.py:104} INFO - [2021-03-23 20:29:22,159] {dag.py:1818} INFO - Sync 1 DAGs
[2021-03-23 20:29:22,174] {logging_mixin.py:104} INFO - [2021-03-23 20:29:22,173] {dag.py:2273} INFO - Setting next_dagrun for example_trigger_target_dag to None
[2021-03-23 20:29:22,183] {scheduler_job.py:190} INFO - Processing /Users/harika/Desktop/CSYE_7245/Assignment2/pipeline/MyEnv/lib/python3.7/site-packages/airflow/example_dags/example_trigger_target_dag.py took 0.071 seconds
[2021-03-23 20:30:02,835] {scheduler_job.py:182} INFO - Started process (PID=14477) to work on /Users/harika/Desktop/CSYE_7245/Assignment2/pipeline/MyEnv/lib/python3.7/site-packages/airflow/example_dags/example_trigger_target_dag.py
[2021-03-23 20:30:02,837] {scheduler_job.py:629} INFO - Processing file /Users/harika/Desktop/CSYE_7245/Assignment2/pipeline/MyEnv/lib/python3.7/site-packages/airflow/example_dags/example_trigger_target_dag.py for tasks to queue
[2021-03-23 20:30:02,839] {logging_mixin.py:104} INFO - [2021-03-23 20:30:02,839] {dagbag.py:448} INFO - Filling up the DagBag from /Users/harika/Desktop/CSYE_7245/Assignment2/pipeline/MyEnv/lib/python3.7/site-packages/airflow/example_dags/example_trigger_target_dag.py
[2021-03-23 20:30:02,849] {scheduler_job.py:639} INFO - DAG(s) dict_keys(['example_trigger_target_dag']) retrieved from /Users/harika/Desktop/CSYE_7245/Assignment2/pipeline/MyEnv/lib/python3.7/site-packages/airflow/example_dags/example_trigger_target_dag.py
[2021-03-23 20:30:02,873] {logging_mixin.py:104} INFO - [2021-03-23 20:30:02,873] {dag.py:1818} INFO - Sync 1 DAGs
[2021-03-23 20:30:02,893] {logging_mixin.py:104} INFO - [2021-03-23 20:30:02,892] {dag.py:2273} INFO - Setting next_dagrun for example_trigger_target_dag to None
[2021-03-23 20:30:02,903] {scheduler_job.py:190} INFO - Processing /Users/harika/Desktop/CSYE_7245/Assignment2/pipeline/MyEnv/lib/python3.7/site-packages/airflow/example_dags/example_trigger_target_dag.py took 0.071 seconds
[2021-03-23 20:30:37,236] {scheduler_job.py:182} INFO - Started process (PID=14508) to work on /Users/harika/Desktop/CSYE_7245/Assignment2/pipeline/MyEnv/lib/python3.7/site-packages/airflow/example_dags/example_trigger_target_dag.py
[2021-03-23 20:30:37,238] {scheduler_job.py:629} INFO - Processing file /Users/harika/Desktop/CSYE_7245/Assignment2/pipeline/MyEnv/lib/python3.7/site-packages/airflow/example_dags/example_trigger_target_dag.py for tasks to queue
[2021-03-23 20:30:37,239] {logging_mixin.py:104} INFO - [2021-03-23 20:30:37,239] {dagbag.py:448} INFO - Filling up the DagBag from /Users/harika/Desktop/CSYE_7245/Assignment2/pipeline/MyEnv/lib/python3.7/site-packages/airflow/example_dags/example_trigger_target_dag.py
[2021-03-23 20:30:37,248] {scheduler_job.py:639} INFO - DAG(s) dict_keys(['example_trigger_target_dag']) retrieved from /Users/harika/Desktop/CSYE_7245/Assignment2/pipeline/MyEnv/lib/python3.7/site-packages/airflow/example_dags/example_trigger_target_dag.py
[2021-03-23 20:30:37,263] {logging_mixin.py:104} INFO - [2021-03-23 20:30:37,263] {dag.py:1818} INFO - Sync 1 DAGs
[2021-03-23 20:30:37,275] {logging_mixin.py:104} INFO - [2021-03-23 20:30:37,274] {dag.py:2273} INFO - Setting next_dagrun for example_trigger_target_dag to None
[2021-03-23 20:30:37,287] {scheduler_job.py:190} INFO - Processing /Users/harika/Desktop/CSYE_7245/Assignment2/pipeline/MyEnv/lib/python3.7/site-packages/airflow/example_dags/example_trigger_target_dag.py took 0.056 seconds
[2021-03-23 20:31:13,478] {scheduler_job.py:182} INFO - Started process (PID=14540) to work on /Users/harika/Desktop/CSYE_7245/Assignment2/pipeline/MyEnv/lib/python3.7/site-packages/airflow/example_dags/example_trigger_target_dag.py
[2021-03-23 20:31:13,480] {scheduler_job.py:629} INFO - Processing file /Users/harika/Desktop/CSYE_7245/Assignment2/pipeline/MyEnv/lib/python3.7/site-packages/airflow/example_dags/example_trigger_target_dag.py for tasks to queue
[2021-03-23 20:31:13,484] {logging_mixin.py:104} INFO - [2021-03-23 20:31:13,482] {dagbag.py:448} INFO - Filling up the DagBag from /Users/harika/Desktop/CSYE_7245/Assignment2/pipeline/MyEnv/lib/python3.7/site-packages/airflow/example_dags/example_trigger_target_dag.py
[2021-03-23 20:31:13,499] {scheduler_job.py:639} INFO - DAG(s) dict_keys(['example_trigger_target_dag']) retrieved from /Users/harika/Desktop/CSYE_7245/Assignment2/pipeline/MyEnv/lib/python3.7/site-packages/airflow/example_dags/example_trigger_target_dag.py
[2021-03-23 20:31:13,526] {logging_mixin.py:104} INFO - [2021-03-23 20:31:13,525] {dag.py:1818} INFO - Sync 1 DAGs
[2021-03-23 20:31:13,549] {logging_mixin.py:104} INFO - [2021-03-23 20:31:13,548] {dag.py:2273} INFO - Setting next_dagrun for example_trigger_target_dag to None
[2021-03-23 20:31:13,563] {scheduler_job.py:190} INFO - Processing /Users/harika/Desktop/CSYE_7245/Assignment2/pipeline/MyEnv/lib/python3.7/site-packages/airflow/example_dags/example_trigger_target_dag.py took 0.091 seconds
[2021-03-23 21:09:54,926] {scheduler_job.py:182} INFO - Started process (PID=14959) to work on /Users/harika/Desktop/CSYE_7245/Assignment2/pipeline/MyEnv/lib/python3.7/site-packages/airflow/example_dags/example_trigger_target_dag.py
[2021-03-23 21:09:54,933] {scheduler_job.py:629} INFO - Processing file /Users/harika/Desktop/CSYE_7245/Assignment2/pipeline/MyEnv/lib/python3.7/site-packages/airflow/example_dags/example_trigger_target_dag.py for tasks to queue
[2021-03-23 21:09:54,935] {logging_mixin.py:104} INFO - [2021-03-23 21:09:54,934] {dagbag.py:448} INFO - Filling up the DagBag from /Users/harika/Desktop/CSYE_7245/Assignment2/pipeline/MyEnv/lib/python3.7/site-packages/airflow/example_dags/example_trigger_target_dag.py
[2021-03-23 21:09:54,975] {scheduler_job.py:639} INFO - DAG(s) dict_keys(['example_trigger_target_dag']) retrieved from /Users/harika/Desktop/CSYE_7245/Assignment2/pipeline/MyEnv/lib/python3.7/site-packages/airflow/example_dags/example_trigger_target_dag.py
[2021-03-23 21:09:55,027] {logging_mixin.py:104} INFO - [2021-03-23 21:09:55,025] {dag.py:1818} INFO - Sync 1 DAGs
[2021-03-23 21:09:55,079] {logging_mixin.py:104} INFO - [2021-03-23 21:09:55,078] {dag.py:2273} INFO - Setting next_dagrun for example_trigger_target_dag to None
[2021-03-23 21:09:55,097] {scheduler_job.py:190} INFO - Processing /Users/harika/Desktop/CSYE_7245/Assignment2/pipeline/MyEnv/lib/python3.7/site-packages/airflow/example_dags/example_trigger_target_dag.py took 0.186 seconds
[2021-03-23 21:13:06,148] {scheduler_job.py:182} INFO - Started process (PID=15027) to work on /Users/harika/Desktop/CSYE_7245/Assignment2/pipeline/MyEnv/lib/python3.7/site-packages/airflow/example_dags/example_trigger_target_dag.py
[2021-03-23 21:13:06,152] {scheduler_job.py:629} INFO - Processing file /Users/harika/Desktop/CSYE_7245/Assignment2/pipeline/MyEnv/lib/python3.7/site-packages/airflow/example_dags/example_trigger_target_dag.py for tasks to queue
[2021-03-23 21:13:06,155] {logging_mixin.py:104} INFO - [2021-03-23 21:13:06,154] {dagbag.py:448} INFO - Filling up the DagBag from /Users/harika/Desktop/CSYE_7245/Assignment2/pipeline/MyEnv/lib/python3.7/site-packages/airflow/example_dags/example_trigger_target_dag.py
[2021-03-23 21:13:06,182] {scheduler_job.py:639} INFO - DAG(s) dict_keys(['example_trigger_target_dag']) retrieved from /Users/harika/Desktop/CSYE_7245/Assignment2/pipeline/MyEnv/lib/python3.7/site-packages/airflow/example_dags/example_trigger_target_dag.py
[2021-03-23 21:13:06,218] {logging_mixin.py:104} INFO - [2021-03-23 21:13:06,217] {dag.py:1818} INFO - Sync 1 DAGs
[2021-03-23 21:13:06,245] {logging_mixin.py:104} INFO - [2021-03-23 21:13:06,245] {dag.py:2273} INFO - Setting next_dagrun for example_trigger_target_dag to None
[2021-03-23 21:13:06,258] {scheduler_job.py:190} INFO - Processing /Users/harika/Desktop/CSYE_7245/Assignment2/pipeline/MyEnv/lib/python3.7/site-packages/airflow/example_dags/example_trigger_target_dag.py took 0.122 seconds
[2021-03-23 21:13:49,292] {scheduler_job.py:182} INFO - Started process (PID=15061) to work on /Users/harika/Desktop/CSYE_7245/Assignment2/pipeline/MyEnv/lib/python3.7/site-packages/airflow/example_dags/example_trigger_target_dag.py
[2021-03-23 21:13:49,294] {scheduler_job.py:629} INFO - Processing file /Users/harika/Desktop/CSYE_7245/Assignment2/pipeline/MyEnv/lib/python3.7/site-packages/airflow/example_dags/example_trigger_target_dag.py for tasks to queue
[2021-03-23 21:13:49,297] {logging_mixin.py:104} INFO - [2021-03-23 21:13:49,296] {dagbag.py:448} INFO - Filling up the DagBag from /Users/harika/Desktop/CSYE_7245/Assignment2/pipeline/MyEnv/lib/python3.7/site-packages/airflow/example_dags/example_trigger_target_dag.py
[2021-03-23 21:13:49,309] {scheduler_job.py:639} INFO - DAG(s) dict_keys(['example_trigger_target_dag']) retrieved from /Users/harika/Desktop/CSYE_7245/Assignment2/pipeline/MyEnv/lib/python3.7/site-packages/airflow/example_dags/example_trigger_target_dag.py
[2021-03-23 21:13:49,340] {logging_mixin.py:104} INFO - [2021-03-23 21:13:49,339] {dag.py:1818} INFO - Sync 1 DAGs
[2021-03-23 21:13:49,354] {logging_mixin.py:104} INFO - [2021-03-23 21:13:49,354] {dag.py:2273} INFO - Setting next_dagrun for example_trigger_target_dag to None
[2021-03-23 21:13:49,364] {scheduler_job.py:190} INFO - Processing /Users/harika/Desktop/CSYE_7245/Assignment2/pipeline/MyEnv/lib/python3.7/site-packages/airflow/example_dags/example_trigger_target_dag.py took 0.076 seconds
[2021-03-23 21:14:40,836] {scheduler_job.py:182} INFO - Started process (PID=15085) to work on /Users/harika/Desktop/CSYE_7245/Assignment2/pipeline/MyEnv/lib/python3.7/site-packages/airflow/example_dags/example_trigger_target_dag.py
[2021-03-23 21:14:40,839] {scheduler_job.py:629} INFO - Processing file /Users/harika/Desktop/CSYE_7245/Assignment2/pipeline/MyEnv/lib/python3.7/site-packages/airflow/example_dags/example_trigger_target_dag.py for tasks to queue
[2021-03-23 21:14:40,841] {logging_mixin.py:104} INFO - [2021-03-23 21:14:40,840] {dagbag.py:448} INFO - Filling up the DagBag from /Users/harika/Desktop/CSYE_7245/Assignment2/pipeline/MyEnv/lib/python3.7/site-packages/airflow/example_dags/example_trigger_target_dag.py
[2021-03-23 21:14:40,858] {scheduler_job.py:639} INFO - DAG(s) dict_keys(['example_trigger_target_dag']) retrieved from /Users/harika/Desktop/CSYE_7245/Assignment2/pipeline/MyEnv/lib/python3.7/site-packages/airflow/example_dags/example_trigger_target_dag.py
[2021-03-23 21:14:40,878] {logging_mixin.py:104} INFO - [2021-03-23 21:14:40,877] {dag.py:1818} INFO - Sync 1 DAGs
[2021-03-23 21:14:40,891] {logging_mixin.py:104} INFO - [2021-03-23 21:14:40,890] {dag.py:2273} INFO - Setting next_dagrun for example_trigger_target_dag to None
[2021-03-23 21:14:40,907] {scheduler_job.py:190} INFO - Processing /Users/harika/Desktop/CSYE_7245/Assignment2/pipeline/MyEnv/lib/python3.7/site-packages/airflow/example_dags/example_trigger_target_dag.py took 0.080 seconds
[2021-03-23 21:18:05,478] {scheduler_job.py:182} INFO - Started process (PID=15201) to work on /Users/harika/Desktop/CSYE_7245/Assignment2/pipeline/MyEnv/lib/python3.7/site-packages/airflow/example_dags/example_trigger_target_dag.py
[2021-03-23 21:18:05,481] {scheduler_job.py:629} INFO - Processing file /Users/harika/Desktop/CSYE_7245/Assignment2/pipeline/MyEnv/lib/python3.7/site-packages/airflow/example_dags/example_trigger_target_dag.py for tasks to queue
[2021-03-23 21:18:05,483] {logging_mixin.py:104} INFO - [2021-03-23 21:18:05,482] {dagbag.py:448} INFO - Filling up the DagBag from /Users/harika/Desktop/CSYE_7245/Assignment2/pipeline/MyEnv/lib/python3.7/site-packages/airflow/example_dags/example_trigger_target_dag.py
[2021-03-23 21:18:05,505] {scheduler_job.py:639} INFO - DAG(s) dict_keys(['example_trigger_target_dag']) retrieved from /Users/harika/Desktop/CSYE_7245/Assignment2/pipeline/MyEnv/lib/python3.7/site-packages/airflow/example_dags/example_trigger_target_dag.py
[2021-03-23 21:18:05,535] {logging_mixin.py:104} INFO - [2021-03-23 21:18:05,534] {dag.py:1818} INFO - Sync 1 DAGs
[2021-03-23 21:18:05,550] {logging_mixin.py:104} INFO - [2021-03-23 21:18:05,549] {dag.py:2273} INFO - Setting next_dagrun for example_trigger_target_dag to None
[2021-03-23 21:18:05,568] {scheduler_job.py:190} INFO - Processing /Users/harika/Desktop/CSYE_7245/Assignment2/pipeline/MyEnv/lib/python3.7/site-packages/airflow/example_dags/example_trigger_target_dag.py took 0.096 seconds
[2021-03-23 21:18:43,301] {scheduler_job.py:182} INFO - Started process (PID=15238) to work on /Users/harika/Desktop/CSYE_7245/Assignment2/pipeline/MyEnv/lib/python3.7/site-packages/airflow/example_dags/example_trigger_target_dag.py
[2021-03-23 21:18:43,303] {scheduler_job.py:629} INFO - Processing file /Users/harika/Desktop/CSYE_7245/Assignment2/pipeline/MyEnv/lib/python3.7/site-packages/airflow/example_dags/example_trigger_target_dag.py for tasks to queue
[2021-03-23 21:18:43,305] {logging_mixin.py:104} INFO - [2021-03-23 21:18:43,305] {dagbag.py:448} INFO - Filling up the DagBag from /Users/harika/Desktop/CSYE_7245/Assignment2/pipeline/MyEnv/lib/python3.7/site-packages/airflow/example_dags/example_trigger_target_dag.py
[2021-03-23 21:18:43,321] {scheduler_job.py:639} INFO - DAG(s) dict_keys(['example_trigger_target_dag']) retrieved from /Users/harika/Desktop/CSYE_7245/Assignment2/pipeline/MyEnv/lib/python3.7/site-packages/airflow/example_dags/example_trigger_target_dag.py
[2021-03-23 21:18:43,345] {logging_mixin.py:104} INFO - [2021-03-23 21:18:43,343] {dag.py:1818} INFO - Sync 1 DAGs
[2021-03-23 21:18:43,372] {logging_mixin.py:104} INFO - [2021-03-23 21:18:43,371] {dag.py:2273} INFO - Setting next_dagrun for example_trigger_target_dag to None
[2021-03-23 21:18:43,387] {scheduler_job.py:190} INFO - Processing /Users/harika/Desktop/CSYE_7245/Assignment2/pipeline/MyEnv/lib/python3.7/site-packages/airflow/example_dags/example_trigger_target_dag.py took 0.093 seconds
[2021-03-23 21:19:23,479] {scheduler_job.py:182} INFO - Started process (PID=15271) to work on /Users/harika/Desktop/CSYE_7245/Assignment2/pipeline/MyEnv/lib/python3.7/site-packages/airflow/example_dags/example_trigger_target_dag.py
[2021-03-23 21:19:23,485] {scheduler_job.py:629} INFO - Processing file /Users/harika/Desktop/CSYE_7245/Assignment2/pipeline/MyEnv/lib/python3.7/site-packages/airflow/example_dags/example_trigger_target_dag.py for tasks to queue
[2021-03-23 21:19:23,488] {logging_mixin.py:104} INFO - [2021-03-23 21:19:23,487] {dagbag.py:448} INFO - Filling up the DagBag from /Users/harika/Desktop/CSYE_7245/Assignment2/pipeline/MyEnv/lib/python3.7/site-packages/airflow/example_dags/example_trigger_target_dag.py
[2021-03-23 21:19:23,503] {scheduler_job.py:639} INFO - DAG(s) dict_keys(['example_trigger_target_dag']) retrieved from /Users/harika/Desktop/CSYE_7245/Assignment2/pipeline/MyEnv/lib/python3.7/site-packages/airflow/example_dags/example_trigger_target_dag.py
[2021-03-23 21:19:23,525] {logging_mixin.py:104} INFO - [2021-03-23 21:19:23,524] {dag.py:1818} INFO - Sync 1 DAGs
[2021-03-23 21:19:23,542] {logging_mixin.py:104} INFO - [2021-03-23 21:19:23,541] {dag.py:2273} INFO - Setting next_dagrun for example_trigger_target_dag to None
[2021-03-23 21:19:23,559] {scheduler_job.py:190} INFO - Processing /Users/harika/Desktop/CSYE_7245/Assignment2/pipeline/MyEnv/lib/python3.7/site-packages/airflow/example_dags/example_trigger_target_dag.py took 0.087 seconds
[2021-03-23 21:19:59,343] {scheduler_job.py:182} INFO - Started process (PID=15299) to work on /Users/harika/Desktop/CSYE_7245/Assignment2/pipeline/MyEnv/lib/python3.7/site-packages/airflow/example_dags/example_trigger_target_dag.py
[2021-03-23 21:19:59,348] {scheduler_job.py:629} INFO - Processing file /Users/harika/Desktop/CSYE_7245/Assignment2/pipeline/MyEnv/lib/python3.7/site-packages/airflow/example_dags/example_trigger_target_dag.py for tasks to queue
[2021-03-23 21:19:59,352] {logging_mixin.py:104} INFO - [2021-03-23 21:19:59,350] {dagbag.py:448} INFO - Filling up the DagBag from /Users/harika/Desktop/CSYE_7245/Assignment2/pipeline/MyEnv/lib/python3.7/site-packages/airflow/example_dags/example_trigger_target_dag.py
[2021-03-23 21:19:59,377] {scheduler_job.py:639} INFO - DAG(s) dict_keys(['example_trigger_target_dag']) retrieved from /Users/harika/Desktop/CSYE_7245/Assignment2/pipeline/MyEnv/lib/python3.7/site-packages/airflow/example_dags/example_trigger_target_dag.py
[2021-03-23 21:19:59,598] {logging_mixin.py:104} INFO - [2021-03-23 21:19:59,595] {dag.py:1818} INFO - Sync 1 DAGs
[2021-03-23 21:19:59,651] {logging_mixin.py:104} INFO - [2021-03-23 21:19:59,647] {dag.py:2273} INFO - Setting next_dagrun for example_trigger_target_dag to None
[2021-03-23 21:19:59,683] {scheduler_job.py:190} INFO - Processing /Users/harika/Desktop/CSYE_7245/Assignment2/pipeline/MyEnv/lib/python3.7/site-packages/airflow/example_dags/example_trigger_target_dag.py took 0.349 seconds
[2021-03-24 00:02:51,685] {scheduler_job.py:182} INFO - Started process (PID=16944) to work on /Users/harika/Desktop/CSYE_7245/Assignment2/pipeline/MyEnv/lib/python3.7/site-packages/airflow/example_dags/example_trigger_target_dag.py
[2021-03-24 00:02:51,687] {scheduler_job.py:629} INFO - Processing file /Users/harika/Desktop/CSYE_7245/Assignment2/pipeline/MyEnv/lib/python3.7/site-packages/airflow/example_dags/example_trigger_target_dag.py for tasks to queue
[2021-03-24 00:02:51,689] {logging_mixin.py:104} INFO - [2021-03-24 00:02:51,688] {dagbag.py:448} INFO - Filling up the DagBag from /Users/harika/Desktop/CSYE_7245/Assignment2/pipeline/MyEnv/lib/python3.7/site-packages/airflow/example_dags/example_trigger_target_dag.py
[2021-03-24 00:02:51,703] {scheduler_job.py:639} INFO - DAG(s) dict_keys(['example_trigger_target_dag']) retrieved from /Users/harika/Desktop/CSYE_7245/Assignment2/pipeline/MyEnv/lib/python3.7/site-packages/airflow/example_dags/example_trigger_target_dag.py
[2021-03-24 00:02:51,722] {logging_mixin.py:104} INFO - [2021-03-24 00:02:51,721] {dag.py:1818} INFO - Sync 1 DAGs
[2021-03-24 00:02:51,744] {logging_mixin.py:104} INFO - [2021-03-24 00:02:51,742] {dag.py:2273} INFO - Setting next_dagrun for example_trigger_target_dag to None
[2021-03-24 00:02:51,754] {scheduler_job.py:190} INFO - Processing /Users/harika/Desktop/CSYE_7245/Assignment2/pipeline/MyEnv/lib/python3.7/site-packages/airflow/example_dags/example_trigger_target_dag.py took 0.081 seconds
[2021-03-24 00:03:26,888] {scheduler_job.py:182} INFO - Started process (PID=16973) to work on /Users/harika/Desktop/CSYE_7245/Assignment2/pipeline/MyEnv/lib/python3.7/site-packages/airflow/example_dags/example_trigger_target_dag.py
[2021-03-24 00:03:26,890] {scheduler_job.py:629} INFO - Processing file /Users/harika/Desktop/CSYE_7245/Assignment2/pipeline/MyEnv/lib/python3.7/site-packages/airflow/example_dags/example_trigger_target_dag.py for tasks to queue
[2021-03-24 00:03:26,892] {logging_mixin.py:104} INFO - [2021-03-24 00:03:26,891] {dagbag.py:448} INFO - Filling up the DagBag from /Users/harika/Desktop/CSYE_7245/Assignment2/pipeline/MyEnv/lib/python3.7/site-packages/airflow/example_dags/example_trigger_target_dag.py
[2021-03-24 00:03:26,922] {scheduler_job.py:639} INFO - DAG(s) dict_keys(['example_trigger_target_dag']) retrieved from /Users/harika/Desktop/CSYE_7245/Assignment2/pipeline/MyEnv/lib/python3.7/site-packages/airflow/example_dags/example_trigger_target_dag.py
[2021-03-24 00:03:26,953] {logging_mixin.py:104} INFO - [2021-03-24 00:03:26,952] {dag.py:1818} INFO - Sync 1 DAGs
[2021-03-24 00:03:26,975] {logging_mixin.py:104} INFO - [2021-03-24 00:03:26,974] {dag.py:2273} INFO - Setting next_dagrun for example_trigger_target_dag to None
[2021-03-24 00:03:26,987] {scheduler_job.py:190} INFO - Processing /Users/harika/Desktop/CSYE_7245/Assignment2/pipeline/MyEnv/lib/python3.7/site-packages/airflow/example_dags/example_trigger_target_dag.py took 0.107 seconds
[2021-03-24 00:04:05,879] {scheduler_job.py:182} INFO - Started process (PID=17003) to work on /Users/harika/Desktop/CSYE_7245/Assignment2/pipeline/MyEnv/lib/python3.7/site-packages/airflow/example_dags/example_trigger_target_dag.py
[2021-03-24 00:04:05,882] {scheduler_job.py:629} INFO - Processing file /Users/harika/Desktop/CSYE_7245/Assignment2/pipeline/MyEnv/lib/python3.7/site-packages/airflow/example_dags/example_trigger_target_dag.py for tasks to queue
[2021-03-24 00:04:05,885] {logging_mixin.py:104} INFO - [2021-03-24 00:04:05,884] {dagbag.py:448} INFO - Filling up the DagBag from /Users/harika/Desktop/CSYE_7245/Assignment2/pipeline/MyEnv/lib/python3.7/site-packages/airflow/example_dags/example_trigger_target_dag.py
[2021-03-24 00:04:05,927] {scheduler_job.py:639} INFO - DAG(s) dict_keys(['example_trigger_target_dag']) retrieved from /Users/harika/Desktop/CSYE_7245/Assignment2/pipeline/MyEnv/lib/python3.7/site-packages/airflow/example_dags/example_trigger_target_dag.py
[2021-03-24 00:04:05,981] {logging_mixin.py:104} INFO - [2021-03-24 00:04:05,972] {dag.py:1818} INFO - Sync 1 DAGs
[2021-03-24 00:04:06,027] {logging_mixin.py:104} INFO - [2021-03-24 00:04:06,026] {dag.py:2273} INFO - Setting next_dagrun for example_trigger_target_dag to None
[2021-03-24 00:04:06,048] {scheduler_job.py:190} INFO - Processing /Users/harika/Desktop/CSYE_7245/Assignment2/pipeline/MyEnv/lib/python3.7/site-packages/airflow/example_dags/example_trigger_target_dag.py took 0.176 seconds
[2021-03-24 00:04:49,032] {scheduler_job.py:182} INFO - Started process (PID=17035) to work on /Users/harika/Desktop/CSYE_7245/Assignment2/pipeline/MyEnv/lib/python3.7/site-packages/airflow/example_dags/example_trigger_target_dag.py
[2021-03-24 00:04:49,034] {scheduler_job.py:629} INFO - Processing file /Users/harika/Desktop/CSYE_7245/Assignment2/pipeline/MyEnv/lib/python3.7/site-packages/airflow/example_dags/example_trigger_target_dag.py for tasks to queue
[2021-03-24 00:04:49,035] {logging_mixin.py:104} INFO - [2021-03-24 00:04:49,034] {dagbag.py:448} INFO - Filling up the DagBag from /Users/harika/Desktop/CSYE_7245/Assignment2/pipeline/MyEnv/lib/python3.7/site-packages/airflow/example_dags/example_trigger_target_dag.py
[2021-03-24 00:04:49,051] {scheduler_job.py:639} INFO - DAG(s) dict_keys(['example_trigger_target_dag']) retrieved from /Users/harika/Desktop/CSYE_7245/Assignment2/pipeline/MyEnv/lib/python3.7/site-packages/airflow/example_dags/example_trigger_target_dag.py
[2021-03-24 00:04:49,069] {logging_mixin.py:104} INFO - [2021-03-24 00:04:49,068] {dag.py:1818} INFO - Sync 1 DAGs
[2021-03-24 00:04:49,097] {logging_mixin.py:104} INFO - [2021-03-24 00:04:49,097] {dag.py:2273} INFO - Setting next_dagrun for example_trigger_target_dag to None
[2021-03-24 00:04:49,106] {scheduler_job.py:190} INFO - Processing /Users/harika/Desktop/CSYE_7245/Assignment2/pipeline/MyEnv/lib/python3.7/site-packages/airflow/example_dags/example_trigger_target_dag.py took 0.080 seconds
[2021-03-24 00:05:20,637] {scheduler_job.py:182} INFO - Started process (PID=17063) to work on /Users/harika/Desktop/CSYE_7245/Assignment2/pipeline/MyEnv/lib/python3.7/site-packages/airflow/example_dags/example_trigger_target_dag.py
[2021-03-24 00:05:20,639] {scheduler_job.py:629} INFO - Processing file /Users/harika/Desktop/CSYE_7245/Assignment2/pipeline/MyEnv/lib/python3.7/site-packages/airflow/example_dags/example_trigger_target_dag.py for tasks to queue
[2021-03-24 00:05:20,640] {logging_mixin.py:104} INFO - [2021-03-24 00:05:20,640] {dagbag.py:448} INFO - Filling up the DagBag from /Users/harika/Desktop/CSYE_7245/Assignment2/pipeline/MyEnv/lib/python3.7/site-packages/airflow/example_dags/example_trigger_target_dag.py
[2021-03-24 00:05:20,654] {scheduler_job.py:639} INFO - DAG(s) dict_keys(['example_trigger_target_dag']) retrieved from /Users/harika/Desktop/CSYE_7245/Assignment2/pipeline/MyEnv/lib/python3.7/site-packages/airflow/example_dags/example_trigger_target_dag.py
[2021-03-24 00:05:20,670] {logging_mixin.py:104} INFO - [2021-03-24 00:05:20,669] {dag.py:1818} INFO - Sync 1 DAGs
[2021-03-24 00:05:20,681] {logging_mixin.py:104} INFO - [2021-03-24 00:05:20,681] {dag.py:2273} INFO - Setting next_dagrun for example_trigger_target_dag to None
[2021-03-24 00:05:20,689] {scheduler_job.py:190} INFO - Processing /Users/harika/Desktop/CSYE_7245/Assignment2/pipeline/MyEnv/lib/python3.7/site-packages/airflow/example_dags/example_trigger_target_dag.py took 0.056 seconds
[2021-03-24 00:06:05,460] {scheduler_job.py:182} INFO - Started process (PID=17100) to work on /Users/harika/Desktop/CSYE_7245/Assignment2/pipeline/MyEnv/lib/python3.7/site-packages/airflow/example_dags/example_trigger_target_dag.py
[2021-03-24 00:06:05,461] {scheduler_job.py:629} INFO - Processing file /Users/harika/Desktop/CSYE_7245/Assignment2/pipeline/MyEnv/lib/python3.7/site-packages/airflow/example_dags/example_trigger_target_dag.py for tasks to queue
[2021-03-24 00:06:05,463] {logging_mixin.py:104} INFO - [2021-03-24 00:06:05,462] {dagbag.py:448} INFO - Filling up the DagBag from /Users/harika/Desktop/CSYE_7245/Assignment2/pipeline/MyEnv/lib/python3.7/site-packages/airflow/example_dags/example_trigger_target_dag.py
[2021-03-24 00:06:05,478] {scheduler_job.py:639} INFO - DAG(s) dict_keys(['example_trigger_target_dag']) retrieved from /Users/harika/Desktop/CSYE_7245/Assignment2/pipeline/MyEnv/lib/python3.7/site-packages/airflow/example_dags/example_trigger_target_dag.py
[2021-03-24 00:06:05,496] {logging_mixin.py:104} INFO - [2021-03-24 00:06:05,495] {dag.py:1818} INFO - Sync 1 DAGs
[2021-03-24 00:06:05,513] {logging_mixin.py:104} INFO - [2021-03-24 00:06:05,512] {dag.py:2273} INFO - Setting next_dagrun for example_trigger_target_dag to None
[2021-03-24 00:06:05,524] {scheduler_job.py:190} INFO - Processing /Users/harika/Desktop/CSYE_7245/Assignment2/pipeline/MyEnv/lib/python3.7/site-packages/airflow/example_dags/example_trigger_target_dag.py took 0.068 seconds
[2021-03-24 01:02:37,159] {scheduler_job.py:182} INFO - Started process (PID=17432) to work on /Users/harika/Desktop/CSYE_7245/Assignment2/pipeline/MyEnv/lib/python3.7/site-packages/airflow/example_dags/example_trigger_target_dag.py
[2021-03-24 01:02:37,163] {scheduler_job.py:629} INFO - Processing file /Users/harika/Desktop/CSYE_7245/Assignment2/pipeline/MyEnv/lib/python3.7/site-packages/airflow/example_dags/example_trigger_target_dag.py for tasks to queue
[2021-03-24 01:02:37,164] {logging_mixin.py:104} INFO - [2021-03-24 01:02:37,164] {dagbag.py:448} INFO - Filling up the DagBag from /Users/harika/Desktop/CSYE_7245/Assignment2/pipeline/MyEnv/lib/python3.7/site-packages/airflow/example_dags/example_trigger_target_dag.py
[2021-03-24 01:02:37,173] {scheduler_job.py:639} INFO - DAG(s) dict_keys(['example_trigger_target_dag']) retrieved from /Users/harika/Desktop/CSYE_7245/Assignment2/pipeline/MyEnv/lib/python3.7/site-packages/airflow/example_dags/example_trigger_target_dag.py
[2021-03-24 01:02:37,188] {logging_mixin.py:104} INFO - [2021-03-24 01:02:37,187] {dag.py:1818} INFO - Sync 1 DAGs
[2021-03-24 01:02:37,199] {logging_mixin.py:104} INFO - [2021-03-24 01:02:37,199] {dag.py:2273} INFO - Setting next_dagrun for example_trigger_target_dag to None
[2021-03-24 01:02:37,207] {scheduler_job.py:190} INFO - Processing /Users/harika/Desktop/CSYE_7245/Assignment2/pipeline/MyEnv/lib/python3.7/site-packages/airflow/example_dags/example_trigger_target_dag.py took 0.052 seconds
[2021-03-24 01:03:08,822] {scheduler_job.py:182} INFO - Started process (PID=17471) to work on /Users/harika/Desktop/CSYE_7245/Assignment2/pipeline/MyEnv/lib/python3.7/site-packages/airflow/example_dags/example_trigger_target_dag.py
[2021-03-24 01:03:08,824] {scheduler_job.py:629} INFO - Processing file /Users/harika/Desktop/CSYE_7245/Assignment2/pipeline/MyEnv/lib/python3.7/site-packages/airflow/example_dags/example_trigger_target_dag.py for tasks to queue
[2021-03-24 01:03:08,825] {logging_mixin.py:104} INFO - [2021-03-24 01:03:08,825] {dagbag.py:448} INFO - Filling up the DagBag from /Users/harika/Desktop/CSYE_7245/Assignment2/pipeline/MyEnv/lib/python3.7/site-packages/airflow/example_dags/example_trigger_target_dag.py
[2021-03-24 01:03:08,834] {scheduler_job.py:639} INFO - DAG(s) dict_keys(['example_trigger_target_dag']) retrieved from /Users/harika/Desktop/CSYE_7245/Assignment2/pipeline/MyEnv/lib/python3.7/site-packages/airflow/example_dags/example_trigger_target_dag.py
[2021-03-24 01:03:08,849] {logging_mixin.py:104} INFO - [2021-03-24 01:03:08,848] {dag.py:1818} INFO - Sync 1 DAGs
[2021-03-24 01:03:08,862] {logging_mixin.py:104} INFO - [2021-03-24 01:03:08,862] {dag.py:2273} INFO - Setting next_dagrun for example_trigger_target_dag to None
[2021-03-24 01:03:08,871] {scheduler_job.py:190} INFO - Processing /Users/harika/Desktop/CSYE_7245/Assignment2/pipeline/MyEnv/lib/python3.7/site-packages/airflow/example_dags/example_trigger_target_dag.py took 0.052 seconds
[2021-03-24 01:03:46,604] {scheduler_job.py:182} INFO - Started process (PID=17514) to work on /Users/harika/Desktop/CSYE_7245/Assignment2/pipeline/MyEnv/lib/python3.7/site-packages/airflow/example_dags/example_trigger_target_dag.py
[2021-03-24 01:03:46,606] {scheduler_job.py:629} INFO - Processing file /Users/harika/Desktop/CSYE_7245/Assignment2/pipeline/MyEnv/lib/python3.7/site-packages/airflow/example_dags/example_trigger_target_dag.py for tasks to queue
[2021-03-24 01:03:46,608] {logging_mixin.py:104} INFO - [2021-03-24 01:03:46,608] {dagbag.py:448} INFO - Filling up the DagBag from /Users/harika/Desktop/CSYE_7245/Assignment2/pipeline/MyEnv/lib/python3.7/site-packages/airflow/example_dags/example_trigger_target_dag.py
[2021-03-24 01:03:46,617] {scheduler_job.py:639} INFO - DAG(s) dict_keys(['example_trigger_target_dag']) retrieved from /Users/harika/Desktop/CSYE_7245/Assignment2/pipeline/MyEnv/lib/python3.7/site-packages/airflow/example_dags/example_trigger_target_dag.py
[2021-03-24 01:03:46,631] {logging_mixin.py:104} INFO - [2021-03-24 01:03:46,631] {dag.py:1818} INFO - Sync 1 DAGs
[2021-03-24 01:03:46,643] {logging_mixin.py:104} INFO - [2021-03-24 01:03:46,642] {dag.py:2273} INFO - Setting next_dagrun for example_trigger_target_dag to None
[2021-03-24 01:03:46,651] {scheduler_job.py:190} INFO - Processing /Users/harika/Desktop/CSYE_7245/Assignment2/pipeline/MyEnv/lib/python3.7/site-packages/airflow/example_dags/example_trigger_target_dag.py took 0.050 seconds
[2021-03-24 01:04:19,173] {scheduler_job.py:182} INFO - Started process (PID=17557) to work on /Users/harika/Desktop/CSYE_7245/Assignment2/pipeline/MyEnv/lib/python3.7/site-packages/airflow/example_dags/example_trigger_target_dag.py
[2021-03-24 01:04:19,175] {scheduler_job.py:629} INFO - Processing file /Users/harika/Desktop/CSYE_7245/Assignment2/pipeline/MyEnv/lib/python3.7/site-packages/airflow/example_dags/example_trigger_target_dag.py for tasks to queue
[2021-03-24 01:04:19,177] {logging_mixin.py:104} INFO - [2021-03-24 01:04:19,176] {dagbag.py:448} INFO - Filling up the DagBag from /Users/harika/Desktop/CSYE_7245/Assignment2/pipeline/MyEnv/lib/python3.7/site-packages/airflow/example_dags/example_trigger_target_dag.py
[2021-03-24 01:04:19,185] {scheduler_job.py:639} INFO - DAG(s) dict_keys(['example_trigger_target_dag']) retrieved from /Users/harika/Desktop/CSYE_7245/Assignment2/pipeline/MyEnv/lib/python3.7/site-packages/airflow/example_dags/example_trigger_target_dag.py
[2021-03-24 01:04:19,202] {logging_mixin.py:104} INFO - [2021-03-24 01:04:19,201] {dag.py:1818} INFO - Sync 1 DAGs
[2021-03-24 01:04:19,215] {logging_mixin.py:104} INFO - [2021-03-24 01:04:19,214] {dag.py:2273} INFO - Setting next_dagrun for example_trigger_target_dag to None
[2021-03-24 01:04:19,223] {scheduler_job.py:190} INFO - Processing /Users/harika/Desktop/CSYE_7245/Assignment2/pipeline/MyEnv/lib/python3.7/site-packages/airflow/example_dags/example_trigger_target_dag.py took 0.053 seconds
[2021-03-24 01:04:53,164] {scheduler_job.py:182} INFO - Started process (PID=17652) to work on /Users/harika/Desktop/CSYE_7245/Assignment2/pipeline/MyEnv/lib/python3.7/site-packages/airflow/example_dags/example_trigger_target_dag.py
[2021-03-24 01:04:53,166] {scheduler_job.py:629} INFO - Processing file /Users/harika/Desktop/CSYE_7245/Assignment2/pipeline/MyEnv/lib/python3.7/site-packages/airflow/example_dags/example_trigger_target_dag.py for tasks to queue
[2021-03-24 01:04:53,167] {logging_mixin.py:104} INFO - [2021-03-24 01:04:53,167] {dagbag.py:448} INFO - Filling up the DagBag from /Users/harika/Desktop/CSYE_7245/Assignment2/pipeline/MyEnv/lib/python3.7/site-packages/airflow/example_dags/example_trigger_target_dag.py
[2021-03-24 01:04:53,175] {scheduler_job.py:639} INFO - DAG(s) dict_keys(['example_trigger_target_dag']) retrieved from /Users/harika/Desktop/CSYE_7245/Assignment2/pipeline/MyEnv/lib/python3.7/site-packages/airflow/example_dags/example_trigger_target_dag.py
[2021-03-24 01:04:53,188] {logging_mixin.py:104} INFO - [2021-03-24 01:04:53,187] {dag.py:1818} INFO - Sync 1 DAGs
[2021-03-24 01:04:53,198] {logging_mixin.py:104} INFO - [2021-03-24 01:04:53,198] {dag.py:2273} INFO - Setting next_dagrun for example_trigger_target_dag to None
[2021-03-24 01:04:53,205] {scheduler_job.py:190} INFO - Processing /Users/harika/Desktop/CSYE_7245/Assignment2/pipeline/MyEnv/lib/python3.7/site-packages/airflow/example_dags/example_trigger_target_dag.py took 0.044 seconds
