[2021-03-23 20:28:07,423] {scheduler_job.py:182} INFO - Started process (PID=14379) to work on /Users/harika/Desktop/CSYE_7245/Assignment2/pipeline/MyEnv/lib/python3.7/site-packages/airflow/example_dags/example_kubernetes_executor.py
[2021-03-23 20:28:07,429] {scheduler_job.py:629} INFO - Processing file /Users/harika/Desktop/CSYE_7245/Assignment2/pipeline/MyEnv/lib/python3.7/site-packages/airflow/example_dags/example_kubernetes_executor.py for tasks to queue
[2021-03-23 20:28:07,432] {logging_mixin.py:104} INFO - [2021-03-23 20:28:07,431] {dagbag.py:448} INFO - Filling up the DagBag from /Users/harika/Desktop/CSYE_7245/Assignment2/pipeline/MyEnv/lib/python3.7/site-packages/airflow/example_dags/example_kubernetes_executor.py
[2021-03-23 20:28:07,464] {scheduler_job.py:639} INFO - DAG(s) dict_keys(['example_kubernetes_executor']) retrieved from /Users/harika/Desktop/CSYE_7245/Assignment2/pipeline/MyEnv/lib/python3.7/site-packages/airflow/example_dags/example_kubernetes_executor.py
[2021-03-23 20:28:07,545] {logging_mixin.py:104} INFO - [2021-03-23 20:28:07,544] {dag.py:1818} INFO - Sync 1 DAGs
[2021-03-23 20:28:07,610] {logging_mixin.py:104} INFO - [2021-03-23 20:28:07,609] {dag.py:2273} INFO - Setting next_dagrun for example_kubernetes_executor to None
[2021-03-23 20:28:07,648] {scheduler_job.py:190} INFO - Processing /Users/harika/Desktop/CSYE_7245/Assignment2/pipeline/MyEnv/lib/python3.7/site-packages/airflow/example_dags/example_kubernetes_executor.py took 0.241 seconds
[2021-03-23 20:28:41,603] {scheduler_job.py:182} INFO - Started process (PID=14409) to work on /Users/harika/Desktop/CSYE_7245/Assignment2/pipeline/MyEnv/lib/python3.7/site-packages/airflow/example_dags/example_kubernetes_executor.py
[2021-03-23 20:28:41,605] {scheduler_job.py:629} INFO - Processing file /Users/harika/Desktop/CSYE_7245/Assignment2/pipeline/MyEnv/lib/python3.7/site-packages/airflow/example_dags/example_kubernetes_executor.py for tasks to queue
[2021-03-23 20:28:41,609] {logging_mixin.py:104} INFO - [2021-03-23 20:28:41,609] {dagbag.py:448} INFO - Filling up the DagBag from /Users/harika/Desktop/CSYE_7245/Assignment2/pipeline/MyEnv/lib/python3.7/site-packages/airflow/example_dags/example_kubernetes_executor.py
[2021-03-23 20:28:41,625] {scheduler_job.py:639} INFO - DAG(s) dict_keys(['example_kubernetes_executor']) retrieved from /Users/harika/Desktop/CSYE_7245/Assignment2/pipeline/MyEnv/lib/python3.7/site-packages/airflow/example_dags/example_kubernetes_executor.py
[2021-03-23 20:28:41,646] {logging_mixin.py:104} INFO - [2021-03-23 20:28:41,645] {dag.py:1818} INFO - Sync 1 DAGs
[2021-03-23 20:28:41,659] {logging_mixin.py:104} INFO - [2021-03-23 20:28:41,658] {dag.py:2273} INFO - Setting next_dagrun for example_kubernetes_executor to None
[2021-03-23 20:28:41,669] {scheduler_job.py:190} INFO - Processing /Users/harika/Desktop/CSYE_7245/Assignment2/pipeline/MyEnv/lib/python3.7/site-packages/airflow/example_dags/example_kubernetes_executor.py took 0.070 seconds
[2021-03-23 20:29:20,560] {scheduler_job.py:182} INFO - Started process (PID=14438) to work on /Users/harika/Desktop/CSYE_7245/Assignment2/pipeline/MyEnv/lib/python3.7/site-packages/airflow/example_dags/example_kubernetes_executor.py
[2021-03-23 20:29:20,563] {scheduler_job.py:629} INFO - Processing file /Users/harika/Desktop/CSYE_7245/Assignment2/pipeline/MyEnv/lib/python3.7/site-packages/airflow/example_dags/example_kubernetes_executor.py for tasks to queue
[2021-03-23 20:29:20,566] {logging_mixin.py:104} INFO - [2021-03-23 20:29:20,565] {dagbag.py:448} INFO - Filling up the DagBag from /Users/harika/Desktop/CSYE_7245/Assignment2/pipeline/MyEnv/lib/python3.7/site-packages/airflow/example_dags/example_kubernetes_executor.py
[2021-03-23 20:29:20,587] {scheduler_job.py:639} INFO - DAG(s) dict_keys(['example_kubernetes_executor']) retrieved from /Users/harika/Desktop/CSYE_7245/Assignment2/pipeline/MyEnv/lib/python3.7/site-packages/airflow/example_dags/example_kubernetes_executor.py
[2021-03-23 20:29:20,613] {logging_mixin.py:104} INFO - [2021-03-23 20:29:20,612] {dag.py:1818} INFO - Sync 1 DAGs
[2021-03-23 20:29:20,638] {logging_mixin.py:104} INFO - [2021-03-23 20:29:20,634] {dag.py:2273} INFO - Setting next_dagrun for example_kubernetes_executor to None
[2021-03-23 20:29:20,660] {scheduler_job.py:190} INFO - Processing /Users/harika/Desktop/CSYE_7245/Assignment2/pipeline/MyEnv/lib/python3.7/site-packages/airflow/example_dags/example_kubernetes_executor.py took 0.105 seconds
[2021-03-23 20:30:01,275] {scheduler_job.py:182} INFO - Started process (PID=14475) to work on /Users/harika/Desktop/CSYE_7245/Assignment2/pipeline/MyEnv/lib/python3.7/site-packages/airflow/example_dags/example_kubernetes_executor.py
[2021-03-23 20:30:01,277] {scheduler_job.py:629} INFO - Processing file /Users/harika/Desktop/CSYE_7245/Assignment2/pipeline/MyEnv/lib/python3.7/site-packages/airflow/example_dags/example_kubernetes_executor.py for tasks to queue
[2021-03-23 20:30:01,279] {logging_mixin.py:104} INFO - [2021-03-23 20:30:01,278] {dagbag.py:448} INFO - Filling up the DagBag from /Users/harika/Desktop/CSYE_7245/Assignment2/pipeline/MyEnv/lib/python3.7/site-packages/airflow/example_dags/example_kubernetes_executor.py
[2021-03-23 20:30:01,293] {scheduler_job.py:639} INFO - DAG(s) dict_keys(['example_kubernetes_executor']) retrieved from /Users/harika/Desktop/CSYE_7245/Assignment2/pipeline/MyEnv/lib/python3.7/site-packages/airflow/example_dags/example_kubernetes_executor.py
[2021-03-23 20:30:01,310] {logging_mixin.py:104} INFO - [2021-03-23 20:30:01,310] {dag.py:1818} INFO - Sync 1 DAGs
[2021-03-23 20:30:01,333] {logging_mixin.py:104} INFO - [2021-03-23 20:30:01,332] {dag.py:2273} INFO - Setting next_dagrun for example_kubernetes_executor to None
[2021-03-23 20:30:01,345] {scheduler_job.py:190} INFO - Processing /Users/harika/Desktop/CSYE_7245/Assignment2/pipeline/MyEnv/lib/python3.7/site-packages/airflow/example_dags/example_kubernetes_executor.py took 0.076 seconds
[2021-03-23 20:30:36,781] {scheduler_job.py:182} INFO - Started process (PID=14507) to work on /Users/harika/Desktop/CSYE_7245/Assignment2/pipeline/MyEnv/lib/python3.7/site-packages/airflow/example_dags/example_kubernetes_executor.py
[2021-03-23 20:30:36,783] {scheduler_job.py:629} INFO - Processing file /Users/harika/Desktop/CSYE_7245/Assignment2/pipeline/MyEnv/lib/python3.7/site-packages/airflow/example_dags/example_kubernetes_executor.py for tasks to queue
[2021-03-23 20:30:36,785] {logging_mixin.py:104} INFO - [2021-03-23 20:30:36,785] {dagbag.py:448} INFO - Filling up the DagBag from /Users/harika/Desktop/CSYE_7245/Assignment2/pipeline/MyEnv/lib/python3.7/site-packages/airflow/example_dags/example_kubernetes_executor.py
[2021-03-23 20:30:36,797] {scheduler_job.py:639} INFO - DAG(s) dict_keys(['example_kubernetes_executor']) retrieved from /Users/harika/Desktop/CSYE_7245/Assignment2/pipeline/MyEnv/lib/python3.7/site-packages/airflow/example_dags/example_kubernetes_executor.py
[2021-03-23 20:30:36,822] {logging_mixin.py:104} INFO - [2021-03-23 20:30:36,821] {dag.py:1818} INFO - Sync 1 DAGs
[2021-03-23 20:30:36,839] {logging_mixin.py:104} INFO - [2021-03-23 20:30:36,839] {dag.py:2273} INFO - Setting next_dagrun for example_kubernetes_executor to None
[2021-03-23 20:30:36,850] {scheduler_job.py:190} INFO - Processing /Users/harika/Desktop/CSYE_7245/Assignment2/pipeline/MyEnv/lib/python3.7/site-packages/airflow/example_dags/example_kubernetes_executor.py took 0.073 seconds
[2021-03-23 20:31:13,149] {scheduler_job.py:182} INFO - Started process (PID=14539) to work on /Users/harika/Desktop/CSYE_7245/Assignment2/pipeline/MyEnv/lib/python3.7/site-packages/airflow/example_dags/example_kubernetes_executor.py
[2021-03-23 20:31:13,151] {scheduler_job.py:629} INFO - Processing file /Users/harika/Desktop/CSYE_7245/Assignment2/pipeline/MyEnv/lib/python3.7/site-packages/airflow/example_dags/example_kubernetes_executor.py for tasks to queue
[2021-03-23 20:31:13,152] {logging_mixin.py:104} INFO - [2021-03-23 20:31:13,152] {dagbag.py:448} INFO - Filling up the DagBag from /Users/harika/Desktop/CSYE_7245/Assignment2/pipeline/MyEnv/lib/python3.7/site-packages/airflow/example_dags/example_kubernetes_executor.py
[2021-03-23 20:31:13,164] {scheduler_job.py:639} INFO - DAG(s) dict_keys(['example_kubernetes_executor']) retrieved from /Users/harika/Desktop/CSYE_7245/Assignment2/pipeline/MyEnv/lib/python3.7/site-packages/airflow/example_dags/example_kubernetes_executor.py
[2021-03-23 20:31:13,192] {logging_mixin.py:104} INFO - [2021-03-23 20:31:13,189] {dag.py:1818} INFO - Sync 1 DAGs
[2021-03-23 20:31:13,209] {logging_mixin.py:104} INFO - [2021-03-23 20:31:13,209] {dag.py:2273} INFO - Setting next_dagrun for example_kubernetes_executor to None
[2021-03-23 20:31:13,221] {scheduler_job.py:190} INFO - Processing /Users/harika/Desktop/CSYE_7245/Assignment2/pipeline/MyEnv/lib/python3.7/site-packages/airflow/example_dags/example_kubernetes_executor.py took 0.076 seconds
[2021-03-23 21:10:22,646] {scheduler_job.py:182} INFO - Started process (PID=14975) to work on /Users/harika/Desktop/CSYE_7245/Assignment2/pipeline/MyEnv/lib/python3.7/site-packages/airflow/example_dags/example_kubernetes_executor.py
[2021-03-23 21:10:22,649] {scheduler_job.py:629} INFO - Processing file /Users/harika/Desktop/CSYE_7245/Assignment2/pipeline/MyEnv/lib/python3.7/site-packages/airflow/example_dags/example_kubernetes_executor.py for tasks to queue
[2021-03-23 21:10:22,652] {logging_mixin.py:104} INFO - [2021-03-23 21:10:22,651] {dagbag.py:448} INFO - Filling up the DagBag from /Users/harika/Desktop/CSYE_7245/Assignment2/pipeline/MyEnv/lib/python3.7/site-packages/airflow/example_dags/example_kubernetes_executor.py
[2021-03-23 21:10:22,688] {scheduler_job.py:639} INFO - DAG(s) dict_keys(['example_kubernetes_executor']) retrieved from /Users/harika/Desktop/CSYE_7245/Assignment2/pipeline/MyEnv/lib/python3.7/site-packages/airflow/example_dags/example_kubernetes_executor.py
[2021-03-23 21:10:22,721] {logging_mixin.py:104} INFO - [2021-03-23 21:10:22,720] {dag.py:1818} INFO - Sync 1 DAGs
[2021-03-23 21:10:22,749] {logging_mixin.py:104} INFO - [2021-03-23 21:10:22,745] {dag.py:2273} INFO - Setting next_dagrun for example_kubernetes_executor to None
[2021-03-23 21:10:22,766] {scheduler_job.py:190} INFO - Processing /Users/harika/Desktop/CSYE_7245/Assignment2/pipeline/MyEnv/lib/python3.7/site-packages/airflow/example_dags/example_kubernetes_executor.py took 0.130 seconds
[2021-03-23 21:13:22,278] {scheduler_job.py:182} INFO - Started process (PID=15033) to work on /Users/harika/Desktop/CSYE_7245/Assignment2/pipeline/MyEnv/lib/python3.7/site-packages/airflow/example_dags/example_kubernetes_executor.py
[2021-03-23 21:13:22,288] {scheduler_job.py:629} INFO - Processing file /Users/harika/Desktop/CSYE_7245/Assignment2/pipeline/MyEnv/lib/python3.7/site-packages/airflow/example_dags/example_kubernetes_executor.py for tasks to queue
[2021-03-23 21:13:22,291] {logging_mixin.py:104} INFO - [2021-03-23 21:13:22,290] {dagbag.py:448} INFO - Filling up the DagBag from /Users/harika/Desktop/CSYE_7245/Assignment2/pipeline/MyEnv/lib/python3.7/site-packages/airflow/example_dags/example_kubernetes_executor.py
[2021-03-23 21:13:22,311] {scheduler_job.py:639} INFO - DAG(s) dict_keys(['example_kubernetes_executor']) retrieved from /Users/harika/Desktop/CSYE_7245/Assignment2/pipeline/MyEnv/lib/python3.7/site-packages/airflow/example_dags/example_kubernetes_executor.py
[2021-03-23 21:13:22,373] {logging_mixin.py:104} INFO - [2021-03-23 21:13:22,372] {dag.py:1818} INFO - Sync 1 DAGs
[2021-03-23 21:13:22,418] {logging_mixin.py:104} INFO - [2021-03-23 21:13:22,417] {dag.py:2273} INFO - Setting next_dagrun for example_kubernetes_executor to None
[2021-03-23 21:13:22,447] {scheduler_job.py:190} INFO - Processing /Users/harika/Desktop/CSYE_7245/Assignment2/pipeline/MyEnv/lib/python3.7/site-packages/airflow/example_dags/example_kubernetes_executor.py took 0.175 seconds
[2021-03-23 21:14:50,832] {scheduler_job.py:182} INFO - Started process (PID=15098) to work on /Users/harika/Desktop/CSYE_7245/Assignment2/pipeline/MyEnv/lib/python3.7/site-packages/airflow/example_dags/example_kubernetes_executor.py
[2021-03-23 21:14:50,833] {scheduler_job.py:629} INFO - Processing file /Users/harika/Desktop/CSYE_7245/Assignment2/pipeline/MyEnv/lib/python3.7/site-packages/airflow/example_dags/example_kubernetes_executor.py for tasks to queue
[2021-03-23 21:14:50,835] {logging_mixin.py:104} INFO - [2021-03-23 21:14:50,834] {dagbag.py:448} INFO - Filling up the DagBag from /Users/harika/Desktop/CSYE_7245/Assignment2/pipeline/MyEnv/lib/python3.7/site-packages/airflow/example_dags/example_kubernetes_executor.py
[2021-03-23 21:14:50,850] {scheduler_job.py:639} INFO - DAG(s) dict_keys(['example_kubernetes_executor']) retrieved from /Users/harika/Desktop/CSYE_7245/Assignment2/pipeline/MyEnv/lib/python3.7/site-packages/airflow/example_dags/example_kubernetes_executor.py
[2021-03-23 21:14:50,874] {logging_mixin.py:104} INFO - [2021-03-23 21:14:50,873] {dag.py:1818} INFO - Sync 1 DAGs
[2021-03-23 21:14:50,888] {logging_mixin.py:104} INFO - [2021-03-23 21:14:50,887] {dag.py:2273} INFO - Setting next_dagrun for example_kubernetes_executor to None
[2021-03-23 21:14:50,900] {scheduler_job.py:190} INFO - Processing /Users/harika/Desktop/CSYE_7245/Assignment2/pipeline/MyEnv/lib/python3.7/site-packages/airflow/example_dags/example_kubernetes_executor.py took 0.072 seconds
[2021-03-23 21:18:01,571] {scheduler_job.py:182} INFO - Started process (PID=15197) to work on /Users/harika/Desktop/CSYE_7245/Assignment2/pipeline/MyEnv/lib/python3.7/site-packages/airflow/example_dags/example_kubernetes_executor.py
[2021-03-23 21:18:01,573] {scheduler_job.py:629} INFO - Processing file /Users/harika/Desktop/CSYE_7245/Assignment2/pipeline/MyEnv/lib/python3.7/site-packages/airflow/example_dags/example_kubernetes_executor.py for tasks to queue
[2021-03-23 21:18:01,576] {logging_mixin.py:104} INFO - [2021-03-23 21:18:01,575] {dagbag.py:448} INFO - Filling up the DagBag from /Users/harika/Desktop/CSYE_7245/Assignment2/pipeline/MyEnv/lib/python3.7/site-packages/airflow/example_dags/example_kubernetes_executor.py
[2021-03-23 21:18:01,601] {scheduler_job.py:639} INFO - DAG(s) dict_keys(['example_kubernetes_executor']) retrieved from /Users/harika/Desktop/CSYE_7245/Assignment2/pipeline/MyEnv/lib/python3.7/site-packages/airflow/example_dags/example_kubernetes_executor.py
[2021-03-23 21:18:01,631] {logging_mixin.py:104} INFO - [2021-03-23 21:18:01,631] {dag.py:1818} INFO - Sync 1 DAGs
[2021-03-23 21:18:01,645] {logging_mixin.py:104} INFO - [2021-03-23 21:18:01,645] {dag.py:2273} INFO - Setting next_dagrun for example_kubernetes_executor to None
[2021-03-23 21:18:01,669] {scheduler_job.py:190} INFO - Processing /Users/harika/Desktop/CSYE_7245/Assignment2/pipeline/MyEnv/lib/python3.7/site-packages/airflow/example_dags/example_kubernetes_executor.py took 0.103 seconds
[2021-03-23 21:18:33,049] {scheduler_job.py:182} INFO - Started process (PID=15229) to work on /Users/harika/Desktop/CSYE_7245/Assignment2/pipeline/MyEnv/lib/python3.7/site-packages/airflow/example_dags/example_kubernetes_executor.py
[2021-03-23 21:18:33,054] {scheduler_job.py:629} INFO - Processing file /Users/harika/Desktop/CSYE_7245/Assignment2/pipeline/MyEnv/lib/python3.7/site-packages/airflow/example_dags/example_kubernetes_executor.py for tasks to queue
[2021-03-23 21:18:33,056] {logging_mixin.py:104} INFO - [2021-03-23 21:18:33,056] {dagbag.py:448} INFO - Filling up the DagBag from /Users/harika/Desktop/CSYE_7245/Assignment2/pipeline/MyEnv/lib/python3.7/site-packages/airflow/example_dags/example_kubernetes_executor.py
[2021-03-23 21:18:33,068] {scheduler_job.py:639} INFO - DAG(s) dict_keys(['example_kubernetes_executor']) retrieved from /Users/harika/Desktop/CSYE_7245/Assignment2/pipeline/MyEnv/lib/python3.7/site-packages/airflow/example_dags/example_kubernetes_executor.py
[2021-03-23 21:18:33,084] {logging_mixin.py:104} INFO - [2021-03-23 21:18:33,084] {dag.py:1818} INFO - Sync 1 DAGs
[2021-03-23 21:18:33,095] {logging_mixin.py:104} INFO - [2021-03-23 21:18:33,095] {dag.py:2273} INFO - Setting next_dagrun for example_kubernetes_executor to None
[2021-03-23 21:18:33,104] {scheduler_job.py:190} INFO - Processing /Users/harika/Desktop/CSYE_7245/Assignment2/pipeline/MyEnv/lib/python3.7/site-packages/airflow/example_dags/example_kubernetes_executor.py took 0.060 seconds
[2021-03-23 21:19:12,615] {scheduler_job.py:182} INFO - Started process (PID=15259) to work on /Users/harika/Desktop/CSYE_7245/Assignment2/pipeline/MyEnv/lib/python3.7/site-packages/airflow/example_dags/example_kubernetes_executor.py
[2021-03-23 21:19:12,617] {scheduler_job.py:629} INFO - Processing file /Users/harika/Desktop/CSYE_7245/Assignment2/pipeline/MyEnv/lib/python3.7/site-packages/airflow/example_dags/example_kubernetes_executor.py for tasks to queue
[2021-03-23 21:19:12,619] {logging_mixin.py:104} INFO - [2021-03-23 21:19:12,618] {dagbag.py:448} INFO - Filling up the DagBag from /Users/harika/Desktop/CSYE_7245/Assignment2/pipeline/MyEnv/lib/python3.7/site-packages/airflow/example_dags/example_kubernetes_executor.py
[2021-03-23 21:19:12,635] {scheduler_job.py:639} INFO - DAG(s) dict_keys(['example_kubernetes_executor']) retrieved from /Users/harika/Desktop/CSYE_7245/Assignment2/pipeline/MyEnv/lib/python3.7/site-packages/airflow/example_dags/example_kubernetes_executor.py
[2021-03-23 21:19:12,655] {logging_mixin.py:104} INFO - [2021-03-23 21:19:12,654] {dag.py:1818} INFO - Sync 1 DAGs
[2021-03-23 21:19:12,666] {logging_mixin.py:104} INFO - [2021-03-23 21:19:12,665] {dag.py:2273} INFO - Setting next_dagrun for example_kubernetes_executor to None
[2021-03-23 21:19:12,675] {scheduler_job.py:190} INFO - Processing /Users/harika/Desktop/CSYE_7245/Assignment2/pipeline/MyEnv/lib/python3.7/site-packages/airflow/example_dags/example_kubernetes_executor.py took 0.064 seconds
[2021-03-23 21:19:48,934] {scheduler_job.py:182} INFO - Started process (PID=15290) to work on /Users/harika/Desktop/CSYE_7245/Assignment2/pipeline/MyEnv/lib/python3.7/site-packages/airflow/example_dags/example_kubernetes_executor.py
[2021-03-23 21:19:48,937] {scheduler_job.py:629} INFO - Processing file /Users/harika/Desktop/CSYE_7245/Assignment2/pipeline/MyEnv/lib/python3.7/site-packages/airflow/example_dags/example_kubernetes_executor.py for tasks to queue
[2021-03-23 21:19:48,939] {logging_mixin.py:104} INFO - [2021-03-23 21:19:48,939] {dagbag.py:448} INFO - Filling up the DagBag from /Users/harika/Desktop/CSYE_7245/Assignment2/pipeline/MyEnv/lib/python3.7/site-packages/airflow/example_dags/example_kubernetes_executor.py
[2021-03-23 21:19:48,969] {scheduler_job.py:639} INFO - DAG(s) dict_keys(['example_kubernetes_executor']) retrieved from /Users/harika/Desktop/CSYE_7245/Assignment2/pipeline/MyEnv/lib/python3.7/site-packages/airflow/example_dags/example_kubernetes_executor.py
[2021-03-23 21:19:49,006] {logging_mixin.py:104} INFO - [2021-03-23 21:19:49,005] {dag.py:1818} INFO - Sync 1 DAGs
[2021-03-23 21:19:49,040] {logging_mixin.py:104} INFO - [2021-03-23 21:19:49,038] {dag.py:2273} INFO - Setting next_dagrun for example_kubernetes_executor to None
[2021-03-23 21:19:49,080] {scheduler_job.py:190} INFO - Processing /Users/harika/Desktop/CSYE_7245/Assignment2/pipeline/MyEnv/lib/python3.7/site-packages/airflow/example_dags/example_kubernetes_executor.py took 0.152 seconds
[2021-03-24 00:03:03,786] {scheduler_job.py:182} INFO - Started process (PID=16949) to work on /Users/harika/Desktop/CSYE_7245/Assignment2/pipeline/MyEnv/lib/python3.7/site-packages/airflow/example_dags/example_kubernetes_executor.py
[2021-03-24 00:03:03,789] {scheduler_job.py:629} INFO - Processing file /Users/harika/Desktop/CSYE_7245/Assignment2/pipeline/MyEnv/lib/python3.7/site-packages/airflow/example_dags/example_kubernetes_executor.py for tasks to queue
[2021-03-24 00:03:03,791] {logging_mixin.py:104} INFO - [2021-03-24 00:03:03,791] {dagbag.py:448} INFO - Filling up the DagBag from /Users/harika/Desktop/CSYE_7245/Assignment2/pipeline/MyEnv/lib/python3.7/site-packages/airflow/example_dags/example_kubernetes_executor.py
[2021-03-24 00:03:03,816] {scheduler_job.py:639} INFO - DAG(s) dict_keys(['example_kubernetes_executor']) retrieved from /Users/harika/Desktop/CSYE_7245/Assignment2/pipeline/MyEnv/lib/python3.7/site-packages/airflow/example_dags/example_kubernetes_executor.py
[2021-03-24 00:03:03,841] {logging_mixin.py:104} INFO - [2021-03-24 00:03:03,840] {dag.py:1818} INFO - Sync 1 DAGs
[2021-03-24 00:03:03,857] {logging_mixin.py:104} INFO - [2021-03-24 00:03:03,857] {dag.py:2273} INFO - Setting next_dagrun for example_kubernetes_executor to None
[2021-03-24 00:03:03,879] {scheduler_job.py:190} INFO - Processing /Users/harika/Desktop/CSYE_7245/Assignment2/pipeline/MyEnv/lib/python3.7/site-packages/airflow/example_dags/example_kubernetes_executor.py took 0.099 seconds
[2021-03-24 00:03:45,005] {scheduler_job.py:182} INFO - Started process (PID=16982) to work on /Users/harika/Desktop/CSYE_7245/Assignment2/pipeline/MyEnv/lib/python3.7/site-packages/airflow/example_dags/example_kubernetes_executor.py
[2021-03-24 00:03:45,007] {scheduler_job.py:629} INFO - Processing file /Users/harika/Desktop/CSYE_7245/Assignment2/pipeline/MyEnv/lib/python3.7/site-packages/airflow/example_dags/example_kubernetes_executor.py for tasks to queue
[2021-03-24 00:03:45,010] {logging_mixin.py:104} INFO - [2021-03-24 00:03:45,009] {dagbag.py:448} INFO - Filling up the DagBag from /Users/harika/Desktop/CSYE_7245/Assignment2/pipeline/MyEnv/lib/python3.7/site-packages/airflow/example_dags/example_kubernetes_executor.py
[2021-03-24 00:03:45,027] {scheduler_job.py:639} INFO - DAG(s) dict_keys(['example_kubernetes_executor']) retrieved from /Users/harika/Desktop/CSYE_7245/Assignment2/pipeline/MyEnv/lib/python3.7/site-packages/airflow/example_dags/example_kubernetes_executor.py
[2021-03-24 00:03:45,044] {logging_mixin.py:104} INFO - [2021-03-24 00:03:45,043] {dag.py:1818} INFO - Sync 1 DAGs
[2021-03-24 00:03:45,057] {logging_mixin.py:104} INFO - [2021-03-24 00:03:45,056] {dag.py:2273} INFO - Setting next_dagrun for example_kubernetes_executor to None
[2021-03-24 00:03:45,066] {scheduler_job.py:190} INFO - Processing /Users/harika/Desktop/CSYE_7245/Assignment2/pipeline/MyEnv/lib/python3.7/site-packages/airflow/example_dags/example_kubernetes_executor.py took 0.066 seconds
[2021-03-24 00:04:27,394] {scheduler_job.py:182} INFO - Started process (PID=17012) to work on /Users/harika/Desktop/CSYE_7245/Assignment2/pipeline/MyEnv/lib/python3.7/site-packages/airflow/example_dags/example_kubernetes_executor.py
[2021-03-24 00:04:27,396] {scheduler_job.py:629} INFO - Processing file /Users/harika/Desktop/CSYE_7245/Assignment2/pipeline/MyEnv/lib/python3.7/site-packages/airflow/example_dags/example_kubernetes_executor.py for tasks to queue
[2021-03-24 00:04:27,397] {logging_mixin.py:104} INFO - [2021-03-24 00:04:27,397] {dagbag.py:448} INFO - Filling up the DagBag from /Users/harika/Desktop/CSYE_7245/Assignment2/pipeline/MyEnv/lib/python3.7/site-packages/airflow/example_dags/example_kubernetes_executor.py
[2021-03-24 00:04:27,414] {scheduler_job.py:639} INFO - DAG(s) dict_keys(['example_kubernetes_executor']) retrieved from /Users/harika/Desktop/CSYE_7245/Assignment2/pipeline/MyEnv/lib/python3.7/site-packages/airflow/example_dags/example_kubernetes_executor.py
[2021-03-24 00:04:27,430] {logging_mixin.py:104} INFO - [2021-03-24 00:04:27,429] {dag.py:1818} INFO - Sync 1 DAGs
[2021-03-24 00:04:27,442] {logging_mixin.py:104} INFO - [2021-03-24 00:04:27,441] {dag.py:2273} INFO - Setting next_dagrun for example_kubernetes_executor to None
[2021-03-24 00:04:27,450] {scheduler_job.py:190} INFO - Processing /Users/harika/Desktop/CSYE_7245/Assignment2/pipeline/MyEnv/lib/python3.7/site-packages/airflow/example_dags/example_kubernetes_executor.py took 0.060 seconds
[2021-03-24 00:04:58,897] {scheduler_job.py:182} INFO - Started process (PID=17039) to work on /Users/harika/Desktop/CSYE_7245/Assignment2/pipeline/MyEnv/lib/python3.7/site-packages/airflow/example_dags/example_kubernetes_executor.py
[2021-03-24 00:04:58,899] {scheduler_job.py:629} INFO - Processing file /Users/harika/Desktop/CSYE_7245/Assignment2/pipeline/MyEnv/lib/python3.7/site-packages/airflow/example_dags/example_kubernetes_executor.py for tasks to queue
[2021-03-24 00:04:58,900] {logging_mixin.py:104} INFO - [2021-03-24 00:04:58,899] {dagbag.py:448} INFO - Filling up the DagBag from /Users/harika/Desktop/CSYE_7245/Assignment2/pipeline/MyEnv/lib/python3.7/site-packages/airflow/example_dags/example_kubernetes_executor.py
[2021-03-24 00:04:58,914] {scheduler_job.py:639} INFO - DAG(s) dict_keys(['example_kubernetes_executor']) retrieved from /Users/harika/Desktop/CSYE_7245/Assignment2/pipeline/MyEnv/lib/python3.7/site-packages/airflow/example_dags/example_kubernetes_executor.py
[2021-03-24 00:04:58,930] {logging_mixin.py:104} INFO - [2021-03-24 00:04:58,929] {dag.py:1818} INFO - Sync 1 DAGs
[2021-03-24 00:04:58,942] {logging_mixin.py:104} INFO - [2021-03-24 00:04:58,941] {dag.py:2273} INFO - Setting next_dagrun for example_kubernetes_executor to None
[2021-03-24 00:04:58,950] {scheduler_job.py:190} INFO - Processing /Users/harika/Desktop/CSYE_7245/Assignment2/pipeline/MyEnv/lib/python3.7/site-packages/airflow/example_dags/example_kubernetes_executor.py took 0.057 seconds
[2021-03-24 00:06:03,978] {scheduler_job.py:182} INFO - Started process (PID=17098) to work on /Users/harika/Desktop/CSYE_7245/Assignment2/pipeline/MyEnv/lib/python3.7/site-packages/airflow/example_dags/example_kubernetes_executor.py
[2021-03-24 00:06:03,980] {scheduler_job.py:629} INFO - Processing file /Users/harika/Desktop/CSYE_7245/Assignment2/pipeline/MyEnv/lib/python3.7/site-packages/airflow/example_dags/example_kubernetes_executor.py for tasks to queue
[2021-03-24 00:06:03,983] {logging_mixin.py:104} INFO - [2021-03-24 00:06:03,983] {dagbag.py:448} INFO - Filling up the DagBag from /Users/harika/Desktop/CSYE_7245/Assignment2/pipeline/MyEnv/lib/python3.7/site-packages/airflow/example_dags/example_kubernetes_executor.py
[2021-03-24 00:06:04,000] {scheduler_job.py:639} INFO - DAG(s) dict_keys(['example_kubernetes_executor']) retrieved from /Users/harika/Desktop/CSYE_7245/Assignment2/pipeline/MyEnv/lib/python3.7/site-packages/airflow/example_dags/example_kubernetes_executor.py
[2021-03-24 00:06:04,022] {logging_mixin.py:104} INFO - [2021-03-24 00:06:04,021] {dag.py:1818} INFO - Sync 1 DAGs
[2021-03-24 00:06:04,037] {logging_mixin.py:104} INFO - [2021-03-24 00:06:04,037] {dag.py:2273} INFO - Setting next_dagrun for example_kubernetes_executor to None
[2021-03-24 00:06:04,051] {scheduler_job.py:190} INFO - Processing /Users/harika/Desktop/CSYE_7245/Assignment2/pipeline/MyEnv/lib/python3.7/site-packages/airflow/example_dags/example_kubernetes_executor.py took 0.078 seconds
[2021-03-24 01:02:34,883] {scheduler_job.py:182} INFO - Started process (PID=17430) to work on /Users/harika/Desktop/CSYE_7245/Assignment2/pipeline/MyEnv/lib/python3.7/site-packages/airflow/example_dags/example_kubernetes_executor.py
[2021-03-24 01:02:34,887] {scheduler_job.py:629} INFO - Processing file /Users/harika/Desktop/CSYE_7245/Assignment2/pipeline/MyEnv/lib/python3.7/site-packages/airflow/example_dags/example_kubernetes_executor.py for tasks to queue
[2021-03-24 01:02:34,889] {logging_mixin.py:104} INFO - [2021-03-24 01:02:34,888] {dagbag.py:448} INFO - Filling up the DagBag from /Users/harika/Desktop/CSYE_7245/Assignment2/pipeline/MyEnv/lib/python3.7/site-packages/airflow/example_dags/example_kubernetes_executor.py
[2021-03-24 01:02:34,899] {scheduler_job.py:639} INFO - DAG(s) dict_keys(['example_kubernetes_executor']) retrieved from /Users/harika/Desktop/CSYE_7245/Assignment2/pipeline/MyEnv/lib/python3.7/site-packages/airflow/example_dags/example_kubernetes_executor.py
[2021-03-24 01:02:34,919] {logging_mixin.py:104} INFO - [2021-03-24 01:02:34,918] {dag.py:1818} INFO - Sync 1 DAGs
[2021-03-24 01:02:34,933] {logging_mixin.py:104} INFO - [2021-03-24 01:02:34,932] {dag.py:2273} INFO - Setting next_dagrun for example_kubernetes_executor to None
[2021-03-24 01:02:34,942] {scheduler_job.py:190} INFO - Processing /Users/harika/Desktop/CSYE_7245/Assignment2/pipeline/MyEnv/lib/python3.7/site-packages/airflow/example_dags/example_kubernetes_executor.py took 0.062 seconds
[2021-03-24 01:03:07,672] {scheduler_job.py:182} INFO - Started process (PID=17470) to work on /Users/harika/Desktop/CSYE_7245/Assignment2/pipeline/MyEnv/lib/python3.7/site-packages/airflow/example_dags/example_kubernetes_executor.py
[2021-03-24 01:03:07,673] {scheduler_job.py:629} INFO - Processing file /Users/harika/Desktop/CSYE_7245/Assignment2/pipeline/MyEnv/lib/python3.7/site-packages/airflow/example_dags/example_kubernetes_executor.py for tasks to queue
[2021-03-24 01:03:07,675] {logging_mixin.py:104} INFO - [2021-03-24 01:03:07,674] {dagbag.py:448} INFO - Filling up the DagBag from /Users/harika/Desktop/CSYE_7245/Assignment2/pipeline/MyEnv/lib/python3.7/site-packages/airflow/example_dags/example_kubernetes_executor.py
[2021-03-24 01:03:07,686] {scheduler_job.py:639} INFO - DAG(s) dict_keys(['example_kubernetes_executor']) retrieved from /Users/harika/Desktop/CSYE_7245/Assignment2/pipeline/MyEnv/lib/python3.7/site-packages/airflow/example_dags/example_kubernetes_executor.py
[2021-03-24 01:03:07,706] {logging_mixin.py:104} INFO - [2021-03-24 01:03:07,705] {dag.py:1818} INFO - Sync 1 DAGs
[2021-03-24 01:03:07,720] {logging_mixin.py:104} INFO - [2021-03-24 01:03:07,719] {dag.py:2273} INFO - Setting next_dagrun for example_kubernetes_executor to None
[2021-03-24 01:03:07,728] {scheduler_job.py:190} INFO - Processing /Users/harika/Desktop/CSYE_7245/Assignment2/pipeline/MyEnv/lib/python3.7/site-packages/airflow/example_dags/example_kubernetes_executor.py took 0.060 seconds
[2021-03-24 01:03:44,147] {scheduler_job.py:182} INFO - Started process (PID=17511) to work on /Users/harika/Desktop/CSYE_7245/Assignment2/pipeline/MyEnv/lib/python3.7/site-packages/airflow/example_dags/example_kubernetes_executor.py
[2021-03-24 01:03:44,149] {scheduler_job.py:629} INFO - Processing file /Users/harika/Desktop/CSYE_7245/Assignment2/pipeline/MyEnv/lib/python3.7/site-packages/airflow/example_dags/example_kubernetes_executor.py for tasks to queue
[2021-03-24 01:03:44,151] {logging_mixin.py:104} INFO - [2021-03-24 01:03:44,151] {dagbag.py:448} INFO - Filling up the DagBag from /Users/harika/Desktop/CSYE_7245/Assignment2/pipeline/MyEnv/lib/python3.7/site-packages/airflow/example_dags/example_kubernetes_executor.py
[2021-03-24 01:03:44,160] {scheduler_job.py:639} INFO - DAG(s) dict_keys(['example_kubernetes_executor']) retrieved from /Users/harika/Desktop/CSYE_7245/Assignment2/pipeline/MyEnv/lib/python3.7/site-packages/airflow/example_dags/example_kubernetes_executor.py
[2021-03-24 01:03:44,175] {logging_mixin.py:104} INFO - [2021-03-24 01:03:44,175] {dag.py:1818} INFO - Sync 1 DAGs
[2021-03-24 01:03:44,186] {logging_mixin.py:104} INFO - [2021-03-24 01:03:44,186] {dag.py:2273} INFO - Setting next_dagrun for example_kubernetes_executor to None
[2021-03-24 01:03:44,194] {scheduler_job.py:190} INFO - Processing /Users/harika/Desktop/CSYE_7245/Assignment2/pipeline/MyEnv/lib/python3.7/site-packages/airflow/example_dags/example_kubernetes_executor.py took 0.051 seconds
[2021-03-24 01:04:20,309] {scheduler_job.py:182} INFO - Started process (PID=17560) to work on /Users/harika/Desktop/CSYE_7245/Assignment2/pipeline/MyEnv/lib/python3.7/site-packages/airflow/example_dags/example_kubernetes_executor.py
[2021-03-24 01:04:20,311] {scheduler_job.py:629} INFO - Processing file /Users/harika/Desktop/CSYE_7245/Assignment2/pipeline/MyEnv/lib/python3.7/site-packages/airflow/example_dags/example_kubernetes_executor.py for tasks to queue
[2021-03-24 01:04:20,313] {logging_mixin.py:104} INFO - [2021-03-24 01:04:20,313] {dagbag.py:448} INFO - Filling up the DagBag from /Users/harika/Desktop/CSYE_7245/Assignment2/pipeline/MyEnv/lib/python3.7/site-packages/airflow/example_dags/example_kubernetes_executor.py
[2021-03-24 01:04:20,321] {scheduler_job.py:639} INFO - DAG(s) dict_keys(['example_kubernetes_executor']) retrieved from /Users/harika/Desktop/CSYE_7245/Assignment2/pipeline/MyEnv/lib/python3.7/site-packages/airflow/example_dags/example_kubernetes_executor.py
[2021-03-24 01:04:20,335] {logging_mixin.py:104} INFO - [2021-03-24 01:04:20,335] {dag.py:1818} INFO - Sync 1 DAGs
[2021-03-24 01:04:20,345] {logging_mixin.py:104} INFO - [2021-03-24 01:04:20,345] {dag.py:2273} INFO - Setting next_dagrun for example_kubernetes_executor to None
[2021-03-24 01:04:20,353] {scheduler_job.py:190} INFO - Processing /Users/harika/Desktop/CSYE_7245/Assignment2/pipeline/MyEnv/lib/python3.7/site-packages/airflow/example_dags/example_kubernetes_executor.py took 0.047 seconds
[2021-03-24 01:04:54,305] {scheduler_job.py:182} INFO - Started process (PID=17653) to work on /Users/harika/Desktop/CSYE_7245/Assignment2/pipeline/MyEnv/lib/python3.7/site-packages/airflow/example_dags/example_kubernetes_executor.py
[2021-03-24 01:04:54,307] {scheduler_job.py:629} INFO - Processing file /Users/harika/Desktop/CSYE_7245/Assignment2/pipeline/MyEnv/lib/python3.7/site-packages/airflow/example_dags/example_kubernetes_executor.py for tasks to queue
[2021-03-24 01:04:54,308] {logging_mixin.py:104} INFO - [2021-03-24 01:04:54,308] {dagbag.py:448} INFO - Filling up the DagBag from /Users/harika/Desktop/CSYE_7245/Assignment2/pipeline/MyEnv/lib/python3.7/site-packages/airflow/example_dags/example_kubernetes_executor.py
[2021-03-24 01:04:54,317] {scheduler_job.py:639} INFO - DAG(s) dict_keys(['example_kubernetes_executor']) retrieved from /Users/harika/Desktop/CSYE_7245/Assignment2/pipeline/MyEnv/lib/python3.7/site-packages/airflow/example_dags/example_kubernetes_executor.py
[2021-03-24 01:04:54,330] {logging_mixin.py:104} INFO - [2021-03-24 01:04:54,329] {dag.py:1818} INFO - Sync 1 DAGs
[2021-03-24 01:04:54,340] {logging_mixin.py:104} INFO - [2021-03-24 01:04:54,340] {dag.py:2273} INFO - Setting next_dagrun for example_kubernetes_executor to None
[2021-03-24 01:04:54,348] {scheduler_job.py:190} INFO - Processing /Users/harika/Desktop/CSYE_7245/Assignment2/pipeline/MyEnv/lib/python3.7/site-packages/airflow/example_dags/example_kubernetes_executor.py took 0.046 seconds
