[2021-03-23 20:14:29,958] {scheduler_job.py:182} INFO - Started process (PID=14174) to work on /Users/harika/Desktop/CSYE_7245/Assignment2/pipeline/MyEnv/lib/python3.7/site-packages/airflow/example_dags/example_xcomargs.py
[2021-03-23 20:14:29,962] {scheduler_job.py:629} INFO - Processing file /Users/harika/Desktop/CSYE_7245/Assignment2/pipeline/MyEnv/lib/python3.7/site-packages/airflow/example_dags/example_xcomargs.py for tasks to queue
[2021-03-23 20:14:29,966] {logging_mixin.py:104} INFO - [2021-03-23 20:14:29,964] {dagbag.py:448} INFO - Filling up the DagBag from /Users/harika/Desktop/CSYE_7245/Assignment2/pipeline/MyEnv/lib/python3.7/site-packages/airflow/example_dags/example_xcomargs.py
[2021-03-23 20:14:30,005] {scheduler_job.py:639} INFO - DAG(s) dict_keys(['example_xcom_args', 'example_xcom_args_with_operators']) retrieved from /Users/harika/Desktop/CSYE_7245/Assignment2/pipeline/MyEnv/lib/python3.7/site-packages/airflow/example_dags/example_xcomargs.py
[2021-03-23 20:14:30,120] {logging_mixin.py:104} INFO - [2021-03-23 20:14:30,119] {dag.py:1818} INFO - Sync 2 DAGs
[2021-03-23 20:14:30,161] {logging_mixin.py:104} INFO - [2021-03-23 20:14:30,159] {dag.py:2273} INFO - Setting next_dagrun for example_xcom_args to None
[2021-03-23 20:14:30,170] {logging_mixin.py:104} INFO - [2021-03-23 20:14:30,169] {dag.py:2273} INFO - Setting next_dagrun for example_xcom_args_with_operators to None
[2021-03-23 20:14:30,215] {scheduler_job.py:190} INFO - Processing /Users/harika/Desktop/CSYE_7245/Assignment2/pipeline/MyEnv/lib/python3.7/site-packages/airflow/example_dags/example_xcomargs.py took 0.265 seconds
[2021-03-23 20:25:24,362] {scheduler_job.py:182} INFO - Started process (PID=14310) to work on /Users/harika/Desktop/CSYE_7245/Assignment2/pipeline/MyEnv/lib/python3.7/site-packages/airflow/example_dags/example_xcomargs.py
[2021-03-23 20:25:24,366] {scheduler_job.py:629} INFO - Processing file /Users/harika/Desktop/CSYE_7245/Assignment2/pipeline/MyEnv/lib/python3.7/site-packages/airflow/example_dags/example_xcomargs.py for tasks to queue
[2021-03-23 20:25:24,369] {logging_mixin.py:104} INFO - [2021-03-23 20:25:24,368] {dagbag.py:448} INFO - Filling up the DagBag from /Users/harika/Desktop/CSYE_7245/Assignment2/pipeline/MyEnv/lib/python3.7/site-packages/airflow/example_dags/example_xcomargs.py
[2021-03-23 20:25:24,404] {scheduler_job.py:639} INFO - DAG(s) dict_keys(['example_xcom_args', 'example_xcom_args_with_operators']) retrieved from /Users/harika/Desktop/CSYE_7245/Assignment2/pipeline/MyEnv/lib/python3.7/site-packages/airflow/example_dags/example_xcomargs.py
[2021-03-23 20:25:24,455] {logging_mixin.py:104} INFO - [2021-03-23 20:25:24,455] {dag.py:1818} INFO - Sync 2 DAGs
[2021-03-23 20:25:24,494] {logging_mixin.py:104} INFO - [2021-03-23 20:25:24,491] {dag.py:2273} INFO - Setting next_dagrun for example_xcom_args to None
[2021-03-23 20:25:24,498] {logging_mixin.py:104} INFO - [2021-03-23 20:25:24,497] {dag.py:2273} INFO - Setting next_dagrun for example_xcom_args_with_operators to None
[2021-03-23 20:25:24,534] {scheduler_job.py:190} INFO - Processing /Users/harika/Desktop/CSYE_7245/Assignment2/pipeline/MyEnv/lib/python3.7/site-packages/airflow/example_dags/example_xcomargs.py took 0.177 seconds
[2021-03-23 20:27:52,587] {scheduler_job.py:182} INFO - Started process (PID=14367) to work on /Users/harika/Desktop/CSYE_7245/Assignment2/pipeline/MyEnv/lib/python3.7/site-packages/airflow/example_dags/example_xcomargs.py
[2021-03-23 20:27:52,589] {scheduler_job.py:629} INFO - Processing file /Users/harika/Desktop/CSYE_7245/Assignment2/pipeline/MyEnv/lib/python3.7/site-packages/airflow/example_dags/example_xcomargs.py for tasks to queue
[2021-03-23 20:27:52,591] {logging_mixin.py:104} INFO - [2021-03-23 20:27:52,591] {dagbag.py:448} INFO - Filling up the DagBag from /Users/harika/Desktop/CSYE_7245/Assignment2/pipeline/MyEnv/lib/python3.7/site-packages/airflow/example_dags/example_xcomargs.py
[2021-03-23 20:27:52,620] {scheduler_job.py:639} INFO - DAG(s) dict_keys(['example_xcom_args', 'example_xcom_args_with_operators']) retrieved from /Users/harika/Desktop/CSYE_7245/Assignment2/pipeline/MyEnv/lib/python3.7/site-packages/airflow/example_dags/example_xcomargs.py
[2021-03-23 20:27:52,651] {logging_mixin.py:104} INFO - [2021-03-23 20:27:52,650] {dag.py:1818} INFO - Sync 2 DAGs
[2021-03-23 20:27:52,664] {logging_mixin.py:104} INFO - [2021-03-23 20:27:52,663] {dag.py:2273} INFO - Setting next_dagrun for example_xcom_args to None
[2021-03-23 20:27:52,666] {logging_mixin.py:104} INFO - [2021-03-23 20:27:52,665] {dag.py:2273} INFO - Setting next_dagrun for example_xcom_args_with_operators to None
[2021-03-23 20:27:52,686] {scheduler_job.py:190} INFO - Processing /Users/harika/Desktop/CSYE_7245/Assignment2/pipeline/MyEnv/lib/python3.7/site-packages/airflow/example_dags/example_xcomargs.py took 0.104 seconds
[2021-03-23 20:28:27,022] {scheduler_job.py:182} INFO - Started process (PID=14401) to work on /Users/harika/Desktop/CSYE_7245/Assignment2/pipeline/MyEnv/lib/python3.7/site-packages/airflow/example_dags/example_xcomargs.py
[2021-03-23 20:28:27,024] {scheduler_job.py:629} INFO - Processing file /Users/harika/Desktop/CSYE_7245/Assignment2/pipeline/MyEnv/lib/python3.7/site-packages/airflow/example_dags/example_xcomargs.py for tasks to queue
[2021-03-23 20:28:27,025] {logging_mixin.py:104} INFO - [2021-03-23 20:28:27,025] {dagbag.py:448} INFO - Filling up the DagBag from /Users/harika/Desktop/CSYE_7245/Assignment2/pipeline/MyEnv/lib/python3.7/site-packages/airflow/example_dags/example_xcomargs.py
[2021-03-23 20:28:27,036] {scheduler_job.py:639} INFO - DAG(s) dict_keys(['example_xcom_args', 'example_xcom_args_with_operators']) retrieved from /Users/harika/Desktop/CSYE_7245/Assignment2/pipeline/MyEnv/lib/python3.7/site-packages/airflow/example_dags/example_xcomargs.py
[2021-03-23 20:28:27,065] {logging_mixin.py:104} INFO - [2021-03-23 20:28:27,065] {dag.py:1818} INFO - Sync 2 DAGs
[2021-03-23 20:28:27,078] {logging_mixin.py:104} INFO - [2021-03-23 20:28:27,078] {dag.py:2273} INFO - Setting next_dagrun for example_xcom_args to None
[2021-03-23 20:28:27,080] {logging_mixin.py:104} INFO - [2021-03-23 20:28:27,079] {dag.py:2273} INFO - Setting next_dagrun for example_xcom_args_with_operators to None
[2021-03-23 20:28:27,092] {scheduler_job.py:190} INFO - Processing /Users/harika/Desktop/CSYE_7245/Assignment2/pipeline/MyEnv/lib/python3.7/site-packages/airflow/example_dags/example_xcomargs.py took 0.073 seconds
[2021-03-23 20:29:00,182] {scheduler_job.py:182} INFO - Started process (PID=14428) to work on /Users/harika/Desktop/CSYE_7245/Assignment2/pipeline/MyEnv/lib/python3.7/site-packages/airflow/example_dags/example_xcomargs.py
[2021-03-23 20:29:00,186] {scheduler_job.py:629} INFO - Processing file /Users/harika/Desktop/CSYE_7245/Assignment2/pipeline/MyEnv/lib/python3.7/site-packages/airflow/example_dags/example_xcomargs.py for tasks to queue
[2021-03-23 20:29:00,189] {logging_mixin.py:104} INFO - [2021-03-23 20:29:00,189] {dagbag.py:448} INFO - Filling up the DagBag from /Users/harika/Desktop/CSYE_7245/Assignment2/pipeline/MyEnv/lib/python3.7/site-packages/airflow/example_dags/example_xcomargs.py
[2021-03-23 20:29:00,201] {scheduler_job.py:639} INFO - DAG(s) dict_keys(['example_xcom_args', 'example_xcom_args_with_operators']) retrieved from /Users/harika/Desktop/CSYE_7245/Assignment2/pipeline/MyEnv/lib/python3.7/site-packages/airflow/example_dags/example_xcomargs.py
[2021-03-23 20:29:00,223] {logging_mixin.py:104} INFO - [2021-03-23 20:29:00,223] {dag.py:1818} INFO - Sync 2 DAGs
[2021-03-23 20:29:00,245] {logging_mixin.py:104} INFO - [2021-03-23 20:29:00,245] {dag.py:2273} INFO - Setting next_dagrun for example_xcom_args to None
[2021-03-23 20:29:00,248] {logging_mixin.py:104} INFO - [2021-03-23 20:29:00,247] {dag.py:2273} INFO - Setting next_dagrun for example_xcom_args_with_operators to None
[2021-03-23 20:29:00,262] {scheduler_job.py:190} INFO - Processing /Users/harika/Desktop/CSYE_7245/Assignment2/pipeline/MyEnv/lib/python3.7/site-packages/airflow/example_dags/example_xcomargs.py took 0.083 seconds
[2021-03-23 20:29:39,149] {scheduler_job.py:182} INFO - Started process (PID=14458) to work on /Users/harika/Desktop/CSYE_7245/Assignment2/pipeline/MyEnv/lib/python3.7/site-packages/airflow/example_dags/example_xcomargs.py
[2021-03-23 20:29:39,151] {scheduler_job.py:629} INFO - Processing file /Users/harika/Desktop/CSYE_7245/Assignment2/pipeline/MyEnv/lib/python3.7/site-packages/airflow/example_dags/example_xcomargs.py for tasks to queue
[2021-03-23 20:29:39,153] {logging_mixin.py:104} INFO - [2021-03-23 20:29:39,152] {dagbag.py:448} INFO - Filling up the DagBag from /Users/harika/Desktop/CSYE_7245/Assignment2/pipeline/MyEnv/lib/python3.7/site-packages/airflow/example_dags/example_xcomargs.py
[2021-03-23 20:29:39,165] {scheduler_job.py:639} INFO - DAG(s) dict_keys(['example_xcom_args', 'example_xcom_args_with_operators']) retrieved from /Users/harika/Desktop/CSYE_7245/Assignment2/pipeline/MyEnv/lib/python3.7/site-packages/airflow/example_dags/example_xcomargs.py
[2021-03-23 20:29:39,192] {logging_mixin.py:104} INFO - [2021-03-23 20:29:39,192] {dag.py:1818} INFO - Sync 2 DAGs
[2021-03-23 20:29:39,207] {logging_mixin.py:104} INFO - [2021-03-23 20:29:39,207] {dag.py:2273} INFO - Setting next_dagrun for example_xcom_args to None
[2021-03-23 20:29:39,210] {logging_mixin.py:104} INFO - [2021-03-23 20:29:39,209] {dag.py:2273} INFO - Setting next_dagrun for example_xcom_args_with_operators to None
[2021-03-23 20:29:39,223] {scheduler_job.py:190} INFO - Processing /Users/harika/Desktop/CSYE_7245/Assignment2/pipeline/MyEnv/lib/python3.7/site-packages/airflow/example_dags/example_xcomargs.py took 0.077 seconds
[2021-03-23 20:30:17,150] {scheduler_job.py:182} INFO - Started process (PID=14496) to work on /Users/harika/Desktop/CSYE_7245/Assignment2/pipeline/MyEnv/lib/python3.7/site-packages/airflow/example_dags/example_xcomargs.py
[2021-03-23 20:30:17,153] {scheduler_job.py:629} INFO - Processing file /Users/harika/Desktop/CSYE_7245/Assignment2/pipeline/MyEnv/lib/python3.7/site-packages/airflow/example_dags/example_xcomargs.py for tasks to queue
[2021-03-23 20:30:17,154] {logging_mixin.py:104} INFO - [2021-03-23 20:30:17,154] {dagbag.py:448} INFO - Filling up the DagBag from /Users/harika/Desktop/CSYE_7245/Assignment2/pipeline/MyEnv/lib/python3.7/site-packages/airflow/example_dags/example_xcomargs.py
[2021-03-23 20:30:17,170] {scheduler_job.py:639} INFO - DAG(s) dict_keys(['example_xcom_args', 'example_xcom_args_with_operators']) retrieved from /Users/harika/Desktop/CSYE_7245/Assignment2/pipeline/MyEnv/lib/python3.7/site-packages/airflow/example_dags/example_xcomargs.py
[2021-03-23 20:30:17,203] {logging_mixin.py:104} INFO - [2021-03-23 20:30:17,201] {dag.py:1818} INFO - Sync 2 DAGs
[2021-03-23 20:30:17,233] {logging_mixin.py:104} INFO - [2021-03-23 20:30:17,232] {dag.py:2273} INFO - Setting next_dagrun for example_xcom_args to None
[2021-03-23 20:30:17,237] {logging_mixin.py:104} INFO - [2021-03-23 20:30:17,236] {dag.py:2273} INFO - Setting next_dagrun for example_xcom_args_with_operators to None
[2021-03-23 20:30:17,254] {scheduler_job.py:190} INFO - Processing /Users/harika/Desktop/CSYE_7245/Assignment2/pipeline/MyEnv/lib/python3.7/site-packages/airflow/example_dags/example_xcomargs.py took 0.109 seconds
[2021-03-23 20:30:52,656] {scheduler_job.py:182} INFO - Started process (PID=14523) to work on /Users/harika/Desktop/CSYE_7245/Assignment2/pipeline/MyEnv/lib/python3.7/site-packages/airflow/example_dags/example_xcomargs.py
[2021-03-23 20:30:52,660] {scheduler_job.py:629} INFO - Processing file /Users/harika/Desktop/CSYE_7245/Assignment2/pipeline/MyEnv/lib/python3.7/site-packages/airflow/example_dags/example_xcomargs.py for tasks to queue
[2021-03-23 20:30:52,662] {logging_mixin.py:104} INFO - [2021-03-23 20:30:52,661] {dagbag.py:448} INFO - Filling up the DagBag from /Users/harika/Desktop/CSYE_7245/Assignment2/pipeline/MyEnv/lib/python3.7/site-packages/airflow/example_dags/example_xcomargs.py
[2021-03-23 20:30:52,674] {scheduler_job.py:639} INFO - DAG(s) dict_keys(['example_xcom_args', 'example_xcom_args_with_operators']) retrieved from /Users/harika/Desktop/CSYE_7245/Assignment2/pipeline/MyEnv/lib/python3.7/site-packages/airflow/example_dags/example_xcomargs.py
[2021-03-23 20:30:52,704] {logging_mixin.py:104} INFO - [2021-03-23 20:30:52,703] {dag.py:1818} INFO - Sync 2 DAGs
[2021-03-23 20:30:52,717] {logging_mixin.py:104} INFO - [2021-03-23 20:30:52,717] {dag.py:2273} INFO - Setting next_dagrun for example_xcom_args to None
[2021-03-23 20:30:52,719] {logging_mixin.py:104} INFO - [2021-03-23 20:30:52,718] {dag.py:2273} INFO - Setting next_dagrun for example_xcom_args_with_operators to None
[2021-03-23 20:30:52,731] {scheduler_job.py:190} INFO - Processing /Users/harika/Desktop/CSYE_7245/Assignment2/pipeline/MyEnv/lib/python3.7/site-packages/airflow/example_dags/example_xcomargs.py took 0.078 seconds
[2021-03-23 21:09:45,523] {scheduler_job.py:182} INFO - Started process (PID=14949) to work on /Users/harika/Desktop/CSYE_7245/Assignment2/pipeline/MyEnv/lib/python3.7/site-packages/airflow/example_dags/example_xcomargs.py
[2021-03-23 21:09:45,527] {scheduler_job.py:629} INFO - Processing file /Users/harika/Desktop/CSYE_7245/Assignment2/pipeline/MyEnv/lib/python3.7/site-packages/airflow/example_dags/example_xcomargs.py for tasks to queue
[2021-03-23 21:09:45,536] {logging_mixin.py:104} INFO - [2021-03-23 21:09:45,535] {dagbag.py:448} INFO - Filling up the DagBag from /Users/harika/Desktop/CSYE_7245/Assignment2/pipeline/MyEnv/lib/python3.7/site-packages/airflow/example_dags/example_xcomargs.py
[2021-03-23 21:09:45,618] {scheduler_job.py:639} INFO - DAG(s) dict_keys(['example_xcom_args', 'example_xcom_args_with_operators']) retrieved from /Users/harika/Desktop/CSYE_7245/Assignment2/pipeline/MyEnv/lib/python3.7/site-packages/airflow/example_dags/example_xcomargs.py
[2021-03-23 21:09:45,799] {logging_mixin.py:104} INFO - [2021-03-23 21:09:45,797] {dag.py:1818} INFO - Sync 2 DAGs
[2021-03-23 21:09:45,892] {logging_mixin.py:104} INFO - [2021-03-23 21:09:45,891] {dag.py:2273} INFO - Setting next_dagrun for example_xcom_args to None
[2021-03-23 21:09:45,895] {logging_mixin.py:104} INFO - [2021-03-23 21:09:45,894] {dag.py:2273} INFO - Setting next_dagrun for example_xcom_args_with_operators to None
[2021-03-23 21:09:45,932] {scheduler_job.py:190} INFO - Processing /Users/harika/Desktop/CSYE_7245/Assignment2/pipeline/MyEnv/lib/python3.7/site-packages/airflow/example_dags/example_xcomargs.py took 0.417 seconds
[2021-03-23 21:12:58,134] {scheduler_job.py:182} INFO - Started process (PID=15019) to work on /Users/harika/Desktop/CSYE_7245/Assignment2/pipeline/MyEnv/lib/python3.7/site-packages/airflow/example_dags/example_xcomargs.py
[2021-03-23 21:12:58,137] {scheduler_job.py:629} INFO - Processing file /Users/harika/Desktop/CSYE_7245/Assignment2/pipeline/MyEnv/lib/python3.7/site-packages/airflow/example_dags/example_xcomargs.py for tasks to queue
[2021-03-23 21:12:58,139] {logging_mixin.py:104} INFO - [2021-03-23 21:12:58,138] {dagbag.py:448} INFO - Filling up the DagBag from /Users/harika/Desktop/CSYE_7245/Assignment2/pipeline/MyEnv/lib/python3.7/site-packages/airflow/example_dags/example_xcomargs.py
[2021-03-23 21:12:58,158] {scheduler_job.py:639} INFO - DAG(s) dict_keys(['example_xcom_args', 'example_xcom_args_with_operators']) retrieved from /Users/harika/Desktop/CSYE_7245/Assignment2/pipeline/MyEnv/lib/python3.7/site-packages/airflow/example_dags/example_xcomargs.py
[2021-03-23 21:12:58,182] {logging_mixin.py:104} INFO - [2021-03-23 21:12:58,181] {dag.py:1818} INFO - Sync 2 DAGs
[2021-03-23 21:12:58,284] {logging_mixin.py:104} INFO - [2021-03-23 21:12:58,283] {dag.py:2273} INFO - Setting next_dagrun for example_xcom_args to None
[2021-03-23 21:12:58,288] {logging_mixin.py:104} INFO - [2021-03-23 21:12:58,286] {dag.py:2273} INFO - Setting next_dagrun for example_xcom_args_with_operators to None
[2021-03-23 21:12:58,348] {scheduler_job.py:190} INFO - Processing /Users/harika/Desktop/CSYE_7245/Assignment2/pipeline/MyEnv/lib/python3.7/site-packages/airflow/example_dags/example_xcomargs.py took 0.218 seconds
[2021-03-23 21:13:44,253] {scheduler_job.py:182} INFO - Started process (PID=15056) to work on /Users/harika/Desktop/CSYE_7245/Assignment2/pipeline/MyEnv/lib/python3.7/site-packages/airflow/example_dags/example_xcomargs.py
[2021-03-23 21:13:44,255] {scheduler_job.py:629} INFO - Processing file /Users/harika/Desktop/CSYE_7245/Assignment2/pipeline/MyEnv/lib/python3.7/site-packages/airflow/example_dags/example_xcomargs.py for tasks to queue
[2021-03-23 21:13:44,257] {logging_mixin.py:104} INFO - [2021-03-23 21:13:44,257] {dagbag.py:448} INFO - Filling up the DagBag from /Users/harika/Desktop/CSYE_7245/Assignment2/pipeline/MyEnv/lib/python3.7/site-packages/airflow/example_dags/example_xcomargs.py
[2021-03-23 21:13:44,270] {scheduler_job.py:639} INFO - DAG(s) dict_keys(['example_xcom_args', 'example_xcom_args_with_operators']) retrieved from /Users/harika/Desktop/CSYE_7245/Assignment2/pipeline/MyEnv/lib/python3.7/site-packages/airflow/example_dags/example_xcomargs.py
[2021-03-23 21:13:44,300] {logging_mixin.py:104} INFO - [2021-03-23 21:13:44,300] {dag.py:1818} INFO - Sync 2 DAGs
[2021-03-23 21:13:44,311] {logging_mixin.py:104} INFO - [2021-03-23 21:13:44,311] {dag.py:2273} INFO - Setting next_dagrun for example_xcom_args to None
[2021-03-23 21:13:44,313] {logging_mixin.py:104} INFO - [2021-03-23 21:13:44,313] {dag.py:2273} INFO - Setting next_dagrun for example_xcom_args_with_operators to None
[2021-03-23 21:13:44,327] {scheduler_job.py:190} INFO - Processing /Users/harika/Desktop/CSYE_7245/Assignment2/pipeline/MyEnv/lib/python3.7/site-packages/airflow/example_dags/example_xcomargs.py took 0.077 seconds
[2021-03-23 21:14:39,591] {scheduler_job.py:182} INFO - Started process (PID=15083) to work on /Users/harika/Desktop/CSYE_7245/Assignment2/pipeline/MyEnv/lib/python3.7/site-packages/airflow/example_dags/example_xcomargs.py
[2021-03-23 21:14:39,593] {scheduler_job.py:629} INFO - Processing file /Users/harika/Desktop/CSYE_7245/Assignment2/pipeline/MyEnv/lib/python3.7/site-packages/airflow/example_dags/example_xcomargs.py for tasks to queue
[2021-03-23 21:14:39,595] {logging_mixin.py:104} INFO - [2021-03-23 21:14:39,594] {dagbag.py:448} INFO - Filling up the DagBag from /Users/harika/Desktop/CSYE_7245/Assignment2/pipeline/MyEnv/lib/python3.7/site-packages/airflow/example_dags/example_xcomargs.py
[2021-03-23 21:14:39,637] {scheduler_job.py:639} INFO - DAG(s) dict_keys(['example_xcom_args', 'example_xcom_args_with_operators']) retrieved from /Users/harika/Desktop/CSYE_7245/Assignment2/pipeline/MyEnv/lib/python3.7/site-packages/airflow/example_dags/example_xcomargs.py
[2021-03-23 21:14:39,666] {logging_mixin.py:104} INFO - [2021-03-23 21:14:39,666] {dag.py:1818} INFO - Sync 2 DAGs
[2021-03-23 21:14:39,695] {logging_mixin.py:104} INFO - [2021-03-23 21:14:39,694] {dag.py:2273} INFO - Setting next_dagrun for example_xcom_args to None
[2021-03-23 21:14:39,697] {logging_mixin.py:104} INFO - [2021-03-23 21:14:39,696] {dag.py:2273} INFO - Setting next_dagrun for example_xcom_args_with_operators to None
[2021-03-23 21:14:39,715] {scheduler_job.py:190} INFO - Processing /Users/harika/Desktop/CSYE_7245/Assignment2/pipeline/MyEnv/lib/python3.7/site-packages/airflow/example_dags/example_xcomargs.py took 0.128 seconds
[2021-03-23 21:18:11,008] {scheduler_job.py:182} INFO - Started process (PID=15208) to work on /Users/harika/Desktop/CSYE_7245/Assignment2/pipeline/MyEnv/lib/python3.7/site-packages/airflow/example_dags/example_xcomargs.py
[2021-03-23 21:18:11,012] {scheduler_job.py:629} INFO - Processing file /Users/harika/Desktop/CSYE_7245/Assignment2/pipeline/MyEnv/lib/python3.7/site-packages/airflow/example_dags/example_xcomargs.py for tasks to queue
[2021-03-23 21:18:11,016] {logging_mixin.py:104} INFO - [2021-03-23 21:18:11,014] {dagbag.py:448} INFO - Filling up the DagBag from /Users/harika/Desktop/CSYE_7245/Assignment2/pipeline/MyEnv/lib/python3.7/site-packages/airflow/example_dags/example_xcomargs.py
[2021-03-23 21:18:11,080] {scheduler_job.py:639} INFO - DAG(s) dict_keys(['example_xcom_args', 'example_xcom_args_with_operators']) retrieved from /Users/harika/Desktop/CSYE_7245/Assignment2/pipeline/MyEnv/lib/python3.7/site-packages/airflow/example_dags/example_xcomargs.py
[2021-03-23 21:18:11,158] {logging_mixin.py:104} INFO - [2021-03-23 21:18:11,156] {dag.py:1818} INFO - Sync 2 DAGs
[2021-03-23 21:18:11,205] {logging_mixin.py:104} INFO - [2021-03-23 21:18:11,204] {dag.py:2273} INFO - Setting next_dagrun for example_xcom_args to None
[2021-03-23 21:18:11,209] {logging_mixin.py:104} INFO - [2021-03-23 21:18:11,207] {dag.py:2273} INFO - Setting next_dagrun for example_xcom_args_with_operators to None
[2021-03-23 21:18:11,243] {scheduler_job.py:190} INFO - Processing /Users/harika/Desktop/CSYE_7245/Assignment2/pipeline/MyEnv/lib/python3.7/site-packages/airflow/example_dags/example_xcomargs.py took 0.249 seconds
[2021-03-23 21:18:49,683] {scheduler_job.py:182} INFO - Started process (PID=15246) to work on /Users/harika/Desktop/CSYE_7245/Assignment2/pipeline/MyEnv/lib/python3.7/site-packages/airflow/example_dags/example_xcomargs.py
[2021-03-23 21:18:49,697] {scheduler_job.py:629} INFO - Processing file /Users/harika/Desktop/CSYE_7245/Assignment2/pipeline/MyEnv/lib/python3.7/site-packages/airflow/example_dags/example_xcomargs.py for tasks to queue
[2021-03-23 21:18:49,701] {logging_mixin.py:104} INFO - [2021-03-23 21:18:49,700] {dagbag.py:448} INFO - Filling up the DagBag from /Users/harika/Desktop/CSYE_7245/Assignment2/pipeline/MyEnv/lib/python3.7/site-packages/airflow/example_dags/example_xcomargs.py
[2021-03-23 21:18:49,743] {scheduler_job.py:639} INFO - DAG(s) dict_keys(['example_xcom_args', 'example_xcom_args_with_operators']) retrieved from /Users/harika/Desktop/CSYE_7245/Assignment2/pipeline/MyEnv/lib/python3.7/site-packages/airflow/example_dags/example_xcomargs.py
[2021-03-23 21:18:49,839] {logging_mixin.py:104} INFO - [2021-03-23 21:18:49,838] {dag.py:1818} INFO - Sync 2 DAGs
[2021-03-23 21:18:49,878] {logging_mixin.py:104} INFO - [2021-03-23 21:18:49,878] {dag.py:2273} INFO - Setting next_dagrun for example_xcom_args to None
[2021-03-23 21:18:49,884] {logging_mixin.py:104} INFO - [2021-03-23 21:18:49,883] {dag.py:2273} INFO - Setting next_dagrun for example_xcom_args_with_operators to None
[2021-03-23 21:18:49,922] {scheduler_job.py:190} INFO - Processing /Users/harika/Desktop/CSYE_7245/Assignment2/pipeline/MyEnv/lib/python3.7/site-packages/airflow/example_dags/example_xcomargs.py took 0.259 seconds
[2021-03-23 21:19:28,638] {scheduler_job.py:182} INFO - Started process (PID=15276) to work on /Users/harika/Desktop/CSYE_7245/Assignment2/pipeline/MyEnv/lib/python3.7/site-packages/airflow/example_dags/example_xcomargs.py
[2021-03-23 21:19:28,642] {scheduler_job.py:629} INFO - Processing file /Users/harika/Desktop/CSYE_7245/Assignment2/pipeline/MyEnv/lib/python3.7/site-packages/airflow/example_dags/example_xcomargs.py for tasks to queue
[2021-03-23 21:19:28,644] {logging_mixin.py:104} INFO - [2021-03-23 21:19:28,644] {dagbag.py:448} INFO - Filling up the DagBag from /Users/harika/Desktop/CSYE_7245/Assignment2/pipeline/MyEnv/lib/python3.7/site-packages/airflow/example_dags/example_xcomargs.py
[2021-03-23 21:19:28,656] {scheduler_job.py:639} INFO - DAG(s) dict_keys(['example_xcom_args', 'example_xcom_args_with_operators']) retrieved from /Users/harika/Desktop/CSYE_7245/Assignment2/pipeline/MyEnv/lib/python3.7/site-packages/airflow/example_dags/example_xcomargs.py
[2021-03-23 21:19:28,682] {logging_mixin.py:104} INFO - [2021-03-23 21:19:28,682] {dag.py:1818} INFO - Sync 2 DAGs
[2021-03-23 21:19:28,697] {logging_mixin.py:104} INFO - [2021-03-23 21:19:28,697] {dag.py:2273} INFO - Setting next_dagrun for example_xcom_args to None
[2021-03-23 21:19:28,700] {logging_mixin.py:104} INFO - [2021-03-23 21:19:28,699] {dag.py:2273} INFO - Setting next_dagrun for example_xcom_args_with_operators to None
[2021-03-23 21:19:28,717] {scheduler_job.py:190} INFO - Processing /Users/harika/Desktop/CSYE_7245/Assignment2/pipeline/MyEnv/lib/python3.7/site-packages/airflow/example_dags/example_xcomargs.py took 0.084 seconds
[2021-03-24 00:02:49,278] {scheduler_job.py:182} INFO - Started process (PID=16942) to work on /Users/harika/Desktop/CSYE_7245/Assignment2/pipeline/MyEnv/lib/python3.7/site-packages/airflow/example_dags/example_xcomargs.py
[2021-03-24 00:02:49,281] {scheduler_job.py:629} INFO - Processing file /Users/harika/Desktop/CSYE_7245/Assignment2/pipeline/MyEnv/lib/python3.7/site-packages/airflow/example_dags/example_xcomargs.py for tasks to queue
[2021-03-24 00:02:49,283] {logging_mixin.py:104} INFO - [2021-03-24 00:02:49,282] {dagbag.py:448} INFO - Filling up the DagBag from /Users/harika/Desktop/CSYE_7245/Assignment2/pipeline/MyEnv/lib/python3.7/site-packages/airflow/example_dags/example_xcomargs.py
[2021-03-24 00:02:49,299] {scheduler_job.py:639} INFO - DAG(s) dict_keys(['example_xcom_args', 'example_xcom_args_with_operators']) retrieved from /Users/harika/Desktop/CSYE_7245/Assignment2/pipeline/MyEnv/lib/python3.7/site-packages/airflow/example_dags/example_xcomargs.py
[2021-03-24 00:02:49,322] {logging_mixin.py:104} INFO - [2021-03-24 00:02:49,321] {dag.py:1818} INFO - Sync 2 DAGs
[2021-03-24 00:02:49,336] {logging_mixin.py:104} INFO - [2021-03-24 00:02:49,336] {dag.py:2273} INFO - Setting next_dagrun for example_xcom_args to None
[2021-03-24 00:02:49,338] {logging_mixin.py:104} INFO - [2021-03-24 00:02:49,338] {dag.py:2273} INFO - Setting next_dagrun for example_xcom_args_with_operators to None
[2021-03-24 00:02:49,351] {scheduler_job.py:190} INFO - Processing /Users/harika/Desktop/CSYE_7245/Assignment2/pipeline/MyEnv/lib/python3.7/site-packages/airflow/example_dags/example_xcomargs.py took 0.077 seconds
[2021-03-24 00:03:25,746] {scheduler_job.py:182} INFO - Started process (PID=16972) to work on /Users/harika/Desktop/CSYE_7245/Assignment2/pipeline/MyEnv/lib/python3.7/site-packages/airflow/example_dags/example_xcomargs.py
[2021-03-24 00:03:25,749] {scheduler_job.py:629} INFO - Processing file /Users/harika/Desktop/CSYE_7245/Assignment2/pipeline/MyEnv/lib/python3.7/site-packages/airflow/example_dags/example_xcomargs.py for tasks to queue
[2021-03-24 00:03:25,751] {logging_mixin.py:104} INFO - [2021-03-24 00:03:25,750] {dagbag.py:448} INFO - Filling up the DagBag from /Users/harika/Desktop/CSYE_7245/Assignment2/pipeline/MyEnv/lib/python3.7/site-packages/airflow/example_dags/example_xcomargs.py
[2021-03-24 00:03:25,770] {scheduler_job.py:639} INFO - DAG(s) dict_keys(['example_xcom_args', 'example_xcom_args_with_operators']) retrieved from /Users/harika/Desktop/CSYE_7245/Assignment2/pipeline/MyEnv/lib/python3.7/site-packages/airflow/example_dags/example_xcomargs.py
[2021-03-24 00:03:25,795] {logging_mixin.py:104} INFO - [2021-03-24 00:03:25,795] {dag.py:1818} INFO - Sync 2 DAGs
[2021-03-24 00:03:25,809] {logging_mixin.py:104} INFO - [2021-03-24 00:03:25,809] {dag.py:2273} INFO - Setting next_dagrun for example_xcom_args to None
[2021-03-24 00:03:25,811] {logging_mixin.py:104} INFO - [2021-03-24 00:03:25,811] {dag.py:2273} INFO - Setting next_dagrun for example_xcom_args_with_operators to None
[2021-03-24 00:03:25,824] {scheduler_job.py:190} INFO - Processing /Users/harika/Desktop/CSYE_7245/Assignment2/pipeline/MyEnv/lib/python3.7/site-packages/airflow/example_dags/example_xcomargs.py took 0.083 seconds
[2021-03-24 00:04:01,816] {scheduler_job.py:182} INFO - Started process (PID=17000) to work on /Users/harika/Desktop/CSYE_7245/Assignment2/pipeline/MyEnv/lib/python3.7/site-packages/airflow/example_dags/example_xcomargs.py
[2021-03-24 00:04:01,847] {scheduler_job.py:629} INFO - Processing file /Users/harika/Desktop/CSYE_7245/Assignment2/pipeline/MyEnv/lib/python3.7/site-packages/airflow/example_dags/example_xcomargs.py for tasks to queue
[2021-03-24 00:04:01,863] {logging_mixin.py:104} INFO - [2021-03-24 00:04:01,862] {dagbag.py:448} INFO - Filling up the DagBag from /Users/harika/Desktop/CSYE_7245/Assignment2/pipeline/MyEnv/lib/python3.7/site-packages/airflow/example_dags/example_xcomargs.py
[2021-03-24 00:04:01,983] {scheduler_job.py:639} INFO - DAG(s) dict_keys(['example_xcom_args', 'example_xcom_args_with_operators']) retrieved from /Users/harika/Desktop/CSYE_7245/Assignment2/pipeline/MyEnv/lib/python3.7/site-packages/airflow/example_dags/example_xcomargs.py
[2021-03-24 00:04:02,088] {logging_mixin.py:104} INFO - [2021-03-24 00:04:02,088] {dag.py:1818} INFO - Sync 2 DAGs
[2021-03-24 00:04:02,112] {logging_mixin.py:104} INFO - [2021-03-24 00:04:02,111] {dag.py:2273} INFO - Setting next_dagrun for example_xcom_args to None
[2021-03-24 00:04:02,115] {logging_mixin.py:104} INFO - [2021-03-24 00:04:02,114] {dag.py:2273} INFO - Setting next_dagrun for example_xcom_args_with_operators to None
[2021-03-24 00:04:02,137] {scheduler_job.py:190} INFO - Processing /Users/harika/Desktop/CSYE_7245/Assignment2/pipeline/MyEnv/lib/python3.7/site-packages/airflow/example_dags/example_xcomargs.py took 0.341 seconds
[2021-03-24 00:04:46,722] {scheduler_job.py:182} INFO - Started process (PID=17033) to work on /Users/harika/Desktop/CSYE_7245/Assignment2/pipeline/MyEnv/lib/python3.7/site-packages/airflow/example_dags/example_xcomargs.py
[2021-03-24 00:04:46,723] {scheduler_job.py:629} INFO - Processing file /Users/harika/Desktop/CSYE_7245/Assignment2/pipeline/MyEnv/lib/python3.7/site-packages/airflow/example_dags/example_xcomargs.py for tasks to queue
[2021-03-24 00:04:46,725] {logging_mixin.py:104} INFO - [2021-03-24 00:04:46,724] {dagbag.py:448} INFO - Filling up the DagBag from /Users/harika/Desktop/CSYE_7245/Assignment2/pipeline/MyEnv/lib/python3.7/site-packages/airflow/example_dags/example_xcomargs.py
[2021-03-24 00:04:46,741] {scheduler_job.py:639} INFO - DAG(s) dict_keys(['example_xcom_args', 'example_xcom_args_with_operators']) retrieved from /Users/harika/Desktop/CSYE_7245/Assignment2/pipeline/MyEnv/lib/python3.7/site-packages/airflow/example_dags/example_xcomargs.py
[2021-03-24 00:04:46,762] {logging_mixin.py:104} INFO - [2021-03-24 00:04:46,762] {dag.py:1818} INFO - Sync 2 DAGs
[2021-03-24 00:04:46,774] {logging_mixin.py:104} INFO - [2021-03-24 00:04:46,774] {dag.py:2273} INFO - Setting next_dagrun for example_xcom_args to None
[2021-03-24 00:04:46,775] {logging_mixin.py:104} INFO - [2021-03-24 00:04:46,775] {dag.py:2273} INFO - Setting next_dagrun for example_xcom_args_with_operators to None
[2021-03-24 00:04:46,787] {scheduler_job.py:190} INFO - Processing /Users/harika/Desktop/CSYE_7245/Assignment2/pipeline/MyEnv/lib/python3.7/site-packages/airflow/example_dags/example_xcomargs.py took 0.070 seconds
[2021-03-24 00:05:19,501] {scheduler_job.py:182} INFO - Started process (PID=17062) to work on /Users/harika/Desktop/CSYE_7245/Assignment2/pipeline/MyEnv/lib/python3.7/site-packages/airflow/example_dags/example_xcomargs.py
[2021-03-24 00:05:19,503] {scheduler_job.py:629} INFO - Processing file /Users/harika/Desktop/CSYE_7245/Assignment2/pipeline/MyEnv/lib/python3.7/site-packages/airflow/example_dags/example_xcomargs.py for tasks to queue
[2021-03-24 00:05:19,504] {logging_mixin.py:104} INFO - [2021-03-24 00:05:19,504] {dagbag.py:448} INFO - Filling up the DagBag from /Users/harika/Desktop/CSYE_7245/Assignment2/pipeline/MyEnv/lib/python3.7/site-packages/airflow/example_dags/example_xcomargs.py
[2021-03-24 00:05:19,520] {scheduler_job.py:639} INFO - DAG(s) dict_keys(['example_xcom_args', 'example_xcom_args_with_operators']) retrieved from /Users/harika/Desktop/CSYE_7245/Assignment2/pipeline/MyEnv/lib/python3.7/site-packages/airflow/example_dags/example_xcomargs.py
[2021-03-24 00:05:19,540] {logging_mixin.py:104} INFO - [2021-03-24 00:05:19,539] {dag.py:1818} INFO - Sync 2 DAGs
[2021-03-24 00:05:19,554] {logging_mixin.py:104} INFO - [2021-03-24 00:05:19,554] {dag.py:2273} INFO - Setting next_dagrun for example_xcom_args to None
[2021-03-24 00:05:19,556] {logging_mixin.py:104} INFO - [2021-03-24 00:05:19,555] {dag.py:2273} INFO - Setting next_dagrun for example_xcom_args_with_operators to None
[2021-03-24 00:05:19,568] {scheduler_job.py:190} INFO - Processing /Users/harika/Desktop/CSYE_7245/Assignment2/pipeline/MyEnv/lib/python3.7/site-packages/airflow/example_dags/example_xcomargs.py took 0.071 seconds
[2021-03-24 00:05:58,016] {scheduler_job.py:182} INFO - Started process (PID=17093) to work on /Users/harika/Desktop/CSYE_7245/Assignment2/pipeline/MyEnv/lib/python3.7/site-packages/airflow/example_dags/example_xcomargs.py
[2021-03-24 00:05:58,019] {scheduler_job.py:629} INFO - Processing file /Users/harika/Desktop/CSYE_7245/Assignment2/pipeline/MyEnv/lib/python3.7/site-packages/airflow/example_dags/example_xcomargs.py for tasks to queue
[2021-03-24 00:05:58,021] {logging_mixin.py:104} INFO - [2021-03-24 00:05:58,020] {dagbag.py:448} INFO - Filling up the DagBag from /Users/harika/Desktop/CSYE_7245/Assignment2/pipeline/MyEnv/lib/python3.7/site-packages/airflow/example_dags/example_xcomargs.py
[2021-03-24 00:05:58,047] {scheduler_job.py:639} INFO - DAG(s) dict_keys(['example_xcom_args', 'example_xcom_args_with_operators']) retrieved from /Users/harika/Desktop/CSYE_7245/Assignment2/pipeline/MyEnv/lib/python3.7/site-packages/airflow/example_dags/example_xcomargs.py
[2021-03-24 00:05:58,085] {logging_mixin.py:104} INFO - [2021-03-24 00:05:58,084] {dag.py:1818} INFO - Sync 2 DAGs
[2021-03-24 00:05:58,104] {logging_mixin.py:104} INFO - [2021-03-24 00:05:58,103] {dag.py:2273} INFO - Setting next_dagrun for example_xcom_args to None
[2021-03-24 00:05:58,107] {logging_mixin.py:104} INFO - [2021-03-24 00:05:58,106] {dag.py:2273} INFO - Setting next_dagrun for example_xcom_args_with_operators to None
[2021-03-24 00:05:58,125] {scheduler_job.py:190} INFO - Processing /Users/harika/Desktop/CSYE_7245/Assignment2/pipeline/MyEnv/lib/python3.7/site-packages/airflow/example_dags/example_xcomargs.py took 0.115 seconds
[2021-03-24 01:02:29,929] {scheduler_job.py:182} INFO - Started process (PID=17424) to work on /Users/harika/Desktop/CSYE_7245/Assignment2/pipeline/MyEnv/lib/python3.7/site-packages/airflow/example_dags/example_xcomargs.py
[2021-03-24 01:02:29,931] {scheduler_job.py:629} INFO - Processing file /Users/harika/Desktop/CSYE_7245/Assignment2/pipeline/MyEnv/lib/python3.7/site-packages/airflow/example_dags/example_xcomargs.py for tasks to queue
[2021-03-24 01:02:29,932] {logging_mixin.py:104} INFO - [2021-03-24 01:02:29,932] {dagbag.py:448} INFO - Filling up the DagBag from /Users/harika/Desktop/CSYE_7245/Assignment2/pipeline/MyEnv/lib/python3.7/site-packages/airflow/example_dags/example_xcomargs.py
[2021-03-24 01:02:29,943] {scheduler_job.py:639} INFO - DAG(s) dict_keys(['example_xcom_args', 'example_xcom_args_with_operators']) retrieved from /Users/harika/Desktop/CSYE_7245/Assignment2/pipeline/MyEnv/lib/python3.7/site-packages/airflow/example_dags/example_xcomargs.py
[2021-03-24 01:02:29,964] {logging_mixin.py:104} INFO - [2021-03-24 01:02:29,964] {dag.py:1818} INFO - Sync 2 DAGs
[2021-03-24 01:02:29,976] {logging_mixin.py:104} INFO - [2021-03-24 01:02:29,975] {dag.py:2273} INFO - Setting next_dagrun for example_xcom_args to None
[2021-03-24 01:02:29,977] {logging_mixin.py:104} INFO - [2021-03-24 01:02:29,977] {dag.py:2273} INFO - Setting next_dagrun for example_xcom_args_with_operators to None
[2021-03-24 01:02:29,989] {scheduler_job.py:190} INFO - Processing /Users/harika/Desktop/CSYE_7245/Assignment2/pipeline/MyEnv/lib/python3.7/site-packages/airflow/example_dags/example_xcomargs.py took 0.064 seconds
[2021-03-24 01:03:01,399] {scheduler_job.py:182} INFO - Started process (PID=17464) to work on /Users/harika/Desktop/CSYE_7245/Assignment2/pipeline/MyEnv/lib/python3.7/site-packages/airflow/example_dags/example_xcomargs.py
[2021-03-24 01:03:01,402] {scheduler_job.py:629} INFO - Processing file /Users/harika/Desktop/CSYE_7245/Assignment2/pipeline/MyEnv/lib/python3.7/site-packages/airflow/example_dags/example_xcomargs.py for tasks to queue
[2021-03-24 01:03:01,404] {logging_mixin.py:104} INFO - [2021-03-24 01:03:01,404] {dagbag.py:448} INFO - Filling up the DagBag from /Users/harika/Desktop/CSYE_7245/Assignment2/pipeline/MyEnv/lib/python3.7/site-packages/airflow/example_dags/example_xcomargs.py
[2021-03-24 01:03:01,419] {scheduler_job.py:639} INFO - DAG(s) dict_keys(['example_xcom_args', 'example_xcom_args_with_operators']) retrieved from /Users/harika/Desktop/CSYE_7245/Assignment2/pipeline/MyEnv/lib/python3.7/site-packages/airflow/example_dags/example_xcomargs.py
[2021-03-24 01:03:01,446] {logging_mixin.py:104} INFO - [2021-03-24 01:03:01,445] {dag.py:1818} INFO - Sync 2 DAGs
[2021-03-24 01:03:01,465] {logging_mixin.py:104} INFO - [2021-03-24 01:03:01,464] {dag.py:2273} INFO - Setting next_dagrun for example_xcom_args to None
[2021-03-24 01:03:01,467] {logging_mixin.py:104} INFO - [2021-03-24 01:03:01,466] {dag.py:2273} INFO - Setting next_dagrun for example_xcom_args_with_operators to None
[2021-03-24 01:03:01,480] {scheduler_job.py:190} INFO - Processing /Users/harika/Desktop/CSYE_7245/Assignment2/pipeline/MyEnv/lib/python3.7/site-packages/airflow/example_dags/example_xcomargs.py took 0.085 seconds
[2021-03-24 01:03:38,994] {scheduler_job.py:182} INFO - Started process (PID=17506) to work on /Users/harika/Desktop/CSYE_7245/Assignment2/pipeline/MyEnv/lib/python3.7/site-packages/airflow/example_dags/example_xcomargs.py
[2021-03-24 01:03:38,997] {scheduler_job.py:629} INFO - Processing file /Users/harika/Desktop/CSYE_7245/Assignment2/pipeline/MyEnv/lib/python3.7/site-packages/airflow/example_dags/example_xcomargs.py for tasks to queue
[2021-03-24 01:03:38,998] {logging_mixin.py:104} INFO - [2021-03-24 01:03:38,998] {dagbag.py:448} INFO - Filling up the DagBag from /Users/harika/Desktop/CSYE_7245/Assignment2/pipeline/MyEnv/lib/python3.7/site-packages/airflow/example_dags/example_xcomargs.py
[2021-03-24 01:03:39,009] {scheduler_job.py:639} INFO - DAG(s) dict_keys(['example_xcom_args', 'example_xcom_args_with_operators']) retrieved from /Users/harika/Desktop/CSYE_7245/Assignment2/pipeline/MyEnv/lib/python3.7/site-packages/airflow/example_dags/example_xcomargs.py
[2021-03-24 01:03:39,030] {logging_mixin.py:104} INFO - [2021-03-24 01:03:39,030] {dag.py:1818} INFO - Sync 2 DAGs
[2021-03-24 01:03:39,041] {logging_mixin.py:104} INFO - [2021-03-24 01:03:39,040] {dag.py:2273} INFO - Setting next_dagrun for example_xcom_args to None
[2021-03-24 01:03:39,042] {logging_mixin.py:104} INFO - [2021-03-24 01:03:39,042] {dag.py:2273} INFO - Setting next_dagrun for example_xcom_args_with_operators to None
[2021-03-24 01:03:39,054] {scheduler_job.py:190} INFO - Processing /Users/harika/Desktop/CSYE_7245/Assignment2/pipeline/MyEnv/lib/python3.7/site-packages/airflow/example_dags/example_xcomargs.py took 0.063 seconds
[2021-03-24 01:04:15,725] {scheduler_job.py:182} INFO - Started process (PID=17553) to work on /Users/harika/Desktop/CSYE_7245/Assignment2/pipeline/MyEnv/lib/python3.7/site-packages/airflow/example_dags/example_xcomargs.py
[2021-03-24 01:04:15,727] {scheduler_job.py:629} INFO - Processing file /Users/harika/Desktop/CSYE_7245/Assignment2/pipeline/MyEnv/lib/python3.7/site-packages/airflow/example_dags/example_xcomargs.py for tasks to queue
[2021-03-24 01:04:15,728] {logging_mixin.py:104} INFO - [2021-03-24 01:04:15,728] {dagbag.py:448} INFO - Filling up the DagBag from /Users/harika/Desktop/CSYE_7245/Assignment2/pipeline/MyEnv/lib/python3.7/site-packages/airflow/example_dags/example_xcomargs.py
[2021-03-24 01:04:15,741] {scheduler_job.py:639} INFO - DAG(s) dict_keys(['example_xcom_args', 'example_xcom_args_with_operators']) retrieved from /Users/harika/Desktop/CSYE_7245/Assignment2/pipeline/MyEnv/lib/python3.7/site-packages/airflow/example_dags/example_xcomargs.py
[2021-03-24 01:04:15,770] {logging_mixin.py:104} INFO - [2021-03-24 01:04:15,770] {dag.py:1818} INFO - Sync 2 DAGs
[2021-03-24 01:04:15,782] {logging_mixin.py:104} INFO - [2021-03-24 01:04:15,781] {dag.py:2273} INFO - Setting next_dagrun for example_xcom_args to None
[2021-03-24 01:04:15,784] {logging_mixin.py:104} INFO - [2021-03-24 01:04:15,783] {dag.py:2273} INFO - Setting next_dagrun for example_xcom_args_with_operators to None
[2021-03-24 01:04:15,795] {scheduler_job.py:190} INFO - Processing /Users/harika/Desktop/CSYE_7245/Assignment2/pipeline/MyEnv/lib/python3.7/site-packages/airflow/example_dags/example_xcomargs.py took 0.074 seconds
[2021-03-24 01:04:49,615] {scheduler_job.py:182} INFO - Started process (PID=17649) to work on /Users/harika/Desktop/CSYE_7245/Assignment2/pipeline/MyEnv/lib/python3.7/site-packages/airflow/example_dags/example_xcomargs.py
[2021-03-24 01:04:49,617] {scheduler_job.py:629} INFO - Processing file /Users/harika/Desktop/CSYE_7245/Assignment2/pipeline/MyEnv/lib/python3.7/site-packages/airflow/example_dags/example_xcomargs.py for tasks to queue
[2021-03-24 01:04:49,619] {logging_mixin.py:104} INFO - [2021-03-24 01:04:49,618] {dagbag.py:448} INFO - Filling up the DagBag from /Users/harika/Desktop/CSYE_7245/Assignment2/pipeline/MyEnv/lib/python3.7/site-packages/airflow/example_dags/example_xcomargs.py
[2021-03-24 01:04:49,633] {scheduler_job.py:639} INFO - DAG(s) dict_keys(['example_xcom_args', 'example_xcom_args_with_operators']) retrieved from /Users/harika/Desktop/CSYE_7245/Assignment2/pipeline/MyEnv/lib/python3.7/site-packages/airflow/example_dags/example_xcomargs.py
[2021-03-24 01:04:49,659] {logging_mixin.py:104} INFO - [2021-03-24 01:04:49,658] {dag.py:1818} INFO - Sync 2 DAGs
[2021-03-24 01:04:49,673] {logging_mixin.py:104} INFO - [2021-03-24 01:04:49,672] {dag.py:2273} INFO - Setting next_dagrun for example_xcom_args to None
[2021-03-24 01:04:49,676] {logging_mixin.py:104} INFO - [2021-03-24 01:04:49,675] {dag.py:2273} INFO - Setting next_dagrun for example_xcom_args_with_operators to None
[2021-03-24 01:04:49,688] {scheduler_job.py:190} INFO - Processing /Users/harika/Desktop/CSYE_7245/Assignment2/pipeline/MyEnv/lib/python3.7/site-packages/airflow/example_dags/example_xcomargs.py took 0.078 seconds
