[2021-03-23 20:14:39,943] {scheduler_job.py:182} INFO - Started process (PID=14184) to work on /Users/harika/Desktop/CSYE_7245/Assignment2/pipeline/MyEnv/lib/python3.7/site-packages/airflow/example_dags/example_subdag_operator.py
[2021-03-23 20:14:39,949] {scheduler_job.py:629} INFO - Processing file /Users/harika/Desktop/CSYE_7245/Assignment2/pipeline/MyEnv/lib/python3.7/site-packages/airflow/example_dags/example_subdag_operator.py for tasks to queue
[2021-03-23 20:14:39,952] {logging_mixin.py:104} INFO - [2021-03-23 20:14:39,951] {dagbag.py:448} INFO - Filling up the DagBag from /Users/harika/Desktop/CSYE_7245/Assignment2/pipeline/MyEnv/lib/python3.7/site-packages/airflow/example_dags/example_subdag_operator.py
[2021-03-23 20:14:40,011] {scheduler_job.py:639} INFO - DAG(s) dict_keys(['example_subdag_operator.section-1', 'example_subdag_operator.section-2', 'example_subdag_operator']) retrieved from /Users/harika/Desktop/CSYE_7245/Assignment2/pipeline/MyEnv/lib/python3.7/site-packages/airflow/example_dags/example_subdag_operator.py
[2021-03-23 20:14:40,042] {logging_mixin.py:104} INFO - [2021-03-23 20:14:40,041] {dag.py:1818} INFO - Sync 3 DAGs
[2021-03-23 20:14:40,080] {logging_mixin.py:104} INFO - [2021-03-23 20:14:40,075] {dag.py:2273} INFO - Setting next_dagrun for example_subdag_operator to 2021-03-22 00:00:00+00:00
[2021-03-23 20:14:40,085] {logging_mixin.py:104} INFO - [2021-03-23 20:14:40,085] {dag.py:2273} INFO - Setting next_dagrun for example_subdag_operator.section-1 to None
[2021-03-23 20:14:40,087] {logging_mixin.py:104} INFO - [2021-03-23 20:14:40,087] {dag.py:2273} INFO - Setting next_dagrun for example_subdag_operator.section-2 to None
[2021-03-23 20:14:40,116] {logging_mixin.py:104} INFO - [2021-03-23 20:14:40,115] {dag.py:1818} INFO - Sync 2 DAGs
[2021-03-23 20:14:40,156] {logging_mixin.py:104} INFO - [2021-03-23 20:14:40,155] {dag.py:2273} INFO - Setting next_dagrun for example_subdag_operator.section-1 to None
[2021-03-23 20:14:40,160] {logging_mixin.py:104} INFO - [2021-03-23 20:14:40,159] {dag.py:2273} INFO - Setting next_dagrun for example_subdag_operator.section-2 to None
[2021-03-23 20:14:40,172] {scheduler_job.py:190} INFO - Processing /Users/harika/Desktop/CSYE_7245/Assignment2/pipeline/MyEnv/lib/python3.7/site-packages/airflow/example_dags/example_subdag_operator.py took 0.235 seconds
[2021-03-23 20:25:21,899] {scheduler_job.py:182} INFO - Started process (PID=14307) to work on /Users/harika/Desktop/CSYE_7245/Assignment2/pipeline/MyEnv/lib/python3.7/site-packages/airflow/example_dags/example_subdag_operator.py
[2021-03-23 20:25:21,903] {scheduler_job.py:629} INFO - Processing file /Users/harika/Desktop/CSYE_7245/Assignment2/pipeline/MyEnv/lib/python3.7/site-packages/airflow/example_dags/example_subdag_operator.py for tasks to queue
[2021-03-23 20:25:21,908] {logging_mixin.py:104} INFO - [2021-03-23 20:25:21,905] {dagbag.py:448} INFO - Filling up the DagBag from /Users/harika/Desktop/CSYE_7245/Assignment2/pipeline/MyEnv/lib/python3.7/site-packages/airflow/example_dags/example_subdag_operator.py
[2021-03-23 20:25:21,964] {scheduler_job.py:639} INFO - DAG(s) dict_keys(['example_subdag_operator.section-1', 'example_subdag_operator.section-2', 'example_subdag_operator']) retrieved from /Users/harika/Desktop/CSYE_7245/Assignment2/pipeline/MyEnv/lib/python3.7/site-packages/airflow/example_dags/example_subdag_operator.py
[2021-03-23 20:25:21,990] {logging_mixin.py:104} INFO - [2021-03-23 20:25:21,988] {dag.py:1818} INFO - Sync 3 DAGs
[2021-03-23 20:25:22,013] {logging_mixin.py:104} INFO - [2021-03-23 20:25:22,012] {dag.py:2273} INFO - Setting next_dagrun for example_subdag_operator to 2021-03-22 00:00:00+00:00
[2021-03-23 20:25:22,016] {logging_mixin.py:104} INFO - [2021-03-23 20:25:22,015] {dag.py:2273} INFO - Setting next_dagrun for example_subdag_operator.section-1 to None
[2021-03-23 20:25:22,018] {logging_mixin.py:104} INFO - [2021-03-23 20:25:22,017] {dag.py:2273} INFO - Setting next_dagrun for example_subdag_operator.section-2 to None
[2021-03-23 20:25:22,045] {logging_mixin.py:104} INFO - [2021-03-23 20:25:22,044] {dag.py:1818} INFO - Sync 2 DAGs
[2021-03-23 20:25:22,064] {logging_mixin.py:104} INFO - [2021-03-23 20:25:22,063] {dag.py:2273} INFO - Setting next_dagrun for example_subdag_operator.section-1 to None
[2021-03-23 20:25:22,065] {logging_mixin.py:104} INFO - [2021-03-23 20:25:22,065] {dag.py:2273} INFO - Setting next_dagrun for example_subdag_operator.section-2 to None
[2021-03-23 20:25:22,075] {scheduler_job.py:190} INFO - Processing /Users/harika/Desktop/CSYE_7245/Assignment2/pipeline/MyEnv/lib/python3.7/site-packages/airflow/example_dags/example_subdag_operator.py took 0.181 seconds
[2021-03-23 20:27:50,153] {scheduler_job.py:182} INFO - Started process (PID=14365) to work on /Users/harika/Desktop/CSYE_7245/Assignment2/pipeline/MyEnv/lib/python3.7/site-packages/airflow/example_dags/example_subdag_operator.py
[2021-03-23 20:27:50,156] {scheduler_job.py:629} INFO - Processing file /Users/harika/Desktop/CSYE_7245/Assignment2/pipeline/MyEnv/lib/python3.7/site-packages/airflow/example_dags/example_subdag_operator.py for tasks to queue
[2021-03-23 20:27:50,158] {logging_mixin.py:104} INFO - [2021-03-23 20:27:50,157] {dagbag.py:448} INFO - Filling up the DagBag from /Users/harika/Desktop/CSYE_7245/Assignment2/pipeline/MyEnv/lib/python3.7/site-packages/airflow/example_dags/example_subdag_operator.py
[2021-03-23 20:27:50,207] {scheduler_job.py:639} INFO - DAG(s) dict_keys(['example_subdag_operator.section-1', 'example_subdag_operator.section-2', 'example_subdag_operator']) retrieved from /Users/harika/Desktop/CSYE_7245/Assignment2/pipeline/MyEnv/lib/python3.7/site-packages/airflow/example_dags/example_subdag_operator.py
[2021-03-23 20:27:50,231] {logging_mixin.py:104} INFO - [2021-03-23 20:27:50,230] {dag.py:1818} INFO - Sync 3 DAGs
[2021-03-23 20:27:50,263] {logging_mixin.py:104} INFO - [2021-03-23 20:27:50,262] {dag.py:2273} INFO - Setting next_dagrun for example_subdag_operator to 2021-03-22 00:00:00+00:00
[2021-03-23 20:27:50,267] {logging_mixin.py:104} INFO - [2021-03-23 20:27:50,266] {dag.py:2273} INFO - Setting next_dagrun for example_subdag_operator.section-1 to None
[2021-03-23 20:27:50,273] {logging_mixin.py:104} INFO - [2021-03-23 20:27:50,269] {dag.py:2273} INFO - Setting next_dagrun for example_subdag_operator.section-2 to None
[2021-03-23 20:27:50,284] {logging_mixin.py:104} INFO - [2021-03-23 20:27:50,284] {dag.py:1818} INFO - Sync 2 DAGs
[2021-03-23 20:27:50,297] {logging_mixin.py:104} INFO - [2021-03-23 20:27:50,297] {dag.py:2273} INFO - Setting next_dagrun for example_subdag_operator.section-1 to None
[2021-03-23 20:27:50,298] {logging_mixin.py:104} INFO - [2021-03-23 20:27:50,298] {dag.py:2273} INFO - Setting next_dagrun for example_subdag_operator.section-2 to None
[2021-03-23 20:27:50,314] {scheduler_job.py:190} INFO - Processing /Users/harika/Desktop/CSYE_7245/Assignment2/pipeline/MyEnv/lib/python3.7/site-packages/airflow/example_dags/example_subdag_operator.py took 0.166 seconds
[2021-03-23 20:28:25,764] {scheduler_job.py:182} INFO - Started process (PID=14400) to work on /Users/harika/Desktop/CSYE_7245/Assignment2/pipeline/MyEnv/lib/python3.7/site-packages/airflow/example_dags/example_subdag_operator.py
[2021-03-23 20:28:25,766] {scheduler_job.py:629} INFO - Processing file /Users/harika/Desktop/CSYE_7245/Assignment2/pipeline/MyEnv/lib/python3.7/site-packages/airflow/example_dags/example_subdag_operator.py for tasks to queue
[2021-03-23 20:28:25,768] {logging_mixin.py:104} INFO - [2021-03-23 20:28:25,767] {dagbag.py:448} INFO - Filling up the DagBag from /Users/harika/Desktop/CSYE_7245/Assignment2/pipeline/MyEnv/lib/python3.7/site-packages/airflow/example_dags/example_subdag_operator.py
[2021-03-23 20:28:25,803] {scheduler_job.py:639} INFO - DAG(s) dict_keys(['example_subdag_operator.section-1', 'example_subdag_operator.section-2', 'example_subdag_operator']) retrieved from /Users/harika/Desktop/CSYE_7245/Assignment2/pipeline/MyEnv/lib/python3.7/site-packages/airflow/example_dags/example_subdag_operator.py
[2021-03-23 20:28:25,815] {logging_mixin.py:104} INFO - [2021-03-23 20:28:25,814] {dag.py:1818} INFO - Sync 3 DAGs
[2021-03-23 20:28:25,827] {logging_mixin.py:104} INFO - [2021-03-23 20:28:25,826] {dag.py:2273} INFO - Setting next_dagrun for example_subdag_operator to 2021-03-22 00:00:00+00:00
[2021-03-23 20:28:25,829] {logging_mixin.py:104} INFO - [2021-03-23 20:28:25,828] {dag.py:2273} INFO - Setting next_dagrun for example_subdag_operator.section-1 to None
[2021-03-23 20:28:25,830] {logging_mixin.py:104} INFO - [2021-03-23 20:28:25,830] {dag.py:2273} INFO - Setting next_dagrun for example_subdag_operator.section-2 to None
[2021-03-23 20:28:25,836] {logging_mixin.py:104} INFO - [2021-03-23 20:28:25,836] {dag.py:1818} INFO - Sync 2 DAGs
[2021-03-23 20:28:25,852] {logging_mixin.py:104} INFO - [2021-03-23 20:28:25,852] {dag.py:2273} INFO - Setting next_dagrun for example_subdag_operator.section-1 to None
[2021-03-23 20:28:25,854] {logging_mixin.py:104} INFO - [2021-03-23 20:28:25,853] {dag.py:2273} INFO - Setting next_dagrun for example_subdag_operator.section-2 to None
[2021-03-23 20:28:25,863] {scheduler_job.py:190} INFO - Processing /Users/harika/Desktop/CSYE_7245/Assignment2/pipeline/MyEnv/lib/python3.7/site-packages/airflow/example_dags/example_subdag_operator.py took 0.104 seconds
[2021-03-23 20:29:00,472] {scheduler_job.py:182} INFO - Started process (PID=14429) to work on /Users/harika/Desktop/CSYE_7245/Assignment2/pipeline/MyEnv/lib/python3.7/site-packages/airflow/example_dags/example_subdag_operator.py
[2021-03-23 20:29:00,475] {scheduler_job.py:629} INFO - Processing file /Users/harika/Desktop/CSYE_7245/Assignment2/pipeline/MyEnv/lib/python3.7/site-packages/airflow/example_dags/example_subdag_operator.py for tasks to queue
[2021-03-23 20:29:00,476] {logging_mixin.py:104} INFO - [2021-03-23 20:29:00,476] {dagbag.py:448} INFO - Filling up the DagBag from /Users/harika/Desktop/CSYE_7245/Assignment2/pipeline/MyEnv/lib/python3.7/site-packages/airflow/example_dags/example_subdag_operator.py
[2021-03-23 20:29:00,499] {scheduler_job.py:639} INFO - DAG(s) dict_keys(['example_subdag_operator.section-1', 'example_subdag_operator.section-2', 'example_subdag_operator']) retrieved from /Users/harika/Desktop/CSYE_7245/Assignment2/pipeline/MyEnv/lib/python3.7/site-packages/airflow/example_dags/example_subdag_operator.py
[2021-03-23 20:29:00,522] {logging_mixin.py:104} INFO - [2021-03-23 20:29:00,521] {dag.py:1818} INFO - Sync 3 DAGs
[2021-03-23 20:29:00,543] {logging_mixin.py:104} INFO - [2021-03-23 20:29:00,542] {dag.py:2273} INFO - Setting next_dagrun for example_subdag_operator to 2021-03-22 00:00:00+00:00
[2021-03-23 20:29:00,546] {logging_mixin.py:104} INFO - [2021-03-23 20:29:00,545] {dag.py:2273} INFO - Setting next_dagrun for example_subdag_operator.section-1 to None
[2021-03-23 20:29:00,547] {logging_mixin.py:104} INFO - [2021-03-23 20:29:00,546] {dag.py:2273} INFO - Setting next_dagrun for example_subdag_operator.section-2 to None
[2021-03-23 20:29:00,556] {logging_mixin.py:104} INFO - [2021-03-23 20:29:00,556] {dag.py:1818} INFO - Sync 2 DAGs
[2021-03-23 20:29:00,566] {logging_mixin.py:104} INFO - [2021-03-23 20:29:00,565] {dag.py:2273} INFO - Setting next_dagrun for example_subdag_operator.section-1 to None
[2021-03-23 20:29:00,568] {logging_mixin.py:104} INFO - [2021-03-23 20:29:00,567] {dag.py:2273} INFO - Setting next_dagrun for example_subdag_operator.section-2 to None
[2021-03-23 20:29:00,581] {scheduler_job.py:190} INFO - Processing /Users/harika/Desktop/CSYE_7245/Assignment2/pipeline/MyEnv/lib/python3.7/site-packages/airflow/example_dags/example_subdag_operator.py took 0.112 seconds
[2021-03-23 20:29:40,294] {scheduler_job.py:182} INFO - Started process (PID=14459) to work on /Users/harika/Desktop/CSYE_7245/Assignment2/pipeline/MyEnv/lib/python3.7/site-packages/airflow/example_dags/example_subdag_operator.py
[2021-03-23 20:29:40,296] {scheduler_job.py:629} INFO - Processing file /Users/harika/Desktop/CSYE_7245/Assignment2/pipeline/MyEnv/lib/python3.7/site-packages/airflow/example_dags/example_subdag_operator.py for tasks to queue
[2021-03-23 20:29:40,297] {logging_mixin.py:104} INFO - [2021-03-23 20:29:40,297] {dagbag.py:448} INFO - Filling up the DagBag from /Users/harika/Desktop/CSYE_7245/Assignment2/pipeline/MyEnv/lib/python3.7/site-packages/airflow/example_dags/example_subdag_operator.py
[2021-03-23 20:29:40,319] {scheduler_job.py:639} INFO - DAG(s) dict_keys(['example_subdag_operator.section-1', 'example_subdag_operator.section-2', 'example_subdag_operator']) retrieved from /Users/harika/Desktop/CSYE_7245/Assignment2/pipeline/MyEnv/lib/python3.7/site-packages/airflow/example_dags/example_subdag_operator.py
[2021-03-23 20:29:40,335] {logging_mixin.py:104} INFO - [2021-03-23 20:29:40,335] {dag.py:1818} INFO - Sync 3 DAGs
[2021-03-23 20:29:40,349] {logging_mixin.py:104} INFO - [2021-03-23 20:29:40,349] {dag.py:2273} INFO - Setting next_dagrun for example_subdag_operator to 2021-03-22 00:00:00+00:00
[2021-03-23 20:29:40,352] {logging_mixin.py:104} INFO - [2021-03-23 20:29:40,351] {dag.py:2273} INFO - Setting next_dagrun for example_subdag_operator.section-1 to None
[2021-03-23 20:29:40,354] {logging_mixin.py:104} INFO - [2021-03-23 20:29:40,353] {dag.py:2273} INFO - Setting next_dagrun for example_subdag_operator.section-2 to None
[2021-03-23 20:29:40,362] {logging_mixin.py:104} INFO - [2021-03-23 20:29:40,361] {dag.py:1818} INFO - Sync 2 DAGs
[2021-03-23 20:29:40,372] {logging_mixin.py:104} INFO - [2021-03-23 20:29:40,371] {dag.py:2273} INFO - Setting next_dagrun for example_subdag_operator.section-1 to None
[2021-03-23 20:29:40,373] {logging_mixin.py:104} INFO - [2021-03-23 20:29:40,373] {dag.py:2273} INFO - Setting next_dagrun for example_subdag_operator.section-2 to None
[2021-03-23 20:29:40,379] {scheduler_job.py:190} INFO - Processing /Users/harika/Desktop/CSYE_7245/Assignment2/pipeline/MyEnv/lib/python3.7/site-packages/airflow/example_dags/example_subdag_operator.py took 0.089 seconds
[2021-03-23 20:30:18,413] {scheduler_job.py:182} INFO - Started process (PID=14497) to work on /Users/harika/Desktop/CSYE_7245/Assignment2/pipeline/MyEnv/lib/python3.7/site-packages/airflow/example_dags/example_subdag_operator.py
[2021-03-23 20:30:18,416] {scheduler_job.py:629} INFO - Processing file /Users/harika/Desktop/CSYE_7245/Assignment2/pipeline/MyEnv/lib/python3.7/site-packages/airflow/example_dags/example_subdag_operator.py for tasks to queue
[2021-03-23 20:30:18,422] {logging_mixin.py:104} INFO - [2021-03-23 20:30:18,420] {dagbag.py:448} INFO - Filling up the DagBag from /Users/harika/Desktop/CSYE_7245/Assignment2/pipeline/MyEnv/lib/python3.7/site-packages/airflow/example_dags/example_subdag_operator.py
[2021-03-23 20:30:18,449] {scheduler_job.py:639} INFO - DAG(s) dict_keys(['example_subdag_operator.section-1', 'example_subdag_operator.section-2', 'example_subdag_operator']) retrieved from /Users/harika/Desktop/CSYE_7245/Assignment2/pipeline/MyEnv/lib/python3.7/site-packages/airflow/example_dags/example_subdag_operator.py
[2021-03-23 20:30:18,462] {logging_mixin.py:104} INFO - [2021-03-23 20:30:18,462] {dag.py:1818} INFO - Sync 3 DAGs
[2021-03-23 20:30:18,479] {logging_mixin.py:104} INFO - [2021-03-23 20:30:18,478] {dag.py:2273} INFO - Setting next_dagrun for example_subdag_operator to 2021-03-22 00:00:00+00:00
[2021-03-23 20:30:18,482] {logging_mixin.py:104} INFO - [2021-03-23 20:30:18,480] {dag.py:2273} INFO - Setting next_dagrun for example_subdag_operator.section-1 to None
[2021-03-23 20:30:18,484] {logging_mixin.py:104} INFO - [2021-03-23 20:30:18,483] {dag.py:2273} INFO - Setting next_dagrun for example_subdag_operator.section-2 to None
[2021-03-23 20:30:18,494] {logging_mixin.py:104} INFO - [2021-03-23 20:30:18,494] {dag.py:1818} INFO - Sync 2 DAGs
[2021-03-23 20:30:18,509] {logging_mixin.py:104} INFO - [2021-03-23 20:30:18,507] {dag.py:2273} INFO - Setting next_dagrun for example_subdag_operator.section-1 to None
[2021-03-23 20:30:18,512] {logging_mixin.py:104} INFO - [2021-03-23 20:30:18,511] {dag.py:2273} INFO - Setting next_dagrun for example_subdag_operator.section-2 to None
[2021-03-23 20:30:18,522] {scheduler_job.py:190} INFO - Processing /Users/harika/Desktop/CSYE_7245/Assignment2/pipeline/MyEnv/lib/python3.7/site-packages/airflow/example_dags/example_subdag_operator.py took 0.113 seconds
[2021-03-23 20:30:53,063] {scheduler_job.py:182} INFO - Started process (PID=14524) to work on /Users/harika/Desktop/CSYE_7245/Assignment2/pipeline/MyEnv/lib/python3.7/site-packages/airflow/example_dags/example_subdag_operator.py
[2021-03-23 20:30:53,065] {scheduler_job.py:629} INFO - Processing file /Users/harika/Desktop/CSYE_7245/Assignment2/pipeline/MyEnv/lib/python3.7/site-packages/airflow/example_dags/example_subdag_operator.py for tasks to queue
[2021-03-23 20:30:53,068] {logging_mixin.py:104} INFO - [2021-03-23 20:30:53,067] {dagbag.py:448} INFO - Filling up the DagBag from /Users/harika/Desktop/CSYE_7245/Assignment2/pipeline/MyEnv/lib/python3.7/site-packages/airflow/example_dags/example_subdag_operator.py
[2021-03-23 20:30:53,099] {scheduler_job.py:639} INFO - DAG(s) dict_keys(['example_subdag_operator.section-1', 'example_subdag_operator.section-2', 'example_subdag_operator']) retrieved from /Users/harika/Desktop/CSYE_7245/Assignment2/pipeline/MyEnv/lib/python3.7/site-packages/airflow/example_dags/example_subdag_operator.py
[2021-03-23 20:30:53,119] {logging_mixin.py:104} INFO - [2021-03-23 20:30:53,117] {dag.py:1818} INFO - Sync 3 DAGs
[2021-03-23 20:30:53,134] {logging_mixin.py:104} INFO - [2021-03-23 20:30:53,131] {dag.py:2273} INFO - Setting next_dagrun for example_subdag_operator to 2021-03-22 00:00:00+00:00
[2021-03-23 20:30:53,137] {logging_mixin.py:104} INFO - [2021-03-23 20:30:53,136] {dag.py:2273} INFO - Setting next_dagrun for example_subdag_operator.section-1 to None
[2021-03-23 20:30:53,139] {logging_mixin.py:104} INFO - [2021-03-23 20:30:53,139] {dag.py:2273} INFO - Setting next_dagrun for example_subdag_operator.section-2 to None
[2021-03-23 20:30:53,145] {logging_mixin.py:104} INFO - [2021-03-23 20:30:53,145] {dag.py:1818} INFO - Sync 2 DAGs
[2021-03-23 20:30:53,156] {logging_mixin.py:104} INFO - [2021-03-23 20:30:53,155] {dag.py:2273} INFO - Setting next_dagrun for example_subdag_operator.section-1 to None
[2021-03-23 20:30:53,157] {logging_mixin.py:104} INFO - [2021-03-23 20:30:53,156] {dag.py:2273} INFO - Setting next_dagrun for example_subdag_operator.section-2 to None
[2021-03-23 20:30:53,170] {scheduler_job.py:190} INFO - Processing /Users/harika/Desktop/CSYE_7245/Assignment2/pipeline/MyEnv/lib/python3.7/site-packages/airflow/example_dags/example_subdag_operator.py took 0.112 seconds
[2021-03-23 21:09:48,708] {scheduler_job.py:182} INFO - Started process (PID=14954) to work on /Users/harika/Desktop/CSYE_7245/Assignment2/pipeline/MyEnv/lib/python3.7/site-packages/airflow/example_dags/example_subdag_operator.py
[2021-03-23 21:09:48,712] {scheduler_job.py:629} INFO - Processing file /Users/harika/Desktop/CSYE_7245/Assignment2/pipeline/MyEnv/lib/python3.7/site-packages/airflow/example_dags/example_subdag_operator.py for tasks to queue
[2021-03-23 21:09:48,714] {logging_mixin.py:104} INFO - [2021-03-23 21:09:48,713] {dagbag.py:448} INFO - Filling up the DagBag from /Users/harika/Desktop/CSYE_7245/Assignment2/pipeline/MyEnv/lib/python3.7/site-packages/airflow/example_dags/example_subdag_operator.py
[2021-03-23 21:09:48,777] {scheduler_job.py:639} INFO - DAG(s) dict_keys(['example_subdag_operator.section-1', 'example_subdag_operator.section-2', 'example_subdag_operator']) retrieved from /Users/harika/Desktop/CSYE_7245/Assignment2/pipeline/MyEnv/lib/python3.7/site-packages/airflow/example_dags/example_subdag_operator.py
[2021-03-23 21:09:48,814] {logging_mixin.py:104} INFO - [2021-03-23 21:09:48,812] {dag.py:1818} INFO - Sync 3 DAGs
[2021-03-23 21:09:48,914] {logging_mixin.py:104} INFO - [2021-03-23 21:09:48,913] {dag.py:2273} INFO - Setting next_dagrun for example_subdag_operator to 2021-03-22 00:00:00+00:00
[2021-03-23 21:09:48,918] {logging_mixin.py:104} INFO - [2021-03-23 21:09:48,918] {dag.py:2273} INFO - Setting next_dagrun for example_subdag_operator.section-1 to None
[2021-03-23 21:09:48,923] {logging_mixin.py:104} INFO - [2021-03-23 21:09:48,922] {dag.py:2273} INFO - Setting next_dagrun for example_subdag_operator.section-2 to None
[2021-03-23 21:09:48,939] {logging_mixin.py:104} INFO - [2021-03-23 21:09:48,938] {dag.py:1818} INFO - Sync 2 DAGs
[2021-03-23 21:09:48,975] {logging_mixin.py:104} INFO - [2021-03-23 21:09:48,974] {dag.py:2273} INFO - Setting next_dagrun for example_subdag_operator.section-1 to None
[2021-03-23 21:09:48,976] {logging_mixin.py:104} INFO - [2021-03-23 21:09:48,975] {dag.py:2273} INFO - Setting next_dagrun for example_subdag_operator.section-2 to None
[2021-03-23 21:09:48,988] {scheduler_job.py:190} INFO - Processing /Users/harika/Desktop/CSYE_7245/Assignment2/pipeline/MyEnv/lib/python3.7/site-packages/airflow/example_dags/example_subdag_operator.py took 0.288 seconds
[2021-03-23 21:13:00,404] {scheduler_job.py:182} INFO - Started process (PID=15022) to work on /Users/harika/Desktop/CSYE_7245/Assignment2/pipeline/MyEnv/lib/python3.7/site-packages/airflow/example_dags/example_subdag_operator.py
[2021-03-23 21:13:00,414] {scheduler_job.py:629} INFO - Processing file /Users/harika/Desktop/CSYE_7245/Assignment2/pipeline/MyEnv/lib/python3.7/site-packages/airflow/example_dags/example_subdag_operator.py for tasks to queue
[2021-03-23 21:13:00,419] {logging_mixin.py:104} INFO - [2021-03-23 21:13:00,417] {dagbag.py:448} INFO - Filling up the DagBag from /Users/harika/Desktop/CSYE_7245/Assignment2/pipeline/MyEnv/lib/python3.7/site-packages/airflow/example_dags/example_subdag_operator.py
[2021-03-23 21:13:00,472] {scheduler_job.py:639} INFO - DAG(s) dict_keys(['example_subdag_operator.section-1', 'example_subdag_operator.section-2', 'example_subdag_operator']) retrieved from /Users/harika/Desktop/CSYE_7245/Assignment2/pipeline/MyEnv/lib/python3.7/site-packages/airflow/example_dags/example_subdag_operator.py
[2021-03-23 21:13:00,496] {logging_mixin.py:104} INFO - [2021-03-23 21:13:00,495] {dag.py:1818} INFO - Sync 3 DAGs
[2021-03-23 21:13:00,543] {logging_mixin.py:104} INFO - [2021-03-23 21:13:00,540] {dag.py:2273} INFO - Setting next_dagrun for example_subdag_operator to 2021-03-22 00:00:00+00:00
[2021-03-23 21:13:00,546] {logging_mixin.py:104} INFO - [2021-03-23 21:13:00,546] {dag.py:2273} INFO - Setting next_dagrun for example_subdag_operator.section-1 to None
[2021-03-23 21:13:00,550] {logging_mixin.py:104} INFO - [2021-03-23 21:13:00,548] {dag.py:2273} INFO - Setting next_dagrun for example_subdag_operator.section-2 to None
[2021-03-23 21:13:00,570] {logging_mixin.py:104} INFO - [2021-03-23 21:13:00,569] {dag.py:1818} INFO - Sync 2 DAGs
[2021-03-23 21:13:00,589] {logging_mixin.py:104} INFO - [2021-03-23 21:13:00,587] {dag.py:2273} INFO - Setting next_dagrun for example_subdag_operator.section-1 to None
[2021-03-23 21:13:00,596] {logging_mixin.py:104} INFO - [2021-03-23 21:13:00,595] {dag.py:2273} INFO - Setting next_dagrun for example_subdag_operator.section-2 to None
[2021-03-23 21:13:00,609] {scheduler_job.py:190} INFO - Processing /Users/harika/Desktop/CSYE_7245/Assignment2/pipeline/MyEnv/lib/python3.7/site-packages/airflow/example_dags/example_subdag_operator.py took 0.212 seconds
[2021-03-23 21:13:36,243] {scheduler_job.py:182} INFO - Started process (PID=15048) to work on /Users/harika/Desktop/CSYE_7245/Assignment2/pipeline/MyEnv/lib/python3.7/site-packages/airflow/example_dags/example_subdag_operator.py
[2021-03-23 21:13:36,245] {scheduler_job.py:629} INFO - Processing file /Users/harika/Desktop/CSYE_7245/Assignment2/pipeline/MyEnv/lib/python3.7/site-packages/airflow/example_dags/example_subdag_operator.py for tasks to queue
[2021-03-23 21:13:36,248] {logging_mixin.py:104} INFO - [2021-03-23 21:13:36,247] {dagbag.py:448} INFO - Filling up the DagBag from /Users/harika/Desktop/CSYE_7245/Assignment2/pipeline/MyEnv/lib/python3.7/site-packages/airflow/example_dags/example_subdag_operator.py
[2021-03-23 21:13:36,309] {scheduler_job.py:639} INFO - DAG(s) dict_keys(['example_subdag_operator.section-1', 'example_subdag_operator.section-2', 'example_subdag_operator']) retrieved from /Users/harika/Desktop/CSYE_7245/Assignment2/pipeline/MyEnv/lib/python3.7/site-packages/airflow/example_dags/example_subdag_operator.py
[2021-03-23 21:13:36,334] {logging_mixin.py:104} INFO - [2021-03-23 21:13:36,333] {dag.py:1818} INFO - Sync 3 DAGs
[2021-03-23 21:13:36,356] {logging_mixin.py:104} INFO - [2021-03-23 21:13:36,355] {dag.py:2273} INFO - Setting next_dagrun for example_subdag_operator to 2021-03-22 00:00:00+00:00
[2021-03-23 21:13:36,360] {logging_mixin.py:104} INFO - [2021-03-23 21:13:36,358] {dag.py:2273} INFO - Setting next_dagrun for example_subdag_operator.section-1 to None
[2021-03-23 21:13:36,361] {logging_mixin.py:104} INFO - [2021-03-23 21:13:36,361] {dag.py:2273} INFO - Setting next_dagrun for example_subdag_operator.section-2 to None
[2021-03-23 21:13:36,370] {logging_mixin.py:104} INFO - [2021-03-23 21:13:36,368] {dag.py:1818} INFO - Sync 2 DAGs
[2021-03-23 21:13:36,383] {logging_mixin.py:104} INFO - [2021-03-23 21:13:36,382] {dag.py:2273} INFO - Setting next_dagrun for example_subdag_operator.section-1 to None
[2021-03-23 21:13:36,386] {logging_mixin.py:104} INFO - [2021-03-23 21:13:36,384] {dag.py:2273} INFO - Setting next_dagrun for example_subdag_operator.section-2 to None
[2021-03-23 21:13:36,396] {scheduler_job.py:190} INFO - Processing /Users/harika/Desktop/CSYE_7245/Assignment2/pipeline/MyEnv/lib/python3.7/site-packages/airflow/example_dags/example_subdag_operator.py took 0.158 seconds
[2021-03-23 21:14:49,687] {scheduler_job.py:182} INFO - Started process (PID=15095) to work on /Users/harika/Desktop/CSYE_7245/Assignment2/pipeline/MyEnv/lib/python3.7/site-packages/airflow/example_dags/example_subdag_operator.py
[2021-03-23 21:14:49,689] {scheduler_job.py:629} INFO - Processing file /Users/harika/Desktop/CSYE_7245/Assignment2/pipeline/MyEnv/lib/python3.7/site-packages/airflow/example_dags/example_subdag_operator.py for tasks to queue
[2021-03-23 21:14:49,691] {logging_mixin.py:104} INFO - [2021-03-23 21:14:49,690] {dagbag.py:448} INFO - Filling up the DagBag from /Users/harika/Desktop/CSYE_7245/Assignment2/pipeline/MyEnv/lib/python3.7/site-packages/airflow/example_dags/example_subdag_operator.py
[2021-03-23 21:14:49,724] {scheduler_job.py:639} INFO - DAG(s) dict_keys(['example_subdag_operator.section-1', 'example_subdag_operator.section-2', 'example_subdag_operator']) retrieved from /Users/harika/Desktop/CSYE_7245/Assignment2/pipeline/MyEnv/lib/python3.7/site-packages/airflow/example_dags/example_subdag_operator.py
[2021-03-23 21:14:49,736] {logging_mixin.py:104} INFO - [2021-03-23 21:14:49,735] {dag.py:1818} INFO - Sync 3 DAGs
[2021-03-23 21:14:49,748] {logging_mixin.py:104} INFO - [2021-03-23 21:14:49,748] {dag.py:2273} INFO - Setting next_dagrun for example_subdag_operator to 2021-03-22 00:00:00+00:00
[2021-03-23 21:14:49,750] {logging_mixin.py:104} INFO - [2021-03-23 21:14:49,749] {dag.py:2273} INFO - Setting next_dagrun for example_subdag_operator.section-1 to None
[2021-03-23 21:14:49,751] {logging_mixin.py:104} INFO - [2021-03-23 21:14:49,750] {dag.py:2273} INFO - Setting next_dagrun for example_subdag_operator.section-2 to None
[2021-03-23 21:14:49,756] {logging_mixin.py:104} INFO - [2021-03-23 21:14:49,755] {dag.py:1818} INFO - Sync 2 DAGs
[2021-03-23 21:14:49,764] {logging_mixin.py:104} INFO - [2021-03-23 21:14:49,763] {dag.py:2273} INFO - Setting next_dagrun for example_subdag_operator.section-1 to None
[2021-03-23 21:14:49,765] {logging_mixin.py:104} INFO - [2021-03-23 21:14:49,764] {dag.py:2273} INFO - Setting next_dagrun for example_subdag_operator.section-2 to None
[2021-03-23 21:14:49,773] {scheduler_job.py:190} INFO - Processing /Users/harika/Desktop/CSYE_7245/Assignment2/pipeline/MyEnv/lib/python3.7/site-packages/airflow/example_dags/example_subdag_operator.py took 0.089 seconds
[2021-03-23 21:15:28,229] {scheduler_job.py:182} INFO - Started process (PID=15132) to work on /Users/harika/Desktop/CSYE_7245/Assignment2/pipeline/MyEnv/lib/python3.7/site-packages/airflow/example_dags/example_subdag_operator.py
[2021-03-23 21:15:28,232] {scheduler_job.py:629} INFO - Processing file /Users/harika/Desktop/CSYE_7245/Assignment2/pipeline/MyEnv/lib/python3.7/site-packages/airflow/example_dags/example_subdag_operator.py for tasks to queue
[2021-03-23 21:15:28,235] {logging_mixin.py:104} INFO - [2021-03-23 21:15:28,234] {dagbag.py:448} INFO - Filling up the DagBag from /Users/harika/Desktop/CSYE_7245/Assignment2/pipeline/MyEnv/lib/python3.7/site-packages/airflow/example_dags/example_subdag_operator.py
[2021-03-23 21:15:28,290] {scheduler_job.py:639} INFO - DAG(s) dict_keys(['example_subdag_operator.section-1', 'example_subdag_operator.section-2', 'example_subdag_operator']) retrieved from /Users/harika/Desktop/CSYE_7245/Assignment2/pipeline/MyEnv/lib/python3.7/site-packages/airflow/example_dags/example_subdag_operator.py
[2021-03-23 21:15:28,315] {logging_mixin.py:104} INFO - [2021-03-23 21:15:28,312] {dag.py:1818} INFO - Sync 3 DAGs
[2021-03-23 21:15:28,388] {logging_mixin.py:104} INFO - [2021-03-23 21:15:28,386] {dag.py:2273} INFO - Setting next_dagrun for example_subdag_operator to 2021-03-22 00:00:00+00:00
[2021-03-23 21:15:28,395] {logging_mixin.py:104} INFO - [2021-03-23 21:15:28,393] {dag.py:2273} INFO - Setting next_dagrun for example_subdag_operator.section-1 to None
[2021-03-23 21:15:28,452] {logging_mixin.py:104} INFO - [2021-03-23 21:15:28,450] {dag.py:2273} INFO - Setting next_dagrun for example_subdag_operator.section-2 to None
[2021-03-23 21:15:28,463] {logging_mixin.py:104} INFO - [2021-03-23 21:15:28,462] {dag.py:1818} INFO - Sync 2 DAGs
[2021-03-23 21:15:28,476] {logging_mixin.py:104} INFO - [2021-03-23 21:15:28,475] {dag.py:2273} INFO - Setting next_dagrun for example_subdag_operator.section-1 to None
[2021-03-23 21:15:28,477] {logging_mixin.py:104} INFO - [2021-03-23 21:15:28,476] {dag.py:2273} INFO - Setting next_dagrun for example_subdag_operator.section-2 to None
[2021-03-23 21:15:28,493] {scheduler_job.py:190} INFO - Processing /Users/harika/Desktop/CSYE_7245/Assignment2/pipeline/MyEnv/lib/python3.7/site-packages/airflow/example_dags/example_subdag_operator.py took 0.271 seconds
[2021-03-23 21:17:44,312] {scheduler_job.py:182} INFO - Started process (PID=15180) to work on /Users/harika/Desktop/CSYE_7245/Assignment2/pipeline/MyEnv/lib/python3.7/site-packages/airflow/example_dags/example_subdag_operator.py
[2021-03-23 21:17:44,315] {scheduler_job.py:629} INFO - Processing file /Users/harika/Desktop/CSYE_7245/Assignment2/pipeline/MyEnv/lib/python3.7/site-packages/airflow/example_dags/example_subdag_operator.py for tasks to queue
[2021-03-23 21:17:44,318] {logging_mixin.py:104} INFO - [2021-03-23 21:17:44,317] {dagbag.py:448} INFO - Filling up the DagBag from /Users/harika/Desktop/CSYE_7245/Assignment2/pipeline/MyEnv/lib/python3.7/site-packages/airflow/example_dags/example_subdag_operator.py
[2021-03-23 21:17:44,349] {scheduler_job.py:639} INFO - DAG(s) dict_keys(['example_subdag_operator.section-1', 'example_subdag_operator.section-2', 'example_subdag_operator']) retrieved from /Users/harika/Desktop/CSYE_7245/Assignment2/pipeline/MyEnv/lib/python3.7/site-packages/airflow/example_dags/example_subdag_operator.py
[2021-03-23 21:17:44,366] {logging_mixin.py:104} INFO - [2021-03-23 21:17:44,365] {dag.py:1818} INFO - Sync 3 DAGs
[2021-03-23 21:17:44,379] {logging_mixin.py:104} INFO - [2021-03-23 21:17:44,378] {dag.py:2273} INFO - Setting next_dagrun for example_subdag_operator to 2021-03-22 00:00:00+00:00
[2021-03-23 21:17:44,381] {logging_mixin.py:104} INFO - [2021-03-23 21:17:44,380] {dag.py:2273} INFO - Setting next_dagrun for example_subdag_operator.section-1 to None
[2021-03-23 21:17:44,382] {logging_mixin.py:104} INFO - [2021-03-23 21:17:44,381] {dag.py:2273} INFO - Setting next_dagrun for example_subdag_operator.section-2 to None
[2021-03-23 21:17:44,389] {logging_mixin.py:104} INFO - [2021-03-23 21:17:44,388] {dag.py:1818} INFO - Sync 2 DAGs
[2021-03-23 21:17:44,404] {logging_mixin.py:104} INFO - [2021-03-23 21:17:44,403] {dag.py:2273} INFO - Setting next_dagrun for example_subdag_operator.section-1 to None
[2021-03-23 21:17:44,406] {logging_mixin.py:104} INFO - [2021-03-23 21:17:44,405] {dag.py:2273} INFO - Setting next_dagrun for example_subdag_operator.section-2 to None
[2021-03-23 21:17:44,414] {scheduler_job.py:190} INFO - Processing /Users/harika/Desktop/CSYE_7245/Assignment2/pipeline/MyEnv/lib/python3.7/site-packages/airflow/example_dags/example_subdag_operator.py took 0.106 seconds
[2021-03-23 21:18:19,989] {scheduler_job.py:182} INFO - Started process (PID=15221) to work on /Users/harika/Desktop/CSYE_7245/Assignment2/pipeline/MyEnv/lib/python3.7/site-packages/airflow/example_dags/example_subdag_operator.py
[2021-03-23 21:18:19,997] {scheduler_job.py:629} INFO - Processing file /Users/harika/Desktop/CSYE_7245/Assignment2/pipeline/MyEnv/lib/python3.7/site-packages/airflow/example_dags/example_subdag_operator.py for tasks to queue
[2021-03-23 21:18:20,004] {logging_mixin.py:104} INFO - [2021-03-23 21:18:20,003] {dagbag.py:448} INFO - Filling up the DagBag from /Users/harika/Desktop/CSYE_7245/Assignment2/pipeline/MyEnv/lib/python3.7/site-packages/airflow/example_dags/example_subdag_operator.py
[2021-03-23 21:18:20,206] {scheduler_job.py:639} INFO - DAG(s) dict_keys(['example_subdag_operator.section-1', 'example_subdag_operator.section-2', 'example_subdag_operator']) retrieved from /Users/harika/Desktop/CSYE_7245/Assignment2/pipeline/MyEnv/lib/python3.7/site-packages/airflow/example_dags/example_subdag_operator.py
[2021-03-23 21:18:20,235] {logging_mixin.py:104} INFO - [2021-03-23 21:18:20,234] {dag.py:1818} INFO - Sync 3 DAGs
[2021-03-23 21:18:20,265] {logging_mixin.py:104} INFO - [2021-03-23 21:18:20,264] {dag.py:2273} INFO - Setting next_dagrun for example_subdag_operator to 2021-03-22 00:00:00+00:00
[2021-03-23 21:18:20,268] {logging_mixin.py:104} INFO - [2021-03-23 21:18:20,268] {dag.py:2273} INFO - Setting next_dagrun for example_subdag_operator.section-1 to None
[2021-03-23 21:18:20,270] {logging_mixin.py:104} INFO - [2021-03-23 21:18:20,269] {dag.py:2273} INFO - Setting next_dagrun for example_subdag_operator.section-2 to None
[2021-03-23 21:18:20,283] {logging_mixin.py:104} INFO - [2021-03-23 21:18:20,282] {dag.py:1818} INFO - Sync 2 DAGs
[2021-03-23 21:18:20,300] {logging_mixin.py:104} INFO - [2021-03-23 21:18:20,299] {dag.py:2273} INFO - Setting next_dagrun for example_subdag_operator.section-1 to None
[2021-03-23 21:18:20,304] {logging_mixin.py:104} INFO - [2021-03-23 21:18:20,303] {dag.py:2273} INFO - Setting next_dagrun for example_subdag_operator.section-2 to None
[2021-03-23 21:18:20,315] {scheduler_job.py:190} INFO - Processing /Users/harika/Desktop/CSYE_7245/Assignment2/pipeline/MyEnv/lib/python3.7/site-packages/airflow/example_dags/example_subdag_operator.py took 0.338 seconds
[2021-03-23 21:18:57,743] {scheduler_job.py:182} INFO - Started process (PID=15253) to work on /Users/harika/Desktop/CSYE_7245/Assignment2/pipeline/MyEnv/lib/python3.7/site-packages/airflow/example_dags/example_subdag_operator.py
[2021-03-23 21:18:57,749] {scheduler_job.py:629} INFO - Processing file /Users/harika/Desktop/CSYE_7245/Assignment2/pipeline/MyEnv/lib/python3.7/site-packages/airflow/example_dags/example_subdag_operator.py for tasks to queue
[2021-03-23 21:18:57,753] {logging_mixin.py:104} INFO - [2021-03-23 21:18:57,752] {dagbag.py:448} INFO - Filling up the DagBag from /Users/harika/Desktop/CSYE_7245/Assignment2/pipeline/MyEnv/lib/python3.7/site-packages/airflow/example_dags/example_subdag_operator.py
[2021-03-23 21:18:57,808] {scheduler_job.py:639} INFO - DAG(s) dict_keys(['example_subdag_operator.section-1', 'example_subdag_operator.section-2', 'example_subdag_operator']) retrieved from /Users/harika/Desktop/CSYE_7245/Assignment2/pipeline/MyEnv/lib/python3.7/site-packages/airflow/example_dags/example_subdag_operator.py
[2021-03-23 21:18:57,876] {logging_mixin.py:104} INFO - [2021-03-23 21:18:57,875] {dag.py:1818} INFO - Sync 3 DAGs
[2021-03-23 21:18:57,915] {logging_mixin.py:104} INFO - [2021-03-23 21:18:57,914] {dag.py:2273} INFO - Setting next_dagrun for example_subdag_operator to 2021-03-22 00:00:00+00:00
[2021-03-23 21:18:57,931] {logging_mixin.py:104} INFO - [2021-03-23 21:18:57,917] {dag.py:2273} INFO - Setting next_dagrun for example_subdag_operator.section-1 to None
[2021-03-23 21:18:57,933] {logging_mixin.py:104} INFO - [2021-03-23 21:18:57,932] {dag.py:2273} INFO - Setting next_dagrun for example_subdag_operator.section-2 to None
[2021-03-23 21:18:57,949] {logging_mixin.py:104} INFO - [2021-03-23 21:18:57,948] {dag.py:1818} INFO - Sync 2 DAGs
[2021-03-23 21:18:57,966] {logging_mixin.py:104} INFO - [2021-03-23 21:18:57,966] {dag.py:2273} INFO - Setting next_dagrun for example_subdag_operator.section-1 to None
[2021-03-23 21:18:57,967] {logging_mixin.py:104} INFO - [2021-03-23 21:18:57,967] {dag.py:2273} INFO - Setting next_dagrun for example_subdag_operator.section-2 to None
[2021-03-23 21:18:57,980] {scheduler_job.py:190} INFO - Processing /Users/harika/Desktop/CSYE_7245/Assignment2/pipeline/MyEnv/lib/python3.7/site-packages/airflow/example_dags/example_subdag_operator.py took 0.243 seconds
[2021-03-23 21:19:32,663] {scheduler_job.py:182} INFO - Started process (PID=15280) to work on /Users/harika/Desktop/CSYE_7245/Assignment2/pipeline/MyEnv/lib/python3.7/site-packages/airflow/example_dags/example_subdag_operator.py
[2021-03-23 21:19:32,665] {scheduler_job.py:629} INFO - Processing file /Users/harika/Desktop/CSYE_7245/Assignment2/pipeline/MyEnv/lib/python3.7/site-packages/airflow/example_dags/example_subdag_operator.py for tasks to queue
[2021-03-23 21:19:32,666] {logging_mixin.py:104} INFO - [2021-03-23 21:19:32,666] {dagbag.py:448} INFO - Filling up the DagBag from /Users/harika/Desktop/CSYE_7245/Assignment2/pipeline/MyEnv/lib/python3.7/site-packages/airflow/example_dags/example_subdag_operator.py
[2021-03-23 21:19:32,704] {scheduler_job.py:639} INFO - DAG(s) dict_keys(['example_subdag_operator.section-1', 'example_subdag_operator.section-2', 'example_subdag_operator']) retrieved from /Users/harika/Desktop/CSYE_7245/Assignment2/pipeline/MyEnv/lib/python3.7/site-packages/airflow/example_dags/example_subdag_operator.py
[2021-03-23 21:19:32,723] {logging_mixin.py:104} INFO - [2021-03-23 21:19:32,722] {dag.py:1818} INFO - Sync 3 DAGs
[2021-03-23 21:19:32,736] {logging_mixin.py:104} INFO - [2021-03-23 21:19:32,735] {dag.py:2273} INFO - Setting next_dagrun for example_subdag_operator to 2021-03-22 00:00:00+00:00
[2021-03-23 21:19:32,739] {logging_mixin.py:104} INFO - [2021-03-23 21:19:32,738] {dag.py:2273} INFO - Setting next_dagrun for example_subdag_operator.section-1 to None
[2021-03-23 21:19:32,740] {logging_mixin.py:104} INFO - [2021-03-23 21:19:32,739] {dag.py:2273} INFO - Setting next_dagrun for example_subdag_operator.section-2 to None
[2021-03-23 21:19:32,750] {logging_mixin.py:104} INFO - [2021-03-23 21:19:32,750] {dag.py:1818} INFO - Sync 2 DAGs
[2021-03-23 21:19:32,762] {logging_mixin.py:104} INFO - [2021-03-23 21:19:32,762] {dag.py:2273} INFO - Setting next_dagrun for example_subdag_operator.section-1 to None
[2021-03-23 21:19:32,763] {logging_mixin.py:104} INFO - [2021-03-23 21:19:32,763] {dag.py:2273} INFO - Setting next_dagrun for example_subdag_operator.section-2 to None
[2021-03-23 21:19:32,771] {scheduler_job.py:190} INFO - Processing /Users/harika/Desktop/CSYE_7245/Assignment2/pipeline/MyEnv/lib/python3.7/site-packages/airflow/example_dags/example_subdag_operator.py took 0.112 seconds
[2021-03-23 21:20:07,470] {scheduler_job.py:182} INFO - Started process (PID=15307) to work on /Users/harika/Desktop/CSYE_7245/Assignment2/pipeline/MyEnv/lib/python3.7/site-packages/airflow/example_dags/example_subdag_operator.py
[2021-03-23 21:20:07,472] {scheduler_job.py:629} INFO - Processing file /Users/harika/Desktop/CSYE_7245/Assignment2/pipeline/MyEnv/lib/python3.7/site-packages/airflow/example_dags/example_subdag_operator.py for tasks to queue
[2021-03-23 21:20:07,473] {logging_mixin.py:104} INFO - [2021-03-23 21:20:07,473] {dagbag.py:448} INFO - Filling up the DagBag from /Users/harika/Desktop/CSYE_7245/Assignment2/pipeline/MyEnv/lib/python3.7/site-packages/airflow/example_dags/example_subdag_operator.py
[2021-03-23 21:20:07,495] {scheduler_job.py:639} INFO - DAG(s) dict_keys(['example_subdag_operator.section-1', 'example_subdag_operator.section-2', 'example_subdag_operator']) retrieved from /Users/harika/Desktop/CSYE_7245/Assignment2/pipeline/MyEnv/lib/python3.7/site-packages/airflow/example_dags/example_subdag_operator.py
[2021-03-23 21:20:07,509] {logging_mixin.py:104} INFO - [2021-03-23 21:20:07,507] {dag.py:1818} INFO - Sync 3 DAGs
[2021-03-23 21:20:07,527] {logging_mixin.py:104} INFO - [2021-03-23 21:20:07,526] {dag.py:2273} INFO - Setting next_dagrun for example_subdag_operator to 2021-03-22 00:00:00+00:00
[2021-03-23 21:20:07,529] {logging_mixin.py:104} INFO - [2021-03-23 21:20:07,529] {dag.py:2273} INFO - Setting next_dagrun for example_subdag_operator.section-1 to None
[2021-03-23 21:20:07,530] {logging_mixin.py:104} INFO - [2021-03-23 21:20:07,530] {dag.py:2273} INFO - Setting next_dagrun for example_subdag_operator.section-2 to None
[2021-03-23 21:20:07,536] {logging_mixin.py:104} INFO - [2021-03-23 21:20:07,535] {dag.py:1818} INFO - Sync 2 DAGs
[2021-03-23 21:20:07,543] {logging_mixin.py:104} INFO - [2021-03-23 21:20:07,542] {dag.py:2273} INFO - Setting next_dagrun for example_subdag_operator.section-1 to None
[2021-03-23 21:20:07,545] {logging_mixin.py:104} INFO - [2021-03-23 21:20:07,545] {dag.py:2273} INFO - Setting next_dagrun for example_subdag_operator.section-2 to None
[2021-03-23 21:20:07,551] {scheduler_job.py:190} INFO - Processing /Users/harika/Desktop/CSYE_7245/Assignment2/pipeline/MyEnv/lib/python3.7/site-packages/airflow/example_dags/example_subdag_operator.py took 0.084 seconds
[2021-03-24 00:03:14,081] {scheduler_job.py:182} INFO - Started process (PID=16960) to work on /Users/harika/Desktop/CSYE_7245/Assignment2/pipeline/MyEnv/lib/python3.7/site-packages/airflow/example_dags/example_subdag_operator.py
[2021-03-24 00:03:14,084] {scheduler_job.py:629} INFO - Processing file /Users/harika/Desktop/CSYE_7245/Assignment2/pipeline/MyEnv/lib/python3.7/site-packages/airflow/example_dags/example_subdag_operator.py for tasks to queue
[2021-03-24 00:03:14,086] {logging_mixin.py:104} INFO - [2021-03-24 00:03:14,085] {dagbag.py:448} INFO - Filling up the DagBag from /Users/harika/Desktop/CSYE_7245/Assignment2/pipeline/MyEnv/lib/python3.7/site-packages/airflow/example_dags/example_subdag_operator.py
[2021-03-24 00:03:14,119] {scheduler_job.py:639} INFO - DAG(s) dict_keys(['example_subdag_operator.section-1', 'example_subdag_operator.section-2', 'example_subdag_operator']) retrieved from /Users/harika/Desktop/CSYE_7245/Assignment2/pipeline/MyEnv/lib/python3.7/site-packages/airflow/example_dags/example_subdag_operator.py
[2021-03-24 00:03:14,132] {logging_mixin.py:104} INFO - [2021-03-24 00:03:14,132] {dag.py:1818} INFO - Sync 3 DAGs
[2021-03-24 00:03:14,146] {logging_mixin.py:104} INFO - [2021-03-24 00:03:14,145] {dag.py:2273} INFO - Setting next_dagrun for example_subdag_operator to 2021-03-22 00:00:00+00:00
[2021-03-24 00:03:14,147] {logging_mixin.py:104} INFO - [2021-03-24 00:03:14,147] {dag.py:2273} INFO - Setting next_dagrun for example_subdag_operator.section-1 to None
[2021-03-24 00:03:14,148] {logging_mixin.py:104} INFO - [2021-03-24 00:03:14,148] {dag.py:2273} INFO - Setting next_dagrun for example_subdag_operator.section-2 to None
[2021-03-24 00:03:14,153] {logging_mixin.py:104} INFO - [2021-03-24 00:03:14,152] {dag.py:1818} INFO - Sync 2 DAGs
[2021-03-24 00:03:14,160] {logging_mixin.py:104} INFO - [2021-03-24 00:03:14,159] {dag.py:2273} INFO - Setting next_dagrun for example_subdag_operator.section-1 to None
[2021-03-24 00:03:14,162] {logging_mixin.py:104} INFO - [2021-03-24 00:03:14,161] {dag.py:2273} INFO - Setting next_dagrun for example_subdag_operator.section-2 to None
[2021-03-24 00:03:14,167] {scheduler_job.py:190} INFO - Processing /Users/harika/Desktop/CSYE_7245/Assignment2/pipeline/MyEnv/lib/python3.7/site-packages/airflow/example_dags/example_subdag_operator.py took 0.092 seconds
[2021-03-24 00:03:51,317] {scheduler_job.py:182} INFO - Started process (PID=16988) to work on /Users/harika/Desktop/CSYE_7245/Assignment2/pipeline/MyEnv/lib/python3.7/site-packages/airflow/example_dags/example_subdag_operator.py
[2021-03-24 00:03:51,319] {scheduler_job.py:629} INFO - Processing file /Users/harika/Desktop/CSYE_7245/Assignment2/pipeline/MyEnv/lib/python3.7/site-packages/airflow/example_dags/example_subdag_operator.py for tasks to queue
[2021-03-24 00:03:51,321] {logging_mixin.py:104} INFO - [2021-03-24 00:03:51,320] {dagbag.py:448} INFO - Filling up the DagBag from /Users/harika/Desktop/CSYE_7245/Assignment2/pipeline/MyEnv/lib/python3.7/site-packages/airflow/example_dags/example_subdag_operator.py
[2021-03-24 00:03:51,359] {scheduler_job.py:639} INFO - DAG(s) dict_keys(['example_subdag_operator.section-1', 'example_subdag_operator.section-2', 'example_subdag_operator']) retrieved from /Users/harika/Desktop/CSYE_7245/Assignment2/pipeline/MyEnv/lib/python3.7/site-packages/airflow/example_dags/example_subdag_operator.py
[2021-03-24 00:03:51,377] {logging_mixin.py:104} INFO - [2021-03-24 00:03:51,376] {dag.py:1818} INFO - Sync 3 DAGs
[2021-03-24 00:03:51,394] {logging_mixin.py:104} INFO - [2021-03-24 00:03:51,394] {dag.py:2273} INFO - Setting next_dagrun for example_subdag_operator to 2021-03-22 00:00:00+00:00
[2021-03-24 00:03:51,396] {logging_mixin.py:104} INFO - [2021-03-24 00:03:51,396] {dag.py:2273} INFO - Setting next_dagrun for example_subdag_operator.section-1 to None
[2021-03-24 00:03:51,397] {logging_mixin.py:104} INFO - [2021-03-24 00:03:51,397] {dag.py:2273} INFO - Setting next_dagrun for example_subdag_operator.section-2 to None
[2021-03-24 00:03:51,405] {logging_mixin.py:104} INFO - [2021-03-24 00:03:51,404] {dag.py:1818} INFO - Sync 2 DAGs
[2021-03-24 00:03:51,418] {logging_mixin.py:104} INFO - [2021-03-24 00:03:51,417] {dag.py:2273} INFO - Setting next_dagrun for example_subdag_operator.section-1 to None
[2021-03-24 00:03:51,419] {logging_mixin.py:104} INFO - [2021-03-24 00:03:51,418] {dag.py:2273} INFO - Setting next_dagrun for example_subdag_operator.section-2 to None
[2021-03-24 00:03:51,429] {scheduler_job.py:190} INFO - Processing /Users/harika/Desktop/CSYE_7245/Assignment2/pipeline/MyEnv/lib/python3.7/site-packages/airflow/example_dags/example_subdag_operator.py took 0.118 seconds
[2021-03-24 00:04:37,550] {scheduler_job.py:182} INFO - Started process (PID=17023) to work on /Users/harika/Desktop/CSYE_7245/Assignment2/pipeline/MyEnv/lib/python3.7/site-packages/airflow/example_dags/example_subdag_operator.py
[2021-03-24 00:04:37,552] {scheduler_job.py:629} INFO - Processing file /Users/harika/Desktop/CSYE_7245/Assignment2/pipeline/MyEnv/lib/python3.7/site-packages/airflow/example_dags/example_subdag_operator.py for tasks to queue
[2021-03-24 00:04:37,553] {logging_mixin.py:104} INFO - [2021-03-24 00:04:37,553] {dagbag.py:448} INFO - Filling up the DagBag from /Users/harika/Desktop/CSYE_7245/Assignment2/pipeline/MyEnv/lib/python3.7/site-packages/airflow/example_dags/example_subdag_operator.py
[2021-03-24 00:04:37,579] {scheduler_job.py:639} INFO - DAG(s) dict_keys(['example_subdag_operator.section-1', 'example_subdag_operator.section-2', 'example_subdag_operator']) retrieved from /Users/harika/Desktop/CSYE_7245/Assignment2/pipeline/MyEnv/lib/python3.7/site-packages/airflow/example_dags/example_subdag_operator.py
[2021-03-24 00:04:37,591] {logging_mixin.py:104} INFO - [2021-03-24 00:04:37,591] {dag.py:1818} INFO - Sync 3 DAGs
[2021-03-24 00:04:37,604] {logging_mixin.py:104} INFO - [2021-03-24 00:04:37,604] {dag.py:2273} INFO - Setting next_dagrun for example_subdag_operator to 2021-03-22 00:00:00+00:00
[2021-03-24 00:04:37,606] {logging_mixin.py:104} INFO - [2021-03-24 00:04:37,605] {dag.py:2273} INFO - Setting next_dagrun for example_subdag_operator.section-1 to None
[2021-03-24 00:04:37,607] {logging_mixin.py:104} INFO - [2021-03-24 00:04:37,606] {dag.py:2273} INFO - Setting next_dagrun for example_subdag_operator.section-2 to None
[2021-03-24 00:04:37,612] {logging_mixin.py:104} INFO - [2021-03-24 00:04:37,612] {dag.py:1818} INFO - Sync 2 DAGs
[2021-03-24 00:04:37,619] {logging_mixin.py:104} INFO - [2021-03-24 00:04:37,619] {dag.py:2273} INFO - Setting next_dagrun for example_subdag_operator.section-1 to None
[2021-03-24 00:04:37,620] {logging_mixin.py:104} INFO - [2021-03-24 00:04:37,620] {dag.py:2273} INFO - Setting next_dagrun for example_subdag_operator.section-2 to None
[2021-03-24 00:04:37,625] {scheduler_job.py:190} INFO - Processing /Users/harika/Desktop/CSYE_7245/Assignment2/pipeline/MyEnv/lib/python3.7/site-packages/airflow/example_dags/example_subdag_operator.py took 0.079 seconds
[2021-03-24 00:05:09,190] {scheduler_job.py:182} INFO - Started process (PID=17050) to work on /Users/harika/Desktop/CSYE_7245/Assignment2/pipeline/MyEnv/lib/python3.7/site-packages/airflow/example_dags/example_subdag_operator.py
[2021-03-24 00:05:09,192] {scheduler_job.py:629} INFO - Processing file /Users/harika/Desktop/CSYE_7245/Assignment2/pipeline/MyEnv/lib/python3.7/site-packages/airflow/example_dags/example_subdag_operator.py for tasks to queue
[2021-03-24 00:05:09,193] {logging_mixin.py:104} INFO - [2021-03-24 00:05:09,192] {dagbag.py:448} INFO - Filling up the DagBag from /Users/harika/Desktop/CSYE_7245/Assignment2/pipeline/MyEnv/lib/python3.7/site-packages/airflow/example_dags/example_subdag_operator.py
[2021-03-24 00:05:09,222] {scheduler_job.py:639} INFO - DAG(s) dict_keys(['example_subdag_operator.section-1', 'example_subdag_operator.section-2', 'example_subdag_operator']) retrieved from /Users/harika/Desktop/CSYE_7245/Assignment2/pipeline/MyEnv/lib/python3.7/site-packages/airflow/example_dags/example_subdag_operator.py
[2021-03-24 00:05:09,234] {logging_mixin.py:104} INFO - [2021-03-24 00:05:09,234] {dag.py:1818} INFO - Sync 3 DAGs
[2021-03-24 00:05:09,246] {logging_mixin.py:104} INFO - [2021-03-24 00:05:09,246] {dag.py:2273} INFO - Setting next_dagrun for example_subdag_operator to 2021-03-22 00:00:00+00:00
[2021-03-24 00:05:09,247] {logging_mixin.py:104} INFO - [2021-03-24 00:05:09,247] {dag.py:2273} INFO - Setting next_dagrun for example_subdag_operator.section-1 to None
[2021-03-24 00:05:09,248] {logging_mixin.py:104} INFO - [2021-03-24 00:05:09,248] {dag.py:2273} INFO - Setting next_dagrun for example_subdag_operator.section-2 to None
[2021-03-24 00:05:09,253] {logging_mixin.py:104} INFO - [2021-03-24 00:05:09,253] {dag.py:1818} INFO - Sync 2 DAGs
[2021-03-24 00:05:09,260] {logging_mixin.py:104} INFO - [2021-03-24 00:05:09,259] {dag.py:2273} INFO - Setting next_dagrun for example_subdag_operator.section-1 to None
[2021-03-24 00:05:09,261] {logging_mixin.py:104} INFO - [2021-03-24 00:05:09,260] {dag.py:2273} INFO - Setting next_dagrun for example_subdag_operator.section-2 to None
[2021-03-24 00:05:09,265] {scheduler_job.py:190} INFO - Processing /Users/harika/Desktop/CSYE_7245/Assignment2/pipeline/MyEnv/lib/python3.7/site-packages/airflow/example_dags/example_subdag_operator.py took 0.079 seconds
[2021-03-24 00:06:04,309] {scheduler_job.py:182} INFO - Started process (PID=17099) to work on /Users/harika/Desktop/CSYE_7245/Assignment2/pipeline/MyEnv/lib/python3.7/site-packages/airflow/example_dags/example_subdag_operator.py
[2021-03-24 00:06:04,311] {scheduler_job.py:629} INFO - Processing file /Users/harika/Desktop/CSYE_7245/Assignment2/pipeline/MyEnv/lib/python3.7/site-packages/airflow/example_dags/example_subdag_operator.py for tasks to queue
[2021-03-24 00:06:04,312] {logging_mixin.py:104} INFO - [2021-03-24 00:06:04,311] {dagbag.py:448} INFO - Filling up the DagBag from /Users/harika/Desktop/CSYE_7245/Assignment2/pipeline/MyEnv/lib/python3.7/site-packages/airflow/example_dags/example_subdag_operator.py
[2021-03-24 00:06:04,337] {scheduler_job.py:639} INFO - DAG(s) dict_keys(['example_subdag_operator.section-1', 'example_subdag_operator.section-2', 'example_subdag_operator']) retrieved from /Users/harika/Desktop/CSYE_7245/Assignment2/pipeline/MyEnv/lib/python3.7/site-packages/airflow/example_dags/example_subdag_operator.py
[2021-03-24 00:06:04,348] {logging_mixin.py:104} INFO - [2021-03-24 00:06:04,347] {dag.py:1818} INFO - Sync 3 DAGs
[2021-03-24 00:06:04,359] {logging_mixin.py:104} INFO - [2021-03-24 00:06:04,358] {dag.py:2273} INFO - Setting next_dagrun for example_subdag_operator to 2021-03-22 00:00:00+00:00
[2021-03-24 00:06:04,360] {logging_mixin.py:104} INFO - [2021-03-24 00:06:04,360] {dag.py:2273} INFO - Setting next_dagrun for example_subdag_operator.section-1 to None
[2021-03-24 00:06:04,361] {logging_mixin.py:104} INFO - [2021-03-24 00:06:04,361] {dag.py:2273} INFO - Setting next_dagrun for example_subdag_operator.section-2 to None
[2021-03-24 00:06:04,367] {logging_mixin.py:104} INFO - [2021-03-24 00:06:04,366] {dag.py:1818} INFO - Sync 2 DAGs
[2021-03-24 00:06:04,374] {logging_mixin.py:104} INFO - [2021-03-24 00:06:04,373] {dag.py:2273} INFO - Setting next_dagrun for example_subdag_operator.section-1 to None
[2021-03-24 00:06:04,374] {logging_mixin.py:104} INFO - [2021-03-24 00:06:04,374] {dag.py:2273} INFO - Setting next_dagrun for example_subdag_operator.section-2 to None
[2021-03-24 00:06:04,380] {scheduler_job.py:190} INFO - Processing /Users/harika/Desktop/CSYE_7245/Assignment2/pipeline/MyEnv/lib/python3.7/site-packages/airflow/example_dags/example_subdag_operator.py took 0.074 seconds
[2021-03-24 01:02:36,021] {scheduler_job.py:182} INFO - Started process (PID=17431) to work on /Users/harika/Desktop/CSYE_7245/Assignment2/pipeline/MyEnv/lib/python3.7/site-packages/airflow/example_dags/example_subdag_operator.py
[2021-03-24 01:02:36,024] {scheduler_job.py:629} INFO - Processing file /Users/harika/Desktop/CSYE_7245/Assignment2/pipeline/MyEnv/lib/python3.7/site-packages/airflow/example_dags/example_subdag_operator.py for tasks to queue
[2021-03-24 01:02:36,026] {logging_mixin.py:104} INFO - [2021-03-24 01:02:36,025] {dagbag.py:448} INFO - Filling up the DagBag from /Users/harika/Desktop/CSYE_7245/Assignment2/pipeline/MyEnv/lib/python3.7/site-packages/airflow/example_dags/example_subdag_operator.py
[2021-03-24 01:02:36,049] {scheduler_job.py:639} INFO - DAG(s) dict_keys(['example_subdag_operator.section-1', 'example_subdag_operator.section-2', 'example_subdag_operator']) retrieved from /Users/harika/Desktop/CSYE_7245/Assignment2/pipeline/MyEnv/lib/python3.7/site-packages/airflow/example_dags/example_subdag_operator.py
[2021-03-24 01:02:36,067] {logging_mixin.py:104} INFO - [2021-03-24 01:02:36,067] {dag.py:1818} INFO - Sync 3 DAGs
[2021-03-24 01:02:36,082] {logging_mixin.py:104} INFO - [2021-03-24 01:02:36,081] {dag.py:2273} INFO - Setting next_dagrun for example_subdag_operator to 2021-03-22 00:00:00+00:00
[2021-03-24 01:02:36,083] {logging_mixin.py:104} INFO - [2021-03-24 01:02:36,083] {dag.py:2273} INFO - Setting next_dagrun for example_subdag_operator.section-1 to None
[2021-03-24 01:02:36,084] {logging_mixin.py:104} INFO - [2021-03-24 01:02:36,084] {dag.py:2273} INFO - Setting next_dagrun for example_subdag_operator.section-2 to None
[2021-03-24 01:02:36,090] {logging_mixin.py:104} INFO - [2021-03-24 01:02:36,089] {dag.py:1818} INFO - Sync 2 DAGs
[2021-03-24 01:02:36,098] {logging_mixin.py:104} INFO - [2021-03-24 01:02:36,097] {dag.py:2273} INFO - Setting next_dagrun for example_subdag_operator.section-1 to None
[2021-03-24 01:02:36,099] {logging_mixin.py:104} INFO - [2021-03-24 01:02:36,099] {dag.py:2273} INFO - Setting next_dagrun for example_subdag_operator.section-2 to None
[2021-03-24 01:02:36,105] {scheduler_job.py:190} INFO - Processing /Users/harika/Desktop/CSYE_7245/Assignment2/pipeline/MyEnv/lib/python3.7/site-packages/airflow/example_dags/example_subdag_operator.py took 0.088 seconds
[2021-03-24 01:03:06,536] {scheduler_job.py:182} INFO - Started process (PID=17469) to work on /Users/harika/Desktop/CSYE_7245/Assignment2/pipeline/MyEnv/lib/python3.7/site-packages/airflow/example_dags/example_subdag_operator.py
[2021-03-24 01:03:06,538] {scheduler_job.py:629} INFO - Processing file /Users/harika/Desktop/CSYE_7245/Assignment2/pipeline/MyEnv/lib/python3.7/site-packages/airflow/example_dags/example_subdag_operator.py for tasks to queue
[2021-03-24 01:03:06,539] {logging_mixin.py:104} INFO - [2021-03-24 01:03:06,539] {dagbag.py:448} INFO - Filling up the DagBag from /Users/harika/Desktop/CSYE_7245/Assignment2/pipeline/MyEnv/lib/python3.7/site-packages/airflow/example_dags/example_subdag_operator.py
[2021-03-24 01:03:06,566] {scheduler_job.py:639} INFO - DAG(s) dict_keys(['example_subdag_operator.section-1', 'example_subdag_operator.section-2', 'example_subdag_operator']) retrieved from /Users/harika/Desktop/CSYE_7245/Assignment2/pipeline/MyEnv/lib/python3.7/site-packages/airflow/example_dags/example_subdag_operator.py
[2021-03-24 01:03:06,578] {logging_mixin.py:104} INFO - [2021-03-24 01:03:06,578] {dag.py:1818} INFO - Sync 3 DAGs
[2021-03-24 01:03:06,589] {logging_mixin.py:104} INFO - [2021-03-24 01:03:06,589] {dag.py:2273} INFO - Setting next_dagrun for example_subdag_operator to 2021-03-22 00:00:00+00:00
[2021-03-24 01:03:06,591] {logging_mixin.py:104} INFO - [2021-03-24 01:03:06,591] {dag.py:2273} INFO - Setting next_dagrun for example_subdag_operator.section-1 to None
[2021-03-24 01:03:06,592] {logging_mixin.py:104} INFO - [2021-03-24 01:03:06,591] {dag.py:2273} INFO - Setting next_dagrun for example_subdag_operator.section-2 to None
[2021-03-24 01:03:06,599] {logging_mixin.py:104} INFO - [2021-03-24 01:03:06,598] {dag.py:1818} INFO - Sync 2 DAGs
[2021-03-24 01:03:06,606] {logging_mixin.py:104} INFO - [2021-03-24 01:03:06,605] {dag.py:2273} INFO - Setting next_dagrun for example_subdag_operator.section-1 to None
[2021-03-24 01:03:06,607] {logging_mixin.py:104} INFO - [2021-03-24 01:03:06,606] {dag.py:2273} INFO - Setting next_dagrun for example_subdag_operator.section-2 to None
[2021-03-24 01:03:06,613] {scheduler_job.py:190} INFO - Processing /Users/harika/Desktop/CSYE_7245/Assignment2/pipeline/MyEnv/lib/python3.7/site-packages/airflow/example_dags/example_subdag_operator.py took 0.080 seconds
[2021-03-24 01:03:45,286] {scheduler_job.py:182} INFO - Started process (PID=17513) to work on /Users/harika/Desktop/CSYE_7245/Assignment2/pipeline/MyEnv/lib/python3.7/site-packages/airflow/example_dags/example_subdag_operator.py
[2021-03-24 01:03:45,288] {scheduler_job.py:629} INFO - Processing file /Users/harika/Desktop/CSYE_7245/Assignment2/pipeline/MyEnv/lib/python3.7/site-packages/airflow/example_dags/example_subdag_operator.py for tasks to queue
[2021-03-24 01:03:45,291] {logging_mixin.py:104} INFO - [2021-03-24 01:03:45,290] {dagbag.py:448} INFO - Filling up the DagBag from /Users/harika/Desktop/CSYE_7245/Assignment2/pipeline/MyEnv/lib/python3.7/site-packages/airflow/example_dags/example_subdag_operator.py
[2021-03-24 01:03:45,317] {scheduler_job.py:639} INFO - DAG(s) dict_keys(['example_subdag_operator.section-1', 'example_subdag_operator.section-2', 'example_subdag_operator']) retrieved from /Users/harika/Desktop/CSYE_7245/Assignment2/pipeline/MyEnv/lib/python3.7/site-packages/airflow/example_dags/example_subdag_operator.py
[2021-03-24 01:03:45,334] {logging_mixin.py:104} INFO - [2021-03-24 01:03:45,334] {dag.py:1818} INFO - Sync 3 DAGs
[2021-03-24 01:03:45,347] {logging_mixin.py:104} INFO - [2021-03-24 01:03:45,347] {dag.py:2273} INFO - Setting next_dagrun for example_subdag_operator to 2021-03-22 00:00:00+00:00
[2021-03-24 01:03:45,350] {logging_mixin.py:104} INFO - [2021-03-24 01:03:45,349] {dag.py:2273} INFO - Setting next_dagrun for example_subdag_operator.section-1 to None
[2021-03-24 01:03:45,352] {logging_mixin.py:104} INFO - [2021-03-24 01:03:45,351] {dag.py:2273} INFO - Setting next_dagrun for example_subdag_operator.section-2 to None
[2021-03-24 01:03:45,360] {logging_mixin.py:104} INFO - [2021-03-24 01:03:45,359] {dag.py:1818} INFO - Sync 2 DAGs
[2021-03-24 01:03:45,371] {logging_mixin.py:104} INFO - [2021-03-24 01:03:45,370] {dag.py:2273} INFO - Setting next_dagrun for example_subdag_operator.section-1 to None
[2021-03-24 01:03:45,372] {logging_mixin.py:104} INFO - [2021-03-24 01:03:45,371] {dag.py:2273} INFO - Setting next_dagrun for example_subdag_operator.section-2 to None
[2021-03-24 01:03:45,379] {scheduler_job.py:190} INFO - Processing /Users/harika/Desktop/CSYE_7245/Assignment2/pipeline/MyEnv/lib/python3.7/site-packages/airflow/example_dags/example_subdag_operator.py took 0.096 seconds
[2021-03-24 01:04:16,892] {scheduler_job.py:182} INFO - Started process (PID=17555) to work on /Users/harika/Desktop/CSYE_7245/Assignment2/pipeline/MyEnv/lib/python3.7/site-packages/airflow/example_dags/example_subdag_operator.py
[2021-03-24 01:04:16,894] {scheduler_job.py:629} INFO - Processing file /Users/harika/Desktop/CSYE_7245/Assignment2/pipeline/MyEnv/lib/python3.7/site-packages/airflow/example_dags/example_subdag_operator.py for tasks to queue
[2021-03-24 01:04:16,896] {logging_mixin.py:104} INFO - [2021-03-24 01:04:16,895] {dagbag.py:448} INFO - Filling up the DagBag from /Users/harika/Desktop/CSYE_7245/Assignment2/pipeline/MyEnv/lib/python3.7/site-packages/airflow/example_dags/example_subdag_operator.py
[2021-03-24 01:04:16,916] {scheduler_job.py:639} INFO - DAG(s) dict_keys(['example_subdag_operator.section-1', 'example_subdag_operator.section-2', 'example_subdag_operator']) retrieved from /Users/harika/Desktop/CSYE_7245/Assignment2/pipeline/MyEnv/lib/python3.7/site-packages/airflow/example_dags/example_subdag_operator.py
[2021-03-24 01:04:16,928] {logging_mixin.py:104} INFO - [2021-03-24 01:04:16,927] {dag.py:1818} INFO - Sync 3 DAGs
[2021-03-24 01:04:16,941] {logging_mixin.py:104} INFO - [2021-03-24 01:04:16,940] {dag.py:2273} INFO - Setting next_dagrun for example_subdag_operator to 2021-03-22 00:00:00+00:00
[2021-03-24 01:04:16,942] {logging_mixin.py:104} INFO - [2021-03-24 01:04:16,942] {dag.py:2273} INFO - Setting next_dagrun for example_subdag_operator.section-1 to None
[2021-03-24 01:04:16,943] {logging_mixin.py:104} INFO - [2021-03-24 01:04:16,943] {dag.py:2273} INFO - Setting next_dagrun for example_subdag_operator.section-2 to None
[2021-03-24 01:04:16,949] {logging_mixin.py:104} INFO - [2021-03-24 01:04:16,948] {dag.py:1818} INFO - Sync 2 DAGs
[2021-03-24 01:04:16,958] {logging_mixin.py:104} INFO - [2021-03-24 01:04:16,957] {dag.py:2273} INFO - Setting next_dagrun for example_subdag_operator.section-1 to None
[2021-03-24 01:04:16,959] {logging_mixin.py:104} INFO - [2021-03-24 01:04:16,958] {dag.py:2273} INFO - Setting next_dagrun for example_subdag_operator.section-2 to None
[2021-03-24 01:04:16,964] {scheduler_job.py:190} INFO - Processing /Users/harika/Desktop/CSYE_7245/Assignment2/pipeline/MyEnv/lib/python3.7/site-packages/airflow/example_dags/example_subdag_operator.py took 0.076 seconds
[2021-03-24 01:04:50,782] {scheduler_job.py:182} INFO - Started process (PID=17650) to work on /Users/harika/Desktop/CSYE_7245/Assignment2/pipeline/MyEnv/lib/python3.7/site-packages/airflow/example_dags/example_subdag_operator.py
[2021-03-24 01:04:50,784] {scheduler_job.py:629} INFO - Processing file /Users/harika/Desktop/CSYE_7245/Assignment2/pipeline/MyEnv/lib/python3.7/site-packages/airflow/example_dags/example_subdag_operator.py for tasks to queue
[2021-03-24 01:04:50,787] {logging_mixin.py:104} INFO - [2021-03-24 01:04:50,786] {dagbag.py:448} INFO - Filling up the DagBag from /Users/harika/Desktop/CSYE_7245/Assignment2/pipeline/MyEnv/lib/python3.7/site-packages/airflow/example_dags/example_subdag_operator.py
[2021-03-24 01:04:50,816] {scheduler_job.py:639} INFO - DAG(s) dict_keys(['example_subdag_operator.section-1', 'example_subdag_operator.section-2', 'example_subdag_operator']) retrieved from /Users/harika/Desktop/CSYE_7245/Assignment2/pipeline/MyEnv/lib/python3.7/site-packages/airflow/example_dags/example_subdag_operator.py
[2021-03-24 01:04:50,832] {logging_mixin.py:104} INFO - [2021-03-24 01:04:50,831] {dag.py:1818} INFO - Sync 3 DAGs
[2021-03-24 01:04:50,849] {logging_mixin.py:104} INFO - [2021-03-24 01:04:50,848] {dag.py:2273} INFO - Setting next_dagrun for example_subdag_operator to 2021-03-22 00:00:00+00:00
[2021-03-24 01:04:50,852] {logging_mixin.py:104} INFO - [2021-03-24 01:04:50,851] {dag.py:2273} INFO - Setting next_dagrun for example_subdag_operator.section-1 to None
[2021-03-24 01:04:50,853] {logging_mixin.py:104} INFO - [2021-03-24 01:04:50,853] {dag.py:2273} INFO - Setting next_dagrun for example_subdag_operator.section-2 to None
[2021-03-24 01:04:50,859] {logging_mixin.py:104} INFO - [2021-03-24 01:04:50,858] {dag.py:1818} INFO - Sync 2 DAGs
[2021-03-24 01:04:50,869] {logging_mixin.py:104} INFO - [2021-03-24 01:04:50,868] {dag.py:2273} INFO - Setting next_dagrun for example_subdag_operator.section-1 to None
[2021-03-24 01:04:50,871] {logging_mixin.py:104} INFO - [2021-03-24 01:04:50,870] {dag.py:2273} INFO - Setting next_dagrun for example_subdag_operator.section-2 to None
[2021-03-24 01:04:50,886] {scheduler_job.py:190} INFO - Processing /Users/harika/Desktop/CSYE_7245/Assignment2/pipeline/MyEnv/lib/python3.7/site-packages/airflow/example_dags/example_subdag_operator.py took 0.109 seconds
