[2021-03-23 20:14:37,249] {scheduler_job.py:182} INFO - Started process (PID=14181) to work on /Users/harika/Desktop/CSYE_7245/Assignment2/pipeline/MyEnv/lib/python3.7/site-packages/airflow/example_dags/example_latest_only.py
[2021-03-23 20:14:37,256] {scheduler_job.py:629} INFO - Processing file /Users/harika/Desktop/CSYE_7245/Assignment2/pipeline/MyEnv/lib/python3.7/site-packages/airflow/example_dags/example_latest_only.py for tasks to queue
[2021-03-23 20:14:37,260] {logging_mixin.py:104} INFO - [2021-03-23 20:14:37,259] {dagbag.py:448} INFO - Filling up the DagBag from /Users/harika/Desktop/CSYE_7245/Assignment2/pipeline/MyEnv/lib/python3.7/site-packages/airflow/example_dags/example_latest_only.py
[2021-03-23 20:14:37,285] {scheduler_job.py:639} INFO - DAG(s) dict_keys(['latest_only']) retrieved from /Users/harika/Desktop/CSYE_7245/Assignment2/pipeline/MyEnv/lib/python3.7/site-packages/airflow/example_dags/example_latest_only.py
[2021-03-23 20:14:37,325] {logging_mixin.py:104} INFO - [2021-03-23 20:14:37,324] {dag.py:1818} INFO - Sync 1 DAGs
[2021-03-23 20:14:37,368] {logging_mixin.py:104} INFO - [2021-03-23 20:14:37,367] {dag.py:2273} INFO - Setting next_dagrun for latest_only to 2021-03-22 00:00:00+00:00
[2021-03-23 20:14:37,414] {scheduler_job.py:190} INFO - Processing /Users/harika/Desktop/CSYE_7245/Assignment2/pipeline/MyEnv/lib/python3.7/site-packages/airflow/example_dags/example_latest_only.py took 0.170 seconds
[2021-03-23 20:28:04,016] {scheduler_job.py:182} INFO - Started process (PID=14375) to work on /Users/harika/Desktop/CSYE_7245/Assignment2/pipeline/MyEnv/lib/python3.7/site-packages/airflow/example_dags/example_latest_only.py
[2021-03-23 20:28:04,020] {scheduler_job.py:629} INFO - Processing file /Users/harika/Desktop/CSYE_7245/Assignment2/pipeline/MyEnv/lib/python3.7/site-packages/airflow/example_dags/example_latest_only.py for tasks to queue
[2021-03-23 20:28:04,025] {logging_mixin.py:104} INFO - [2021-03-23 20:28:04,025] {dagbag.py:448} INFO - Filling up the DagBag from /Users/harika/Desktop/CSYE_7245/Assignment2/pipeline/MyEnv/lib/python3.7/site-packages/airflow/example_dags/example_latest_only.py
[2021-03-23 20:28:04,034] {scheduler_job.py:639} INFO - DAG(s) dict_keys(['latest_only']) retrieved from /Users/harika/Desktop/CSYE_7245/Assignment2/pipeline/MyEnv/lib/python3.7/site-packages/airflow/example_dags/example_latest_only.py
[2021-03-23 20:28:04,051] {logging_mixin.py:104} INFO - [2021-03-23 20:28:04,051] {dag.py:1818} INFO - Sync 1 DAGs
[2021-03-23 20:28:04,064] {logging_mixin.py:104} INFO - [2021-03-23 20:28:04,064] {dag.py:2273} INFO - Setting next_dagrun for latest_only to 2021-03-22 00:00:00+00:00
[2021-03-23 20:28:04,074] {scheduler_job.py:190} INFO - Processing /Users/harika/Desktop/CSYE_7245/Assignment2/pipeline/MyEnv/lib/python3.7/site-packages/airflow/example_dags/example_latest_only.py took 0.062 seconds
[2021-03-23 20:28:45,304] {scheduler_job.py:182} INFO - Started process (PID=14414) to work on /Users/harika/Desktop/CSYE_7245/Assignment2/pipeline/MyEnv/lib/python3.7/site-packages/airflow/example_dags/example_latest_only.py
[2021-03-23 20:28:45,308] {scheduler_job.py:629} INFO - Processing file /Users/harika/Desktop/CSYE_7245/Assignment2/pipeline/MyEnv/lib/python3.7/site-packages/airflow/example_dags/example_latest_only.py for tasks to queue
[2021-03-23 20:28:45,310] {logging_mixin.py:104} INFO - [2021-03-23 20:28:45,309] {dagbag.py:448} INFO - Filling up the DagBag from /Users/harika/Desktop/CSYE_7245/Assignment2/pipeline/MyEnv/lib/python3.7/site-packages/airflow/example_dags/example_latest_only.py
[2021-03-23 20:28:45,330] {scheduler_job.py:639} INFO - DAG(s) dict_keys(['latest_only']) retrieved from /Users/harika/Desktop/CSYE_7245/Assignment2/pipeline/MyEnv/lib/python3.7/site-packages/airflow/example_dags/example_latest_only.py
[2021-03-23 20:28:45,352] {logging_mixin.py:104} INFO - [2021-03-23 20:28:45,352] {dag.py:1818} INFO - Sync 1 DAGs
[2021-03-23 20:28:45,367] {logging_mixin.py:104} INFO - [2021-03-23 20:28:45,367] {dag.py:2273} INFO - Setting next_dagrun for latest_only to 2021-03-22 00:00:00+00:00
[2021-03-23 20:28:45,385] {scheduler_job.py:190} INFO - Processing /Users/harika/Desktop/CSYE_7245/Assignment2/pipeline/MyEnv/lib/python3.7/site-packages/airflow/example_dags/example_latest_only.py took 0.086 seconds
[2021-03-23 20:29:27,089] {scheduler_job.py:182} INFO - Started process (PID=14445) to work on /Users/harika/Desktop/CSYE_7245/Assignment2/pipeline/MyEnv/lib/python3.7/site-packages/airflow/example_dags/example_latest_only.py
[2021-03-23 20:29:27,092] {scheduler_job.py:629} INFO - Processing file /Users/harika/Desktop/CSYE_7245/Assignment2/pipeline/MyEnv/lib/python3.7/site-packages/airflow/example_dags/example_latest_only.py for tasks to queue
[2021-03-23 20:29:27,094] {logging_mixin.py:104} INFO - [2021-03-23 20:29:27,093] {dagbag.py:448} INFO - Filling up the DagBag from /Users/harika/Desktop/CSYE_7245/Assignment2/pipeline/MyEnv/lib/python3.7/site-packages/airflow/example_dags/example_latest_only.py
[2021-03-23 20:29:27,104] {scheduler_job.py:639} INFO - DAG(s) dict_keys(['latest_only']) retrieved from /Users/harika/Desktop/CSYE_7245/Assignment2/pipeline/MyEnv/lib/python3.7/site-packages/airflow/example_dags/example_latest_only.py
[2021-03-23 20:29:27,123] {logging_mixin.py:104} INFO - [2021-03-23 20:29:27,122] {dag.py:1818} INFO - Sync 1 DAGs
[2021-03-23 20:29:27,146] {logging_mixin.py:104} INFO - [2021-03-23 20:29:27,145] {dag.py:2273} INFO - Setting next_dagrun for latest_only to 2021-03-22 00:00:00+00:00
[2021-03-23 20:29:27,158] {scheduler_job.py:190} INFO - Processing /Users/harika/Desktop/CSYE_7245/Assignment2/pipeline/MyEnv/lib/python3.7/site-packages/airflow/example_dags/example_latest_only.py took 0.078 seconds
[2021-03-23 20:30:06,837] {scheduler_job.py:182} INFO - Started process (PID=14482) to work on /Users/harika/Desktop/CSYE_7245/Assignment2/pipeline/MyEnv/lib/python3.7/site-packages/airflow/example_dags/example_latest_only.py
[2021-03-23 20:30:06,838] {scheduler_job.py:629} INFO - Processing file /Users/harika/Desktop/CSYE_7245/Assignment2/pipeline/MyEnv/lib/python3.7/site-packages/airflow/example_dags/example_latest_only.py for tasks to queue
[2021-03-23 20:30:06,840] {logging_mixin.py:104} INFO - [2021-03-23 20:30:06,839] {dagbag.py:448} INFO - Filling up the DagBag from /Users/harika/Desktop/CSYE_7245/Assignment2/pipeline/MyEnv/lib/python3.7/site-packages/airflow/example_dags/example_latest_only.py
[2021-03-23 20:30:06,846] {scheduler_job.py:639} INFO - DAG(s) dict_keys(['latest_only']) retrieved from /Users/harika/Desktop/CSYE_7245/Assignment2/pipeline/MyEnv/lib/python3.7/site-packages/airflow/example_dags/example_latest_only.py
[2021-03-23 20:30:06,870] {logging_mixin.py:104} INFO - [2021-03-23 20:30:06,869] {dag.py:1818} INFO - Sync 1 DAGs
[2021-03-23 20:30:06,888] {logging_mixin.py:104} INFO - [2021-03-23 20:30:06,887] {dag.py:2273} INFO - Setting next_dagrun for latest_only to 2021-03-22 00:00:00+00:00
[2021-03-23 20:30:06,897] {scheduler_job.py:190} INFO - Processing /Users/harika/Desktop/CSYE_7245/Assignment2/pipeline/MyEnv/lib/python3.7/site-packages/airflow/example_dags/example_latest_only.py took 0.065 seconds
[2021-03-23 20:30:44,931] {scheduler_job.py:182} INFO - Started process (PID=14516) to work on /Users/harika/Desktop/CSYE_7245/Assignment2/pipeline/MyEnv/lib/python3.7/site-packages/airflow/example_dags/example_latest_only.py
[2021-03-23 20:30:44,933] {scheduler_job.py:629} INFO - Processing file /Users/harika/Desktop/CSYE_7245/Assignment2/pipeline/MyEnv/lib/python3.7/site-packages/airflow/example_dags/example_latest_only.py for tasks to queue
[2021-03-23 20:30:44,936] {logging_mixin.py:104} INFO - [2021-03-23 20:30:44,935] {dagbag.py:448} INFO - Filling up the DagBag from /Users/harika/Desktop/CSYE_7245/Assignment2/pipeline/MyEnv/lib/python3.7/site-packages/airflow/example_dags/example_latest_only.py
[2021-03-23 20:30:44,951] {scheduler_job.py:639} INFO - DAG(s) dict_keys(['latest_only']) retrieved from /Users/harika/Desktop/CSYE_7245/Assignment2/pipeline/MyEnv/lib/python3.7/site-packages/airflow/example_dags/example_latest_only.py
[2021-03-23 20:30:44,976] {logging_mixin.py:104} INFO - [2021-03-23 20:30:44,975] {dag.py:1818} INFO - Sync 1 DAGs
[2021-03-23 20:30:44,989] {logging_mixin.py:104} INFO - [2021-03-23 20:30:44,989] {dag.py:2273} INFO - Setting next_dagrun for latest_only to 2021-03-22 00:00:00+00:00
[2021-03-23 20:30:45,000] {scheduler_job.py:190} INFO - Processing /Users/harika/Desktop/CSYE_7245/Assignment2/pipeline/MyEnv/lib/python3.7/site-packages/airflow/example_dags/example_latest_only.py took 0.073 seconds
[2021-03-23 20:31:21,330] {scheduler_job.py:182} INFO - Started process (PID=14549) to work on /Users/harika/Desktop/CSYE_7245/Assignment2/pipeline/MyEnv/lib/python3.7/site-packages/airflow/example_dags/example_latest_only.py
[2021-03-23 20:31:21,332] {scheduler_job.py:629} INFO - Processing file /Users/harika/Desktop/CSYE_7245/Assignment2/pipeline/MyEnv/lib/python3.7/site-packages/airflow/example_dags/example_latest_only.py for tasks to queue
[2021-03-23 20:31:21,334] {logging_mixin.py:104} INFO - [2021-03-23 20:31:21,333] {dagbag.py:448} INFO - Filling up the DagBag from /Users/harika/Desktop/CSYE_7245/Assignment2/pipeline/MyEnv/lib/python3.7/site-packages/airflow/example_dags/example_latest_only.py
[2021-03-23 20:31:21,340] {scheduler_job.py:639} INFO - DAG(s) dict_keys(['latest_only']) retrieved from /Users/harika/Desktop/CSYE_7245/Assignment2/pipeline/MyEnv/lib/python3.7/site-packages/airflow/example_dags/example_latest_only.py
[2021-03-23 20:31:21,358] {logging_mixin.py:104} INFO - [2021-03-23 20:31:21,357] {dag.py:1818} INFO - Sync 1 DAGs
[2021-03-23 20:31:21,381] {logging_mixin.py:104} INFO - [2021-03-23 20:31:21,380] {dag.py:2273} INFO - Setting next_dagrun for latest_only to 2021-03-22 00:00:00+00:00
[2021-03-23 20:31:21,395] {scheduler_job.py:190} INFO - Processing /Users/harika/Desktop/CSYE_7245/Assignment2/pipeline/MyEnv/lib/python3.7/site-packages/airflow/example_dags/example_latest_only.py took 0.069 seconds
[2021-03-23 21:09:43,958] {scheduler_job.py:182} INFO - Started process (PID=14947) to work on /Users/harika/Desktop/CSYE_7245/Assignment2/pipeline/MyEnv/lib/python3.7/site-packages/airflow/example_dags/example_latest_only.py
[2021-03-23 21:09:43,963] {scheduler_job.py:629} INFO - Processing file /Users/harika/Desktop/CSYE_7245/Assignment2/pipeline/MyEnv/lib/python3.7/site-packages/airflow/example_dags/example_latest_only.py for tasks to queue
[2021-03-23 21:09:43,969] {logging_mixin.py:104} INFO - [2021-03-23 21:09:43,968] {dagbag.py:448} INFO - Filling up the DagBag from /Users/harika/Desktop/CSYE_7245/Assignment2/pipeline/MyEnv/lib/python3.7/site-packages/airflow/example_dags/example_latest_only.py
[2021-03-23 21:09:44,002] {scheduler_job.py:639} INFO - DAG(s) dict_keys(['latest_only']) retrieved from /Users/harika/Desktop/CSYE_7245/Assignment2/pipeline/MyEnv/lib/python3.7/site-packages/airflow/example_dags/example_latest_only.py
[2021-03-23 21:09:44,036] {logging_mixin.py:104} INFO - [2021-03-23 21:09:44,035] {dag.py:1818} INFO - Sync 1 DAGs
[2021-03-23 21:09:44,073] {logging_mixin.py:104} INFO - [2021-03-23 21:09:44,072] {dag.py:2273} INFO - Setting next_dagrun for latest_only to 2021-03-22 00:00:00+00:00
[2021-03-23 21:09:44,098] {scheduler_job.py:190} INFO - Processing /Users/harika/Desktop/CSYE_7245/Assignment2/pipeline/MyEnv/lib/python3.7/site-packages/airflow/example_dags/example_latest_only.py took 0.146 seconds
[2021-03-23 21:12:55,548] {scheduler_job.py:182} INFO - Started process (PID=15016) to work on /Users/harika/Desktop/CSYE_7245/Assignment2/pipeline/MyEnv/lib/python3.7/site-packages/airflow/example_dags/example_latest_only.py
[2021-03-23 21:12:55,551] {scheduler_job.py:629} INFO - Processing file /Users/harika/Desktop/CSYE_7245/Assignment2/pipeline/MyEnv/lib/python3.7/site-packages/airflow/example_dags/example_latest_only.py for tasks to queue
[2021-03-23 21:12:55,555] {logging_mixin.py:104} INFO - [2021-03-23 21:12:55,553] {dagbag.py:448} INFO - Filling up the DagBag from /Users/harika/Desktop/CSYE_7245/Assignment2/pipeline/MyEnv/lib/python3.7/site-packages/airflow/example_dags/example_latest_only.py
[2021-03-23 21:12:55,575] {scheduler_job.py:639} INFO - DAG(s) dict_keys(['latest_only']) retrieved from /Users/harika/Desktop/CSYE_7245/Assignment2/pipeline/MyEnv/lib/python3.7/site-packages/airflow/example_dags/example_latest_only.py
[2021-03-23 21:12:55,603] {logging_mixin.py:104} INFO - [2021-03-23 21:12:55,602] {dag.py:1818} INFO - Sync 1 DAGs
[2021-03-23 21:12:55,649] {logging_mixin.py:104} INFO - [2021-03-23 21:12:55,643] {dag.py:2273} INFO - Setting next_dagrun for latest_only to 2021-03-22 00:00:00+00:00
[2021-03-23 21:12:55,707] {scheduler_job.py:190} INFO - Processing /Users/harika/Desktop/CSYE_7245/Assignment2/pipeline/MyEnv/lib/python3.7/site-packages/airflow/example_dags/example_latest_only.py took 0.163 seconds
[2021-03-23 21:13:41,814] {scheduler_job.py:182} INFO - Started process (PID=15054) to work on /Users/harika/Desktop/CSYE_7245/Assignment2/pipeline/MyEnv/lib/python3.7/site-packages/airflow/example_dags/example_latest_only.py
[2021-03-23 21:13:41,816] {scheduler_job.py:629} INFO - Processing file /Users/harika/Desktop/CSYE_7245/Assignment2/pipeline/MyEnv/lib/python3.7/site-packages/airflow/example_dags/example_latest_only.py for tasks to queue
[2021-03-23 21:13:41,817] {logging_mixin.py:104} INFO - [2021-03-23 21:13:41,817] {dagbag.py:448} INFO - Filling up the DagBag from /Users/harika/Desktop/CSYE_7245/Assignment2/pipeline/MyEnv/lib/python3.7/site-packages/airflow/example_dags/example_latest_only.py
[2021-03-23 21:13:41,824] {scheduler_job.py:639} INFO - DAG(s) dict_keys(['latest_only']) retrieved from /Users/harika/Desktop/CSYE_7245/Assignment2/pipeline/MyEnv/lib/python3.7/site-packages/airflow/example_dags/example_latest_only.py
[2021-03-23 21:13:41,839] {logging_mixin.py:104} INFO - [2021-03-23 21:13:41,839] {dag.py:1818} INFO - Sync 1 DAGs
[2021-03-23 21:13:41,852] {logging_mixin.py:104} INFO - [2021-03-23 21:13:41,852] {dag.py:2273} INFO - Setting next_dagrun for latest_only to 2021-03-22 00:00:00+00:00
[2021-03-23 21:13:41,867] {scheduler_job.py:190} INFO - Processing /Users/harika/Desktop/CSYE_7245/Assignment2/pipeline/MyEnv/lib/python3.7/site-packages/airflow/example_dags/example_latest_only.py took 0.056 seconds
[2021-03-23 21:17:59,034] {scheduler_job.py:182} INFO - Started process (PID=15195) to work on /Users/harika/Desktop/CSYE_7245/Assignment2/pipeline/MyEnv/lib/python3.7/site-packages/airflow/example_dags/example_latest_only.py
[2021-03-23 21:17:59,036] {scheduler_job.py:629} INFO - Processing file /Users/harika/Desktop/CSYE_7245/Assignment2/pipeline/MyEnv/lib/python3.7/site-packages/airflow/example_dags/example_latest_only.py for tasks to queue
[2021-03-23 21:17:59,042] {logging_mixin.py:104} INFO - [2021-03-23 21:17:59,041] {dagbag.py:448} INFO - Filling up the DagBag from /Users/harika/Desktop/CSYE_7245/Assignment2/pipeline/MyEnv/lib/python3.7/site-packages/airflow/example_dags/example_latest_only.py
[2021-03-23 21:17:59,055] {scheduler_job.py:639} INFO - DAG(s) dict_keys(['latest_only']) retrieved from /Users/harika/Desktop/CSYE_7245/Assignment2/pipeline/MyEnv/lib/python3.7/site-packages/airflow/example_dags/example_latest_only.py
[2021-03-23 21:17:59,088] {logging_mixin.py:104} INFO - [2021-03-23 21:17:59,083] {dag.py:1818} INFO - Sync 1 DAGs
[2021-03-23 21:17:59,113] {logging_mixin.py:104} INFO - [2021-03-23 21:17:59,112] {dag.py:2273} INFO - Setting next_dagrun for latest_only to 2021-03-22 00:00:00+00:00
[2021-03-23 21:17:59,135] {scheduler_job.py:190} INFO - Processing /Users/harika/Desktop/CSYE_7245/Assignment2/pipeline/MyEnv/lib/python3.7/site-packages/airflow/example_dags/example_latest_only.py took 0.106 seconds
[2021-03-23 21:18:38,280] {scheduler_job.py:182} INFO - Started process (PID=15234) to work on /Users/harika/Desktop/CSYE_7245/Assignment2/pipeline/MyEnv/lib/python3.7/site-packages/airflow/example_dags/example_latest_only.py
[2021-03-23 21:18:38,283] {scheduler_job.py:629} INFO - Processing file /Users/harika/Desktop/CSYE_7245/Assignment2/pipeline/MyEnv/lib/python3.7/site-packages/airflow/example_dags/example_latest_only.py for tasks to queue
[2021-03-23 21:18:38,286] {logging_mixin.py:104} INFO - [2021-03-23 21:18:38,285] {dagbag.py:448} INFO - Filling up the DagBag from /Users/harika/Desktop/CSYE_7245/Assignment2/pipeline/MyEnv/lib/python3.7/site-packages/airflow/example_dags/example_latest_only.py
[2021-03-23 21:18:38,298] {scheduler_job.py:639} INFO - DAG(s) dict_keys(['latest_only']) retrieved from /Users/harika/Desktop/CSYE_7245/Assignment2/pipeline/MyEnv/lib/python3.7/site-packages/airflow/example_dags/example_latest_only.py
[2021-03-23 21:18:38,325] {logging_mixin.py:104} INFO - [2021-03-23 21:18:38,321] {dag.py:1818} INFO - Sync 1 DAGs
[2021-03-23 21:18:38,352] {logging_mixin.py:104} INFO - [2021-03-23 21:18:38,351] {dag.py:2273} INFO - Setting next_dagrun for latest_only to 2021-03-22 00:00:00+00:00
[2021-03-23 21:18:38,363] {scheduler_job.py:190} INFO - Processing /Users/harika/Desktop/CSYE_7245/Assignment2/pipeline/MyEnv/lib/python3.7/site-packages/airflow/example_dags/example_latest_only.py took 0.091 seconds
[2021-03-23 21:19:20,711] {scheduler_job.py:182} INFO - Started process (PID=15268) to work on /Users/harika/Desktop/CSYE_7245/Assignment2/pipeline/MyEnv/lib/python3.7/site-packages/airflow/example_dags/example_latest_only.py
[2021-03-23 21:19:20,714] {scheduler_job.py:629} INFO - Processing file /Users/harika/Desktop/CSYE_7245/Assignment2/pipeline/MyEnv/lib/python3.7/site-packages/airflow/example_dags/example_latest_only.py for tasks to queue
[2021-03-23 21:19:20,716] {logging_mixin.py:104} INFO - [2021-03-23 21:19:20,715] {dagbag.py:448} INFO - Filling up the DagBag from /Users/harika/Desktop/CSYE_7245/Assignment2/pipeline/MyEnv/lib/python3.7/site-packages/airflow/example_dags/example_latest_only.py
[2021-03-23 21:19:20,732] {scheduler_job.py:639} INFO - DAG(s) dict_keys(['latest_only']) retrieved from /Users/harika/Desktop/CSYE_7245/Assignment2/pipeline/MyEnv/lib/python3.7/site-packages/airflow/example_dags/example_latest_only.py
[2021-03-23 21:19:20,753] {logging_mixin.py:104} INFO - [2021-03-23 21:19:20,752] {dag.py:1818} INFO - Sync 1 DAGs
[2021-03-23 21:19:20,766] {logging_mixin.py:104} INFO - [2021-03-23 21:19:20,766] {dag.py:2273} INFO - Setting next_dagrun for latest_only to 2021-03-22 00:00:00+00:00
[2021-03-23 21:19:20,784] {scheduler_job.py:190} INFO - Processing /Users/harika/Desktop/CSYE_7245/Assignment2/pipeline/MyEnv/lib/python3.7/site-packages/airflow/example_dags/example_latest_only.py took 0.077 seconds
[2021-03-23 21:20:03,468] {scheduler_job.py:182} INFO - Started process (PID=15303) to work on /Users/harika/Desktop/CSYE_7245/Assignment2/pipeline/MyEnv/lib/python3.7/site-packages/airflow/example_dags/example_latest_only.py
[2021-03-23 21:20:03,470] {scheduler_job.py:629} INFO - Processing file /Users/harika/Desktop/CSYE_7245/Assignment2/pipeline/MyEnv/lib/python3.7/site-packages/airflow/example_dags/example_latest_only.py for tasks to queue
[2021-03-23 21:20:03,471] {logging_mixin.py:104} INFO - [2021-03-23 21:20:03,470] {dagbag.py:448} INFO - Filling up the DagBag from /Users/harika/Desktop/CSYE_7245/Assignment2/pipeline/MyEnv/lib/python3.7/site-packages/airflow/example_dags/example_latest_only.py
[2021-03-23 21:20:03,480] {scheduler_job.py:639} INFO - DAG(s) dict_keys(['latest_only']) retrieved from /Users/harika/Desktop/CSYE_7245/Assignment2/pipeline/MyEnv/lib/python3.7/site-packages/airflow/example_dags/example_latest_only.py
[2021-03-23 21:20:03,501] {logging_mixin.py:104} INFO - [2021-03-23 21:20:03,500] {dag.py:1818} INFO - Sync 1 DAGs
[2021-03-23 21:20:03,512] {logging_mixin.py:104} INFO - [2021-03-23 21:20:03,512] {dag.py:2273} INFO - Setting next_dagrun for latest_only to 2021-03-22 00:00:00+00:00
[2021-03-23 21:20:03,521] {scheduler_job.py:190} INFO - Processing /Users/harika/Desktop/CSYE_7245/Assignment2/pipeline/MyEnv/lib/python3.7/site-packages/airflow/example_dags/example_latest_only.py took 0.057 seconds
[2021-03-24 00:03:15,224] {scheduler_job.py:182} INFO - Started process (PID=16961) to work on /Users/harika/Desktop/CSYE_7245/Assignment2/pipeline/MyEnv/lib/python3.7/site-packages/airflow/example_dags/example_latest_only.py
[2021-03-24 00:03:15,227] {scheduler_job.py:629} INFO - Processing file /Users/harika/Desktop/CSYE_7245/Assignment2/pipeline/MyEnv/lib/python3.7/site-packages/airflow/example_dags/example_latest_only.py for tasks to queue
[2021-03-24 00:03:15,228] {logging_mixin.py:104} INFO - [2021-03-24 00:03:15,228] {dagbag.py:448} INFO - Filling up the DagBag from /Users/harika/Desktop/CSYE_7245/Assignment2/pipeline/MyEnv/lib/python3.7/site-packages/airflow/example_dags/example_latest_only.py
[2021-03-24 00:03:15,243] {scheduler_job.py:639} INFO - DAG(s) dict_keys(['latest_only']) retrieved from /Users/harika/Desktop/CSYE_7245/Assignment2/pipeline/MyEnv/lib/python3.7/site-packages/airflow/example_dags/example_latest_only.py
[2021-03-24 00:03:15,261] {logging_mixin.py:104} INFO - [2021-03-24 00:03:15,260] {dag.py:1818} INFO - Sync 1 DAGs
[2021-03-24 00:03:15,275] {logging_mixin.py:104} INFO - [2021-03-24 00:03:15,275] {dag.py:2273} INFO - Setting next_dagrun for latest_only to 2021-03-22 00:00:00+00:00
[2021-03-24 00:03:15,284] {scheduler_job.py:190} INFO - Processing /Users/harika/Desktop/CSYE_7245/Assignment2/pipeline/MyEnv/lib/python3.7/site-packages/airflow/example_dags/example_latest_only.py took 0.067 seconds
[2021-03-24 00:03:52,579] {scheduler_job.py:182} INFO - Started process (PID=16989) to work on /Users/harika/Desktop/CSYE_7245/Assignment2/pipeline/MyEnv/lib/python3.7/site-packages/airflow/example_dags/example_latest_only.py
[2021-03-24 00:03:52,583] {scheduler_job.py:629} INFO - Processing file /Users/harika/Desktop/CSYE_7245/Assignment2/pipeline/MyEnv/lib/python3.7/site-packages/airflow/example_dags/example_latest_only.py for tasks to queue
[2021-03-24 00:03:52,586] {logging_mixin.py:104} INFO - [2021-03-24 00:03:52,585] {dagbag.py:448} INFO - Filling up the DagBag from /Users/harika/Desktop/CSYE_7245/Assignment2/pipeline/MyEnv/lib/python3.7/site-packages/airflow/example_dags/example_latest_only.py
[2021-03-24 00:03:52,606] {scheduler_job.py:639} INFO - DAG(s) dict_keys(['latest_only']) retrieved from /Users/harika/Desktop/CSYE_7245/Assignment2/pipeline/MyEnv/lib/python3.7/site-packages/airflow/example_dags/example_latest_only.py
[2021-03-24 00:03:52,625] {logging_mixin.py:104} INFO - [2021-03-24 00:03:52,624] {dag.py:1818} INFO - Sync 1 DAGs
[2021-03-24 00:03:52,646] {logging_mixin.py:104} INFO - [2021-03-24 00:03:52,645] {dag.py:2273} INFO - Setting next_dagrun for latest_only to 2021-03-22 00:00:00+00:00
[2021-03-24 00:03:52,662] {scheduler_job.py:190} INFO - Processing /Users/harika/Desktop/CSYE_7245/Assignment2/pipeline/MyEnv/lib/python3.7/site-packages/airflow/example_dags/example_latest_only.py took 0.089 seconds
[2021-03-24 00:04:38,692] {scheduler_job.py:182} INFO - Started process (PID=17024) to work on /Users/harika/Desktop/CSYE_7245/Assignment2/pipeline/MyEnv/lib/python3.7/site-packages/airflow/example_dags/example_latest_only.py
[2021-03-24 00:04:38,695] {scheduler_job.py:629} INFO - Processing file /Users/harika/Desktop/CSYE_7245/Assignment2/pipeline/MyEnv/lib/python3.7/site-packages/airflow/example_dags/example_latest_only.py for tasks to queue
[2021-03-24 00:04:38,697] {logging_mixin.py:104} INFO - [2021-03-24 00:04:38,696] {dagbag.py:448} INFO - Filling up the DagBag from /Users/harika/Desktop/CSYE_7245/Assignment2/pipeline/MyEnv/lib/python3.7/site-packages/airflow/example_dags/example_latest_only.py
[2021-03-24 00:04:38,712] {scheduler_job.py:639} INFO - DAG(s) dict_keys(['latest_only']) retrieved from /Users/harika/Desktop/CSYE_7245/Assignment2/pipeline/MyEnv/lib/python3.7/site-packages/airflow/example_dags/example_latest_only.py
[2021-03-24 00:04:38,727] {logging_mixin.py:104} INFO - [2021-03-24 00:04:38,726] {dag.py:1818} INFO - Sync 1 DAGs
[2021-03-24 00:04:38,740] {logging_mixin.py:104} INFO - [2021-03-24 00:04:38,740] {dag.py:2273} INFO - Setting next_dagrun for latest_only to 2021-03-22 00:00:00+00:00
[2021-03-24 00:04:38,749] {scheduler_job.py:190} INFO - Processing /Users/harika/Desktop/CSYE_7245/Assignment2/pipeline/MyEnv/lib/python3.7/site-packages/airflow/example_dags/example_latest_only.py took 0.061 seconds
[2021-03-24 00:05:12,889] {scheduler_job.py:182} INFO - Started process (PID=17054) to work on /Users/harika/Desktop/CSYE_7245/Assignment2/pipeline/MyEnv/lib/python3.7/site-packages/airflow/example_dags/example_latest_only.py
[2021-03-24 00:05:12,890] {scheduler_job.py:629} INFO - Processing file /Users/harika/Desktop/CSYE_7245/Assignment2/pipeline/MyEnv/lib/python3.7/site-packages/airflow/example_dags/example_latest_only.py for tasks to queue
[2021-03-24 00:05:12,892] {logging_mixin.py:104} INFO - [2021-03-24 00:05:12,891] {dagbag.py:448} INFO - Filling up the DagBag from /Users/harika/Desktop/CSYE_7245/Assignment2/pipeline/MyEnv/lib/python3.7/site-packages/airflow/example_dags/example_latest_only.py
[2021-03-24 00:05:12,904] {scheduler_job.py:639} INFO - DAG(s) dict_keys(['latest_only']) retrieved from /Users/harika/Desktop/CSYE_7245/Assignment2/pipeline/MyEnv/lib/python3.7/site-packages/airflow/example_dags/example_latest_only.py
[2021-03-24 00:05:12,918] {logging_mixin.py:104} INFO - [2021-03-24 00:05:12,917] {dag.py:1818} INFO - Sync 1 DAGs
[2021-03-24 00:05:12,930] {logging_mixin.py:104} INFO - [2021-03-24 00:05:12,929] {dag.py:2273} INFO - Setting next_dagrun for latest_only to 2021-03-22 00:00:00+00:00
[2021-03-24 00:05:12,937] {scheduler_job.py:190} INFO - Processing /Users/harika/Desktop/CSYE_7245/Assignment2/pipeline/MyEnv/lib/python3.7/site-packages/airflow/example_dags/example_latest_only.py took 0.053 seconds
[2021-03-24 01:02:53,933] {scheduler_job.py:182} INFO - Started process (PID=17452) to work on /Users/harika/Desktop/CSYE_7245/Assignment2/pipeline/MyEnv/lib/python3.7/site-packages/airflow/example_dags/example_latest_only.py
[2021-03-24 01:02:53,936] {scheduler_job.py:629} INFO - Processing file /Users/harika/Desktop/CSYE_7245/Assignment2/pipeline/MyEnv/lib/python3.7/site-packages/airflow/example_dags/example_latest_only.py for tasks to queue
[2021-03-24 01:02:53,938] {logging_mixin.py:104} INFO - [2021-03-24 01:02:53,937] {dagbag.py:448} INFO - Filling up the DagBag from /Users/harika/Desktop/CSYE_7245/Assignment2/pipeline/MyEnv/lib/python3.7/site-packages/airflow/example_dags/example_latest_only.py
[2021-03-24 01:02:53,944] {scheduler_job.py:639} INFO - DAG(s) dict_keys(['latest_only']) retrieved from /Users/harika/Desktop/CSYE_7245/Assignment2/pipeline/MyEnv/lib/python3.7/site-packages/airflow/example_dags/example_latest_only.py
[2021-03-24 01:02:53,958] {logging_mixin.py:104} INFO - [2021-03-24 01:02:53,958] {dag.py:1818} INFO - Sync 1 DAGs
[2021-03-24 01:02:53,969] {logging_mixin.py:104} INFO - [2021-03-24 01:02:53,969] {dag.py:2273} INFO - Setting next_dagrun for latest_only to 2021-03-22 00:00:00+00:00
[2021-03-24 01:02:53,980] {scheduler_job.py:190} INFO - Processing /Users/harika/Desktop/CSYE_7245/Assignment2/pipeline/MyEnv/lib/python3.7/site-packages/airflow/example_dags/example_latest_only.py took 0.050 seconds
[2021-03-24 01:03:33,680] {scheduler_job.py:182} INFO - Started process (PID=17500) to work on /Users/harika/Desktop/CSYE_7245/Assignment2/pipeline/MyEnv/lib/python3.7/site-packages/airflow/example_dags/example_latest_only.py
[2021-03-24 01:03:33,682] {scheduler_job.py:629} INFO - Processing file /Users/harika/Desktop/CSYE_7245/Assignment2/pipeline/MyEnv/lib/python3.7/site-packages/airflow/example_dags/example_latest_only.py for tasks to queue
[2021-03-24 01:03:33,684] {logging_mixin.py:104} INFO - [2021-03-24 01:03:33,683] {dagbag.py:448} INFO - Filling up the DagBag from /Users/harika/Desktop/CSYE_7245/Assignment2/pipeline/MyEnv/lib/python3.7/site-packages/airflow/example_dags/example_latest_only.py
[2021-03-24 01:03:33,691] {scheduler_job.py:639} INFO - DAG(s) dict_keys(['latest_only']) retrieved from /Users/harika/Desktop/CSYE_7245/Assignment2/pipeline/MyEnv/lib/python3.7/site-packages/airflow/example_dags/example_latest_only.py
[2021-03-24 01:03:33,712] {logging_mixin.py:104} INFO - [2021-03-24 01:03:33,711] {dag.py:1818} INFO - Sync 1 DAGs
[2021-03-24 01:03:33,727] {logging_mixin.py:104} INFO - [2021-03-24 01:03:33,727] {dag.py:2273} INFO - Setting next_dagrun for latest_only to 2021-03-22 00:00:00+00:00
[2021-03-24 01:03:33,736] {scheduler_job.py:190} INFO - Processing /Users/harika/Desktop/CSYE_7245/Assignment2/pipeline/MyEnv/lib/python3.7/site-packages/airflow/example_dags/example_latest_only.py took 0.060 seconds
[2021-03-24 01:04:07,713] {scheduler_job.py:182} INFO - Started process (PID=17536) to work on /Users/harika/Desktop/CSYE_7245/Assignment2/pipeline/MyEnv/lib/python3.7/site-packages/airflow/example_dags/example_latest_only.py
[2021-03-24 01:04:07,715] {scheduler_job.py:629} INFO - Processing file /Users/harika/Desktop/CSYE_7245/Assignment2/pipeline/MyEnv/lib/python3.7/site-packages/airflow/example_dags/example_latest_only.py for tasks to queue
[2021-03-24 01:04:07,716] {logging_mixin.py:104} INFO - [2021-03-24 01:04:07,716] {dagbag.py:448} INFO - Filling up the DagBag from /Users/harika/Desktop/CSYE_7245/Assignment2/pipeline/MyEnv/lib/python3.7/site-packages/airflow/example_dags/example_latest_only.py
[2021-03-24 01:04:07,722] {scheduler_job.py:639} INFO - DAG(s) dict_keys(['latest_only']) retrieved from /Users/harika/Desktop/CSYE_7245/Assignment2/pipeline/MyEnv/lib/python3.7/site-packages/airflow/example_dags/example_latest_only.py
[2021-03-24 01:04:07,736] {logging_mixin.py:104} INFO - [2021-03-24 01:04:07,736] {dag.py:1818} INFO - Sync 1 DAGs
[2021-03-24 01:04:07,747] {logging_mixin.py:104} INFO - [2021-03-24 01:04:07,747] {dag.py:2273} INFO - Setting next_dagrun for latest_only to 2021-03-22 00:00:00+00:00
[2021-03-24 01:04:07,755] {scheduler_job.py:190} INFO - Processing /Users/harika/Desktop/CSYE_7245/Assignment2/pipeline/MyEnv/lib/python3.7/site-packages/airflow/example_dags/example_latest_only.py took 0.045 seconds
[2021-03-24 01:04:41,615] {scheduler_job.py:182} INFO - Started process (PID=17639) to work on /Users/harika/Desktop/CSYE_7245/Assignment2/pipeline/MyEnv/lib/python3.7/site-packages/airflow/example_dags/example_latest_only.py
[2021-03-24 01:04:41,617] {scheduler_job.py:629} INFO - Processing file /Users/harika/Desktop/CSYE_7245/Assignment2/pipeline/MyEnv/lib/python3.7/site-packages/airflow/example_dags/example_latest_only.py for tasks to queue
[2021-03-24 01:04:41,618] {logging_mixin.py:104} INFO - [2021-03-24 01:04:41,618] {dagbag.py:448} INFO - Filling up the DagBag from /Users/harika/Desktop/CSYE_7245/Assignment2/pipeline/MyEnv/lib/python3.7/site-packages/airflow/example_dags/example_latest_only.py
[2021-03-24 01:04:41,624] {scheduler_job.py:639} INFO - DAG(s) dict_keys(['latest_only']) retrieved from /Users/harika/Desktop/CSYE_7245/Assignment2/pipeline/MyEnv/lib/python3.7/site-packages/airflow/example_dags/example_latest_only.py
[2021-03-24 01:04:41,637] {logging_mixin.py:104} INFO - [2021-03-24 01:04:41,637] {dag.py:1818} INFO - Sync 1 DAGs
[2021-03-24 01:04:41,648] {logging_mixin.py:104} INFO - [2021-03-24 01:04:41,648] {dag.py:2273} INFO - Setting next_dagrun for latest_only to 2021-03-22 00:00:00+00:00
[2021-03-24 01:04:41,656] {scheduler_job.py:190} INFO - Processing /Users/harika/Desktop/CSYE_7245/Assignment2/pipeline/MyEnv/lib/python3.7/site-packages/airflow/example_dags/example_latest_only.py took 0.044 seconds
