[2021-03-23 20:28:06,149] {scheduler_job.py:182} INFO - Started process (PID=14378) to work on /Users/harika/Desktop/CSYE_7245/Assignment2/pipeline/MyEnv/lib/python3.7/site-packages/airflow/example_dags/example_complex.py
[2021-03-23 20:28:06,150] {scheduler_job.py:629} INFO - Processing file /Users/harika/Desktop/CSYE_7245/Assignment2/pipeline/MyEnv/lib/python3.7/site-packages/airflow/example_dags/example_complex.py for tasks to queue
[2021-03-23 20:28:06,152] {logging_mixin.py:104} INFO - [2021-03-23 20:28:06,152] {dagbag.py:448} INFO - Filling up the DagBag from /Users/harika/Desktop/CSYE_7245/Assignment2/pipeline/MyEnv/lib/python3.7/site-packages/airflow/example_dags/example_complex.py
[2021-03-23 20:28:06,171] {scheduler_job.py:639} INFO - DAG(s) dict_keys(['example_complex']) retrieved from /Users/harika/Desktop/CSYE_7245/Assignment2/pipeline/MyEnv/lib/python3.7/site-packages/airflow/example_dags/example_complex.py
[2021-03-23 20:28:06,204] {logging_mixin.py:104} INFO - [2021-03-23 20:28:06,203] {dag.py:1818} INFO - Sync 1 DAGs
[2021-03-23 20:28:06,220] {logging_mixin.py:104} INFO - [2021-03-23 20:28:06,220] {dag.py:2273} INFO - Setting next_dagrun for example_complex to None
[2021-03-23 20:28:06,235] {scheduler_job.py:190} INFO - Processing /Users/harika/Desktop/CSYE_7245/Assignment2/pipeline/MyEnv/lib/python3.7/site-packages/airflow/example_dags/example_complex.py took 0.092 seconds
[2021-03-23 20:28:40,421] {scheduler_job.py:182} INFO - Started process (PID=14408) to work on /Users/harika/Desktop/CSYE_7245/Assignment2/pipeline/MyEnv/lib/python3.7/site-packages/airflow/example_dags/example_complex.py
[2021-03-23 20:28:40,422] {scheduler_job.py:629} INFO - Processing file /Users/harika/Desktop/CSYE_7245/Assignment2/pipeline/MyEnv/lib/python3.7/site-packages/airflow/example_dags/example_complex.py for tasks to queue
[2021-03-23 20:28:40,424] {logging_mixin.py:104} INFO - [2021-03-23 20:28:40,424] {dagbag.py:448} INFO - Filling up the DagBag from /Users/harika/Desktop/CSYE_7245/Assignment2/pipeline/MyEnv/lib/python3.7/site-packages/airflow/example_dags/example_complex.py
[2021-03-23 20:28:40,439] {scheduler_job.py:639} INFO - DAG(s) dict_keys(['example_complex']) retrieved from /Users/harika/Desktop/CSYE_7245/Assignment2/pipeline/MyEnv/lib/python3.7/site-packages/airflow/example_dags/example_complex.py
[2021-03-23 20:28:40,466] {logging_mixin.py:104} INFO - [2021-03-23 20:28:40,466] {dag.py:1818} INFO - Sync 1 DAGs
[2021-03-23 20:28:40,479] {logging_mixin.py:104} INFO - [2021-03-23 20:28:40,479] {dag.py:2273} INFO - Setting next_dagrun for example_complex to None
[2021-03-23 20:28:40,492] {scheduler_job.py:190} INFO - Processing /Users/harika/Desktop/CSYE_7245/Assignment2/pipeline/MyEnv/lib/python3.7/site-packages/airflow/example_dags/example_complex.py took 0.075 seconds
[2021-03-23 20:29:19,401] {scheduler_job.py:182} INFO - Started process (PID=14437) to work on /Users/harika/Desktop/CSYE_7245/Assignment2/pipeline/MyEnv/lib/python3.7/site-packages/airflow/example_dags/example_complex.py
[2021-03-23 20:29:19,403] {scheduler_job.py:629} INFO - Processing file /Users/harika/Desktop/CSYE_7245/Assignment2/pipeline/MyEnv/lib/python3.7/site-packages/airflow/example_dags/example_complex.py for tasks to queue
[2021-03-23 20:29:19,405] {logging_mixin.py:104} INFO - [2021-03-23 20:29:19,405] {dagbag.py:448} INFO - Filling up the DagBag from /Users/harika/Desktop/CSYE_7245/Assignment2/pipeline/MyEnv/lib/python3.7/site-packages/airflow/example_dags/example_complex.py
[2021-03-23 20:29:19,430] {scheduler_job.py:639} INFO - DAG(s) dict_keys(['example_complex']) retrieved from /Users/harika/Desktop/CSYE_7245/Assignment2/pipeline/MyEnv/lib/python3.7/site-packages/airflow/example_dags/example_complex.py
[2021-03-23 20:29:19,458] {logging_mixin.py:104} INFO - [2021-03-23 20:29:19,457] {dag.py:1818} INFO - Sync 1 DAGs
[2021-03-23 20:29:19,472] {logging_mixin.py:104} INFO - [2021-03-23 20:29:19,472] {dag.py:2273} INFO - Setting next_dagrun for example_complex to None
[2021-03-23 20:29:19,482] {scheduler_job.py:190} INFO - Processing /Users/harika/Desktop/CSYE_7245/Assignment2/pipeline/MyEnv/lib/python3.7/site-packages/airflow/example_dags/example_complex.py took 0.084 seconds
[2021-03-23 20:29:58,860] {scheduler_job.py:182} INFO - Started process (PID=14472) to work on /Users/harika/Desktop/CSYE_7245/Assignment2/pipeline/MyEnv/lib/python3.7/site-packages/airflow/example_dags/example_complex.py
[2021-03-23 20:29:58,862] {scheduler_job.py:629} INFO - Processing file /Users/harika/Desktop/CSYE_7245/Assignment2/pipeline/MyEnv/lib/python3.7/site-packages/airflow/example_dags/example_complex.py for tasks to queue
[2021-03-23 20:29:58,868] {logging_mixin.py:104} INFO - [2021-03-23 20:29:58,866] {dagbag.py:448} INFO - Filling up the DagBag from /Users/harika/Desktop/CSYE_7245/Assignment2/pipeline/MyEnv/lib/python3.7/site-packages/airflow/example_dags/example_complex.py
[2021-03-23 20:29:58,885] {scheduler_job.py:639} INFO - DAG(s) dict_keys(['example_complex']) retrieved from /Users/harika/Desktop/CSYE_7245/Assignment2/pipeline/MyEnv/lib/python3.7/site-packages/airflow/example_dags/example_complex.py
[2021-03-23 20:29:58,910] {logging_mixin.py:104} INFO - [2021-03-23 20:29:58,909] {dag.py:1818} INFO - Sync 1 DAGs
[2021-03-23 20:29:58,935] {logging_mixin.py:104} INFO - [2021-03-23 20:29:58,934] {dag.py:2273} INFO - Setting next_dagrun for example_complex to None
[2021-03-23 20:29:58,950] {scheduler_job.py:190} INFO - Processing /Users/harika/Desktop/CSYE_7245/Assignment2/pipeline/MyEnv/lib/python3.7/site-packages/airflow/example_dags/example_complex.py took 0.096 seconds
[2021-03-23 20:30:34,494] {scheduler_job.py:182} INFO - Started process (PID=14505) to work on /Users/harika/Desktop/CSYE_7245/Assignment2/pipeline/MyEnv/lib/python3.7/site-packages/airflow/example_dags/example_complex.py
[2021-03-23 20:30:34,496] {scheduler_job.py:629} INFO - Processing file /Users/harika/Desktop/CSYE_7245/Assignment2/pipeline/MyEnv/lib/python3.7/site-packages/airflow/example_dags/example_complex.py for tasks to queue
[2021-03-23 20:30:34,497] {logging_mixin.py:104} INFO - [2021-03-23 20:30:34,497] {dagbag.py:448} INFO - Filling up the DagBag from /Users/harika/Desktop/CSYE_7245/Assignment2/pipeline/MyEnv/lib/python3.7/site-packages/airflow/example_dags/example_complex.py
[2021-03-23 20:30:34,514] {scheduler_job.py:639} INFO - DAG(s) dict_keys(['example_complex']) retrieved from /Users/harika/Desktop/CSYE_7245/Assignment2/pipeline/MyEnv/lib/python3.7/site-packages/airflow/example_dags/example_complex.py
[2021-03-23 20:30:34,542] {logging_mixin.py:104} INFO - [2021-03-23 20:30:34,542] {dag.py:1818} INFO - Sync 1 DAGs
[2021-03-23 20:30:34,554] {logging_mixin.py:104} INFO - [2021-03-23 20:30:34,553] {dag.py:2273} INFO - Setting next_dagrun for example_complex to None
[2021-03-23 20:30:34,564] {scheduler_job.py:190} INFO - Processing /Users/harika/Desktop/CSYE_7245/Assignment2/pipeline/MyEnv/lib/python3.7/site-packages/airflow/example_dags/example_complex.py took 0.074 seconds
[2021-03-23 20:31:10,626] {scheduler_job.py:182} INFO - Started process (PID=14535) to work on /Users/harika/Desktop/CSYE_7245/Assignment2/pipeline/MyEnv/lib/python3.7/site-packages/airflow/example_dags/example_complex.py
[2021-03-23 20:31:10,628] {scheduler_job.py:629} INFO - Processing file /Users/harika/Desktop/CSYE_7245/Assignment2/pipeline/MyEnv/lib/python3.7/site-packages/airflow/example_dags/example_complex.py for tasks to queue
[2021-03-23 20:31:10,630] {logging_mixin.py:104} INFO - [2021-03-23 20:31:10,630] {dagbag.py:448} INFO - Filling up the DagBag from /Users/harika/Desktop/CSYE_7245/Assignment2/pipeline/MyEnv/lib/python3.7/site-packages/airflow/example_dags/example_complex.py
[2021-03-23 20:31:10,649] {scheduler_job.py:639} INFO - DAG(s) dict_keys(['example_complex']) retrieved from /Users/harika/Desktop/CSYE_7245/Assignment2/pipeline/MyEnv/lib/python3.7/site-packages/airflow/example_dags/example_complex.py
[2021-03-23 20:31:10,699] {logging_mixin.py:104} INFO - [2021-03-23 20:31:10,698] {dag.py:1818} INFO - Sync 1 DAGs
[2021-03-23 20:31:10,715] {logging_mixin.py:104} INFO - [2021-03-23 20:31:10,715] {dag.py:2273} INFO - Setting next_dagrun for example_complex to None
[2021-03-23 20:31:10,736] {scheduler_job.py:190} INFO - Processing /Users/harika/Desktop/CSYE_7245/Assignment2/pipeline/MyEnv/lib/python3.7/site-packages/airflow/example_dags/example_complex.py took 0.115 seconds
[2021-03-23 21:09:31,146] {scheduler_job.py:182} INFO - Started process (PID=14926) to work on /Users/harika/Desktop/CSYE_7245/Assignment2/pipeline/MyEnv/lib/python3.7/site-packages/airflow/example_dags/example_complex.py
[2021-03-23 21:09:31,151] {scheduler_job.py:629} INFO - Processing file /Users/harika/Desktop/CSYE_7245/Assignment2/pipeline/MyEnv/lib/python3.7/site-packages/airflow/example_dags/example_complex.py for tasks to queue
[2021-03-23 21:09:31,153] {logging_mixin.py:104} INFO - [2021-03-23 21:09:31,152] {dagbag.py:448} INFO - Filling up the DagBag from /Users/harika/Desktop/CSYE_7245/Assignment2/pipeline/MyEnv/lib/python3.7/site-packages/airflow/example_dags/example_complex.py
[2021-03-23 21:09:31,192] {scheduler_job.py:639} INFO - DAG(s) dict_keys(['example_complex']) retrieved from /Users/harika/Desktop/CSYE_7245/Assignment2/pipeline/MyEnv/lib/python3.7/site-packages/airflow/example_dags/example_complex.py
[2021-03-23 21:09:31,234] {logging_mixin.py:104} INFO - [2021-03-23 21:09:31,233] {dag.py:1818} INFO - Sync 1 DAGs
[2021-03-23 21:09:31,254] {logging_mixin.py:104} INFO - [2021-03-23 21:09:31,253] {dag.py:2273} INFO - Setting next_dagrun for example_complex to None
[2021-03-23 21:09:31,276] {scheduler_job.py:190} INFO - Processing /Users/harika/Desktop/CSYE_7245/Assignment2/pipeline/MyEnv/lib/python3.7/site-packages/airflow/example_dags/example_complex.py took 0.137 seconds
[2021-03-23 21:12:45,426] {scheduler_job.py:182} INFO - Started process (PID=15006) to work on /Users/harika/Desktop/CSYE_7245/Assignment2/pipeline/MyEnv/lib/python3.7/site-packages/airflow/example_dags/example_complex.py
[2021-03-23 21:12:45,430] {scheduler_job.py:629} INFO - Processing file /Users/harika/Desktop/CSYE_7245/Assignment2/pipeline/MyEnv/lib/python3.7/site-packages/airflow/example_dags/example_complex.py for tasks to queue
[2021-03-23 21:12:45,433] {logging_mixin.py:104} INFO - [2021-03-23 21:12:45,432] {dagbag.py:448} INFO - Filling up the DagBag from /Users/harika/Desktop/CSYE_7245/Assignment2/pipeline/MyEnv/lib/python3.7/site-packages/airflow/example_dags/example_complex.py
[2021-03-23 21:12:45,482] {scheduler_job.py:639} INFO - DAG(s) dict_keys(['example_complex']) retrieved from /Users/harika/Desktop/CSYE_7245/Assignment2/pipeline/MyEnv/lib/python3.7/site-packages/airflow/example_dags/example_complex.py
[2021-03-23 21:12:45,522] {logging_mixin.py:104} INFO - [2021-03-23 21:12:45,522] {dag.py:1818} INFO - Sync 1 DAGs
[2021-03-23 21:12:45,559] {logging_mixin.py:104} INFO - [2021-03-23 21:12:45,558] {dag.py:2273} INFO - Setting next_dagrun for example_complex to None
[2021-03-23 21:12:45,577] {scheduler_job.py:190} INFO - Processing /Users/harika/Desktop/CSYE_7245/Assignment2/pipeline/MyEnv/lib/python3.7/site-packages/airflow/example_dags/example_complex.py took 0.157 seconds
[2021-03-23 21:13:25,999] {scheduler_job.py:182} INFO - Started process (PID=15036) to work on /Users/harika/Desktop/CSYE_7245/Assignment2/pipeline/MyEnv/lib/python3.7/site-packages/airflow/example_dags/example_complex.py
[2021-03-23 21:13:26,002] {scheduler_job.py:629} INFO - Processing file /Users/harika/Desktop/CSYE_7245/Assignment2/pipeline/MyEnv/lib/python3.7/site-packages/airflow/example_dags/example_complex.py for tasks to queue
[2021-03-23 21:13:26,006] {logging_mixin.py:104} INFO - [2021-03-23 21:13:26,005] {dagbag.py:448} INFO - Filling up the DagBag from /Users/harika/Desktop/CSYE_7245/Assignment2/pipeline/MyEnv/lib/python3.7/site-packages/airflow/example_dags/example_complex.py
[2021-03-23 21:13:26,031] {scheduler_job.py:639} INFO - DAG(s) dict_keys(['example_complex']) retrieved from /Users/harika/Desktop/CSYE_7245/Assignment2/pipeline/MyEnv/lib/python3.7/site-packages/airflow/example_dags/example_complex.py
[2021-03-23 21:13:26,060] {logging_mixin.py:104} INFO - [2021-03-23 21:13:26,057] {dag.py:1818} INFO - Sync 1 DAGs
[2021-03-23 21:13:26,081] {logging_mixin.py:104} INFO - [2021-03-23 21:13:26,080] {dag.py:2273} INFO - Setting next_dagrun for example_complex to None
[2021-03-23 21:13:26,098] {scheduler_job.py:190} INFO - Processing /Users/harika/Desktop/CSYE_7245/Assignment2/pipeline/MyEnv/lib/python3.7/site-packages/airflow/example_dags/example_complex.py took 0.102 seconds
[2021-03-23 21:14:31,860] {scheduler_job.py:182} INFO - Started process (PID=15075) to work on /Users/harika/Desktop/CSYE_7245/Assignment2/pipeline/MyEnv/lib/python3.7/site-packages/airflow/example_dags/example_complex.py
[2021-03-23 21:14:31,862] {scheduler_job.py:629} INFO - Processing file /Users/harika/Desktop/CSYE_7245/Assignment2/pipeline/MyEnv/lib/python3.7/site-packages/airflow/example_dags/example_complex.py for tasks to queue
[2021-03-23 21:14:31,863] {logging_mixin.py:104} INFO - [2021-03-23 21:14:31,863] {dagbag.py:448} INFO - Filling up the DagBag from /Users/harika/Desktop/CSYE_7245/Assignment2/pipeline/MyEnv/lib/python3.7/site-packages/airflow/example_dags/example_complex.py
[2021-03-23 21:14:31,883] {scheduler_job.py:639} INFO - DAG(s) dict_keys(['example_complex']) retrieved from /Users/harika/Desktop/CSYE_7245/Assignment2/pipeline/MyEnv/lib/python3.7/site-packages/airflow/example_dags/example_complex.py
[2021-03-23 21:14:31,914] {logging_mixin.py:104} INFO - [2021-03-23 21:14:31,912] {dag.py:1818} INFO - Sync 1 DAGs
[2021-03-23 21:14:31,927] {logging_mixin.py:104} INFO - [2021-03-23 21:14:31,926] {dag.py:2273} INFO - Setting next_dagrun for example_complex to None
[2021-03-23 21:14:31,940] {scheduler_job.py:190} INFO - Processing /Users/harika/Desktop/CSYE_7245/Assignment2/pipeline/MyEnv/lib/python3.7/site-packages/airflow/example_dags/example_complex.py took 0.086 seconds
[2021-03-23 21:18:09,163] {scheduler_job.py:182} INFO - Started process (PID=15204) to work on /Users/harika/Desktop/CSYE_7245/Assignment2/pipeline/MyEnv/lib/python3.7/site-packages/airflow/example_dags/example_complex.py
[2021-03-23 21:18:09,170] {scheduler_job.py:629} INFO - Processing file /Users/harika/Desktop/CSYE_7245/Assignment2/pipeline/MyEnv/lib/python3.7/site-packages/airflow/example_dags/example_complex.py for tasks to queue
[2021-03-23 21:18:09,175] {logging_mixin.py:104} INFO - [2021-03-23 21:18:09,174] {dagbag.py:448} INFO - Filling up the DagBag from /Users/harika/Desktop/CSYE_7245/Assignment2/pipeline/MyEnv/lib/python3.7/site-packages/airflow/example_dags/example_complex.py
[2021-03-23 21:18:09,211] {scheduler_job.py:639} INFO - DAG(s) dict_keys(['example_complex']) retrieved from /Users/harika/Desktop/CSYE_7245/Assignment2/pipeline/MyEnv/lib/python3.7/site-packages/airflow/example_dags/example_complex.py
[2021-03-23 21:18:09,289] {logging_mixin.py:104} INFO - [2021-03-23 21:18:09,288] {dag.py:1818} INFO - Sync 1 DAGs
[2021-03-23 21:18:09,324] {logging_mixin.py:104} INFO - [2021-03-23 21:18:09,321] {dag.py:2273} INFO - Setting next_dagrun for example_complex to None
[2021-03-23 21:18:09,344] {scheduler_job.py:190} INFO - Processing /Users/harika/Desktop/CSYE_7245/Assignment2/pipeline/MyEnv/lib/python3.7/site-packages/airflow/example_dags/example_complex.py took 0.198 seconds
[2021-03-23 21:18:39,614] {scheduler_job.py:182} INFO - Started process (PID=15235) to work on /Users/harika/Desktop/CSYE_7245/Assignment2/pipeline/MyEnv/lib/python3.7/site-packages/airflow/example_dags/example_complex.py
[2021-03-23 21:18:39,616] {scheduler_job.py:629} INFO - Processing file /Users/harika/Desktop/CSYE_7245/Assignment2/pipeline/MyEnv/lib/python3.7/site-packages/airflow/example_dags/example_complex.py for tasks to queue
[2021-03-23 21:18:39,620] {logging_mixin.py:104} INFO - [2021-03-23 21:18:39,619] {dagbag.py:448} INFO - Filling up the DagBag from /Users/harika/Desktop/CSYE_7245/Assignment2/pipeline/MyEnv/lib/python3.7/site-packages/airflow/example_dags/example_complex.py
[2021-03-23 21:18:39,652] {scheduler_job.py:639} INFO - DAG(s) dict_keys(['example_complex']) retrieved from /Users/harika/Desktop/CSYE_7245/Assignment2/pipeline/MyEnv/lib/python3.7/site-packages/airflow/example_dags/example_complex.py
[2021-03-23 21:18:39,710] {logging_mixin.py:104} INFO - [2021-03-23 21:18:39,709] {dag.py:1818} INFO - Sync 1 DAGs
[2021-03-23 21:18:39,737] {logging_mixin.py:104} INFO - [2021-03-23 21:18:39,737] {dag.py:2273} INFO - Setting next_dagrun for example_complex to None
[2021-03-23 21:18:39,763] {scheduler_job.py:190} INFO - Processing /Users/harika/Desktop/CSYE_7245/Assignment2/pipeline/MyEnv/lib/python3.7/site-packages/airflow/example_dags/example_complex.py took 0.162 seconds
[2021-03-23 21:19:14,924] {scheduler_job.py:182} INFO - Started process (PID=15261) to work on /Users/harika/Desktop/CSYE_7245/Assignment2/pipeline/MyEnv/lib/python3.7/site-packages/airflow/example_dags/example_complex.py
[2021-03-23 21:19:14,926] {scheduler_job.py:629} INFO - Processing file /Users/harika/Desktop/CSYE_7245/Assignment2/pipeline/MyEnv/lib/python3.7/site-packages/airflow/example_dags/example_complex.py for tasks to queue
[2021-03-23 21:19:14,928] {logging_mixin.py:104} INFO - [2021-03-23 21:19:14,927] {dagbag.py:448} INFO - Filling up the DagBag from /Users/harika/Desktop/CSYE_7245/Assignment2/pipeline/MyEnv/lib/python3.7/site-packages/airflow/example_dags/example_complex.py
[2021-03-23 21:19:14,952] {scheduler_job.py:639} INFO - DAG(s) dict_keys(['example_complex']) retrieved from /Users/harika/Desktop/CSYE_7245/Assignment2/pipeline/MyEnv/lib/python3.7/site-packages/airflow/example_dags/example_complex.py
[2021-03-23 21:19:14,974] {logging_mixin.py:104} INFO - [2021-03-23 21:19:14,973] {dag.py:1818} INFO - Sync 1 DAGs
[2021-03-23 21:19:14,985] {logging_mixin.py:104} INFO - [2021-03-23 21:19:14,985] {dag.py:2273} INFO - Setting next_dagrun for example_complex to None
[2021-03-23 21:19:14,995] {scheduler_job.py:190} INFO - Processing /Users/harika/Desktop/CSYE_7245/Assignment2/pipeline/MyEnv/lib/python3.7/site-packages/airflow/example_dags/example_complex.py took 0.074 seconds
[2021-03-23 21:19:50,239] {scheduler_job.py:182} INFO - Started process (PID=15291) to work on /Users/harika/Desktop/CSYE_7245/Assignment2/pipeline/MyEnv/lib/python3.7/site-packages/airflow/example_dags/example_complex.py
[2021-03-23 21:19:50,248] {scheduler_job.py:629} INFO - Processing file /Users/harika/Desktop/CSYE_7245/Assignment2/pipeline/MyEnv/lib/python3.7/site-packages/airflow/example_dags/example_complex.py for tasks to queue
[2021-03-23 21:19:50,253] {logging_mixin.py:104} INFO - [2021-03-23 21:19:50,251] {dagbag.py:448} INFO - Filling up the DagBag from /Users/harika/Desktop/CSYE_7245/Assignment2/pipeline/MyEnv/lib/python3.7/site-packages/airflow/example_dags/example_complex.py
[2021-03-23 21:19:50,304] {scheduler_job.py:639} INFO - DAG(s) dict_keys(['example_complex']) retrieved from /Users/harika/Desktop/CSYE_7245/Assignment2/pipeline/MyEnv/lib/python3.7/site-packages/airflow/example_dags/example_complex.py
[2021-03-23 21:19:50,357] {logging_mixin.py:104} INFO - [2021-03-23 21:19:50,355] {dag.py:1818} INFO - Sync 1 DAGs
[2021-03-23 21:19:50,449] {logging_mixin.py:104} INFO - [2021-03-23 21:19:50,447] {dag.py:2273} INFO - Setting next_dagrun for example_complex to None
[2021-03-23 21:19:50,478] {scheduler_job.py:190} INFO - Processing /Users/harika/Desktop/CSYE_7245/Assignment2/pipeline/MyEnv/lib/python3.7/site-packages/airflow/example_dags/example_complex.py took 0.247 seconds
[2021-03-24 00:03:07,767] {scheduler_job.py:182} INFO - Started process (PID=16954) to work on /Users/harika/Desktop/CSYE_7245/Assignment2/pipeline/MyEnv/lib/python3.7/site-packages/airflow/example_dags/example_complex.py
[2021-03-24 00:03:07,770] {scheduler_job.py:629} INFO - Processing file /Users/harika/Desktop/CSYE_7245/Assignment2/pipeline/MyEnv/lib/python3.7/site-packages/airflow/example_dags/example_complex.py for tasks to queue
[2021-03-24 00:03:07,771] {logging_mixin.py:104} INFO - [2021-03-24 00:03:07,771] {dagbag.py:448} INFO - Filling up the DagBag from /Users/harika/Desktop/CSYE_7245/Assignment2/pipeline/MyEnv/lib/python3.7/site-packages/airflow/example_dags/example_complex.py
[2021-03-24 00:03:07,795] {scheduler_job.py:639} INFO - DAG(s) dict_keys(['example_complex']) retrieved from /Users/harika/Desktop/CSYE_7245/Assignment2/pipeline/MyEnv/lib/python3.7/site-packages/airflow/example_dags/example_complex.py
[2021-03-24 00:03:07,819] {logging_mixin.py:104} INFO - [2021-03-24 00:03:07,818] {dag.py:1818} INFO - Sync 1 DAGs
[2021-03-24 00:03:07,831] {logging_mixin.py:104} INFO - [2021-03-24 00:03:07,831] {dag.py:2273} INFO - Setting next_dagrun for example_complex to None
[2021-03-24 00:03:07,844] {scheduler_job.py:190} INFO - Processing /Users/harika/Desktop/CSYE_7245/Assignment2/pipeline/MyEnv/lib/python3.7/site-packages/airflow/example_dags/example_complex.py took 0.081 seconds
[2021-03-24 00:03:43,288] {scheduler_job.py:182} INFO - Started process (PID=16980) to work on /Users/harika/Desktop/CSYE_7245/Assignment2/pipeline/MyEnv/lib/python3.7/site-packages/airflow/example_dags/example_complex.py
[2021-03-24 00:03:43,290] {scheduler_job.py:629} INFO - Processing file /Users/harika/Desktop/CSYE_7245/Assignment2/pipeline/MyEnv/lib/python3.7/site-packages/airflow/example_dags/example_complex.py for tasks to queue
[2021-03-24 00:03:43,292] {logging_mixin.py:104} INFO - [2021-03-24 00:03:43,292] {dagbag.py:448} INFO - Filling up the DagBag from /Users/harika/Desktop/CSYE_7245/Assignment2/pipeline/MyEnv/lib/python3.7/site-packages/airflow/example_dags/example_complex.py
[2021-03-24 00:03:43,318] {scheduler_job.py:639} INFO - DAG(s) dict_keys(['example_complex']) retrieved from /Users/harika/Desktop/CSYE_7245/Assignment2/pipeline/MyEnv/lib/python3.7/site-packages/airflow/example_dags/example_complex.py
[2021-03-24 00:03:43,341] {logging_mixin.py:104} INFO - [2021-03-24 00:03:43,340] {dag.py:1818} INFO - Sync 1 DAGs
[2021-03-24 00:03:43,354] {logging_mixin.py:104} INFO - [2021-03-24 00:03:43,353] {dag.py:2273} INFO - Setting next_dagrun for example_complex to None
[2021-03-24 00:03:43,365] {scheduler_job.py:190} INFO - Processing /Users/harika/Desktop/CSYE_7245/Assignment2/pipeline/MyEnv/lib/python3.7/site-packages/airflow/example_dags/example_complex.py took 0.082 seconds
[2021-03-24 00:04:31,235] {scheduler_job.py:182} INFO - Started process (PID=17017) to work on /Users/harika/Desktop/CSYE_7245/Assignment2/pipeline/MyEnv/lib/python3.7/site-packages/airflow/example_dags/example_complex.py
[2021-03-24 00:04:31,237] {scheduler_job.py:629} INFO - Processing file /Users/harika/Desktop/CSYE_7245/Assignment2/pipeline/MyEnv/lib/python3.7/site-packages/airflow/example_dags/example_complex.py for tasks to queue
[2021-03-24 00:04:31,238] {logging_mixin.py:104} INFO - [2021-03-24 00:04:31,238] {dagbag.py:448} INFO - Filling up the DagBag from /Users/harika/Desktop/CSYE_7245/Assignment2/pipeline/MyEnv/lib/python3.7/site-packages/airflow/example_dags/example_complex.py
[2021-03-24 00:04:31,258] {scheduler_job.py:639} INFO - DAG(s) dict_keys(['example_complex']) retrieved from /Users/harika/Desktop/CSYE_7245/Assignment2/pipeline/MyEnv/lib/python3.7/site-packages/airflow/example_dags/example_complex.py
[2021-03-24 00:04:31,280] {logging_mixin.py:104} INFO - [2021-03-24 00:04:31,279] {dag.py:1818} INFO - Sync 1 DAGs
[2021-03-24 00:04:31,293] {logging_mixin.py:104} INFO - [2021-03-24 00:04:31,293] {dag.py:2273} INFO - Setting next_dagrun for example_complex to None
[2021-03-24 00:04:31,303] {scheduler_job.py:190} INFO - Processing /Users/harika/Desktop/CSYE_7245/Assignment2/pipeline/MyEnv/lib/python3.7/site-packages/airflow/example_dags/example_complex.py took 0.073 seconds
[2021-03-24 00:05:04,023] {scheduler_job.py:182} INFO - Started process (PID=17045) to work on /Users/harika/Desktop/CSYE_7245/Assignment2/pipeline/MyEnv/lib/python3.7/site-packages/airflow/example_dags/example_complex.py
[2021-03-24 00:05:04,025] {scheduler_job.py:629} INFO - Processing file /Users/harika/Desktop/CSYE_7245/Assignment2/pipeline/MyEnv/lib/python3.7/site-packages/airflow/example_dags/example_complex.py for tasks to queue
[2021-03-24 00:05:04,026] {logging_mixin.py:104} INFO - [2021-03-24 00:05:04,026] {dagbag.py:448} INFO - Filling up the DagBag from /Users/harika/Desktop/CSYE_7245/Assignment2/pipeline/MyEnv/lib/python3.7/site-packages/airflow/example_dags/example_complex.py
[2021-03-24 00:05:04,047] {scheduler_job.py:639} INFO - DAG(s) dict_keys(['example_complex']) retrieved from /Users/harika/Desktop/CSYE_7245/Assignment2/pipeline/MyEnv/lib/python3.7/site-packages/airflow/example_dags/example_complex.py
[2021-03-24 00:05:04,067] {logging_mixin.py:104} INFO - [2021-03-24 00:05:04,067] {dag.py:1818} INFO - Sync 1 DAGs
[2021-03-24 00:05:04,080] {logging_mixin.py:104} INFO - [2021-03-24 00:05:04,079] {dag.py:2273} INFO - Setting next_dagrun for example_complex to None
[2021-03-24 00:05:04,088] {scheduler_job.py:190} INFO - Processing /Users/harika/Desktop/CSYE_7245/Assignment2/pipeline/MyEnv/lib/python3.7/site-packages/airflow/example_dags/example_complex.py took 0.068 seconds
[2021-03-24 00:05:54,196] {scheduler_job.py:182} INFO - Started process (PID=17090) to work on /Users/harika/Desktop/CSYE_7245/Assignment2/pipeline/MyEnv/lib/python3.7/site-packages/airflow/example_dags/example_complex.py
[2021-03-24 00:05:54,199] {scheduler_job.py:629} INFO - Processing file /Users/harika/Desktop/CSYE_7245/Assignment2/pipeline/MyEnv/lib/python3.7/site-packages/airflow/example_dags/example_complex.py for tasks to queue
[2021-03-24 00:05:54,201] {logging_mixin.py:104} INFO - [2021-03-24 00:05:54,200] {dagbag.py:448} INFO - Filling up the DagBag from /Users/harika/Desktop/CSYE_7245/Assignment2/pipeline/MyEnv/lib/python3.7/site-packages/airflow/example_dags/example_complex.py
[2021-03-24 00:05:54,234] {scheduler_job.py:639} INFO - DAG(s) dict_keys(['example_complex']) retrieved from /Users/harika/Desktop/CSYE_7245/Assignment2/pipeline/MyEnv/lib/python3.7/site-packages/airflow/example_dags/example_complex.py
[2021-03-24 00:05:54,272] {logging_mixin.py:104} INFO - [2021-03-24 00:05:54,271] {dag.py:1818} INFO - Sync 1 DAGs
[2021-03-24 00:05:54,296] {logging_mixin.py:104} INFO - [2021-03-24 00:05:54,295] {dag.py:2273} INFO - Setting next_dagrun for example_complex to None
[2021-03-24 00:05:54,321] {scheduler_job.py:190} INFO - Processing /Users/harika/Desktop/CSYE_7245/Assignment2/pipeline/MyEnv/lib/python3.7/site-packages/airflow/example_dags/example_complex.py took 0.131 seconds
[2021-03-24 01:01:59,397] {scheduler_job.py:182} INFO - Started process (PID=17409) to work on /Users/harika/Desktop/CSYE_7245/Assignment2/pipeline/MyEnv/lib/python3.7/site-packages/airflow/example_dags/example_complex.py
[2021-03-24 01:01:59,400] {scheduler_job.py:629} INFO - Processing file /Users/harika/Desktop/CSYE_7245/Assignment2/pipeline/MyEnv/lib/python3.7/site-packages/airflow/example_dags/example_complex.py for tasks to queue
[2021-03-24 01:01:59,402] {logging_mixin.py:104} INFO - [2021-03-24 01:01:59,401] {dagbag.py:448} INFO - Filling up the DagBag from /Users/harika/Desktop/CSYE_7245/Assignment2/pipeline/MyEnv/lib/python3.7/site-packages/airflow/example_dags/example_complex.py
[2021-03-24 01:01:59,419] {scheduler_job.py:639} INFO - DAG(s) dict_keys(['example_complex']) retrieved from /Users/harika/Desktop/CSYE_7245/Assignment2/pipeline/MyEnv/lib/python3.7/site-packages/airflow/example_dags/example_complex.py
[2021-03-24 01:01:59,445] {logging_mixin.py:104} INFO - [2021-03-24 01:01:59,444] {dag.py:1818} INFO - Sync 1 DAGs
[2021-03-24 01:01:59,456] {logging_mixin.py:104} INFO - [2021-03-24 01:01:59,456] {dag.py:2273} INFO - Setting next_dagrun for example_complex to None
[2021-03-24 01:01:59,468] {scheduler_job.py:190} INFO - Processing /Users/harika/Desktop/CSYE_7245/Assignment2/pipeline/MyEnv/lib/python3.7/site-packages/airflow/example_dags/example_complex.py took 0.075 seconds
[2021-03-24 01:02:58,778] {scheduler_job.py:182} INFO - Started process (PID=17458) to work on /Users/harika/Desktop/CSYE_7245/Assignment2/pipeline/MyEnv/lib/python3.7/site-packages/airflow/example_dags/example_complex.py
[2021-03-24 01:02:58,780] {scheduler_job.py:629} INFO - Processing file /Users/harika/Desktop/CSYE_7245/Assignment2/pipeline/MyEnv/lib/python3.7/site-packages/airflow/example_dags/example_complex.py for tasks to queue
[2021-03-24 01:02:58,781] {logging_mixin.py:104} INFO - [2021-03-24 01:02:58,781] {dagbag.py:448} INFO - Filling up the DagBag from /Users/harika/Desktop/CSYE_7245/Assignment2/pipeline/MyEnv/lib/python3.7/site-packages/airflow/example_dags/example_complex.py
[2021-03-24 01:02:58,796] {scheduler_job.py:639} INFO - DAG(s) dict_keys(['example_complex']) retrieved from /Users/harika/Desktop/CSYE_7245/Assignment2/pipeline/MyEnv/lib/python3.7/site-packages/airflow/example_dags/example_complex.py
[2021-03-24 01:02:58,814] {logging_mixin.py:104} INFO - [2021-03-24 01:02:58,814] {dag.py:1818} INFO - Sync 1 DAGs
[2021-03-24 01:02:58,825] {logging_mixin.py:104} INFO - [2021-03-24 01:02:58,824] {dag.py:2273} INFO - Setting next_dagrun for example_complex to None
[2021-03-24 01:02:58,833] {scheduler_job.py:190} INFO - Processing /Users/harika/Desktop/CSYE_7245/Assignment2/pipeline/MyEnv/lib/python3.7/site-packages/airflow/example_dags/example_complex.py took 0.058 seconds
[2021-03-24 01:03:29,658] {scheduler_job.py:182} INFO - Started process (PID=17495) to work on /Users/harika/Desktop/CSYE_7245/Assignment2/pipeline/MyEnv/lib/python3.7/site-packages/airflow/example_dags/example_complex.py
[2021-03-24 01:03:29,660] {scheduler_job.py:629} INFO - Processing file /Users/harika/Desktop/CSYE_7245/Assignment2/pipeline/MyEnv/lib/python3.7/site-packages/airflow/example_dags/example_complex.py for tasks to queue
[2021-03-24 01:03:29,662] {logging_mixin.py:104} INFO - [2021-03-24 01:03:29,661] {dagbag.py:448} INFO - Filling up the DagBag from /Users/harika/Desktop/CSYE_7245/Assignment2/pipeline/MyEnv/lib/python3.7/site-packages/airflow/example_dags/example_complex.py
[2021-03-24 01:03:29,677] {scheduler_job.py:639} INFO - DAG(s) dict_keys(['example_complex']) retrieved from /Users/harika/Desktop/CSYE_7245/Assignment2/pipeline/MyEnv/lib/python3.7/site-packages/airflow/example_dags/example_complex.py
[2021-03-24 01:03:29,699] {logging_mixin.py:104} INFO - [2021-03-24 01:03:29,698] {dag.py:1818} INFO - Sync 1 DAGs
[2021-03-24 01:03:29,710] {logging_mixin.py:104} INFO - [2021-03-24 01:03:29,709] {dag.py:2273} INFO - Setting next_dagrun for example_complex to None
[2021-03-24 01:03:29,718] {scheduler_job.py:190} INFO - Processing /Users/harika/Desktop/CSYE_7245/Assignment2/pipeline/MyEnv/lib/python3.7/site-packages/airflow/example_dags/example_complex.py took 0.064 seconds
[2021-03-24 01:04:00,258] {scheduler_job.py:182} INFO - Started process (PID=17527) to work on /Users/harika/Desktop/CSYE_7245/Assignment2/pipeline/MyEnv/lib/python3.7/site-packages/airflow/example_dags/example_complex.py
[2021-03-24 01:04:00,260] {scheduler_job.py:629} INFO - Processing file /Users/harika/Desktop/CSYE_7245/Assignment2/pipeline/MyEnv/lib/python3.7/site-packages/airflow/example_dags/example_complex.py for tasks to queue
[2021-03-24 01:04:00,262] {logging_mixin.py:104} INFO - [2021-03-24 01:04:00,261] {dagbag.py:448} INFO - Filling up the DagBag from /Users/harika/Desktop/CSYE_7245/Assignment2/pipeline/MyEnv/lib/python3.7/site-packages/airflow/example_dags/example_complex.py
[2021-03-24 01:04:00,274] {scheduler_job.py:639} INFO - DAG(s) dict_keys(['example_complex']) retrieved from /Users/harika/Desktop/CSYE_7245/Assignment2/pipeline/MyEnv/lib/python3.7/site-packages/airflow/example_dags/example_complex.py
[2021-03-24 01:04:00,292] {logging_mixin.py:104} INFO - [2021-03-24 01:04:00,292] {dag.py:1818} INFO - Sync 1 DAGs
[2021-03-24 01:04:00,302] {logging_mixin.py:104} INFO - [2021-03-24 01:04:00,302] {dag.py:2273} INFO - Setting next_dagrun for example_complex to None
[2021-03-24 01:04:00,311] {scheduler_job.py:190} INFO - Processing /Users/harika/Desktop/CSYE_7245/Assignment2/pipeline/MyEnv/lib/python3.7/site-packages/airflow/example_dags/example_complex.py took 0.056 seconds
[2021-03-24 01:04:34,155] {scheduler_job.py:182} INFO - Started process (PID=17631) to work on /Users/harika/Desktop/CSYE_7245/Assignment2/pipeline/MyEnv/lib/python3.7/site-packages/airflow/example_dags/example_complex.py
[2021-03-24 01:04:34,157] {scheduler_job.py:629} INFO - Processing file /Users/harika/Desktop/CSYE_7245/Assignment2/pipeline/MyEnv/lib/python3.7/site-packages/airflow/example_dags/example_complex.py for tasks to queue
[2021-03-24 01:04:34,158] {logging_mixin.py:104} INFO - [2021-03-24 01:04:34,158] {dagbag.py:448} INFO - Filling up the DagBag from /Users/harika/Desktop/CSYE_7245/Assignment2/pipeline/MyEnv/lib/python3.7/site-packages/airflow/example_dags/example_complex.py
[2021-03-24 01:04:34,172] {scheduler_job.py:639} INFO - DAG(s) dict_keys(['example_complex']) retrieved from /Users/harika/Desktop/CSYE_7245/Assignment2/pipeline/MyEnv/lib/python3.7/site-packages/airflow/example_dags/example_complex.py
[2021-03-24 01:04:34,192] {logging_mixin.py:104} INFO - [2021-03-24 01:04:34,192] {dag.py:1818} INFO - Sync 1 DAGs
[2021-03-24 01:04:34,202] {logging_mixin.py:104} INFO - [2021-03-24 01:04:34,202] {dag.py:2273} INFO - Setting next_dagrun for example_complex to None
[2021-03-24 01:04:34,211] {scheduler_job.py:190} INFO - Processing /Users/harika/Desktop/CSYE_7245/Assignment2/pipeline/MyEnv/lib/python3.7/site-packages/airflow/example_dags/example_complex.py took 0.059 seconds
