[2021-03-23 20:28:02,763] {scheduler_job.py:182} INFO - Started process (PID=14374) to work on /Users/harika/Desktop/CSYE_7245/Assignment2/pipeline/MyEnv/lib/python3.7/site-packages/airflow/example_dags/example_skip_dag.py
[2021-03-23 20:28:02,768] {scheduler_job.py:629} INFO - Processing file /Users/harika/Desktop/CSYE_7245/Assignment2/pipeline/MyEnv/lib/python3.7/site-packages/airflow/example_dags/example_skip_dag.py for tasks to queue
[2021-03-23 20:28:02,770] {logging_mixin.py:104} INFO - [2021-03-23 20:28:02,770] {dagbag.py:448} INFO - Filling up the DagBag from /Users/harika/Desktop/CSYE_7245/Assignment2/pipeline/MyEnv/lib/python3.7/site-packages/airflow/example_dags/example_skip_dag.py
[2021-03-23 20:28:02,789] {scheduler_job.py:639} INFO - DAG(s) dict_keys(['example_skip_dag']) retrieved from /Users/harika/Desktop/CSYE_7245/Assignment2/pipeline/MyEnv/lib/python3.7/site-packages/airflow/example_dags/example_skip_dag.py
[2021-03-23 20:28:02,844] {logging_mixin.py:104} INFO - [2021-03-23 20:28:02,843] {dag.py:1818} INFO - Sync 1 DAGs
[2021-03-23 20:28:02,868] {logging_mixin.py:104} INFO - [2021-03-23 20:28:02,866] {dag.py:2273} INFO - Setting next_dagrun for example_skip_dag to 2021-03-22 00:00:00+00:00
[2021-03-23 20:28:02,896] {scheduler_job.py:190} INFO - Processing /Users/harika/Desktop/CSYE_7245/Assignment2/pipeline/MyEnv/lib/python3.7/site-packages/airflow/example_dags/example_skip_dag.py took 0.138 seconds
[2021-03-23 20:28:44,552] {scheduler_job.py:182} INFO - Started process (PID=14413) to work on /Users/harika/Desktop/CSYE_7245/Assignment2/pipeline/MyEnv/lib/python3.7/site-packages/airflow/example_dags/example_skip_dag.py
[2021-03-23 20:28:44,557] {scheduler_job.py:629} INFO - Processing file /Users/harika/Desktop/CSYE_7245/Assignment2/pipeline/MyEnv/lib/python3.7/site-packages/airflow/example_dags/example_skip_dag.py for tasks to queue
[2021-03-23 20:28:44,560] {logging_mixin.py:104} INFO - [2021-03-23 20:28:44,560] {dagbag.py:448} INFO - Filling up the DagBag from /Users/harika/Desktop/CSYE_7245/Assignment2/pipeline/MyEnv/lib/python3.7/site-packages/airflow/example_dags/example_skip_dag.py
[2021-03-23 20:28:44,571] {scheduler_job.py:639} INFO - DAG(s) dict_keys(['example_skip_dag']) retrieved from /Users/harika/Desktop/CSYE_7245/Assignment2/pipeline/MyEnv/lib/python3.7/site-packages/airflow/example_dags/example_skip_dag.py
[2021-03-23 20:28:44,609] {logging_mixin.py:104} INFO - [2021-03-23 20:28:44,608] {dag.py:1818} INFO - Sync 1 DAGs
[2021-03-23 20:28:44,627] {logging_mixin.py:104} INFO - [2021-03-23 20:28:44,626] {dag.py:2273} INFO - Setting next_dagrun for example_skip_dag to 2021-03-22 00:00:00+00:00
[2021-03-23 20:28:44,645] {scheduler_job.py:190} INFO - Processing /Users/harika/Desktop/CSYE_7245/Assignment2/pipeline/MyEnv/lib/python3.7/site-packages/airflow/example_dags/example_skip_dag.py took 0.099 seconds
[2021-03-23 20:29:21,832] {scheduler_job.py:182} INFO - Started process (PID=14440) to work on /Users/harika/Desktop/CSYE_7245/Assignment2/pipeline/MyEnv/lib/python3.7/site-packages/airflow/example_dags/example_skip_dag.py
[2021-03-23 20:29:21,835] {scheduler_job.py:629} INFO - Processing file /Users/harika/Desktop/CSYE_7245/Assignment2/pipeline/MyEnv/lib/python3.7/site-packages/airflow/example_dags/example_skip_dag.py for tasks to queue
[2021-03-23 20:29:21,837] {logging_mixin.py:104} INFO - [2021-03-23 20:29:21,836] {dagbag.py:448} INFO - Filling up the DagBag from /Users/harika/Desktop/CSYE_7245/Assignment2/pipeline/MyEnv/lib/python3.7/site-packages/airflow/example_dags/example_skip_dag.py
[2021-03-23 20:29:21,845] {scheduler_job.py:639} INFO - DAG(s) dict_keys(['example_skip_dag']) retrieved from /Users/harika/Desktop/CSYE_7245/Assignment2/pipeline/MyEnv/lib/python3.7/site-packages/airflow/example_dags/example_skip_dag.py
[2021-03-23 20:29:21,880] {logging_mixin.py:104} INFO - [2021-03-23 20:29:21,879] {dag.py:1818} INFO - Sync 1 DAGs
[2021-03-23 20:29:21,901] {logging_mixin.py:104} INFO - [2021-03-23 20:29:21,900] {dag.py:2273} INFO - Setting next_dagrun for example_skip_dag to 2021-03-22 00:00:00+00:00
[2021-03-23 20:29:21,912] {scheduler_job.py:190} INFO - Processing /Users/harika/Desktop/CSYE_7245/Assignment2/pipeline/MyEnv/lib/python3.7/site-packages/airflow/example_dags/example_skip_dag.py took 0.085 seconds
[2021-03-23 20:30:01,695] {scheduler_job.py:182} INFO - Started process (PID=14476) to work on /Users/harika/Desktop/CSYE_7245/Assignment2/pipeline/MyEnv/lib/python3.7/site-packages/airflow/example_dags/example_skip_dag.py
[2021-03-23 20:30:01,696] {scheduler_job.py:629} INFO - Processing file /Users/harika/Desktop/CSYE_7245/Assignment2/pipeline/MyEnv/lib/python3.7/site-packages/airflow/example_dags/example_skip_dag.py for tasks to queue
[2021-03-23 20:30:01,698] {logging_mixin.py:104} INFO - [2021-03-23 20:30:01,697] {dagbag.py:448} INFO - Filling up the DagBag from /Users/harika/Desktop/CSYE_7245/Assignment2/pipeline/MyEnv/lib/python3.7/site-packages/airflow/example_dags/example_skip_dag.py
[2021-03-23 20:30:01,706] {scheduler_job.py:639} INFO - DAG(s) dict_keys(['example_skip_dag']) retrieved from /Users/harika/Desktop/CSYE_7245/Assignment2/pipeline/MyEnv/lib/python3.7/site-packages/airflow/example_dags/example_skip_dag.py
[2021-03-23 20:30:01,727] {logging_mixin.py:104} INFO - [2021-03-23 20:30:01,727] {dag.py:1818} INFO - Sync 1 DAGs
[2021-03-23 20:30:01,749] {logging_mixin.py:104} INFO - [2021-03-23 20:30:01,746] {dag.py:2273} INFO - Setting next_dagrun for example_skip_dag to 2021-03-22 00:00:00+00:00
[2021-03-23 20:30:01,766] {scheduler_job.py:190} INFO - Processing /Users/harika/Desktop/CSYE_7245/Assignment2/pipeline/MyEnv/lib/python3.7/site-packages/airflow/example_dags/example_skip_dag.py took 0.075 seconds
[2021-03-23 20:30:38,400] {scheduler_job.py:182} INFO - Started process (PID=14509) to work on /Users/harika/Desktop/CSYE_7245/Assignment2/pipeline/MyEnv/lib/python3.7/site-packages/airflow/example_dags/example_skip_dag.py
[2021-03-23 20:30:38,403] {scheduler_job.py:629} INFO - Processing file /Users/harika/Desktop/CSYE_7245/Assignment2/pipeline/MyEnv/lib/python3.7/site-packages/airflow/example_dags/example_skip_dag.py for tasks to queue
[2021-03-23 20:30:38,405] {logging_mixin.py:104} INFO - [2021-03-23 20:30:38,405] {dagbag.py:448} INFO - Filling up the DagBag from /Users/harika/Desktop/CSYE_7245/Assignment2/pipeline/MyEnv/lib/python3.7/site-packages/airflow/example_dags/example_skip_dag.py
[2021-03-23 20:30:38,413] {scheduler_job.py:639} INFO - DAG(s) dict_keys(['example_skip_dag']) retrieved from /Users/harika/Desktop/CSYE_7245/Assignment2/pipeline/MyEnv/lib/python3.7/site-packages/airflow/example_dags/example_skip_dag.py
[2021-03-23 20:30:38,436] {logging_mixin.py:104} INFO - [2021-03-23 20:30:38,435] {dag.py:1818} INFO - Sync 1 DAGs
[2021-03-23 20:30:38,450] {logging_mixin.py:104} INFO - [2021-03-23 20:30:38,450] {dag.py:2273} INFO - Setting next_dagrun for example_skip_dag to 2021-03-22 00:00:00+00:00
[2021-03-23 20:30:38,459] {scheduler_job.py:190} INFO - Processing /Users/harika/Desktop/CSYE_7245/Assignment2/pipeline/MyEnv/lib/python3.7/site-packages/airflow/example_dags/example_skip_dag.py took 0.064 seconds
[2021-03-23 20:31:14,732] {scheduler_job.py:182} INFO - Started process (PID=14541) to work on /Users/harika/Desktop/CSYE_7245/Assignment2/pipeline/MyEnv/lib/python3.7/site-packages/airflow/example_dags/example_skip_dag.py
[2021-03-23 20:31:14,734] {scheduler_job.py:629} INFO - Processing file /Users/harika/Desktop/CSYE_7245/Assignment2/pipeline/MyEnv/lib/python3.7/site-packages/airflow/example_dags/example_skip_dag.py for tasks to queue
[2021-03-23 20:31:14,736] {logging_mixin.py:104} INFO - [2021-03-23 20:31:14,735] {dagbag.py:448} INFO - Filling up the DagBag from /Users/harika/Desktop/CSYE_7245/Assignment2/pipeline/MyEnv/lib/python3.7/site-packages/airflow/example_dags/example_skip_dag.py
[2021-03-23 20:31:14,749] {scheduler_job.py:639} INFO - DAG(s) dict_keys(['example_skip_dag']) retrieved from /Users/harika/Desktop/CSYE_7245/Assignment2/pipeline/MyEnv/lib/python3.7/site-packages/airflow/example_dags/example_skip_dag.py
[2021-03-23 20:31:14,770] {logging_mixin.py:104} INFO - [2021-03-23 20:31:14,769] {dag.py:1818} INFO - Sync 1 DAGs
[2021-03-23 20:31:14,788] {logging_mixin.py:104} INFO - [2021-03-23 20:31:14,788] {dag.py:2273} INFO - Setting next_dagrun for example_skip_dag to 2021-03-22 00:00:00+00:00
[2021-03-23 20:31:14,797] {scheduler_job.py:190} INFO - Processing /Users/harika/Desktop/CSYE_7245/Assignment2/pipeline/MyEnv/lib/python3.7/site-packages/airflow/example_dags/example_skip_dag.py took 0.069 seconds
[2021-03-23 21:13:23,545] {scheduler_job.py:182} INFO - Started process (PID=15034) to work on /Users/harika/Desktop/CSYE_7245/Assignment2/pipeline/MyEnv/lib/python3.7/site-packages/airflow/example_dags/example_skip_dag.py
[2021-03-23 21:13:23,548] {scheduler_job.py:629} INFO - Processing file /Users/harika/Desktop/CSYE_7245/Assignment2/pipeline/MyEnv/lib/python3.7/site-packages/airflow/example_dags/example_skip_dag.py for tasks to queue
[2021-03-23 21:13:23,550] {logging_mixin.py:104} INFO - [2021-03-23 21:13:23,549] {dagbag.py:448} INFO - Filling up the DagBag from /Users/harika/Desktop/CSYE_7245/Assignment2/pipeline/MyEnv/lib/python3.7/site-packages/airflow/example_dags/example_skip_dag.py
[2021-03-23 21:13:23,557] {scheduler_job.py:639} INFO - DAG(s) dict_keys(['example_skip_dag']) retrieved from /Users/harika/Desktop/CSYE_7245/Assignment2/pipeline/MyEnv/lib/python3.7/site-packages/airflow/example_dags/example_skip_dag.py
[2021-03-23 21:13:23,572] {logging_mixin.py:104} INFO - [2021-03-23 21:13:23,571] {dag.py:1818} INFO - Sync 1 DAGs
[2021-03-23 21:13:23,589] {logging_mixin.py:104} INFO - [2021-03-23 21:13:23,588] {dag.py:2273} INFO - Setting next_dagrun for example_skip_dag to 2021-03-22 00:00:00+00:00
[2021-03-23 21:13:23,598] {scheduler_job.py:190} INFO - Processing /Users/harika/Desktop/CSYE_7245/Assignment2/pipeline/MyEnv/lib/python3.7/site-packages/airflow/example_dags/example_skip_dag.py took 0.056 seconds
[2021-03-23 21:14:47,383] {scheduler_job.py:182} INFO - Started process (PID=15093) to work on /Users/harika/Desktop/CSYE_7245/Assignment2/pipeline/MyEnv/lib/python3.7/site-packages/airflow/example_dags/example_skip_dag.py
[2021-03-23 21:14:47,384] {scheduler_job.py:629} INFO - Processing file /Users/harika/Desktop/CSYE_7245/Assignment2/pipeline/MyEnv/lib/python3.7/site-packages/airflow/example_dags/example_skip_dag.py for tasks to queue
[2021-03-23 21:14:47,385] {logging_mixin.py:104} INFO - [2021-03-23 21:14:47,385] {dagbag.py:448} INFO - Filling up the DagBag from /Users/harika/Desktop/CSYE_7245/Assignment2/pipeline/MyEnv/lib/python3.7/site-packages/airflow/example_dags/example_skip_dag.py
[2021-03-23 21:14:47,399] {scheduler_job.py:639} INFO - DAG(s) dict_keys(['example_skip_dag']) retrieved from /Users/harika/Desktop/CSYE_7245/Assignment2/pipeline/MyEnv/lib/python3.7/site-packages/airflow/example_dags/example_skip_dag.py
[2021-03-23 21:14:47,414] {logging_mixin.py:104} INFO - [2021-03-23 21:14:47,413] {dag.py:1818} INFO - Sync 1 DAGs
[2021-03-23 21:14:47,430] {logging_mixin.py:104} INFO - [2021-03-23 21:14:47,430] {dag.py:2273} INFO - Setting next_dagrun for example_skip_dag to 2021-03-22 00:00:00+00:00
[2021-03-23 21:14:47,441] {scheduler_job.py:190} INFO - Processing /Users/harika/Desktop/CSYE_7245/Assignment2/pipeline/MyEnv/lib/python3.7/site-packages/airflow/example_dags/example_skip_dag.py took 0.062 seconds
[2021-03-23 21:17:58,137] {scheduler_job.py:182} INFO - Started process (PID=15194) to work on /Users/harika/Desktop/CSYE_7245/Assignment2/pipeline/MyEnv/lib/python3.7/site-packages/airflow/example_dags/example_skip_dag.py
[2021-03-23 21:17:58,140] {scheduler_job.py:629} INFO - Processing file /Users/harika/Desktop/CSYE_7245/Assignment2/pipeline/MyEnv/lib/python3.7/site-packages/airflow/example_dags/example_skip_dag.py for tasks to queue
[2021-03-23 21:17:58,142] {logging_mixin.py:104} INFO - [2021-03-23 21:17:58,141] {dagbag.py:448} INFO - Filling up the DagBag from /Users/harika/Desktop/CSYE_7245/Assignment2/pipeline/MyEnv/lib/python3.7/site-packages/airflow/example_dags/example_skip_dag.py
[2021-03-23 21:17:58,150] {scheduler_job.py:639} INFO - DAG(s) dict_keys(['example_skip_dag']) retrieved from /Users/harika/Desktop/CSYE_7245/Assignment2/pipeline/MyEnv/lib/python3.7/site-packages/airflow/example_dags/example_skip_dag.py
[2021-03-23 21:17:58,167] {logging_mixin.py:104} INFO - [2021-03-23 21:17:58,166] {dag.py:1818} INFO - Sync 1 DAGs
[2021-03-23 21:17:58,178] {logging_mixin.py:104} INFO - [2021-03-23 21:17:58,178] {dag.py:2273} INFO - Setting next_dagrun for example_skip_dag to 2021-03-22 00:00:00+00:00
[2021-03-23 21:17:58,187] {scheduler_job.py:190} INFO - Processing /Users/harika/Desktop/CSYE_7245/Assignment2/pipeline/MyEnv/lib/python3.7/site-packages/airflow/example_dags/example_skip_dag.py took 0.057 seconds
[2021-03-23 21:18:34,209] {scheduler_job.py:182} INFO - Started process (PID=15230) to work on /Users/harika/Desktop/CSYE_7245/Assignment2/pipeline/MyEnv/lib/python3.7/site-packages/airflow/example_dags/example_skip_dag.py
[2021-03-23 21:18:34,214] {scheduler_job.py:629} INFO - Processing file /Users/harika/Desktop/CSYE_7245/Assignment2/pipeline/MyEnv/lib/python3.7/site-packages/airflow/example_dags/example_skip_dag.py for tasks to queue
[2021-03-23 21:18:34,216] {logging_mixin.py:104} INFO - [2021-03-23 21:18:34,215] {dagbag.py:448} INFO - Filling up the DagBag from /Users/harika/Desktop/CSYE_7245/Assignment2/pipeline/MyEnv/lib/python3.7/site-packages/airflow/example_dags/example_skip_dag.py
[2021-03-23 21:18:34,257] {scheduler_job.py:639} INFO - DAG(s) dict_keys(['example_skip_dag']) retrieved from /Users/harika/Desktop/CSYE_7245/Assignment2/pipeline/MyEnv/lib/python3.7/site-packages/airflow/example_dags/example_skip_dag.py
[2021-03-23 21:18:34,319] {logging_mixin.py:104} INFO - [2021-03-23 21:18:34,318] {dag.py:1818} INFO - Sync 1 DAGs
[2021-03-23 21:18:34,351] {logging_mixin.py:104} INFO - [2021-03-23 21:18:34,350] {dag.py:2273} INFO - Setting next_dagrun for example_skip_dag to 2021-03-22 00:00:00+00:00
[2021-03-23 21:18:34,373] {scheduler_job.py:190} INFO - Processing /Users/harika/Desktop/CSYE_7245/Assignment2/pipeline/MyEnv/lib/python3.7/site-packages/airflow/example_dags/example_skip_dag.py took 0.171 seconds
[2021-03-23 21:19:18,048] {scheduler_job.py:182} INFO - Started process (PID=15264) to work on /Users/harika/Desktop/CSYE_7245/Assignment2/pipeline/MyEnv/lib/python3.7/site-packages/airflow/example_dags/example_skip_dag.py
[2021-03-23 21:19:18,053] {scheduler_job.py:629} INFO - Processing file /Users/harika/Desktop/CSYE_7245/Assignment2/pipeline/MyEnv/lib/python3.7/site-packages/airflow/example_dags/example_skip_dag.py for tasks to queue
[2021-03-23 21:19:18,057] {logging_mixin.py:104} INFO - [2021-03-23 21:19:18,056] {dagbag.py:448} INFO - Filling up the DagBag from /Users/harika/Desktop/CSYE_7245/Assignment2/pipeline/MyEnv/lib/python3.7/site-packages/airflow/example_dags/example_skip_dag.py
[2021-03-23 21:19:18,072] {scheduler_job.py:639} INFO - DAG(s) dict_keys(['example_skip_dag']) retrieved from /Users/harika/Desktop/CSYE_7245/Assignment2/pipeline/MyEnv/lib/python3.7/site-packages/airflow/example_dags/example_skip_dag.py
[2021-03-23 21:19:18,131] {logging_mixin.py:104} INFO - [2021-03-23 21:19:18,130] {dag.py:1818} INFO - Sync 1 DAGs
[2021-03-23 21:19:18,166] {logging_mixin.py:104} INFO - [2021-03-23 21:19:18,163] {dag.py:2273} INFO - Setting next_dagrun for example_skip_dag to 2021-03-22 00:00:00+00:00
[2021-03-23 21:19:18,186] {scheduler_job.py:190} INFO - Processing /Users/harika/Desktop/CSYE_7245/Assignment2/pipeline/MyEnv/lib/python3.7/site-packages/airflow/example_dags/example_skip_dag.py took 0.144 seconds
[2021-03-23 21:20:01,756] {scheduler_job.py:182} INFO - Started process (PID=15301) to work on /Users/harika/Desktop/CSYE_7245/Assignment2/pipeline/MyEnv/lib/python3.7/site-packages/airflow/example_dags/example_skip_dag.py
[2021-03-23 21:20:01,758] {scheduler_job.py:629} INFO - Processing file /Users/harika/Desktop/CSYE_7245/Assignment2/pipeline/MyEnv/lib/python3.7/site-packages/airflow/example_dags/example_skip_dag.py for tasks to queue
[2021-03-23 21:20:01,760] {logging_mixin.py:104} INFO - [2021-03-23 21:20:01,760] {dagbag.py:448} INFO - Filling up the DagBag from /Users/harika/Desktop/CSYE_7245/Assignment2/pipeline/MyEnv/lib/python3.7/site-packages/airflow/example_dags/example_skip_dag.py
[2021-03-23 21:20:01,769] {scheduler_job.py:639} INFO - DAG(s) dict_keys(['example_skip_dag']) retrieved from /Users/harika/Desktop/CSYE_7245/Assignment2/pipeline/MyEnv/lib/python3.7/site-packages/airflow/example_dags/example_skip_dag.py
[2021-03-23 21:20:01,789] {logging_mixin.py:104} INFO - [2021-03-23 21:20:01,788] {dag.py:1818} INFO - Sync 1 DAGs
[2021-03-23 21:20:01,811] {logging_mixin.py:104} INFO - [2021-03-23 21:20:01,810] {dag.py:2273} INFO - Setting next_dagrun for example_skip_dag to 2021-03-22 00:00:00+00:00
[2021-03-23 21:20:01,827] {scheduler_job.py:190} INFO - Processing /Users/harika/Desktop/CSYE_7245/Assignment2/pipeline/MyEnv/lib/python3.7/site-packages/airflow/example_dags/example_skip_dag.py took 0.076 seconds
[2021-03-24 00:03:02,643] {scheduler_job.py:182} INFO - Started process (PID=16948) to work on /Users/harika/Desktop/CSYE_7245/Assignment2/pipeline/MyEnv/lib/python3.7/site-packages/airflow/example_dags/example_skip_dag.py
[2021-03-24 00:03:02,646] {scheduler_job.py:629} INFO - Processing file /Users/harika/Desktop/CSYE_7245/Assignment2/pipeline/MyEnv/lib/python3.7/site-packages/airflow/example_dags/example_skip_dag.py for tasks to queue
[2021-03-24 00:03:02,649] {logging_mixin.py:104} INFO - [2021-03-24 00:03:02,648] {dagbag.py:448} INFO - Filling up the DagBag from /Users/harika/Desktop/CSYE_7245/Assignment2/pipeline/MyEnv/lib/python3.7/site-packages/airflow/example_dags/example_skip_dag.py
[2021-03-24 00:03:02,668] {scheduler_job.py:639} INFO - DAG(s) dict_keys(['example_skip_dag']) retrieved from /Users/harika/Desktop/CSYE_7245/Assignment2/pipeline/MyEnv/lib/python3.7/site-packages/airflow/example_dags/example_skip_dag.py
[2021-03-24 00:03:02,694] {logging_mixin.py:104} INFO - [2021-03-24 00:03:02,693] {dag.py:1818} INFO - Sync 1 DAGs
[2021-03-24 00:03:02,712] {logging_mixin.py:104} INFO - [2021-03-24 00:03:02,711] {dag.py:2273} INFO - Setting next_dagrun for example_skip_dag to 2021-03-22 00:00:00+00:00
[2021-03-24 00:03:02,725] {scheduler_job.py:190} INFO - Processing /Users/harika/Desktop/CSYE_7245/Assignment2/pipeline/MyEnv/lib/python3.7/site-packages/airflow/example_dags/example_skip_dag.py took 0.089 seconds
[2021-03-24 00:03:39,859] {scheduler_job.py:182} INFO - Started process (PID=16977) to work on /Users/harika/Desktop/CSYE_7245/Assignment2/pipeline/MyEnv/lib/python3.7/site-packages/airflow/example_dags/example_skip_dag.py
[2021-03-24 00:03:39,861] {scheduler_job.py:629} INFO - Processing file /Users/harika/Desktop/CSYE_7245/Assignment2/pipeline/MyEnv/lib/python3.7/site-packages/airflow/example_dags/example_skip_dag.py for tasks to queue
[2021-03-24 00:03:39,863] {logging_mixin.py:104} INFO - [2021-03-24 00:03:39,862] {dagbag.py:448} INFO - Filling up the DagBag from /Users/harika/Desktop/CSYE_7245/Assignment2/pipeline/MyEnv/lib/python3.7/site-packages/airflow/example_dags/example_skip_dag.py
[2021-03-24 00:03:39,885] {scheduler_job.py:639} INFO - DAG(s) dict_keys(['example_skip_dag']) retrieved from /Users/harika/Desktop/CSYE_7245/Assignment2/pipeline/MyEnv/lib/python3.7/site-packages/airflow/example_dags/example_skip_dag.py
[2021-03-24 00:03:39,904] {logging_mixin.py:104} INFO - [2021-03-24 00:03:39,903] {dag.py:1818} INFO - Sync 1 DAGs
[2021-03-24 00:03:39,916] {logging_mixin.py:104} INFO - [2021-03-24 00:03:39,916] {dag.py:2273} INFO - Setting next_dagrun for example_skip_dag to 2021-03-22 00:00:00+00:00
[2021-03-24 00:03:39,928] {scheduler_job.py:190} INFO - Processing /Users/harika/Desktop/CSYE_7245/Assignment2/pipeline/MyEnv/lib/python3.7/site-packages/airflow/example_dags/example_skip_dag.py took 0.073 seconds
[2021-03-24 00:04:26,237] {scheduler_job.py:182} INFO - Started process (PID=17011) to work on /Users/harika/Desktop/CSYE_7245/Assignment2/pipeline/MyEnv/lib/python3.7/site-packages/airflow/example_dags/example_skip_dag.py
[2021-03-24 00:04:26,239] {scheduler_job.py:629} INFO - Processing file /Users/harika/Desktop/CSYE_7245/Assignment2/pipeline/MyEnv/lib/python3.7/site-packages/airflow/example_dags/example_skip_dag.py for tasks to queue
[2021-03-24 00:04:26,240] {logging_mixin.py:104} INFO - [2021-03-24 00:04:26,240] {dagbag.py:448} INFO - Filling up the DagBag from /Users/harika/Desktop/CSYE_7245/Assignment2/pipeline/MyEnv/lib/python3.7/site-packages/airflow/example_dags/example_skip_dag.py
[2021-03-24 00:04:26,252] {scheduler_job.py:639} INFO - DAG(s) dict_keys(['example_skip_dag']) retrieved from /Users/harika/Desktop/CSYE_7245/Assignment2/pipeline/MyEnv/lib/python3.7/site-packages/airflow/example_dags/example_skip_dag.py
[2021-03-24 00:04:26,268] {logging_mixin.py:104} INFO - [2021-03-24 00:04:26,267] {dag.py:1818} INFO - Sync 1 DAGs
[2021-03-24 00:04:26,280] {logging_mixin.py:104} INFO - [2021-03-24 00:04:26,280] {dag.py:2273} INFO - Setting next_dagrun for example_skip_dag to 2021-03-22 00:00:00+00:00
[2021-03-24 00:04:26,288] {scheduler_job.py:190} INFO - Processing /Users/harika/Desktop/CSYE_7245/Assignment2/pipeline/MyEnv/lib/python3.7/site-packages/airflow/example_dags/example_skip_dag.py took 0.055 seconds
[2021-03-24 00:05:01,284] {scheduler_job.py:182} INFO - Started process (PID=17042) to work on /Users/harika/Desktop/CSYE_7245/Assignment2/pipeline/MyEnv/lib/python3.7/site-packages/airflow/example_dags/example_skip_dag.py
[2021-03-24 00:05:01,286] {scheduler_job.py:629} INFO - Processing file /Users/harika/Desktop/CSYE_7245/Assignment2/pipeline/MyEnv/lib/python3.7/site-packages/airflow/example_dags/example_skip_dag.py for tasks to queue
[2021-03-24 00:05:01,287] {logging_mixin.py:104} INFO - [2021-03-24 00:05:01,287] {dagbag.py:448} INFO - Filling up the DagBag from /Users/harika/Desktop/CSYE_7245/Assignment2/pipeline/MyEnv/lib/python3.7/site-packages/airflow/example_dags/example_skip_dag.py
[2021-03-24 00:05:01,302] {scheduler_job.py:639} INFO - DAG(s) dict_keys(['example_skip_dag']) retrieved from /Users/harika/Desktop/CSYE_7245/Assignment2/pipeline/MyEnv/lib/python3.7/site-packages/airflow/example_dags/example_skip_dag.py
[2021-03-24 00:05:01,318] {logging_mixin.py:104} INFO - [2021-03-24 00:05:01,318] {dag.py:1818} INFO - Sync 1 DAGs
[2021-03-24 00:05:01,332] {logging_mixin.py:104} INFO - [2021-03-24 00:05:01,331] {dag.py:2273} INFO - Setting next_dagrun for example_skip_dag to 2021-03-22 00:00:00+00:00
[2021-03-24 00:05:01,345] {scheduler_job.py:190} INFO - Processing /Users/harika/Desktop/CSYE_7245/Assignment2/pipeline/MyEnv/lib/python3.7/site-packages/airflow/example_dags/example_skip_dag.py took 0.066 seconds
[2021-03-24 01:02:45,958] {scheduler_job.py:182} INFO - Started process (PID=17439) to work on /Users/harika/Desktop/CSYE_7245/Assignment2/pipeline/MyEnv/lib/python3.7/site-packages/airflow/example_dags/example_skip_dag.py
[2021-03-24 01:02:45,961] {scheduler_job.py:629} INFO - Processing file /Users/harika/Desktop/CSYE_7245/Assignment2/pipeline/MyEnv/lib/python3.7/site-packages/airflow/example_dags/example_skip_dag.py for tasks to queue
[2021-03-24 01:02:45,964] {logging_mixin.py:104} INFO - [2021-03-24 01:02:45,963] {dagbag.py:448} INFO - Filling up the DagBag from /Users/harika/Desktop/CSYE_7245/Assignment2/pipeline/MyEnv/lib/python3.7/site-packages/airflow/example_dags/example_skip_dag.py
[2021-03-24 01:02:45,974] {scheduler_job.py:639} INFO - DAG(s) dict_keys(['example_skip_dag']) retrieved from /Users/harika/Desktop/CSYE_7245/Assignment2/pipeline/MyEnv/lib/python3.7/site-packages/airflow/example_dags/example_skip_dag.py
[2021-03-24 01:02:45,995] {logging_mixin.py:104} INFO - [2021-03-24 01:02:45,994] {dag.py:1818} INFO - Sync 1 DAGs
[2021-03-24 01:02:46,011] {logging_mixin.py:104} INFO - [2021-03-24 01:02:46,010] {dag.py:2273} INFO - Setting next_dagrun for example_skip_dag to 2021-03-22 00:00:00+00:00
[2021-03-24 01:02:46,028] {scheduler_job.py:190} INFO - Processing /Users/harika/Desktop/CSYE_7245/Assignment2/pipeline/MyEnv/lib/python3.7/site-packages/airflow/example_dags/example_skip_dag.py took 0.079 seconds
[2021-03-24 01:03:24,535] {scheduler_job.py:182} INFO - Started process (PID=17487) to work on /Users/harika/Desktop/CSYE_7245/Assignment2/pipeline/MyEnv/lib/python3.7/site-packages/airflow/example_dags/example_skip_dag.py
[2021-03-24 01:03:24,540] {scheduler_job.py:629} INFO - Processing file /Users/harika/Desktop/CSYE_7245/Assignment2/pipeline/MyEnv/lib/python3.7/site-packages/airflow/example_dags/example_skip_dag.py for tasks to queue
[2021-03-24 01:03:24,542] {logging_mixin.py:104} INFO - [2021-03-24 01:03:24,542] {dagbag.py:448} INFO - Filling up the DagBag from /Users/harika/Desktop/CSYE_7245/Assignment2/pipeline/MyEnv/lib/python3.7/site-packages/airflow/example_dags/example_skip_dag.py
[2021-03-24 01:03:24,551] {scheduler_job.py:639} INFO - DAG(s) dict_keys(['example_skip_dag']) retrieved from /Users/harika/Desktop/CSYE_7245/Assignment2/pipeline/MyEnv/lib/python3.7/site-packages/airflow/example_dags/example_skip_dag.py
[2021-03-24 01:03:24,572] {logging_mixin.py:104} INFO - [2021-03-24 01:03:24,571] {dag.py:1818} INFO - Sync 1 DAGs
[2021-03-24 01:03:24,585] {logging_mixin.py:104} INFO - [2021-03-24 01:03:24,584] {dag.py:2273} INFO - Setting next_dagrun for example_skip_dag to 2021-03-22 00:00:00+00:00
[2021-03-24 01:03:24,594] {scheduler_job.py:190} INFO - Processing /Users/harika/Desktop/CSYE_7245/Assignment2/pipeline/MyEnv/lib/python3.7/site-packages/airflow/example_dags/example_skip_dag.py took 0.064 seconds
[2021-03-24 01:03:56,266] {scheduler_job.py:182} INFO - Started process (PID=17521) to work on /Users/harika/Desktop/CSYE_7245/Assignment2/pipeline/MyEnv/lib/python3.7/site-packages/airflow/example_dags/example_skip_dag.py
[2021-03-24 01:03:56,269] {scheduler_job.py:629} INFO - Processing file /Users/harika/Desktop/CSYE_7245/Assignment2/pipeline/MyEnv/lib/python3.7/site-packages/airflow/example_dags/example_skip_dag.py for tasks to queue
[2021-03-24 01:03:56,270] {logging_mixin.py:104} INFO - [2021-03-24 01:03:56,270] {dagbag.py:448} INFO - Filling up the DagBag from /Users/harika/Desktop/CSYE_7245/Assignment2/pipeline/MyEnv/lib/python3.7/site-packages/airflow/example_dags/example_skip_dag.py
[2021-03-24 01:03:56,276] {scheduler_job.py:639} INFO - DAG(s) dict_keys(['example_skip_dag']) retrieved from /Users/harika/Desktop/CSYE_7245/Assignment2/pipeline/MyEnv/lib/python3.7/site-packages/airflow/example_dags/example_skip_dag.py
[2021-03-24 01:03:56,290] {logging_mixin.py:104} INFO - [2021-03-24 01:03:56,289] {dag.py:1818} INFO - Sync 1 DAGs
[2021-03-24 01:03:56,300] {logging_mixin.py:104} INFO - [2021-03-24 01:03:56,299] {dag.py:2273} INFO - Setting next_dagrun for example_skip_dag to 2021-03-22 00:00:00+00:00
[2021-03-24 01:03:56,307] {scheduler_job.py:190} INFO - Processing /Users/harika/Desktop/CSYE_7245/Assignment2/pipeline/MyEnv/lib/python3.7/site-packages/airflow/example_dags/example_skip_dag.py took 0.044 seconds
[2021-03-24 01:04:30,162] {scheduler_job.py:182} INFO - Started process (PID=17627) to work on /Users/harika/Desktop/CSYE_7245/Assignment2/pipeline/MyEnv/lib/python3.7/site-packages/airflow/example_dags/example_skip_dag.py
[2021-03-24 01:04:30,163] {scheduler_job.py:629} INFO - Processing file /Users/harika/Desktop/CSYE_7245/Assignment2/pipeline/MyEnv/lib/python3.7/site-packages/airflow/example_dags/example_skip_dag.py for tasks to queue
[2021-03-24 01:04:30,165] {logging_mixin.py:104} INFO - [2021-03-24 01:04:30,165] {dagbag.py:448} INFO - Filling up the DagBag from /Users/harika/Desktop/CSYE_7245/Assignment2/pipeline/MyEnv/lib/python3.7/site-packages/airflow/example_dags/example_skip_dag.py
[2021-03-24 01:04:30,171] {scheduler_job.py:639} INFO - DAG(s) dict_keys(['example_skip_dag']) retrieved from /Users/harika/Desktop/CSYE_7245/Assignment2/pipeline/MyEnv/lib/python3.7/site-packages/airflow/example_dags/example_skip_dag.py
[2021-03-24 01:04:30,186] {logging_mixin.py:104} INFO - [2021-03-24 01:04:30,186] {dag.py:1818} INFO - Sync 1 DAGs
[2021-03-24 01:04:30,197] {logging_mixin.py:104} INFO - [2021-03-24 01:04:30,196] {dag.py:2273} INFO - Setting next_dagrun for example_skip_dag to 2021-03-22 00:00:00+00:00
[2021-03-24 01:04:30,204] {scheduler_job.py:190} INFO - Processing /Users/harika/Desktop/CSYE_7245/Assignment2/pipeline/MyEnv/lib/python3.7/site-packages/airflow/example_dags/example_skip_dag.py took 0.046 seconds
