[2021-03-23 20:25:20,539] {scheduler_job.py:182} INFO - Started process (PID=14305) to work on /Users/harika/Desktop/CSYE_7245/Assignment2/pipeline/MyEnv/lib/python3.7/site-packages/airflow/example_dags/example_dag_decorator.py
[2021-03-23 20:25:20,542] {scheduler_job.py:629} INFO - Processing file /Users/harika/Desktop/CSYE_7245/Assignment2/pipeline/MyEnv/lib/python3.7/site-packages/airflow/example_dags/example_dag_decorator.py for tasks to queue
[2021-03-23 20:25:20,545] {logging_mixin.py:104} INFO - [2021-03-23 20:25:20,544] {dagbag.py:448} INFO - Filling up the DagBag from /Users/harika/Desktop/CSYE_7245/Assignment2/pipeline/MyEnv/lib/python3.7/site-packages/airflow/example_dags/example_dag_decorator.py
[2021-03-23 20:25:20,710] {scheduler_job.py:639} INFO - DAG(s) dict_keys(['example_dag_decorator']) retrieved from /Users/harika/Desktop/CSYE_7245/Assignment2/pipeline/MyEnv/lib/python3.7/site-packages/airflow/example_dags/example_dag_decorator.py
[2021-03-23 20:25:20,769] {logging_mixin.py:104} INFO - [2021-03-23 20:25:20,765] {dag.py:1818} INFO - Sync 1 DAGs
[2021-03-23 20:25:20,791] {logging_mixin.py:104} INFO - [2021-03-23 20:25:20,790] {dag.py:2273} INFO - Setting next_dagrun for example_dag_decorator to None
[2021-03-23 20:25:20,816] {scheduler_job.py:190} INFO - Processing /Users/harika/Desktop/CSYE_7245/Assignment2/pipeline/MyEnv/lib/python3.7/site-packages/airflow/example_dags/example_dag_decorator.py took 0.284 seconds
[2021-03-23 20:27:48,879] {scheduler_job.py:182} INFO - Started process (PID=14364) to work on /Users/harika/Desktop/CSYE_7245/Assignment2/pipeline/MyEnv/lib/python3.7/site-packages/airflow/example_dags/example_dag_decorator.py
[2021-03-23 20:27:48,883] {scheduler_job.py:629} INFO - Processing file /Users/harika/Desktop/CSYE_7245/Assignment2/pipeline/MyEnv/lib/python3.7/site-packages/airflow/example_dags/example_dag_decorator.py for tasks to queue
[2021-03-23 20:27:48,888] {logging_mixin.py:104} INFO - [2021-03-23 20:27:48,886] {dagbag.py:448} INFO - Filling up the DagBag from /Users/harika/Desktop/CSYE_7245/Assignment2/pipeline/MyEnv/lib/python3.7/site-packages/airflow/example_dags/example_dag_decorator.py
[2021-03-23 20:27:48,916] {scheduler_job.py:639} INFO - DAG(s) dict_keys(['example_dag_decorator']) retrieved from /Users/harika/Desktop/CSYE_7245/Assignment2/pipeline/MyEnv/lib/python3.7/site-packages/airflow/example_dags/example_dag_decorator.py
[2021-03-23 20:27:48,960] {logging_mixin.py:104} INFO - [2021-03-23 20:27:48,960] {dag.py:1818} INFO - Sync 1 DAGs
[2021-03-23 20:27:48,994] {logging_mixin.py:104} INFO - [2021-03-23 20:27:48,993] {dag.py:2273} INFO - Setting next_dagrun for example_dag_decorator to None
[2021-03-23 20:27:49,031] {scheduler_job.py:190} INFO - Processing /Users/harika/Desktop/CSYE_7245/Assignment2/pipeline/MyEnv/lib/python3.7/site-packages/airflow/example_dags/example_dag_decorator.py took 0.157 seconds
[2021-03-23 20:28:24,048] {scheduler_job.py:182} INFO - Started process (PID=14397) to work on /Users/harika/Desktop/CSYE_7245/Assignment2/pipeline/MyEnv/lib/python3.7/site-packages/airflow/example_dags/example_dag_decorator.py
[2021-03-23 20:28:24,051] {scheduler_job.py:629} INFO - Processing file /Users/harika/Desktop/CSYE_7245/Assignment2/pipeline/MyEnv/lib/python3.7/site-packages/airflow/example_dags/example_dag_decorator.py for tasks to queue
[2021-03-23 20:28:24,052] {logging_mixin.py:104} INFO - [2021-03-23 20:28:24,052] {dagbag.py:448} INFO - Filling up the DagBag from /Users/harika/Desktop/CSYE_7245/Assignment2/pipeline/MyEnv/lib/python3.7/site-packages/airflow/example_dags/example_dag_decorator.py
[2021-03-23 20:28:24,065] {scheduler_job.py:639} INFO - DAG(s) dict_keys(['example_dag_decorator']) retrieved from /Users/harika/Desktop/CSYE_7245/Assignment2/pipeline/MyEnv/lib/python3.7/site-packages/airflow/example_dags/example_dag_decorator.py
[2021-03-23 20:28:24,092] {logging_mixin.py:104} INFO - [2021-03-23 20:28:24,091] {dag.py:1818} INFO - Sync 1 DAGs
[2021-03-23 20:28:24,116] {logging_mixin.py:104} INFO - [2021-03-23 20:28:24,115] {dag.py:2273} INFO - Setting next_dagrun for example_dag_decorator to None
[2021-03-23 20:28:24,128] {scheduler_job.py:190} INFO - Processing /Users/harika/Desktop/CSYE_7245/Assignment2/pipeline/MyEnv/lib/python3.7/site-packages/airflow/example_dags/example_dag_decorator.py took 0.085 seconds
[2021-03-23 20:29:01,740] {scheduler_job.py:182} INFO - Started process (PID=14430) to work on /Users/harika/Desktop/CSYE_7245/Assignment2/pipeline/MyEnv/lib/python3.7/site-packages/airflow/example_dags/example_dag_decorator.py
[2021-03-23 20:29:01,745] {scheduler_job.py:629} INFO - Processing file /Users/harika/Desktop/CSYE_7245/Assignment2/pipeline/MyEnv/lib/python3.7/site-packages/airflow/example_dags/example_dag_decorator.py for tasks to queue
[2021-03-23 20:29:01,748] {logging_mixin.py:104} INFO - [2021-03-23 20:29:01,747] {dagbag.py:448} INFO - Filling up the DagBag from /Users/harika/Desktop/CSYE_7245/Assignment2/pipeline/MyEnv/lib/python3.7/site-packages/airflow/example_dags/example_dag_decorator.py
[2021-03-23 20:29:01,763] {scheduler_job.py:639} INFO - DAG(s) dict_keys(['example_dag_decorator']) retrieved from /Users/harika/Desktop/CSYE_7245/Assignment2/pipeline/MyEnv/lib/python3.7/site-packages/airflow/example_dags/example_dag_decorator.py
[2021-03-23 20:29:01,785] {logging_mixin.py:104} INFO - [2021-03-23 20:29:01,784] {dag.py:1818} INFO - Sync 1 DAGs
[2021-03-23 20:29:01,801] {logging_mixin.py:104} INFO - [2021-03-23 20:29:01,801] {dag.py:2273} INFO - Setting next_dagrun for example_dag_decorator to None
[2021-03-23 20:29:01,810] {scheduler_job.py:190} INFO - Processing /Users/harika/Desktop/CSYE_7245/Assignment2/pipeline/MyEnv/lib/python3.7/site-packages/airflow/example_dags/example_dag_decorator.py took 0.076 seconds
[2021-03-23 20:29:41,459] {scheduler_job.py:182} INFO - Started process (PID=14462) to work on /Users/harika/Desktop/CSYE_7245/Assignment2/pipeline/MyEnv/lib/python3.7/site-packages/airflow/example_dags/example_dag_decorator.py
[2021-03-23 20:29:41,462] {scheduler_job.py:629} INFO - Processing file /Users/harika/Desktop/CSYE_7245/Assignment2/pipeline/MyEnv/lib/python3.7/site-packages/airflow/example_dags/example_dag_decorator.py for tasks to queue
[2021-03-23 20:29:41,465] {logging_mixin.py:104} INFO - [2021-03-23 20:29:41,465] {dagbag.py:448} INFO - Filling up the DagBag from /Users/harika/Desktop/CSYE_7245/Assignment2/pipeline/MyEnv/lib/python3.7/site-packages/airflow/example_dags/example_dag_decorator.py
[2021-03-23 20:29:41,492] {scheduler_job.py:639} INFO - DAG(s) dict_keys(['example_dag_decorator']) retrieved from /Users/harika/Desktop/CSYE_7245/Assignment2/pipeline/MyEnv/lib/python3.7/site-packages/airflow/example_dags/example_dag_decorator.py
[2021-03-23 20:29:41,549] {logging_mixin.py:104} INFO - [2021-03-23 20:29:41,548] {dag.py:1818} INFO - Sync 1 DAGs
[2021-03-23 20:29:41,573] {logging_mixin.py:104} INFO - [2021-03-23 20:29:41,572] {dag.py:2273} INFO - Setting next_dagrun for example_dag_decorator to None
[2021-03-23 20:29:41,595] {scheduler_job.py:190} INFO - Processing /Users/harika/Desktop/CSYE_7245/Assignment2/pipeline/MyEnv/lib/python3.7/site-packages/airflow/example_dags/example_dag_decorator.py took 0.140 seconds
[2021-03-23 20:30:19,681] {scheduler_job.py:182} INFO - Started process (PID=14498) to work on /Users/harika/Desktop/CSYE_7245/Assignment2/pipeline/MyEnv/lib/python3.7/site-packages/airflow/example_dags/example_dag_decorator.py
[2021-03-23 20:30:19,683] {scheduler_job.py:629} INFO - Processing file /Users/harika/Desktop/CSYE_7245/Assignment2/pipeline/MyEnv/lib/python3.7/site-packages/airflow/example_dags/example_dag_decorator.py for tasks to queue
[2021-03-23 20:30:19,686] {logging_mixin.py:104} INFO - [2021-03-23 20:30:19,685] {dagbag.py:448} INFO - Filling up the DagBag from /Users/harika/Desktop/CSYE_7245/Assignment2/pipeline/MyEnv/lib/python3.7/site-packages/airflow/example_dags/example_dag_decorator.py
[2021-03-23 20:30:19,713] {scheduler_job.py:639} INFO - DAG(s) dict_keys(['example_dag_decorator']) retrieved from /Users/harika/Desktop/CSYE_7245/Assignment2/pipeline/MyEnv/lib/python3.7/site-packages/airflow/example_dags/example_dag_decorator.py
[2021-03-23 20:30:19,748] {logging_mixin.py:104} INFO - [2021-03-23 20:30:19,747] {dag.py:1818} INFO - Sync 1 DAGs
[2021-03-23 20:30:19,778] {logging_mixin.py:104} INFO - [2021-03-23 20:30:19,776] {dag.py:2273} INFO - Setting next_dagrun for example_dag_decorator to None
[2021-03-23 20:30:19,819] {scheduler_job.py:190} INFO - Processing /Users/harika/Desktop/CSYE_7245/Assignment2/pipeline/MyEnv/lib/python3.7/site-packages/airflow/example_dags/example_dag_decorator.py took 0.143 seconds
[2021-03-23 20:30:54,356] {scheduler_job.py:182} INFO - Started process (PID=14525) to work on /Users/harika/Desktop/CSYE_7245/Assignment2/pipeline/MyEnv/lib/python3.7/site-packages/airflow/example_dags/example_dag_decorator.py
[2021-03-23 20:30:54,359] {scheduler_job.py:629} INFO - Processing file /Users/harika/Desktop/CSYE_7245/Assignment2/pipeline/MyEnv/lib/python3.7/site-packages/airflow/example_dags/example_dag_decorator.py for tasks to queue
[2021-03-23 20:30:54,362] {logging_mixin.py:104} INFO - [2021-03-23 20:30:54,361] {dagbag.py:448} INFO - Filling up the DagBag from /Users/harika/Desktop/CSYE_7245/Assignment2/pipeline/MyEnv/lib/python3.7/site-packages/airflow/example_dags/example_dag_decorator.py
[2021-03-23 20:30:54,392] {scheduler_job.py:639} INFO - DAG(s) dict_keys(['example_dag_decorator']) retrieved from /Users/harika/Desktop/CSYE_7245/Assignment2/pipeline/MyEnv/lib/python3.7/site-packages/airflow/example_dags/example_dag_decorator.py
[2021-03-23 20:30:54,424] {logging_mixin.py:104} INFO - [2021-03-23 20:30:54,423] {dag.py:1818} INFO - Sync 1 DAGs
[2021-03-23 20:30:54,448] {logging_mixin.py:104} INFO - [2021-03-23 20:30:54,447] {dag.py:2273} INFO - Setting next_dagrun for example_dag_decorator to None
[2021-03-23 20:30:54,469] {scheduler_job.py:190} INFO - Processing /Users/harika/Desktop/CSYE_7245/Assignment2/pipeline/MyEnv/lib/python3.7/site-packages/airflow/example_dags/example_dag_decorator.py took 0.121 seconds
[2021-03-23 21:09:42,698] {scheduler_job.py:182} INFO - Started process (PID=14942) to work on /Users/harika/Desktop/CSYE_7245/Assignment2/pipeline/MyEnv/lib/python3.7/site-packages/airflow/example_dags/example_dag_decorator.py
[2021-03-23 21:09:42,703] {scheduler_job.py:629} INFO - Processing file /Users/harika/Desktop/CSYE_7245/Assignment2/pipeline/MyEnv/lib/python3.7/site-packages/airflow/example_dags/example_dag_decorator.py for tasks to queue
[2021-03-23 21:09:42,709] {logging_mixin.py:104} INFO - [2021-03-23 21:09:42,707] {dagbag.py:448} INFO - Filling up the DagBag from /Users/harika/Desktop/CSYE_7245/Assignment2/pipeline/MyEnv/lib/python3.7/site-packages/airflow/example_dags/example_dag_decorator.py
[2021-03-23 21:09:42,743] {scheduler_job.py:639} INFO - DAG(s) dict_keys(['example_dag_decorator']) retrieved from /Users/harika/Desktop/CSYE_7245/Assignment2/pipeline/MyEnv/lib/python3.7/site-packages/airflow/example_dags/example_dag_decorator.py
[2021-03-23 21:09:42,785] {logging_mixin.py:104} INFO - [2021-03-23 21:09:42,784] {dag.py:1818} INFO - Sync 1 DAGs
[2021-03-23 21:09:42,808] {logging_mixin.py:104} INFO - [2021-03-23 21:09:42,808] {dag.py:2273} INFO - Setting next_dagrun for example_dag_decorator to None
[2021-03-23 21:09:42,834] {scheduler_job.py:190} INFO - Processing /Users/harika/Desktop/CSYE_7245/Assignment2/pipeline/MyEnv/lib/python3.7/site-packages/airflow/example_dags/example_dag_decorator.py took 0.142 seconds
[2021-03-23 21:12:55,069] {scheduler_job.py:182} INFO - Started process (PID=15015) to work on /Users/harika/Desktop/CSYE_7245/Assignment2/pipeline/MyEnv/lib/python3.7/site-packages/airflow/example_dags/example_dag_decorator.py
[2021-03-23 21:12:55,073] {scheduler_job.py:629} INFO - Processing file /Users/harika/Desktop/CSYE_7245/Assignment2/pipeline/MyEnv/lib/python3.7/site-packages/airflow/example_dags/example_dag_decorator.py for tasks to queue
[2021-03-23 21:12:55,075] {logging_mixin.py:104} INFO - [2021-03-23 21:12:55,074] {dagbag.py:448} INFO - Filling up the DagBag from /Users/harika/Desktop/CSYE_7245/Assignment2/pipeline/MyEnv/lib/python3.7/site-packages/airflow/example_dags/example_dag_decorator.py
[2021-03-23 21:12:55,098] {scheduler_job.py:639} INFO - DAG(s) dict_keys(['example_dag_decorator']) retrieved from /Users/harika/Desktop/CSYE_7245/Assignment2/pipeline/MyEnv/lib/python3.7/site-packages/airflow/example_dags/example_dag_decorator.py
[2021-03-23 21:12:55,127] {logging_mixin.py:104} INFO - [2021-03-23 21:12:55,126] {dag.py:1818} INFO - Sync 1 DAGs
[2021-03-23 21:12:55,139] {logging_mixin.py:104} INFO - [2021-03-23 21:12:55,139] {dag.py:2273} INFO - Setting next_dagrun for example_dag_decorator to None
[2021-03-23 21:12:55,153] {scheduler_job.py:190} INFO - Processing /Users/harika/Desktop/CSYE_7245/Assignment2/pipeline/MyEnv/lib/python3.7/site-packages/airflow/example_dags/example_dag_decorator.py took 0.091 seconds
[2021-03-23 21:13:41,371] {scheduler_job.py:182} INFO - Started process (PID=15053) to work on /Users/harika/Desktop/CSYE_7245/Assignment2/pipeline/MyEnv/lib/python3.7/site-packages/airflow/example_dags/example_dag_decorator.py
[2021-03-23 21:13:41,373] {scheduler_job.py:629} INFO - Processing file /Users/harika/Desktop/CSYE_7245/Assignment2/pipeline/MyEnv/lib/python3.7/site-packages/airflow/example_dags/example_dag_decorator.py for tasks to queue
[2021-03-23 21:13:41,374] {logging_mixin.py:104} INFO - [2021-03-23 21:13:41,374] {dagbag.py:448} INFO - Filling up the DagBag from /Users/harika/Desktop/CSYE_7245/Assignment2/pipeline/MyEnv/lib/python3.7/site-packages/airflow/example_dags/example_dag_decorator.py
[2021-03-23 21:13:41,393] {scheduler_job.py:639} INFO - DAG(s) dict_keys(['example_dag_decorator']) retrieved from /Users/harika/Desktop/CSYE_7245/Assignment2/pipeline/MyEnv/lib/python3.7/site-packages/airflow/example_dags/example_dag_decorator.py
[2021-03-23 21:13:41,414] {logging_mixin.py:104} INFO - [2021-03-23 21:13:41,413] {dag.py:1818} INFO - Sync 1 DAGs
[2021-03-23 21:13:41,424] {logging_mixin.py:104} INFO - [2021-03-23 21:13:41,424] {dag.py:2273} INFO - Setting next_dagrun for example_dag_decorator to None
[2021-03-23 21:13:41,436] {scheduler_job.py:190} INFO - Processing /Users/harika/Desktop/CSYE_7245/Assignment2/pipeline/MyEnv/lib/python3.7/site-packages/airflow/example_dags/example_dag_decorator.py took 0.069 seconds
[2021-03-23 21:14:38,032] {scheduler_job.py:182} INFO - Started process (PID=15081) to work on /Users/harika/Desktop/CSYE_7245/Assignment2/pipeline/MyEnv/lib/python3.7/site-packages/airflow/example_dags/example_dag_decorator.py
[2021-03-23 21:14:38,042] {scheduler_job.py:629} INFO - Processing file /Users/harika/Desktop/CSYE_7245/Assignment2/pipeline/MyEnv/lib/python3.7/site-packages/airflow/example_dags/example_dag_decorator.py for tasks to queue
[2021-03-23 21:14:38,055] {logging_mixin.py:104} INFO - [2021-03-23 21:14:38,054] {dagbag.py:448} INFO - Filling up the DagBag from /Users/harika/Desktop/CSYE_7245/Assignment2/pipeline/MyEnv/lib/python3.7/site-packages/airflow/example_dags/example_dag_decorator.py
[2021-03-23 21:14:38,096] {scheduler_job.py:639} INFO - DAG(s) dict_keys(['example_dag_decorator']) retrieved from /Users/harika/Desktop/CSYE_7245/Assignment2/pipeline/MyEnv/lib/python3.7/site-packages/airflow/example_dags/example_dag_decorator.py
[2021-03-23 21:14:38,305] {logging_mixin.py:104} INFO - [2021-03-23 21:14:38,301] {dag.py:1818} INFO - Sync 1 DAGs
[2021-03-23 21:14:38,368] {logging_mixin.py:104} INFO - [2021-03-23 21:14:38,368] {dag.py:2273} INFO - Setting next_dagrun for example_dag_decorator to None
[2021-03-23 21:14:38,433] {scheduler_job.py:190} INFO - Processing /Users/harika/Desktop/CSYE_7245/Assignment2/pipeline/MyEnv/lib/python3.7/site-packages/airflow/example_dags/example_dag_decorator.py took 0.429 seconds
[2021-03-23 21:16:01,314] {scheduler_job.py:182} INFO - Started process (PID=15152) to work on /Users/harika/Desktop/CSYE_7245/Assignment2/pipeline/MyEnv/lib/python3.7/site-packages/airflow/example_dags/example_dag_decorator.py
[2021-03-23 21:16:01,318] {scheduler_job.py:629} INFO - Processing file /Users/harika/Desktop/CSYE_7245/Assignment2/pipeline/MyEnv/lib/python3.7/site-packages/airflow/example_dags/example_dag_decorator.py for tasks to queue
[2021-03-23 21:16:01,320] {logging_mixin.py:104} INFO - [2021-03-23 21:16:01,320] {dagbag.py:448} INFO - Filling up the DagBag from /Users/harika/Desktop/CSYE_7245/Assignment2/pipeline/MyEnv/lib/python3.7/site-packages/airflow/example_dags/example_dag_decorator.py
[2021-03-23 21:16:01,346] {scheduler_job.py:639} INFO - DAG(s) dict_keys(['example_dag_decorator']) retrieved from /Users/harika/Desktop/CSYE_7245/Assignment2/pipeline/MyEnv/lib/python3.7/site-packages/airflow/example_dags/example_dag_decorator.py
[2021-03-23 21:16:01,370] {logging_mixin.py:104} INFO - [2021-03-23 21:16:01,369] {dag.py:1818} INFO - Sync 1 DAGs
[2021-03-23 21:16:01,392] {logging_mixin.py:104} INFO - [2021-03-23 21:16:01,391] {dag.py:2273} INFO - Setting next_dagrun for example_dag_decorator to None
[2021-03-23 21:16:01,418] {scheduler_job.py:190} INFO - Processing /Users/harika/Desktop/CSYE_7245/Assignment2/pipeline/MyEnv/lib/python3.7/site-packages/airflow/example_dags/example_dag_decorator.py took 0.110 seconds
[2021-03-23 21:17:56,999] {scheduler_job.py:182} INFO - Started process (PID=15193) to work on /Users/harika/Desktop/CSYE_7245/Assignment2/pipeline/MyEnv/lib/python3.7/site-packages/airflow/example_dags/example_dag_decorator.py
[2021-03-23 21:17:57,003] {scheduler_job.py:629} INFO - Processing file /Users/harika/Desktop/CSYE_7245/Assignment2/pipeline/MyEnv/lib/python3.7/site-packages/airflow/example_dags/example_dag_decorator.py for tasks to queue
[2021-03-23 21:17:57,004] {logging_mixin.py:104} INFO - [2021-03-23 21:17:57,004] {dagbag.py:448} INFO - Filling up the DagBag from /Users/harika/Desktop/CSYE_7245/Assignment2/pipeline/MyEnv/lib/python3.7/site-packages/airflow/example_dags/example_dag_decorator.py
[2021-03-23 21:17:57,018] {scheduler_job.py:639} INFO - DAG(s) dict_keys(['example_dag_decorator']) retrieved from /Users/harika/Desktop/CSYE_7245/Assignment2/pipeline/MyEnv/lib/python3.7/site-packages/airflow/example_dags/example_dag_decorator.py
[2021-03-23 21:17:57,035] {logging_mixin.py:104} INFO - [2021-03-23 21:17:57,035] {dag.py:1818} INFO - Sync 1 DAGs
[2021-03-23 21:17:57,047] {logging_mixin.py:104} INFO - [2021-03-23 21:17:57,046] {dag.py:2273} INFO - Setting next_dagrun for example_dag_decorator to None
[2021-03-23 21:17:57,064] {scheduler_job.py:190} INFO - Processing /Users/harika/Desktop/CSYE_7245/Assignment2/pipeline/MyEnv/lib/python3.7/site-packages/airflow/example_dags/example_dag_decorator.py took 0.070 seconds
[2021-03-23 21:18:37,012] {scheduler_job.py:182} INFO - Started process (PID=15233) to work on /Users/harika/Desktop/CSYE_7245/Assignment2/pipeline/MyEnv/lib/python3.7/site-packages/airflow/example_dags/example_dag_decorator.py
[2021-03-23 21:18:37,016] {scheduler_job.py:629} INFO - Processing file /Users/harika/Desktop/CSYE_7245/Assignment2/pipeline/MyEnv/lib/python3.7/site-packages/airflow/example_dags/example_dag_decorator.py for tasks to queue
[2021-03-23 21:18:37,019] {logging_mixin.py:104} INFO - [2021-03-23 21:18:37,018] {dagbag.py:448} INFO - Filling up the DagBag from /Users/harika/Desktop/CSYE_7245/Assignment2/pipeline/MyEnv/lib/python3.7/site-packages/airflow/example_dags/example_dag_decorator.py
[2021-03-23 21:18:37,052] {scheduler_job.py:639} INFO - DAG(s) dict_keys(['example_dag_decorator']) retrieved from /Users/harika/Desktop/CSYE_7245/Assignment2/pipeline/MyEnv/lib/python3.7/site-packages/airflow/example_dags/example_dag_decorator.py
[2021-03-23 21:18:37,078] {logging_mixin.py:104} INFO - [2021-03-23 21:18:37,077] {dag.py:1818} INFO - Sync 1 DAGs
[2021-03-23 21:18:37,107] {logging_mixin.py:104} INFO - [2021-03-23 21:18:37,107] {dag.py:2273} INFO - Setting next_dagrun for example_dag_decorator to None
[2021-03-23 21:18:37,123] {scheduler_job.py:190} INFO - Processing /Users/harika/Desktop/CSYE_7245/Assignment2/pipeline/MyEnv/lib/python3.7/site-packages/airflow/example_dags/example_dag_decorator.py took 0.115 seconds
[2021-03-23 21:19:19,353] {scheduler_job.py:182} INFO - Started process (PID=15266) to work on /Users/harika/Desktop/CSYE_7245/Assignment2/pipeline/MyEnv/lib/python3.7/site-packages/airflow/example_dags/example_dag_decorator.py
[2021-03-23 21:19:19,356] {scheduler_job.py:629} INFO - Processing file /Users/harika/Desktop/CSYE_7245/Assignment2/pipeline/MyEnv/lib/python3.7/site-packages/airflow/example_dags/example_dag_decorator.py for tasks to queue
[2021-03-23 21:19:19,358] {logging_mixin.py:104} INFO - [2021-03-23 21:19:19,357] {dagbag.py:448} INFO - Filling up the DagBag from /Users/harika/Desktop/CSYE_7245/Assignment2/pipeline/MyEnv/lib/python3.7/site-packages/airflow/example_dags/example_dag_decorator.py
[2021-03-23 21:19:19,398] {scheduler_job.py:639} INFO - DAG(s) dict_keys(['example_dag_decorator']) retrieved from /Users/harika/Desktop/CSYE_7245/Assignment2/pipeline/MyEnv/lib/python3.7/site-packages/airflow/example_dags/example_dag_decorator.py
[2021-03-23 21:19:19,481] {logging_mixin.py:104} INFO - [2021-03-23 21:19:19,466] {dag.py:1818} INFO - Sync 1 DAGs
[2021-03-23 21:19:19,559] {logging_mixin.py:104} INFO - [2021-03-23 21:19:19,556] {dag.py:2273} INFO - Setting next_dagrun for example_dag_decorator to None
[2021-03-23 21:19:19,606] {scheduler_job.py:190} INFO - Processing /Users/harika/Desktop/CSYE_7245/Assignment2/pipeline/MyEnv/lib/python3.7/site-packages/airflow/example_dags/example_dag_decorator.py took 0.261 seconds
[2021-03-23 21:20:02,162] {scheduler_job.py:182} INFO - Started process (PID=15302) to work on /Users/harika/Desktop/CSYE_7245/Assignment2/pipeline/MyEnv/lib/python3.7/site-packages/airflow/example_dags/example_dag_decorator.py
[2021-03-23 21:20:02,165] {scheduler_job.py:629} INFO - Processing file /Users/harika/Desktop/CSYE_7245/Assignment2/pipeline/MyEnv/lib/python3.7/site-packages/airflow/example_dags/example_dag_decorator.py for tasks to queue
[2021-03-23 21:20:02,171] {logging_mixin.py:104} INFO - [2021-03-23 21:20:02,170] {dagbag.py:448} INFO - Filling up the DagBag from /Users/harika/Desktop/CSYE_7245/Assignment2/pipeline/MyEnv/lib/python3.7/site-packages/airflow/example_dags/example_dag_decorator.py
[2021-03-23 21:20:02,188] {scheduler_job.py:639} INFO - DAG(s) dict_keys(['example_dag_decorator']) retrieved from /Users/harika/Desktop/CSYE_7245/Assignment2/pipeline/MyEnv/lib/python3.7/site-packages/airflow/example_dags/example_dag_decorator.py
[2021-03-23 21:20:02,232] {logging_mixin.py:104} INFO - [2021-03-23 21:20:02,232] {dag.py:1818} INFO - Sync 1 DAGs
[2021-03-23 21:20:02,273] {logging_mixin.py:104} INFO - [2021-03-23 21:20:02,272] {dag.py:2273} INFO - Setting next_dagrun for example_dag_decorator to None
[2021-03-23 21:20:02,322] {scheduler_job.py:190} INFO - Processing /Users/harika/Desktop/CSYE_7245/Assignment2/pipeline/MyEnv/lib/python3.7/site-packages/airflow/example_dags/example_dag_decorator.py took 0.166 seconds
[2021-03-24 00:03:06,611] {scheduler_job.py:182} INFO - Started process (PID=16953) to work on /Users/harika/Desktop/CSYE_7245/Assignment2/pipeline/MyEnv/lib/python3.7/site-packages/airflow/example_dags/example_dag_decorator.py
[2021-03-24 00:03:06,614] {scheduler_job.py:629} INFO - Processing file /Users/harika/Desktop/CSYE_7245/Assignment2/pipeline/MyEnv/lib/python3.7/site-packages/airflow/example_dags/example_dag_decorator.py for tasks to queue
[2021-03-24 00:03:06,616] {logging_mixin.py:104} INFO - [2021-03-24 00:03:06,615] {dagbag.py:448} INFO - Filling up the DagBag from /Users/harika/Desktop/CSYE_7245/Assignment2/pipeline/MyEnv/lib/python3.7/site-packages/airflow/example_dags/example_dag_decorator.py
[2021-03-24 00:03:06,636] {scheduler_job.py:639} INFO - DAG(s) dict_keys(['example_dag_decorator']) retrieved from /Users/harika/Desktop/CSYE_7245/Assignment2/pipeline/MyEnv/lib/python3.7/site-packages/airflow/example_dags/example_dag_decorator.py
[2021-03-24 00:03:06,654] {logging_mixin.py:104} INFO - [2021-03-24 00:03:06,654] {dag.py:1818} INFO - Sync 1 DAGs
[2021-03-24 00:03:06,668] {logging_mixin.py:104} INFO - [2021-03-24 00:03:06,667] {dag.py:2273} INFO - Setting next_dagrun for example_dag_decorator to None
[2021-03-24 00:03:06,680] {scheduler_job.py:190} INFO - Processing /Users/harika/Desktop/CSYE_7245/Assignment2/pipeline/MyEnv/lib/python3.7/site-packages/airflow/example_dags/example_dag_decorator.py took 0.074 seconds
[2021-03-24 00:03:42,144] {scheduler_job.py:182} INFO - Started process (PID=16979) to work on /Users/harika/Desktop/CSYE_7245/Assignment2/pipeline/MyEnv/lib/python3.7/site-packages/airflow/example_dags/example_dag_decorator.py
[2021-03-24 00:03:42,145] {scheduler_job.py:629} INFO - Processing file /Users/harika/Desktop/CSYE_7245/Assignment2/pipeline/MyEnv/lib/python3.7/site-packages/airflow/example_dags/example_dag_decorator.py for tasks to queue
[2021-03-24 00:03:42,147] {logging_mixin.py:104} INFO - [2021-03-24 00:03:42,146] {dagbag.py:448} INFO - Filling up the DagBag from /Users/harika/Desktop/CSYE_7245/Assignment2/pipeline/MyEnv/lib/python3.7/site-packages/airflow/example_dags/example_dag_decorator.py
[2021-03-24 00:03:42,165] {scheduler_job.py:639} INFO - DAG(s) dict_keys(['example_dag_decorator']) retrieved from /Users/harika/Desktop/CSYE_7245/Assignment2/pipeline/MyEnv/lib/python3.7/site-packages/airflow/example_dags/example_dag_decorator.py
[2021-03-24 00:03:42,182] {logging_mixin.py:104} INFO - [2021-03-24 00:03:42,182] {dag.py:1818} INFO - Sync 1 DAGs
[2021-03-24 00:03:42,195] {logging_mixin.py:104} INFO - [2021-03-24 00:03:42,195] {dag.py:2273} INFO - Setting next_dagrun for example_dag_decorator to None
[2021-03-24 00:03:42,207] {scheduler_job.py:190} INFO - Processing /Users/harika/Desktop/CSYE_7245/Assignment2/pipeline/MyEnv/lib/python3.7/site-packages/airflow/example_dags/example_dag_decorator.py took 0.067 seconds
[2021-03-24 00:04:30,954] {scheduler_job.py:182} INFO - Started process (PID=17016) to work on /Users/harika/Desktop/CSYE_7245/Assignment2/pipeline/MyEnv/lib/python3.7/site-packages/airflow/example_dags/example_dag_decorator.py
[2021-03-24 00:04:30,955] {scheduler_job.py:629} INFO - Processing file /Users/harika/Desktop/CSYE_7245/Assignment2/pipeline/MyEnv/lib/python3.7/site-packages/airflow/example_dags/example_dag_decorator.py for tasks to queue
[2021-03-24 00:04:30,957] {logging_mixin.py:104} INFO - [2021-03-24 00:04:30,956] {dagbag.py:448} INFO - Filling up the DagBag from /Users/harika/Desktop/CSYE_7245/Assignment2/pipeline/MyEnv/lib/python3.7/site-packages/airflow/example_dags/example_dag_decorator.py
[2021-03-24 00:04:30,976] {scheduler_job.py:639} INFO - DAG(s) dict_keys(['example_dag_decorator']) retrieved from /Users/harika/Desktop/CSYE_7245/Assignment2/pipeline/MyEnv/lib/python3.7/site-packages/airflow/example_dags/example_dag_decorator.py
[2021-03-24 00:04:30,994] {logging_mixin.py:104} INFO - [2021-03-24 00:04:30,993] {dag.py:1818} INFO - Sync 1 DAGs
[2021-03-24 00:04:31,006] {logging_mixin.py:104} INFO - [2021-03-24 00:04:31,005] {dag.py:2273} INFO - Setting next_dagrun for example_dag_decorator to None
[2021-03-24 00:04:31,018] {scheduler_job.py:190} INFO - Processing /Users/harika/Desktop/CSYE_7245/Assignment2/pipeline/MyEnv/lib/python3.7/site-packages/airflow/example_dags/example_dag_decorator.py took 0.068 seconds
[2021-03-24 00:05:02,878] {scheduler_job.py:182} INFO - Started process (PID=17044) to work on /Users/harika/Desktop/CSYE_7245/Assignment2/pipeline/MyEnv/lib/python3.7/site-packages/airflow/example_dags/example_dag_decorator.py
[2021-03-24 00:05:02,879] {scheduler_job.py:629} INFO - Processing file /Users/harika/Desktop/CSYE_7245/Assignment2/pipeline/MyEnv/lib/python3.7/site-packages/airflow/example_dags/example_dag_decorator.py for tasks to queue
[2021-03-24 00:05:02,881] {logging_mixin.py:104} INFO - [2021-03-24 00:05:02,880] {dagbag.py:448} INFO - Filling up the DagBag from /Users/harika/Desktop/CSYE_7245/Assignment2/pipeline/MyEnv/lib/python3.7/site-packages/airflow/example_dags/example_dag_decorator.py
[2021-03-24 00:05:02,898] {scheduler_job.py:639} INFO - DAG(s) dict_keys(['example_dag_decorator']) retrieved from /Users/harika/Desktop/CSYE_7245/Assignment2/pipeline/MyEnv/lib/python3.7/site-packages/airflow/example_dags/example_dag_decorator.py
[2021-03-24 00:05:02,915] {logging_mixin.py:104} INFO - [2021-03-24 00:05:02,915] {dag.py:1818} INFO - Sync 1 DAGs
[2021-03-24 00:05:02,926] {logging_mixin.py:104} INFO - [2021-03-24 00:05:02,926] {dag.py:2273} INFO - Setting next_dagrun for example_dag_decorator to None
[2021-03-24 00:05:02,938] {scheduler_job.py:190} INFO - Processing /Users/harika/Desktop/CSYE_7245/Assignment2/pipeline/MyEnv/lib/python3.7/site-packages/airflow/example_dags/example_dag_decorator.py took 0.064 seconds
[2021-03-24 00:06:06,609] {scheduler_job.py:182} INFO - Started process (PID=17101) to work on /Users/harika/Desktop/CSYE_7245/Assignment2/pipeline/MyEnv/lib/python3.7/site-packages/airflow/example_dags/example_dag_decorator.py
[2021-03-24 00:06:06,612] {scheduler_job.py:629} INFO - Processing file /Users/harika/Desktop/CSYE_7245/Assignment2/pipeline/MyEnv/lib/python3.7/site-packages/airflow/example_dags/example_dag_decorator.py for tasks to queue
[2021-03-24 00:06:06,613] {logging_mixin.py:104} INFO - [2021-03-24 00:06:06,613] {dagbag.py:448} INFO - Filling up the DagBag from /Users/harika/Desktop/CSYE_7245/Assignment2/pipeline/MyEnv/lib/python3.7/site-packages/airflow/example_dags/example_dag_decorator.py
[2021-03-24 00:06:06,631] {scheduler_job.py:639} INFO - DAG(s) dict_keys(['example_dag_decorator']) retrieved from /Users/harika/Desktop/CSYE_7245/Assignment2/pipeline/MyEnv/lib/python3.7/site-packages/airflow/example_dags/example_dag_decorator.py
[2021-03-24 00:06:06,650] {logging_mixin.py:104} INFO - [2021-03-24 00:06:06,650] {dag.py:1818} INFO - Sync 1 DAGs
[2021-03-24 00:06:06,664] {logging_mixin.py:104} INFO - [2021-03-24 00:06:06,664] {dag.py:2273} INFO - Setting next_dagrun for example_dag_decorator to None
[2021-03-24 00:06:06,680] {scheduler_job.py:190} INFO - Processing /Users/harika/Desktop/CSYE_7245/Assignment2/pipeline/MyEnv/lib/python3.7/site-packages/airflow/example_dags/example_dag_decorator.py took 0.074 seconds
[2021-03-24 01:02:37,750] {scheduler_job.py:182} INFO - Started process (PID=17433) to work on /Users/harika/Desktop/CSYE_7245/Assignment2/pipeline/MyEnv/lib/python3.7/site-packages/airflow/example_dags/example_dag_decorator.py
[2021-03-24 01:02:37,752] {scheduler_job.py:629} INFO - Processing file /Users/harika/Desktop/CSYE_7245/Assignment2/pipeline/MyEnv/lib/python3.7/site-packages/airflow/example_dags/example_dag_decorator.py for tasks to queue
[2021-03-24 01:02:37,754] {logging_mixin.py:104} INFO - [2021-03-24 01:02:37,753] {dagbag.py:448} INFO - Filling up the DagBag from /Users/harika/Desktop/CSYE_7245/Assignment2/pipeline/MyEnv/lib/python3.7/site-packages/airflow/example_dags/example_dag_decorator.py
[2021-03-24 01:02:37,769] {scheduler_job.py:639} INFO - DAG(s) dict_keys(['example_dag_decorator']) retrieved from /Users/harika/Desktop/CSYE_7245/Assignment2/pipeline/MyEnv/lib/python3.7/site-packages/airflow/example_dags/example_dag_decorator.py
[2021-03-24 01:02:37,787] {logging_mixin.py:104} INFO - [2021-03-24 01:02:37,786] {dag.py:1818} INFO - Sync 1 DAGs
[2021-03-24 01:02:37,798] {logging_mixin.py:104} INFO - [2021-03-24 01:02:37,798] {dag.py:2273} INFO - Setting next_dagrun for example_dag_decorator to None
[2021-03-24 01:02:37,809] {scheduler_job.py:190} INFO - Processing /Users/harika/Desktop/CSYE_7245/Assignment2/pipeline/MyEnv/lib/python3.7/site-packages/airflow/example_dags/example_dag_decorator.py took 0.063 seconds
[2021-03-24 01:03:09,398] {scheduler_job.py:182} INFO - Started process (PID=17472) to work on /Users/harika/Desktop/CSYE_7245/Assignment2/pipeline/MyEnv/lib/python3.7/site-packages/airflow/example_dags/example_dag_decorator.py
[2021-03-24 01:03:09,400] {scheduler_job.py:629} INFO - Processing file /Users/harika/Desktop/CSYE_7245/Assignment2/pipeline/MyEnv/lib/python3.7/site-packages/airflow/example_dags/example_dag_decorator.py for tasks to queue
[2021-03-24 01:03:09,401] {logging_mixin.py:104} INFO - [2021-03-24 01:03:09,401] {dagbag.py:448} INFO - Filling up the DagBag from /Users/harika/Desktop/CSYE_7245/Assignment2/pipeline/MyEnv/lib/python3.7/site-packages/airflow/example_dags/example_dag_decorator.py
[2021-03-24 01:03:09,413] {scheduler_job.py:639} INFO - DAG(s) dict_keys(['example_dag_decorator']) retrieved from /Users/harika/Desktop/CSYE_7245/Assignment2/pipeline/MyEnv/lib/python3.7/site-packages/airflow/example_dags/example_dag_decorator.py
[2021-03-24 01:03:09,429] {logging_mixin.py:104} INFO - [2021-03-24 01:03:09,429] {dag.py:1818} INFO - Sync 1 DAGs
[2021-03-24 01:03:09,440] {logging_mixin.py:104} INFO - [2021-03-24 01:03:09,439] {dag.py:2273} INFO - Setting next_dagrun for example_dag_decorator to None
[2021-03-24 01:03:09,450] {scheduler_job.py:190} INFO - Processing /Users/harika/Desktop/CSYE_7245/Assignment2/pipeline/MyEnv/lib/python3.7/site-packages/airflow/example_dags/example_dag_decorator.py took 0.056 seconds
[2021-03-24 01:03:46,996] {scheduler_job.py:182} INFO - Started process (PID=17515) to work on /Users/harika/Desktop/CSYE_7245/Assignment2/pipeline/MyEnv/lib/python3.7/site-packages/airflow/example_dags/example_dag_decorator.py
[2021-03-24 01:03:46,997] {scheduler_job.py:629} INFO - Processing file /Users/harika/Desktop/CSYE_7245/Assignment2/pipeline/MyEnv/lib/python3.7/site-packages/airflow/example_dags/example_dag_decorator.py for tasks to queue
[2021-03-24 01:03:47,000] {logging_mixin.py:104} INFO - [2021-03-24 01:03:46,999] {dagbag.py:448} INFO - Filling up the DagBag from /Users/harika/Desktop/CSYE_7245/Assignment2/pipeline/MyEnv/lib/python3.7/site-packages/airflow/example_dags/example_dag_decorator.py
[2021-03-24 01:03:47,013] {scheduler_job.py:639} INFO - DAG(s) dict_keys(['example_dag_decorator']) retrieved from /Users/harika/Desktop/CSYE_7245/Assignment2/pipeline/MyEnv/lib/python3.7/site-packages/airflow/example_dags/example_dag_decorator.py
[2021-03-24 01:03:47,034] {logging_mixin.py:104} INFO - [2021-03-24 01:03:47,034] {dag.py:1818} INFO - Sync 1 DAGs
[2021-03-24 01:03:47,044] {logging_mixin.py:104} INFO - [2021-03-24 01:03:47,044] {dag.py:2273} INFO - Setting next_dagrun for example_dag_decorator to None
[2021-03-24 01:03:47,056] {scheduler_job.py:190} INFO - Processing /Users/harika/Desktop/CSYE_7245/Assignment2/pipeline/MyEnv/lib/python3.7/site-packages/airflow/example_dags/example_dag_decorator.py took 0.064 seconds
[2021-03-24 01:04:20,883] {scheduler_job.py:182} INFO - Started process (PID=17562) to work on /Users/harika/Desktop/CSYE_7245/Assignment2/pipeline/MyEnv/lib/python3.7/site-packages/airflow/example_dags/example_dag_decorator.py
[2021-03-24 01:04:20,885] {scheduler_job.py:629} INFO - Processing file /Users/harika/Desktop/CSYE_7245/Assignment2/pipeline/MyEnv/lib/python3.7/site-packages/airflow/example_dags/example_dag_decorator.py for tasks to queue
[2021-03-24 01:04:20,888] {logging_mixin.py:104} INFO - [2021-03-24 01:04:20,887] {dagbag.py:448} INFO - Filling up the DagBag from /Users/harika/Desktop/CSYE_7245/Assignment2/pipeline/MyEnv/lib/python3.7/site-packages/airflow/example_dags/example_dag_decorator.py
[2021-03-24 01:04:20,911] {scheduler_job.py:639} INFO - DAG(s) dict_keys(['example_dag_decorator']) retrieved from /Users/harika/Desktop/CSYE_7245/Assignment2/pipeline/MyEnv/lib/python3.7/site-packages/airflow/example_dags/example_dag_decorator.py
[2021-03-24 01:04:20,941] {logging_mixin.py:104} INFO - [2021-03-24 01:04:20,940] {dag.py:1818} INFO - Sync 1 DAGs
[2021-03-24 01:04:20,964] {logging_mixin.py:104} INFO - [2021-03-24 01:04:20,963] {dag.py:2273} INFO - Setting next_dagrun for example_dag_decorator to None
[2021-03-24 01:04:20,981] {scheduler_job.py:190} INFO - Processing /Users/harika/Desktop/CSYE_7245/Assignment2/pipeline/MyEnv/lib/python3.7/site-packages/airflow/example_dags/example_dag_decorator.py took 0.103 seconds
[2021-03-24 01:04:54,769] {scheduler_job.py:182} INFO - Started process (PID=17654) to work on /Users/harika/Desktop/CSYE_7245/Assignment2/pipeline/MyEnv/lib/python3.7/site-packages/airflow/example_dags/example_dag_decorator.py
[2021-03-24 01:04:54,770] {scheduler_job.py:629} INFO - Processing file /Users/harika/Desktop/CSYE_7245/Assignment2/pipeline/MyEnv/lib/python3.7/site-packages/airflow/example_dags/example_dag_decorator.py for tasks to queue
[2021-03-24 01:04:54,772] {logging_mixin.py:104} INFO - [2021-03-24 01:04:54,771] {dagbag.py:448} INFO - Filling up the DagBag from /Users/harika/Desktop/CSYE_7245/Assignment2/pipeline/MyEnv/lib/python3.7/site-packages/airflow/example_dags/example_dag_decorator.py
[2021-03-24 01:04:54,784] {scheduler_job.py:639} INFO - DAG(s) dict_keys(['example_dag_decorator']) retrieved from /Users/harika/Desktop/CSYE_7245/Assignment2/pipeline/MyEnv/lib/python3.7/site-packages/airflow/example_dags/example_dag_decorator.py
[2021-03-24 01:04:54,802] {logging_mixin.py:104} INFO - [2021-03-24 01:04:54,802] {dag.py:1818} INFO - Sync 1 DAGs
[2021-03-24 01:04:54,814] {logging_mixin.py:104} INFO - [2021-03-24 01:04:54,813] {dag.py:2273} INFO - Setting next_dagrun for example_dag_decorator to None
[2021-03-24 01:04:54,826] {scheduler_job.py:190} INFO - Processing /Users/harika/Desktop/CSYE_7245/Assignment2/pipeline/MyEnv/lib/python3.7/site-packages/airflow/example_dags/example_dag_decorator.py took 0.061 seconds
