[2021-03-23 20:25:19,267] {scheduler_job.py:182} INFO - Started process (PID=14304) to work on /Users/harika/Desktop/CSYE_7245/Assignment2/pipeline/MyEnv/lib/python3.7/site-packages/airflow/example_dags/example_bash_operator.py
[2021-03-23 20:25:19,269] {scheduler_job.py:629} INFO - Processing file /Users/harika/Desktop/CSYE_7245/Assignment2/pipeline/MyEnv/lib/python3.7/site-packages/airflow/example_dags/example_bash_operator.py for tasks to queue
[2021-03-23 20:25:19,271] {logging_mixin.py:104} INFO - [2021-03-23 20:25:19,271] {dagbag.py:448} INFO - Filling up the DagBag from /Users/harika/Desktop/CSYE_7245/Assignment2/pipeline/MyEnv/lib/python3.7/site-packages/airflow/example_dags/example_bash_operator.py
[2021-03-23 20:25:19,302] {scheduler_job.py:639} INFO - DAG(s) dict_keys(['example_bash_operator']) retrieved from /Users/harika/Desktop/CSYE_7245/Assignment2/pipeline/MyEnv/lib/python3.7/site-packages/airflow/example_dags/example_bash_operator.py
[2021-03-23 20:25:19,340] {logging_mixin.py:104} INFO - [2021-03-23 20:25:19,339] {dag.py:1818} INFO - Sync 1 DAGs
[2021-03-23 20:25:19,386] {logging_mixin.py:104} INFO - [2021-03-23 20:25:19,385] {dag.py:2273} INFO - Setting next_dagrun for example_bash_operator to 2021-03-22 00:00:00+00:00
[2021-03-23 20:25:19,411] {scheduler_job.py:190} INFO - Processing /Users/harika/Desktop/CSYE_7245/Assignment2/pipeline/MyEnv/lib/python3.7/site-packages/airflow/example_dags/example_bash_operator.py took 0.154 seconds
[2021-03-23 20:27:48,453] {scheduler_job.py:182} INFO - Started process (PID=14363) to work on /Users/harika/Desktop/CSYE_7245/Assignment2/pipeline/MyEnv/lib/python3.7/site-packages/airflow/example_dags/example_bash_operator.py
[2021-03-23 20:27:48,457] {scheduler_job.py:629} INFO - Processing file /Users/harika/Desktop/CSYE_7245/Assignment2/pipeline/MyEnv/lib/python3.7/site-packages/airflow/example_dags/example_bash_operator.py for tasks to queue
[2021-03-23 20:27:48,463] {logging_mixin.py:104} INFO - [2021-03-23 20:27:48,459] {dagbag.py:448} INFO - Filling up the DagBag from /Users/harika/Desktop/CSYE_7245/Assignment2/pipeline/MyEnv/lib/python3.7/site-packages/airflow/example_dags/example_bash_operator.py
[2021-03-23 20:27:48,490] {scheduler_job.py:639} INFO - DAG(s) dict_keys(['example_bash_operator']) retrieved from /Users/harika/Desktop/CSYE_7245/Assignment2/pipeline/MyEnv/lib/python3.7/site-packages/airflow/example_dags/example_bash_operator.py
[2021-03-23 20:27:48,539] {logging_mixin.py:104} INFO - [2021-03-23 20:27:48,538] {dag.py:1818} INFO - Sync 1 DAGs
[2021-03-23 20:27:48,602] {logging_mixin.py:104} INFO - [2021-03-23 20:27:48,601] {dag.py:2273} INFO - Setting next_dagrun for example_bash_operator to 2021-03-22 00:00:00+00:00
[2021-03-23 20:27:48,636] {scheduler_job.py:190} INFO - Processing /Users/harika/Desktop/CSYE_7245/Assignment2/pipeline/MyEnv/lib/python3.7/site-packages/airflow/example_dags/example_bash_operator.py took 0.190 seconds
[2021-03-23 20:28:22,898] {scheduler_job.py:182} INFO - Started process (PID=14396) to work on /Users/harika/Desktop/CSYE_7245/Assignment2/pipeline/MyEnv/lib/python3.7/site-packages/airflow/example_dags/example_bash_operator.py
[2021-03-23 20:28:22,900] {scheduler_job.py:629} INFO - Processing file /Users/harika/Desktop/CSYE_7245/Assignment2/pipeline/MyEnv/lib/python3.7/site-packages/airflow/example_dags/example_bash_operator.py for tasks to queue
[2021-03-23 20:28:22,901] {logging_mixin.py:104} INFO - [2021-03-23 20:28:22,901] {dagbag.py:448} INFO - Filling up the DagBag from /Users/harika/Desktop/CSYE_7245/Assignment2/pipeline/MyEnv/lib/python3.7/site-packages/airflow/example_dags/example_bash_operator.py
[2021-03-23 20:28:22,912] {scheduler_job.py:639} INFO - DAG(s) dict_keys(['example_bash_operator']) retrieved from /Users/harika/Desktop/CSYE_7245/Assignment2/pipeline/MyEnv/lib/python3.7/site-packages/airflow/example_dags/example_bash_operator.py
[2021-03-23 20:28:22,929] {logging_mixin.py:104} INFO - [2021-03-23 20:28:22,928] {dag.py:1818} INFO - Sync 1 DAGs
[2021-03-23 20:28:22,962] {logging_mixin.py:104} INFO - [2021-03-23 20:28:22,960] {dag.py:2273} INFO - Setting next_dagrun for example_bash_operator to 2021-03-22 00:00:00+00:00
[2021-03-23 20:28:22,975] {scheduler_job.py:190} INFO - Processing /Users/harika/Desktop/CSYE_7245/Assignment2/pipeline/MyEnv/lib/python3.7/site-packages/airflow/example_dags/example_bash_operator.py took 0.081 seconds
[2021-03-23 20:28:56,255] {scheduler_job.py:182} INFO - Started process (PID=14424) to work on /Users/harika/Desktop/CSYE_7245/Assignment2/pipeline/MyEnv/lib/python3.7/site-packages/airflow/example_dags/example_bash_operator.py
[2021-03-23 20:28:56,257] {scheduler_job.py:629} INFO - Processing file /Users/harika/Desktop/CSYE_7245/Assignment2/pipeline/MyEnv/lib/python3.7/site-packages/airflow/example_dags/example_bash_operator.py for tasks to queue
[2021-03-23 20:28:56,259] {logging_mixin.py:104} INFO - [2021-03-23 20:28:56,258] {dagbag.py:448} INFO - Filling up the DagBag from /Users/harika/Desktop/CSYE_7245/Assignment2/pipeline/MyEnv/lib/python3.7/site-packages/airflow/example_dags/example_bash_operator.py
[2021-03-23 20:28:56,271] {scheduler_job.py:639} INFO - DAG(s) dict_keys(['example_bash_operator']) retrieved from /Users/harika/Desktop/CSYE_7245/Assignment2/pipeline/MyEnv/lib/python3.7/site-packages/airflow/example_dags/example_bash_operator.py
[2021-03-23 20:28:56,296] {logging_mixin.py:104} INFO - [2021-03-23 20:28:56,296] {dag.py:1818} INFO - Sync 1 DAGs
[2021-03-23 20:28:56,319] {logging_mixin.py:104} INFO - [2021-03-23 20:28:56,318] {dag.py:2273} INFO - Setting next_dagrun for example_bash_operator to 2021-03-22 00:00:00+00:00
[2021-03-23 20:28:56,328] {scheduler_job.py:190} INFO - Processing /Users/harika/Desktop/CSYE_7245/Assignment2/pipeline/MyEnv/lib/python3.7/site-packages/airflow/example_dags/example_bash_operator.py took 0.077 seconds
[2021-03-23 20:29:31,948] {scheduler_job.py:182} INFO - Started process (PID=14451) to work on /Users/harika/Desktop/CSYE_7245/Assignment2/pipeline/MyEnv/lib/python3.7/site-packages/airflow/example_dags/example_bash_operator.py
[2021-03-23 20:29:31,951] {scheduler_job.py:629} INFO - Processing file /Users/harika/Desktop/CSYE_7245/Assignment2/pipeline/MyEnv/lib/python3.7/site-packages/airflow/example_dags/example_bash_operator.py for tasks to queue
[2021-03-23 20:29:31,957] {logging_mixin.py:104} INFO - [2021-03-23 20:29:31,957] {dagbag.py:448} INFO - Filling up the DagBag from /Users/harika/Desktop/CSYE_7245/Assignment2/pipeline/MyEnv/lib/python3.7/site-packages/airflow/example_dags/example_bash_operator.py
[2021-03-23 20:29:31,969] {scheduler_job.py:639} INFO - DAG(s) dict_keys(['example_bash_operator']) retrieved from /Users/harika/Desktop/CSYE_7245/Assignment2/pipeline/MyEnv/lib/python3.7/site-packages/airflow/example_dags/example_bash_operator.py
[2021-03-23 20:29:32,000] {logging_mixin.py:104} INFO - [2021-03-23 20:29:32,000] {dag.py:1818} INFO - Sync 1 DAGs
[2021-03-23 20:29:32,043] {logging_mixin.py:104} INFO - [2021-03-23 20:29:32,043] {dag.py:2273} INFO - Setting next_dagrun for example_bash_operator to 2021-03-22 00:00:00+00:00
[2021-03-23 20:29:32,063] {scheduler_job.py:190} INFO - Processing /Users/harika/Desktop/CSYE_7245/Assignment2/pipeline/MyEnv/lib/python3.7/site-packages/airflow/example_dags/example_bash_operator.py took 0.121 seconds
[2021-03-23 20:30:13,096] {scheduler_job.py:182} INFO - Started process (PID=14490) to work on /Users/harika/Desktop/CSYE_7245/Assignment2/pipeline/MyEnv/lib/python3.7/site-packages/airflow/example_dags/example_bash_operator.py
[2021-03-23 20:30:13,101] {scheduler_job.py:629} INFO - Processing file /Users/harika/Desktop/CSYE_7245/Assignment2/pipeline/MyEnv/lib/python3.7/site-packages/airflow/example_dags/example_bash_operator.py for tasks to queue
[2021-03-23 20:30:13,116] {logging_mixin.py:104} INFO - [2021-03-23 20:30:13,108] {dagbag.py:448} INFO - Filling up the DagBag from /Users/harika/Desktop/CSYE_7245/Assignment2/pipeline/MyEnv/lib/python3.7/site-packages/airflow/example_dags/example_bash_operator.py
[2021-03-23 20:30:13,157] {scheduler_job.py:639} INFO - DAG(s) dict_keys(['example_bash_operator']) retrieved from /Users/harika/Desktop/CSYE_7245/Assignment2/pipeline/MyEnv/lib/python3.7/site-packages/airflow/example_dags/example_bash_operator.py
[2021-03-23 20:30:13,245] {logging_mixin.py:104} INFO - [2021-03-23 20:30:13,245] {dag.py:1818} INFO - Sync 1 DAGs
[2021-03-23 20:30:13,291] {logging_mixin.py:104} INFO - [2021-03-23 20:30:13,290] {dag.py:2273} INFO - Setting next_dagrun for example_bash_operator to 2021-03-22 00:00:00+00:00
[2021-03-23 20:30:13,302] {scheduler_job.py:190} INFO - Processing /Users/harika/Desktop/CSYE_7245/Assignment2/pipeline/MyEnv/lib/python3.7/site-packages/airflow/example_dags/example_bash_operator.py took 0.214 seconds
[2021-03-23 20:30:47,228] {scheduler_job.py:182} INFO - Started process (PID=14518) to work on /Users/harika/Desktop/CSYE_7245/Assignment2/pipeline/MyEnv/lib/python3.7/site-packages/airflow/example_dags/example_bash_operator.py
[2021-03-23 20:30:47,232] {scheduler_job.py:629} INFO - Processing file /Users/harika/Desktop/CSYE_7245/Assignment2/pipeline/MyEnv/lib/python3.7/site-packages/airflow/example_dags/example_bash_operator.py for tasks to queue
[2021-03-23 20:30:47,237] {logging_mixin.py:104} INFO - [2021-03-23 20:30:47,234] {dagbag.py:448} INFO - Filling up the DagBag from /Users/harika/Desktop/CSYE_7245/Assignment2/pipeline/MyEnv/lib/python3.7/site-packages/airflow/example_dags/example_bash_operator.py
[2021-03-23 20:30:47,268] {scheduler_job.py:639} INFO - DAG(s) dict_keys(['example_bash_operator']) retrieved from /Users/harika/Desktop/CSYE_7245/Assignment2/pipeline/MyEnv/lib/python3.7/site-packages/airflow/example_dags/example_bash_operator.py
[2021-03-23 20:30:47,325] {logging_mixin.py:104} INFO - [2021-03-23 20:30:47,324] {dag.py:1818} INFO - Sync 1 DAGs
[2021-03-23 20:30:47,410] {logging_mixin.py:104} INFO - [2021-03-23 20:30:47,408] {dag.py:2273} INFO - Setting next_dagrun for example_bash_operator to 2021-03-22 00:00:00+00:00
[2021-03-23 20:30:47,454] {scheduler_job.py:190} INFO - Processing /Users/harika/Desktop/CSYE_7245/Assignment2/pipeline/MyEnv/lib/python3.7/site-packages/airflow/example_dags/example_bash_operator.py took 0.232 seconds
[2021-03-23 20:31:23,484] {scheduler_job.py:182} INFO - Started process (PID=14552) to work on /Users/harika/Desktop/CSYE_7245/Assignment2/pipeline/MyEnv/lib/python3.7/site-packages/airflow/example_dags/example_bash_operator.py
[2021-03-23 20:31:23,487] {scheduler_job.py:629} INFO - Processing file /Users/harika/Desktop/CSYE_7245/Assignment2/pipeline/MyEnv/lib/python3.7/site-packages/airflow/example_dags/example_bash_operator.py for tasks to queue
[2021-03-23 20:31:23,490] {logging_mixin.py:104} INFO - [2021-03-23 20:31:23,489] {dagbag.py:448} INFO - Filling up the DagBag from /Users/harika/Desktop/CSYE_7245/Assignment2/pipeline/MyEnv/lib/python3.7/site-packages/airflow/example_dags/example_bash_operator.py
[2021-03-23 20:31:23,506] {scheduler_job.py:639} INFO - DAG(s) dict_keys(['example_bash_operator']) retrieved from /Users/harika/Desktop/CSYE_7245/Assignment2/pipeline/MyEnv/lib/python3.7/site-packages/airflow/example_dags/example_bash_operator.py
[2021-03-23 20:31:23,539] {logging_mixin.py:104} INFO - [2021-03-23 20:31:23,539] {dag.py:1818} INFO - Sync 1 DAGs
[2021-03-23 20:31:23,580] {logging_mixin.py:104} INFO - [2021-03-23 20:31:23,579] {dag.py:2273} INFO - Setting next_dagrun for example_bash_operator to 2021-03-22 00:00:00+00:00
[2021-03-23 20:31:23,603] {scheduler_job.py:190} INFO - Processing /Users/harika/Desktop/CSYE_7245/Assignment2/pipeline/MyEnv/lib/python3.7/site-packages/airflow/example_dags/example_bash_operator.py took 0.134 seconds
[2021-03-23 21:09:50,177] {scheduler_job.py:182} INFO - Started process (PID=14955) to work on /Users/harika/Desktop/CSYE_7245/Assignment2/pipeline/MyEnv/lib/python3.7/site-packages/airflow/example_dags/example_bash_operator.py
[2021-03-23 21:09:50,182] {scheduler_job.py:629} INFO - Processing file /Users/harika/Desktop/CSYE_7245/Assignment2/pipeline/MyEnv/lib/python3.7/site-packages/airflow/example_dags/example_bash_operator.py for tasks to queue
[2021-03-23 21:09:50,189] {logging_mixin.py:104} INFO - [2021-03-23 21:09:50,188] {dagbag.py:448} INFO - Filling up the DagBag from /Users/harika/Desktop/CSYE_7245/Assignment2/pipeline/MyEnv/lib/python3.7/site-packages/airflow/example_dags/example_bash_operator.py
[2021-03-23 21:09:50,257] {scheduler_job.py:639} INFO - DAG(s) dict_keys(['example_bash_operator']) retrieved from /Users/harika/Desktop/CSYE_7245/Assignment2/pipeline/MyEnv/lib/python3.7/site-packages/airflow/example_dags/example_bash_operator.py
[2021-03-23 21:09:50,331] {logging_mixin.py:104} INFO - [2021-03-23 21:09:50,330] {dag.py:1818} INFO - Sync 1 DAGs
[2021-03-23 21:09:50,431] {logging_mixin.py:104} INFO - [2021-03-23 21:09:50,430] {dag.py:2273} INFO - Setting next_dagrun for example_bash_operator to 2021-03-22 00:00:00+00:00
[2021-03-23 21:09:50,446] {scheduler_job.py:190} INFO - Processing /Users/harika/Desktop/CSYE_7245/Assignment2/pipeline/MyEnv/lib/python3.7/site-packages/airflow/example_dags/example_bash_operator.py took 0.275 seconds
[2021-03-23 21:13:00,896] {scheduler_job.py:182} INFO - Started process (PID=15023) to work on /Users/harika/Desktop/CSYE_7245/Assignment2/pipeline/MyEnv/lib/python3.7/site-packages/airflow/example_dags/example_bash_operator.py
[2021-03-23 21:13:00,902] {scheduler_job.py:629} INFO - Processing file /Users/harika/Desktop/CSYE_7245/Assignment2/pipeline/MyEnv/lib/python3.7/site-packages/airflow/example_dags/example_bash_operator.py for tasks to queue
[2021-03-23 21:13:00,906] {logging_mixin.py:104} INFO - [2021-03-23 21:13:00,905] {dagbag.py:448} INFO - Filling up the DagBag from /Users/harika/Desktop/CSYE_7245/Assignment2/pipeline/MyEnv/lib/python3.7/site-packages/airflow/example_dags/example_bash_operator.py
[2021-03-23 21:13:00,930] {scheduler_job.py:639} INFO - DAG(s) dict_keys(['example_bash_operator']) retrieved from /Users/harika/Desktop/CSYE_7245/Assignment2/pipeline/MyEnv/lib/python3.7/site-packages/airflow/example_dags/example_bash_operator.py
[2021-03-23 21:13:00,958] {logging_mixin.py:104} INFO - [2021-03-23 21:13:00,957] {dag.py:1818} INFO - Sync 1 DAGs
[2021-03-23 21:13:01,000] {logging_mixin.py:104} INFO - [2021-03-23 21:13:00,999] {dag.py:2273} INFO - Setting next_dagrun for example_bash_operator to 2021-03-22 00:00:00+00:00
[2021-03-23 21:13:01,018] {scheduler_job.py:190} INFO - Processing /Users/harika/Desktop/CSYE_7245/Assignment2/pipeline/MyEnv/lib/python3.7/site-packages/airflow/example_dags/example_bash_operator.py took 0.127 seconds
[2021-03-23 21:13:36,543] {scheduler_job.py:182} INFO - Started process (PID=15049) to work on /Users/harika/Desktop/CSYE_7245/Assignment2/pipeline/MyEnv/lib/python3.7/site-packages/airflow/example_dags/example_bash_operator.py
[2021-03-23 21:13:36,551] {scheduler_job.py:629} INFO - Processing file /Users/harika/Desktop/CSYE_7245/Assignment2/pipeline/MyEnv/lib/python3.7/site-packages/airflow/example_dags/example_bash_operator.py for tasks to queue
[2021-03-23 21:13:36,558] {logging_mixin.py:104} INFO - [2021-03-23 21:13:36,557] {dagbag.py:448} INFO - Filling up the DagBag from /Users/harika/Desktop/CSYE_7245/Assignment2/pipeline/MyEnv/lib/python3.7/site-packages/airflow/example_dags/example_bash_operator.py
[2021-03-23 21:13:36,599] {scheduler_job.py:639} INFO - DAG(s) dict_keys(['example_bash_operator']) retrieved from /Users/harika/Desktop/CSYE_7245/Assignment2/pipeline/MyEnv/lib/python3.7/site-packages/airflow/example_dags/example_bash_operator.py
[2021-03-23 21:13:36,642] {logging_mixin.py:104} INFO - [2021-03-23 21:13:36,641] {dag.py:1818} INFO - Sync 1 DAGs
[2021-03-23 21:13:36,686] {logging_mixin.py:104} INFO - [2021-03-23 21:13:36,685] {dag.py:2273} INFO - Setting next_dagrun for example_bash_operator to 2021-03-22 00:00:00+00:00
[2021-03-23 21:13:36,709] {scheduler_job.py:190} INFO - Processing /Users/harika/Desktop/CSYE_7245/Assignment2/pipeline/MyEnv/lib/python3.7/site-packages/airflow/example_dags/example_bash_operator.py took 0.184 seconds
[2021-03-23 21:14:33,012] {scheduler_job.py:182} INFO - Started process (PID=15076) to work on /Users/harika/Desktop/CSYE_7245/Assignment2/pipeline/MyEnv/lib/python3.7/site-packages/airflow/example_dags/example_bash_operator.py
[2021-03-23 21:14:33,014] {scheduler_job.py:629} INFO - Processing file /Users/harika/Desktop/CSYE_7245/Assignment2/pipeline/MyEnv/lib/python3.7/site-packages/airflow/example_dags/example_bash_operator.py for tasks to queue
[2021-03-23 21:14:33,015] {logging_mixin.py:104} INFO - [2021-03-23 21:14:33,015] {dagbag.py:448} INFO - Filling up the DagBag from /Users/harika/Desktop/CSYE_7245/Assignment2/pipeline/MyEnv/lib/python3.7/site-packages/airflow/example_dags/example_bash_operator.py
[2021-03-23 21:14:33,030] {scheduler_job.py:639} INFO - DAG(s) dict_keys(['example_bash_operator']) retrieved from /Users/harika/Desktop/CSYE_7245/Assignment2/pipeline/MyEnv/lib/python3.7/site-packages/airflow/example_dags/example_bash_operator.py
[2021-03-23 21:14:33,058] {logging_mixin.py:104} INFO - [2021-03-23 21:14:33,057] {dag.py:1818} INFO - Sync 1 DAGs
[2021-03-23 21:14:33,083] {logging_mixin.py:104} INFO - [2021-03-23 21:14:33,083] {dag.py:2273} INFO - Setting next_dagrun for example_bash_operator to 2021-03-22 00:00:00+00:00
[2021-03-23 21:14:33,092] {scheduler_job.py:190} INFO - Processing /Users/harika/Desktop/CSYE_7245/Assignment2/pipeline/MyEnv/lib/python3.7/site-packages/airflow/example_dags/example_bash_operator.py took 0.083 seconds
[2021-03-23 21:15:48,647] {scheduler_job.py:182} INFO - Started process (PID=15142) to work on /Users/harika/Desktop/CSYE_7245/Assignment2/pipeline/MyEnv/lib/python3.7/site-packages/airflow/example_dags/example_bash_operator.py
[2021-03-23 21:15:48,650] {scheduler_job.py:629} INFO - Processing file /Users/harika/Desktop/CSYE_7245/Assignment2/pipeline/MyEnv/lib/python3.7/site-packages/airflow/example_dags/example_bash_operator.py for tasks to queue
[2021-03-23 21:15:48,655] {logging_mixin.py:104} INFO - [2021-03-23 21:15:48,654] {dagbag.py:448} INFO - Filling up the DagBag from /Users/harika/Desktop/CSYE_7245/Assignment2/pipeline/MyEnv/lib/python3.7/site-packages/airflow/example_dags/example_bash_operator.py
[2021-03-23 21:15:48,681] {scheduler_job.py:639} INFO - DAG(s) dict_keys(['example_bash_operator']) retrieved from /Users/harika/Desktop/CSYE_7245/Assignment2/pipeline/MyEnv/lib/python3.7/site-packages/airflow/example_dags/example_bash_operator.py
[2021-03-23 21:15:48,716] {logging_mixin.py:104} INFO - [2021-03-23 21:15:48,715] {dag.py:1818} INFO - Sync 1 DAGs
[2021-03-23 21:15:48,763] {logging_mixin.py:104} INFO - [2021-03-23 21:15:48,762] {dag.py:2273} INFO - Setting next_dagrun for example_bash_operator to 2021-03-22 00:00:00+00:00
[2021-03-23 21:15:48,784] {scheduler_job.py:190} INFO - Processing /Users/harika/Desktop/CSYE_7245/Assignment2/pipeline/MyEnv/lib/python3.7/site-packages/airflow/example_dags/example_bash_operator.py took 0.142 seconds
[2021-03-23 21:17:55,030] {scheduler_job.py:182} INFO - Started process (PID=15189) to work on /Users/harika/Desktop/CSYE_7245/Assignment2/pipeline/MyEnv/lib/python3.7/site-packages/airflow/example_dags/example_bash_operator.py
[2021-03-23 21:17:55,033] {scheduler_job.py:629} INFO - Processing file /Users/harika/Desktop/CSYE_7245/Assignment2/pipeline/MyEnv/lib/python3.7/site-packages/airflow/example_dags/example_bash_operator.py for tasks to queue
[2021-03-23 21:17:55,035] {logging_mixin.py:104} INFO - [2021-03-23 21:17:55,034] {dagbag.py:448} INFO - Filling up the DagBag from /Users/harika/Desktop/CSYE_7245/Assignment2/pipeline/MyEnv/lib/python3.7/site-packages/airflow/example_dags/example_bash_operator.py
[2021-03-23 21:17:55,056] {scheduler_job.py:639} INFO - DAG(s) dict_keys(['example_bash_operator']) retrieved from /Users/harika/Desktop/CSYE_7245/Assignment2/pipeline/MyEnv/lib/python3.7/site-packages/airflow/example_dags/example_bash_operator.py
[2021-03-23 21:17:55,077] {logging_mixin.py:104} INFO - [2021-03-23 21:17:55,076] {dag.py:1818} INFO - Sync 1 DAGs
[2021-03-23 21:17:55,100] {logging_mixin.py:104} INFO - [2021-03-23 21:17:55,100] {dag.py:2273} INFO - Setting next_dagrun for example_bash_operator to 2021-03-22 00:00:00+00:00
[2021-03-23 21:17:55,119] {scheduler_job.py:190} INFO - Processing /Users/harika/Desktop/CSYE_7245/Assignment2/pipeline/MyEnv/lib/python3.7/site-packages/airflow/example_dags/example_bash_operator.py took 0.092 seconds
[2021-03-23 21:18:35,523] {scheduler_job.py:182} INFO - Started process (PID=15231) to work on /Users/harika/Desktop/CSYE_7245/Assignment2/pipeline/MyEnv/lib/python3.7/site-packages/airflow/example_dags/example_bash_operator.py
[2021-03-23 21:18:35,525] {scheduler_job.py:629} INFO - Processing file /Users/harika/Desktop/CSYE_7245/Assignment2/pipeline/MyEnv/lib/python3.7/site-packages/airflow/example_dags/example_bash_operator.py for tasks to queue
[2021-03-23 21:18:35,526] {logging_mixin.py:104} INFO - [2021-03-23 21:18:35,526] {dagbag.py:448} INFO - Filling up the DagBag from /Users/harika/Desktop/CSYE_7245/Assignment2/pipeline/MyEnv/lib/python3.7/site-packages/airflow/example_dags/example_bash_operator.py
[2021-03-23 21:18:35,538] {scheduler_job.py:639} INFO - DAG(s) dict_keys(['example_bash_operator']) retrieved from /Users/harika/Desktop/CSYE_7245/Assignment2/pipeline/MyEnv/lib/python3.7/site-packages/airflow/example_dags/example_bash_operator.py
[2021-03-23 21:18:35,563] {logging_mixin.py:104} INFO - [2021-03-23 21:18:35,563] {dag.py:1818} INFO - Sync 1 DAGs
[2021-03-23 21:18:35,587] {logging_mixin.py:104} INFO - [2021-03-23 21:18:35,586] {dag.py:2273} INFO - Setting next_dagrun for example_bash_operator to 2021-03-22 00:00:00+00:00
[2021-03-23 21:18:35,596] {scheduler_job.py:190} INFO - Processing /Users/harika/Desktop/CSYE_7245/Assignment2/pipeline/MyEnv/lib/python3.7/site-packages/airflow/example_dags/example_bash_operator.py took 0.079 seconds
[2021-03-23 21:19:15,486] {scheduler_job.py:182} INFO - Started process (PID=15262) to work on /Users/harika/Desktop/CSYE_7245/Assignment2/pipeline/MyEnv/lib/python3.7/site-packages/airflow/example_dags/example_bash_operator.py
[2021-03-23 21:19:15,489] {scheduler_job.py:629} INFO - Processing file /Users/harika/Desktop/CSYE_7245/Assignment2/pipeline/MyEnv/lib/python3.7/site-packages/airflow/example_dags/example_bash_operator.py for tasks to queue
[2021-03-23 21:19:15,492] {logging_mixin.py:104} INFO - [2021-03-23 21:19:15,492] {dagbag.py:448} INFO - Filling up the DagBag from /Users/harika/Desktop/CSYE_7245/Assignment2/pipeline/MyEnv/lib/python3.7/site-packages/airflow/example_dags/example_bash_operator.py
[2021-03-23 21:19:15,518] {scheduler_job.py:639} INFO - DAG(s) dict_keys(['example_bash_operator']) retrieved from /Users/harika/Desktop/CSYE_7245/Assignment2/pipeline/MyEnv/lib/python3.7/site-packages/airflow/example_dags/example_bash_operator.py
[2021-03-23 21:19:15,565] {logging_mixin.py:104} INFO - [2021-03-23 21:19:15,564] {dag.py:1818} INFO - Sync 1 DAGs
[2021-03-23 21:19:15,674] {logging_mixin.py:104} INFO - [2021-03-23 21:19:15,673] {dag.py:2273} INFO - Setting next_dagrun for example_bash_operator to 2021-03-22 00:00:00+00:00
[2021-03-23 21:19:15,709] {scheduler_job.py:190} INFO - Processing /Users/harika/Desktop/CSYE_7245/Assignment2/pipeline/MyEnv/lib/python3.7/site-packages/airflow/example_dags/example_bash_operator.py took 0.232 seconds
[2021-03-23 21:19:52,875] {scheduler_job.py:182} INFO - Started process (PID=15294) to work on /Users/harika/Desktop/CSYE_7245/Assignment2/pipeline/MyEnv/lib/python3.7/site-packages/airflow/example_dags/example_bash_operator.py
[2021-03-23 21:19:52,877] {scheduler_job.py:629} INFO - Processing file /Users/harika/Desktop/CSYE_7245/Assignment2/pipeline/MyEnv/lib/python3.7/site-packages/airflow/example_dags/example_bash_operator.py for tasks to queue
[2021-03-23 21:19:52,886] {logging_mixin.py:104} INFO - [2021-03-23 21:19:52,885] {dagbag.py:448} INFO - Filling up the DagBag from /Users/harika/Desktop/CSYE_7245/Assignment2/pipeline/MyEnv/lib/python3.7/site-packages/airflow/example_dags/example_bash_operator.py
[2021-03-23 21:19:52,929] {scheduler_job.py:639} INFO - DAG(s) dict_keys(['example_bash_operator']) retrieved from /Users/harika/Desktop/CSYE_7245/Assignment2/pipeline/MyEnv/lib/python3.7/site-packages/airflow/example_dags/example_bash_operator.py
[2021-03-23 21:19:53,092] {logging_mixin.py:104} INFO - [2021-03-23 21:19:53,091] {dag.py:1818} INFO - Sync 1 DAGs
[2021-03-23 21:19:53,270] {logging_mixin.py:104} INFO - [2021-03-23 21:19:53,269] {dag.py:2273} INFO - Setting next_dagrun for example_bash_operator to 2021-03-22 00:00:00+00:00
[2021-03-23 21:19:53,295] {scheduler_job.py:190} INFO - Processing /Users/harika/Desktop/CSYE_7245/Assignment2/pipeline/MyEnv/lib/python3.7/site-packages/airflow/example_dags/example_bash_operator.py took 0.434 seconds
[2021-03-24 00:03:16,938] {scheduler_job.py:182} INFO - Started process (PID=16964) to work on /Users/harika/Desktop/CSYE_7245/Assignment2/pipeline/MyEnv/lib/python3.7/site-packages/airflow/example_dags/example_bash_operator.py
[2021-03-24 00:03:16,941] {scheduler_job.py:629} INFO - Processing file /Users/harika/Desktop/CSYE_7245/Assignment2/pipeline/MyEnv/lib/python3.7/site-packages/airflow/example_dags/example_bash_operator.py for tasks to queue
[2021-03-24 00:03:16,947] {logging_mixin.py:104} INFO - [2021-03-24 00:03:16,946] {dagbag.py:448} INFO - Filling up the DagBag from /Users/harika/Desktop/CSYE_7245/Assignment2/pipeline/MyEnv/lib/python3.7/site-packages/airflow/example_dags/example_bash_operator.py
[2021-03-24 00:03:16,970] {scheduler_job.py:639} INFO - DAG(s) dict_keys(['example_bash_operator']) retrieved from /Users/harika/Desktop/CSYE_7245/Assignment2/pipeline/MyEnv/lib/python3.7/site-packages/airflow/example_dags/example_bash_operator.py
[2021-03-24 00:03:17,002] {logging_mixin.py:104} INFO - [2021-03-24 00:03:17,001] {dag.py:1818} INFO - Sync 1 DAGs
[2021-03-24 00:03:17,043] {logging_mixin.py:104} INFO - [2021-03-24 00:03:17,041] {dag.py:2273} INFO - Setting next_dagrun for example_bash_operator to 2021-03-22 00:00:00+00:00
[2021-03-24 00:03:17,055] {scheduler_job.py:190} INFO - Processing /Users/harika/Desktop/CSYE_7245/Assignment2/pipeline/MyEnv/lib/python3.7/site-packages/airflow/example_dags/example_bash_operator.py took 0.123 seconds
[2021-03-24 00:03:55,323] {scheduler_job.py:182} INFO - Started process (PID=16992) to work on /Users/harika/Desktop/CSYE_7245/Assignment2/pipeline/MyEnv/lib/python3.7/site-packages/airflow/example_dags/example_bash_operator.py
[2021-03-24 00:03:55,325] {scheduler_job.py:629} INFO - Processing file /Users/harika/Desktop/CSYE_7245/Assignment2/pipeline/MyEnv/lib/python3.7/site-packages/airflow/example_dags/example_bash_operator.py for tasks to queue
[2021-03-24 00:03:55,328] {logging_mixin.py:104} INFO - [2021-03-24 00:03:55,327] {dagbag.py:448} INFO - Filling up the DagBag from /Users/harika/Desktop/CSYE_7245/Assignment2/pipeline/MyEnv/lib/python3.7/site-packages/airflow/example_dags/example_bash_operator.py
[2021-03-24 00:03:55,348] {scheduler_job.py:639} INFO - DAG(s) dict_keys(['example_bash_operator']) retrieved from /Users/harika/Desktop/CSYE_7245/Assignment2/pipeline/MyEnv/lib/python3.7/site-packages/airflow/example_dags/example_bash_operator.py
[2021-03-24 00:03:55,368] {logging_mixin.py:104} INFO - [2021-03-24 00:03:55,367] {dag.py:1818} INFO - Sync 1 DAGs
[2021-03-24 00:03:55,400] {logging_mixin.py:104} INFO - [2021-03-24 00:03:55,399] {dag.py:2273} INFO - Setting next_dagrun for example_bash_operator to 2021-03-22 00:00:00+00:00
[2021-03-24 00:03:55,411] {scheduler_job.py:190} INFO - Processing /Users/harika/Desktop/CSYE_7245/Assignment2/pipeline/MyEnv/lib/python3.7/site-packages/airflow/example_dags/example_bash_operator.py took 0.093 seconds
[2021-03-24 00:04:41,235] {scheduler_job.py:182} INFO - Started process (PID=17027) to work on /Users/harika/Desktop/CSYE_7245/Assignment2/pipeline/MyEnv/lib/python3.7/site-packages/airflow/example_dags/example_bash_operator.py
[2021-03-24 00:04:41,237] {scheduler_job.py:629} INFO - Processing file /Users/harika/Desktop/CSYE_7245/Assignment2/pipeline/MyEnv/lib/python3.7/site-packages/airflow/example_dags/example_bash_operator.py for tasks to queue
[2021-03-24 00:04:41,238] {logging_mixin.py:104} INFO - [2021-03-24 00:04:41,237] {dagbag.py:448} INFO - Filling up the DagBag from /Users/harika/Desktop/CSYE_7245/Assignment2/pipeline/MyEnv/lib/python3.7/site-packages/airflow/example_dags/example_bash_operator.py
[2021-03-24 00:04:41,255] {scheduler_job.py:639} INFO - DAG(s) dict_keys(['example_bash_operator']) retrieved from /Users/harika/Desktop/CSYE_7245/Assignment2/pipeline/MyEnv/lib/python3.7/site-packages/airflow/example_dags/example_bash_operator.py
[2021-03-24 00:04:41,272] {logging_mixin.py:104} INFO - [2021-03-24 00:04:41,271] {dag.py:1818} INFO - Sync 1 DAGs
[2021-03-24 00:04:41,295] {logging_mixin.py:104} INFO - [2021-03-24 00:04:41,295] {dag.py:2273} INFO - Setting next_dagrun for example_bash_operator to 2021-03-22 00:00:00+00:00
[2021-03-24 00:04:41,304] {scheduler_job.py:190} INFO - Processing /Users/harika/Desktop/CSYE_7245/Assignment2/pipeline/MyEnv/lib/python3.7/site-packages/airflow/example_dags/example_bash_operator.py took 0.074 seconds
[2021-03-24 00:05:12,611] {scheduler_job.py:182} INFO - Started process (PID=17053) to work on /Users/harika/Desktop/CSYE_7245/Assignment2/pipeline/MyEnv/lib/python3.7/site-packages/airflow/example_dags/example_bash_operator.py
[2021-03-24 00:05:12,613] {scheduler_job.py:629} INFO - Processing file /Users/harika/Desktop/CSYE_7245/Assignment2/pipeline/MyEnv/lib/python3.7/site-packages/airflow/example_dags/example_bash_operator.py for tasks to queue
[2021-03-24 00:05:12,614] {logging_mixin.py:104} INFO - [2021-03-24 00:05:12,614] {dagbag.py:448} INFO - Filling up the DagBag from /Users/harika/Desktop/CSYE_7245/Assignment2/pipeline/MyEnv/lib/python3.7/site-packages/airflow/example_dags/example_bash_operator.py
[2021-03-24 00:05:12,629] {scheduler_job.py:639} INFO - DAG(s) dict_keys(['example_bash_operator']) retrieved from /Users/harika/Desktop/CSYE_7245/Assignment2/pipeline/MyEnv/lib/python3.7/site-packages/airflow/example_dags/example_bash_operator.py
[2021-03-24 00:05:12,643] {logging_mixin.py:104} INFO - [2021-03-24 00:05:12,643] {dag.py:1818} INFO - Sync 1 DAGs
[2021-03-24 00:05:12,663] {logging_mixin.py:104} INFO - [2021-03-24 00:05:12,662] {dag.py:2273} INFO - Setting next_dagrun for example_bash_operator to 2021-03-22 00:00:00+00:00
[2021-03-24 00:05:12,670] {scheduler_job.py:190} INFO - Processing /Users/harika/Desktop/CSYE_7245/Assignment2/pipeline/MyEnv/lib/python3.7/site-packages/airflow/example_dags/example_bash_operator.py took 0.063 seconds
[2021-03-24 00:06:28,342] {scheduler_job.py:182} INFO - Started process (PID=17127) to work on /Users/harika/Desktop/CSYE_7245/Assignment2/pipeline/MyEnv/lib/python3.7/site-packages/airflow/example_dags/example_bash_operator.py
[2021-03-24 00:06:28,346] {scheduler_job.py:629} INFO - Processing file /Users/harika/Desktop/CSYE_7245/Assignment2/pipeline/MyEnv/lib/python3.7/site-packages/airflow/example_dags/example_bash_operator.py for tasks to queue
[2021-03-24 00:06:28,348] {logging_mixin.py:104} INFO - [2021-03-24 00:06:28,347] {dagbag.py:448} INFO - Filling up the DagBag from /Users/harika/Desktop/CSYE_7245/Assignment2/pipeline/MyEnv/lib/python3.7/site-packages/airflow/example_dags/example_bash_operator.py
[2021-03-24 00:06:28,366] {scheduler_job.py:639} INFO - DAG(s) dict_keys(['example_bash_operator']) retrieved from /Users/harika/Desktop/CSYE_7245/Assignment2/pipeline/MyEnv/lib/python3.7/site-packages/airflow/example_dags/example_bash_operator.py
[2021-03-24 00:06:28,390] {logging_mixin.py:104} INFO - [2021-03-24 00:06:28,389] {dag.py:1818} INFO - Sync 1 DAGs
[2021-03-24 00:06:28,423] {logging_mixin.py:104} INFO - [2021-03-24 00:06:28,422] {dag.py:2273} INFO - Setting next_dagrun for example_bash_operator to 2021-03-22 00:00:00+00:00
[2021-03-24 00:06:28,440] {scheduler_job.py:190} INFO - Processing /Users/harika/Desktop/CSYE_7245/Assignment2/pipeline/MyEnv/lib/python3.7/site-packages/airflow/example_dags/example_bash_operator.py took 0.104 seconds
[2021-03-24 01:02:44,790] {scheduler_job.py:182} INFO - Started process (PID=17437) to work on /Users/harika/Desktop/CSYE_7245/Assignment2/pipeline/MyEnv/lib/python3.7/site-packages/airflow/example_dags/example_bash_operator.py
[2021-03-24 01:02:44,792] {scheduler_job.py:629} INFO - Processing file /Users/harika/Desktop/CSYE_7245/Assignment2/pipeline/MyEnv/lib/python3.7/site-packages/airflow/example_dags/example_bash_operator.py for tasks to queue
[2021-03-24 01:02:44,794] {logging_mixin.py:104} INFO - [2021-03-24 01:02:44,793] {dagbag.py:448} INFO - Filling up the DagBag from /Users/harika/Desktop/CSYE_7245/Assignment2/pipeline/MyEnv/lib/python3.7/site-packages/airflow/example_dags/example_bash_operator.py
[2021-03-24 01:02:44,811] {scheduler_job.py:639} INFO - DAG(s) dict_keys(['example_bash_operator']) retrieved from /Users/harika/Desktop/CSYE_7245/Assignment2/pipeline/MyEnv/lib/python3.7/site-packages/airflow/example_dags/example_bash_operator.py
[2021-03-24 01:02:44,833] {logging_mixin.py:104} INFO - [2021-03-24 01:02:44,833] {dag.py:1818} INFO - Sync 1 DAGs
[2021-03-24 01:02:44,862] {logging_mixin.py:104} INFO - [2021-03-24 01:02:44,862] {dag.py:2273} INFO - Setting next_dagrun for example_bash_operator to 2021-03-22 00:00:00+00:00
[2021-03-24 01:02:44,877] {scheduler_job.py:190} INFO - Processing /Users/harika/Desktop/CSYE_7245/Assignment2/pipeline/MyEnv/lib/python3.7/site-packages/airflow/example_dags/example_bash_operator.py took 0.093 seconds
[2021-03-24 01:03:27,373] {scheduler_job.py:182} INFO - Started process (PID=17491) to work on /Users/harika/Desktop/CSYE_7245/Assignment2/pipeline/MyEnv/lib/python3.7/site-packages/airflow/example_dags/example_bash_operator.py
[2021-03-24 01:03:27,374] {scheduler_job.py:629} INFO - Processing file /Users/harika/Desktop/CSYE_7245/Assignment2/pipeline/MyEnv/lib/python3.7/site-packages/airflow/example_dags/example_bash_operator.py for tasks to queue
[2021-03-24 01:03:27,376] {logging_mixin.py:104} INFO - [2021-03-24 01:03:27,375] {dagbag.py:448} INFO - Filling up the DagBag from /Users/harika/Desktop/CSYE_7245/Assignment2/pipeline/MyEnv/lib/python3.7/site-packages/airflow/example_dags/example_bash_operator.py
[2021-03-24 01:03:27,385] {scheduler_job.py:639} INFO - DAG(s) dict_keys(['example_bash_operator']) retrieved from /Users/harika/Desktop/CSYE_7245/Assignment2/pipeline/MyEnv/lib/python3.7/site-packages/airflow/example_dags/example_bash_operator.py
[2021-03-24 01:03:27,400] {logging_mixin.py:104} INFO - [2021-03-24 01:03:27,400] {dag.py:1818} INFO - Sync 1 DAGs
[2021-03-24 01:03:27,423] {logging_mixin.py:104} INFO - [2021-03-24 01:03:27,422] {dag.py:2273} INFO - Setting next_dagrun for example_bash_operator to 2021-03-22 00:00:00+00:00
[2021-03-24 01:03:27,431] {scheduler_job.py:190} INFO - Processing /Users/harika/Desktop/CSYE_7245/Assignment2/pipeline/MyEnv/lib/python3.7/site-packages/airflow/example_dags/example_bash_operator.py took 0.061 seconds
[2021-03-24 01:04:02,559] {scheduler_job.py:182} INFO - Started process (PID=17529) to work on /Users/harika/Desktop/CSYE_7245/Assignment2/pipeline/MyEnv/lib/python3.7/site-packages/airflow/example_dags/example_bash_operator.py
[2021-03-24 01:04:02,561] {scheduler_job.py:629} INFO - Processing file /Users/harika/Desktop/CSYE_7245/Assignment2/pipeline/MyEnv/lib/python3.7/site-packages/airflow/example_dags/example_bash_operator.py for tasks to queue
[2021-03-24 01:04:02,562] {logging_mixin.py:104} INFO - [2021-03-24 01:04:02,562] {dagbag.py:448} INFO - Filling up the DagBag from /Users/harika/Desktop/CSYE_7245/Assignment2/pipeline/MyEnv/lib/python3.7/site-packages/airflow/example_dags/example_bash_operator.py
[2021-03-24 01:04:02,570] {scheduler_job.py:639} INFO - DAG(s) dict_keys(['example_bash_operator']) retrieved from /Users/harika/Desktop/CSYE_7245/Assignment2/pipeline/MyEnv/lib/python3.7/site-packages/airflow/example_dags/example_bash_operator.py
[2021-03-24 01:04:02,584] {logging_mixin.py:104} INFO - [2021-03-24 01:04:02,583] {dag.py:1818} INFO - Sync 1 DAGs
[2021-03-24 01:04:02,603] {logging_mixin.py:104} INFO - [2021-03-24 01:04:02,602] {dag.py:2273} INFO - Setting next_dagrun for example_bash_operator to 2021-03-22 00:00:00+00:00
[2021-03-24 01:04:02,610] {scheduler_job.py:190} INFO - Processing /Users/harika/Desktop/CSYE_7245/Assignment2/pipeline/MyEnv/lib/python3.7/site-packages/airflow/example_dags/example_bash_operator.py took 0.055 seconds
[2021-03-24 01:04:36,445] {scheduler_job.py:182} INFO - Started process (PID=17633) to work on /Users/harika/Desktop/CSYE_7245/Assignment2/pipeline/MyEnv/lib/python3.7/site-packages/airflow/example_dags/example_bash_operator.py
[2021-03-24 01:04:36,447] {scheduler_job.py:629} INFO - Processing file /Users/harika/Desktop/CSYE_7245/Assignment2/pipeline/MyEnv/lib/python3.7/site-packages/airflow/example_dags/example_bash_operator.py for tasks to queue
[2021-03-24 01:04:36,448] {logging_mixin.py:104} INFO - [2021-03-24 01:04:36,448] {dagbag.py:448} INFO - Filling up the DagBag from /Users/harika/Desktop/CSYE_7245/Assignment2/pipeline/MyEnv/lib/python3.7/site-packages/airflow/example_dags/example_bash_operator.py
[2021-03-24 01:04:36,456] {scheduler_job.py:639} INFO - DAG(s) dict_keys(['example_bash_operator']) retrieved from /Users/harika/Desktop/CSYE_7245/Assignment2/pipeline/MyEnv/lib/python3.7/site-packages/airflow/example_dags/example_bash_operator.py
[2021-03-24 01:04:36,470] {logging_mixin.py:104} INFO - [2021-03-24 01:04:36,470] {dag.py:1818} INFO - Sync 1 DAGs
[2021-03-24 01:04:36,497] {logging_mixin.py:104} INFO - [2021-03-24 01:04:36,496] {dag.py:2273} INFO - Setting next_dagrun for example_bash_operator to 2021-03-22 00:00:00+00:00
[2021-03-24 01:04:36,511] {scheduler_job.py:190} INFO - Processing /Users/harika/Desktop/CSYE_7245/Assignment2/pipeline/MyEnv/lib/python3.7/site-packages/airflow/example_dags/example_bash_operator.py took 0.069 seconds
