[2021-03-23 20:28:12,446] {scheduler_job.py:182} INFO - Started process (PID=14385) to work on /Users/harika/Desktop/CSYE_7245/Assignment2/pipeline/MyEnv/lib/python3.7/site-packages/airflow/example_dags/example_short_circuit_operator.py
[2021-03-23 20:28:12,448] {scheduler_job.py:629} INFO - Processing file /Users/harika/Desktop/CSYE_7245/Assignment2/pipeline/MyEnv/lib/python3.7/site-packages/airflow/example_dags/example_short_circuit_operator.py for tasks to queue
[2021-03-23 20:28:12,450] {logging_mixin.py:104} INFO - [2021-03-23 20:28:12,449] {dagbag.py:448} INFO - Filling up the DagBag from /Users/harika/Desktop/CSYE_7245/Assignment2/pipeline/MyEnv/lib/python3.7/site-packages/airflow/example_dags/example_short_circuit_operator.py
[2021-03-23 20:28:12,462] {scheduler_job.py:639} INFO - DAG(s) dict_keys(['example_short_circuit_operator']) retrieved from /Users/harika/Desktop/CSYE_7245/Assignment2/pipeline/MyEnv/lib/python3.7/site-packages/airflow/example_dags/example_short_circuit_operator.py
[2021-03-23 20:28:12,500] {logging_mixin.py:104} INFO - [2021-03-23 20:28:12,499] {dag.py:1818} INFO - Sync 1 DAGs
[2021-03-23 20:28:12,520] {logging_mixin.py:104} INFO - [2021-03-23 20:28:12,520] {dag.py:2273} INFO - Setting next_dagrun for example_short_circuit_operator to 2021-03-22 00:00:00+00:00
[2021-03-23 20:28:12,562] {scheduler_job.py:190} INFO - Processing /Users/harika/Desktop/CSYE_7245/Assignment2/pipeline/MyEnv/lib/python3.7/site-packages/airflow/example_dags/example_short_circuit_operator.py took 0.119 seconds
[2021-03-23 20:28:46,480] {scheduler_job.py:182} INFO - Started process (PID=14415) to work on /Users/harika/Desktop/CSYE_7245/Assignment2/pipeline/MyEnv/lib/python3.7/site-packages/airflow/example_dags/example_short_circuit_operator.py
[2021-03-23 20:28:46,482] {scheduler_job.py:629} INFO - Processing file /Users/harika/Desktop/CSYE_7245/Assignment2/pipeline/MyEnv/lib/python3.7/site-packages/airflow/example_dags/example_short_circuit_operator.py for tasks to queue
[2021-03-23 20:28:46,484] {logging_mixin.py:104} INFO - [2021-03-23 20:28:46,483] {dagbag.py:448} INFO - Filling up the DagBag from /Users/harika/Desktop/CSYE_7245/Assignment2/pipeline/MyEnv/lib/python3.7/site-packages/airflow/example_dags/example_short_circuit_operator.py
[2021-03-23 20:28:46,495] {scheduler_job.py:639} INFO - DAG(s) dict_keys(['example_short_circuit_operator']) retrieved from /Users/harika/Desktop/CSYE_7245/Assignment2/pipeline/MyEnv/lib/python3.7/site-packages/airflow/example_dags/example_short_circuit_operator.py
[2021-03-23 20:28:46,518] {logging_mixin.py:104} INFO - [2021-03-23 20:28:46,517] {dag.py:1818} INFO - Sync 1 DAGs
[2021-03-23 20:28:46,543] {logging_mixin.py:104} INFO - [2021-03-23 20:28:46,542] {dag.py:2273} INFO - Setting next_dagrun for example_short_circuit_operator to 2021-03-22 00:00:00+00:00
[2021-03-23 20:28:46,567] {scheduler_job.py:190} INFO - Processing /Users/harika/Desktop/CSYE_7245/Assignment2/pipeline/MyEnv/lib/python3.7/site-packages/airflow/example_dags/example_short_circuit_operator.py took 0.092 seconds
[2021-03-23 20:29:24,624] {scheduler_job.py:182} INFO - Started process (PID=14443) to work on /Users/harika/Desktop/CSYE_7245/Assignment2/pipeline/MyEnv/lib/python3.7/site-packages/airflow/example_dags/example_short_circuit_operator.py
[2021-03-23 20:29:24,630] {scheduler_job.py:629} INFO - Processing file /Users/harika/Desktop/CSYE_7245/Assignment2/pipeline/MyEnv/lib/python3.7/site-packages/airflow/example_dags/example_short_circuit_operator.py for tasks to queue
[2021-03-23 20:29:24,633] {logging_mixin.py:104} INFO - [2021-03-23 20:29:24,632] {dagbag.py:448} INFO - Filling up the DagBag from /Users/harika/Desktop/CSYE_7245/Assignment2/pipeline/MyEnv/lib/python3.7/site-packages/airflow/example_dags/example_short_circuit_operator.py
[2021-03-23 20:29:24,653] {scheduler_job.py:639} INFO - DAG(s) dict_keys(['example_short_circuit_operator']) retrieved from /Users/harika/Desktop/CSYE_7245/Assignment2/pipeline/MyEnv/lib/python3.7/site-packages/airflow/example_dags/example_short_circuit_operator.py
[2021-03-23 20:29:24,698] {logging_mixin.py:104} INFO - [2021-03-23 20:29:24,697] {dag.py:1818} INFO - Sync 1 DAGs
[2021-03-23 20:29:24,723] {logging_mixin.py:104} INFO - [2021-03-23 20:29:24,718] {dag.py:2273} INFO - Setting next_dagrun for example_short_circuit_operator to 2021-03-22 00:00:00+00:00
[2021-03-23 20:29:24,736] {scheduler_job.py:190} INFO - Processing /Users/harika/Desktop/CSYE_7245/Assignment2/pipeline/MyEnv/lib/python3.7/site-packages/airflow/example_dags/example_short_circuit_operator.py took 0.121 seconds
[2021-03-23 20:30:05,275] {scheduler_job.py:182} INFO - Started process (PID=14480) to work on /Users/harika/Desktop/CSYE_7245/Assignment2/pipeline/MyEnv/lib/python3.7/site-packages/airflow/example_dags/example_short_circuit_operator.py
[2021-03-23 20:30:05,277] {scheduler_job.py:629} INFO - Processing file /Users/harika/Desktop/CSYE_7245/Assignment2/pipeline/MyEnv/lib/python3.7/site-packages/airflow/example_dags/example_short_circuit_operator.py for tasks to queue
[2021-03-23 20:30:05,278] {logging_mixin.py:104} INFO - [2021-03-23 20:30:05,278] {dagbag.py:448} INFO - Filling up the DagBag from /Users/harika/Desktop/CSYE_7245/Assignment2/pipeline/MyEnv/lib/python3.7/site-packages/airflow/example_dags/example_short_circuit_operator.py
[2021-03-23 20:30:05,287] {scheduler_job.py:639} INFO - DAG(s) dict_keys(['example_short_circuit_operator']) retrieved from /Users/harika/Desktop/CSYE_7245/Assignment2/pipeline/MyEnv/lib/python3.7/site-packages/airflow/example_dags/example_short_circuit_operator.py
[2021-03-23 20:30:05,303] {logging_mixin.py:104} INFO - [2021-03-23 20:30:05,303] {dag.py:1818} INFO - Sync 1 DAGs
[2021-03-23 20:30:05,316] {logging_mixin.py:104} INFO - [2021-03-23 20:30:05,315] {dag.py:2273} INFO - Setting next_dagrun for example_short_circuit_operator to 2021-03-22 00:00:00+00:00
[2021-03-23 20:30:05,332] {scheduler_job.py:190} INFO - Processing /Users/harika/Desktop/CSYE_7245/Assignment2/pipeline/MyEnv/lib/python3.7/site-packages/airflow/example_dags/example_short_circuit_operator.py took 0.061 seconds
[2021-03-23 20:30:41,862] {scheduler_job.py:182} INFO - Started process (PID=14512) to work on /Users/harika/Desktop/CSYE_7245/Assignment2/pipeline/MyEnv/lib/python3.7/site-packages/airflow/example_dags/example_short_circuit_operator.py
[2021-03-23 20:30:41,864] {scheduler_job.py:629} INFO - Processing file /Users/harika/Desktop/CSYE_7245/Assignment2/pipeline/MyEnv/lib/python3.7/site-packages/airflow/example_dags/example_short_circuit_operator.py for tasks to queue
[2021-03-23 20:30:41,866] {logging_mixin.py:104} INFO - [2021-03-23 20:30:41,865] {dagbag.py:448} INFO - Filling up the DagBag from /Users/harika/Desktop/CSYE_7245/Assignment2/pipeline/MyEnv/lib/python3.7/site-packages/airflow/example_dags/example_short_circuit_operator.py
[2021-03-23 20:30:41,877] {scheduler_job.py:639} INFO - DAG(s) dict_keys(['example_short_circuit_operator']) retrieved from /Users/harika/Desktop/CSYE_7245/Assignment2/pipeline/MyEnv/lib/python3.7/site-packages/airflow/example_dags/example_short_circuit_operator.py
[2021-03-23 20:30:41,892] {logging_mixin.py:104} INFO - [2021-03-23 20:30:41,892] {dag.py:1818} INFO - Sync 1 DAGs
[2021-03-23 20:30:41,904] {logging_mixin.py:104} INFO - [2021-03-23 20:30:41,904] {dag.py:2273} INFO - Setting next_dagrun for example_short_circuit_operator to 2021-03-22 00:00:00+00:00
[2021-03-23 20:30:41,919] {scheduler_job.py:190} INFO - Processing /Users/harika/Desktop/CSYE_7245/Assignment2/pipeline/MyEnv/lib/python3.7/site-packages/airflow/example_dags/example_short_circuit_operator.py took 0.062 seconds
[2021-03-23 20:31:18,281] {scheduler_job.py:182} INFO - Started process (PID=14545) to work on /Users/harika/Desktop/CSYE_7245/Assignment2/pipeline/MyEnv/lib/python3.7/site-packages/airflow/example_dags/example_short_circuit_operator.py
[2021-03-23 20:31:18,283] {scheduler_job.py:629} INFO - Processing file /Users/harika/Desktop/CSYE_7245/Assignment2/pipeline/MyEnv/lib/python3.7/site-packages/airflow/example_dags/example_short_circuit_operator.py for tasks to queue
[2021-03-23 20:31:18,285] {logging_mixin.py:104} INFO - [2021-03-23 20:31:18,284] {dagbag.py:448} INFO - Filling up the DagBag from /Users/harika/Desktop/CSYE_7245/Assignment2/pipeline/MyEnv/lib/python3.7/site-packages/airflow/example_dags/example_short_circuit_operator.py
[2021-03-23 20:31:18,296] {scheduler_job.py:639} INFO - DAG(s) dict_keys(['example_short_circuit_operator']) retrieved from /Users/harika/Desktop/CSYE_7245/Assignment2/pipeline/MyEnv/lib/python3.7/site-packages/airflow/example_dags/example_short_circuit_operator.py
[2021-03-23 20:31:18,312] {logging_mixin.py:104} INFO - [2021-03-23 20:31:18,312] {dag.py:1818} INFO - Sync 1 DAGs
[2021-03-23 20:31:18,333] {logging_mixin.py:104} INFO - [2021-03-23 20:31:18,333] {dag.py:2273} INFO - Setting next_dagrun for example_short_circuit_operator to 2021-03-22 00:00:00+00:00
[2021-03-23 20:31:18,347] {scheduler_job.py:190} INFO - Processing /Users/harika/Desktop/CSYE_7245/Assignment2/pipeline/MyEnv/lib/python3.7/site-packages/airflow/example_dags/example_short_circuit_operator.py took 0.073 seconds
[2021-03-23 21:09:33,893] {scheduler_job.py:182} INFO - Started process (PID=14928) to work on /Users/harika/Desktop/CSYE_7245/Assignment2/pipeline/MyEnv/lib/python3.7/site-packages/airflow/example_dags/example_short_circuit_operator.py
[2021-03-23 21:09:33,900] {scheduler_job.py:629} INFO - Processing file /Users/harika/Desktop/CSYE_7245/Assignment2/pipeline/MyEnv/lib/python3.7/site-packages/airflow/example_dags/example_short_circuit_operator.py for tasks to queue
[2021-03-23 21:09:33,906] {logging_mixin.py:104} INFO - [2021-03-23 21:09:33,905] {dagbag.py:448} INFO - Filling up the DagBag from /Users/harika/Desktop/CSYE_7245/Assignment2/pipeline/MyEnv/lib/python3.7/site-packages/airflow/example_dags/example_short_circuit_operator.py
[2021-03-23 21:09:33,946] {scheduler_job.py:639} INFO - DAG(s) dict_keys(['example_short_circuit_operator']) retrieved from /Users/harika/Desktop/CSYE_7245/Assignment2/pipeline/MyEnv/lib/python3.7/site-packages/airflow/example_dags/example_short_circuit_operator.py
[2021-03-23 21:09:33,977] {logging_mixin.py:104} INFO - [2021-03-23 21:09:33,976] {dag.py:1818} INFO - Sync 1 DAGs
[2021-03-23 21:09:34,002] {logging_mixin.py:104} INFO - [2021-03-23 21:09:34,001] {dag.py:2273} INFO - Setting next_dagrun for example_short_circuit_operator to 2021-03-22 00:00:00+00:00
[2021-03-23 21:09:34,023] {scheduler_job.py:190} INFO - Processing /Users/harika/Desktop/CSYE_7245/Assignment2/pipeline/MyEnv/lib/python3.7/site-packages/airflow/example_dags/example_short_circuit_operator.py took 0.137 seconds
[2021-03-23 21:12:47,849] {scheduler_job.py:182} INFO - Started process (PID=15008) to work on /Users/harika/Desktop/CSYE_7245/Assignment2/pipeline/MyEnv/lib/python3.7/site-packages/airflow/example_dags/example_short_circuit_operator.py
[2021-03-23 21:12:47,852] {scheduler_job.py:629} INFO - Processing file /Users/harika/Desktop/CSYE_7245/Assignment2/pipeline/MyEnv/lib/python3.7/site-packages/airflow/example_dags/example_short_circuit_operator.py for tasks to queue
[2021-03-23 21:12:47,855] {logging_mixin.py:104} INFO - [2021-03-23 21:12:47,853] {dagbag.py:448} INFO - Filling up the DagBag from /Users/harika/Desktop/CSYE_7245/Assignment2/pipeline/MyEnv/lib/python3.7/site-packages/airflow/example_dags/example_short_circuit_operator.py
[2021-03-23 21:12:47,869] {scheduler_job.py:639} INFO - DAG(s) dict_keys(['example_short_circuit_operator']) retrieved from /Users/harika/Desktop/CSYE_7245/Assignment2/pipeline/MyEnv/lib/python3.7/site-packages/airflow/example_dags/example_short_circuit_operator.py
[2021-03-23 21:12:47,891] {logging_mixin.py:104} INFO - [2021-03-23 21:12:47,890] {dag.py:1818} INFO - Sync 1 DAGs
[2021-03-23 21:12:47,902] {logging_mixin.py:104} INFO - [2021-03-23 21:12:47,902] {dag.py:2273} INFO - Setting next_dagrun for example_short_circuit_operator to 2021-03-22 00:00:00+00:00
[2021-03-23 21:12:47,911] {scheduler_job.py:190} INFO - Processing /Users/harika/Desktop/CSYE_7245/Assignment2/pipeline/MyEnv/lib/python3.7/site-packages/airflow/example_dags/example_short_circuit_operator.py took 0.065 seconds
[2021-03-23 21:13:28,521] {scheduler_job.py:182} INFO - Started process (PID=15038) to work on /Users/harika/Desktop/CSYE_7245/Assignment2/pipeline/MyEnv/lib/python3.7/site-packages/airflow/example_dags/example_short_circuit_operator.py
[2021-03-23 21:13:28,523] {scheduler_job.py:629} INFO - Processing file /Users/harika/Desktop/CSYE_7245/Assignment2/pipeline/MyEnv/lib/python3.7/site-packages/airflow/example_dags/example_short_circuit_operator.py for tasks to queue
[2021-03-23 21:13:28,526] {logging_mixin.py:104} INFO - [2021-03-23 21:13:28,524] {dagbag.py:448} INFO - Filling up the DagBag from /Users/harika/Desktop/CSYE_7245/Assignment2/pipeline/MyEnv/lib/python3.7/site-packages/airflow/example_dags/example_short_circuit_operator.py
[2021-03-23 21:13:28,539] {scheduler_job.py:639} INFO - DAG(s) dict_keys(['example_short_circuit_operator']) retrieved from /Users/harika/Desktop/CSYE_7245/Assignment2/pipeline/MyEnv/lib/python3.7/site-packages/airflow/example_dags/example_short_circuit_operator.py
[2021-03-23 21:13:28,573] {logging_mixin.py:104} INFO - [2021-03-23 21:13:28,567] {dag.py:1818} INFO - Sync 1 DAGs
[2021-03-23 21:13:28,607] {logging_mixin.py:104} INFO - [2021-03-23 21:13:28,606] {dag.py:2273} INFO - Setting next_dagrun for example_short_circuit_operator to 2021-03-22 00:00:00+00:00
[2021-03-23 21:13:28,622] {scheduler_job.py:190} INFO - Processing /Users/harika/Desktop/CSYE_7245/Assignment2/pipeline/MyEnv/lib/python3.7/site-packages/airflow/example_dags/example_short_circuit_operator.py took 0.107 seconds
[2021-03-23 21:15:30,891] {scheduler_job.py:182} INFO - Started process (PID=15134) to work on /Users/harika/Desktop/CSYE_7245/Assignment2/pipeline/MyEnv/lib/python3.7/site-packages/airflow/example_dags/example_short_circuit_operator.py
[2021-03-23 21:15:30,893] {scheduler_job.py:629} INFO - Processing file /Users/harika/Desktop/CSYE_7245/Assignment2/pipeline/MyEnv/lib/python3.7/site-packages/airflow/example_dags/example_short_circuit_operator.py for tasks to queue
[2021-03-23 21:15:30,896] {logging_mixin.py:104} INFO - [2021-03-23 21:15:30,895] {dagbag.py:448} INFO - Filling up the DagBag from /Users/harika/Desktop/CSYE_7245/Assignment2/pipeline/MyEnv/lib/python3.7/site-packages/airflow/example_dags/example_short_circuit_operator.py
[2021-03-23 21:15:30,927] {scheduler_job.py:639} INFO - DAG(s) dict_keys(['example_short_circuit_operator']) retrieved from /Users/harika/Desktop/CSYE_7245/Assignment2/pipeline/MyEnv/lib/python3.7/site-packages/airflow/example_dags/example_short_circuit_operator.py
[2021-03-23 21:15:30,957] {logging_mixin.py:104} INFO - [2021-03-23 21:15:30,956] {dag.py:1818} INFO - Sync 1 DAGs
[2021-03-23 21:15:30,992] {logging_mixin.py:104} INFO - [2021-03-23 21:15:30,991] {dag.py:2273} INFO - Setting next_dagrun for example_short_circuit_operator to 2021-03-22 00:00:00+00:00
[2021-03-23 21:15:31,014] {scheduler_job.py:190} INFO - Processing /Users/harika/Desktop/CSYE_7245/Assignment2/pipeline/MyEnv/lib/python3.7/site-packages/airflow/example_dags/example_short_circuit_operator.py took 0.129 seconds
[2021-03-23 21:17:45,817] {scheduler_job.py:182} INFO - Started process (PID=15182) to work on /Users/harika/Desktop/CSYE_7245/Assignment2/pipeline/MyEnv/lib/python3.7/site-packages/airflow/example_dags/example_short_circuit_operator.py
[2021-03-23 21:17:45,820] {scheduler_job.py:629} INFO - Processing file /Users/harika/Desktop/CSYE_7245/Assignment2/pipeline/MyEnv/lib/python3.7/site-packages/airflow/example_dags/example_short_circuit_operator.py for tasks to queue
[2021-03-23 21:17:45,822] {logging_mixin.py:104} INFO - [2021-03-23 21:17:45,821] {dagbag.py:448} INFO - Filling up the DagBag from /Users/harika/Desktop/CSYE_7245/Assignment2/pipeline/MyEnv/lib/python3.7/site-packages/airflow/example_dags/example_short_circuit_operator.py
[2021-03-23 21:17:45,833] {scheduler_job.py:639} INFO - DAG(s) dict_keys(['example_short_circuit_operator']) retrieved from /Users/harika/Desktop/CSYE_7245/Assignment2/pipeline/MyEnv/lib/python3.7/site-packages/airflow/example_dags/example_short_circuit_operator.py
[2021-03-23 21:17:45,849] {logging_mixin.py:104} INFO - [2021-03-23 21:17:45,849] {dag.py:1818} INFO - Sync 1 DAGs
[2021-03-23 21:17:45,863] {logging_mixin.py:104} INFO - [2021-03-23 21:17:45,862] {dag.py:2273} INFO - Setting next_dagrun for example_short_circuit_operator to 2021-03-22 00:00:00+00:00
[2021-03-23 21:17:45,882] {scheduler_job.py:190} INFO - Processing /Users/harika/Desktop/CSYE_7245/Assignment2/pipeline/MyEnv/lib/python3.7/site-packages/airflow/example_dags/example_short_circuit_operator.py took 0.068 seconds
[2021-03-23 21:18:22,728] {scheduler_job.py:182} INFO - Started process (PID=15223) to work on /Users/harika/Desktop/CSYE_7245/Assignment2/pipeline/MyEnv/lib/python3.7/site-packages/airflow/example_dags/example_short_circuit_operator.py
[2021-03-23 21:18:22,730] {scheduler_job.py:629} INFO - Processing file /Users/harika/Desktop/CSYE_7245/Assignment2/pipeline/MyEnv/lib/python3.7/site-packages/airflow/example_dags/example_short_circuit_operator.py for tasks to queue
[2021-03-23 21:18:22,733] {logging_mixin.py:104} INFO - [2021-03-23 21:18:22,732] {dagbag.py:448} INFO - Filling up the DagBag from /Users/harika/Desktop/CSYE_7245/Assignment2/pipeline/MyEnv/lib/python3.7/site-packages/airflow/example_dags/example_short_circuit_operator.py
[2021-03-23 21:18:22,755] {scheduler_job.py:639} INFO - DAG(s) dict_keys(['example_short_circuit_operator']) retrieved from /Users/harika/Desktop/CSYE_7245/Assignment2/pipeline/MyEnv/lib/python3.7/site-packages/airflow/example_dags/example_short_circuit_operator.py
[2021-03-23 21:18:22,782] {logging_mixin.py:104} INFO - [2021-03-23 21:18:22,781] {dag.py:1818} INFO - Sync 1 DAGs
[2021-03-23 21:18:22,801] {logging_mixin.py:104} INFO - [2021-03-23 21:18:22,800] {dag.py:2273} INFO - Setting next_dagrun for example_short_circuit_operator to 2021-03-22 00:00:00+00:00
[2021-03-23 21:18:22,821] {scheduler_job.py:190} INFO - Processing /Users/harika/Desktop/CSYE_7245/Assignment2/pipeline/MyEnv/lib/python3.7/site-packages/airflow/example_dags/example_short_circuit_operator.py took 0.101 seconds
[2021-03-23 21:19:00,391] {scheduler_job.py:182} INFO - Started process (PID=15255) to work on /Users/harika/Desktop/CSYE_7245/Assignment2/pipeline/MyEnv/lib/python3.7/site-packages/airflow/example_dags/example_short_circuit_operator.py
[2021-03-23 21:19:00,393] {scheduler_job.py:629} INFO - Processing file /Users/harika/Desktop/CSYE_7245/Assignment2/pipeline/MyEnv/lib/python3.7/site-packages/airflow/example_dags/example_short_circuit_operator.py for tasks to queue
[2021-03-23 21:19:00,399] {logging_mixin.py:104} INFO - [2021-03-23 21:19:00,396] {dagbag.py:448} INFO - Filling up the DagBag from /Users/harika/Desktop/CSYE_7245/Assignment2/pipeline/MyEnv/lib/python3.7/site-packages/airflow/example_dags/example_short_circuit_operator.py
[2021-03-23 21:19:00,415] {scheduler_job.py:639} INFO - DAG(s) dict_keys(['example_short_circuit_operator']) retrieved from /Users/harika/Desktop/CSYE_7245/Assignment2/pipeline/MyEnv/lib/python3.7/site-packages/airflow/example_dags/example_short_circuit_operator.py
[2021-03-23 21:19:00,440] {logging_mixin.py:104} INFO - [2021-03-23 21:19:00,439] {dag.py:1818} INFO - Sync 1 DAGs
[2021-03-23 21:19:00,453] {logging_mixin.py:104} INFO - [2021-03-23 21:19:00,452] {dag.py:2273} INFO - Setting next_dagrun for example_short_circuit_operator to 2021-03-22 00:00:00+00:00
[2021-03-23 21:19:00,465] {scheduler_job.py:190} INFO - Processing /Users/harika/Desktop/CSYE_7245/Assignment2/pipeline/MyEnv/lib/python3.7/site-packages/airflow/example_dags/example_short_circuit_operator.py took 0.081 seconds
[2021-03-23 21:19:37,807] {scheduler_job.py:182} INFO - Started process (PID=15285) to work on /Users/harika/Desktop/CSYE_7245/Assignment2/pipeline/MyEnv/lib/python3.7/site-packages/airflow/example_dags/example_short_circuit_operator.py
[2021-03-23 21:19:37,809] {scheduler_job.py:629} INFO - Processing file /Users/harika/Desktop/CSYE_7245/Assignment2/pipeline/MyEnv/lib/python3.7/site-packages/airflow/example_dags/example_short_circuit_operator.py for tasks to queue
[2021-03-23 21:19:37,810] {logging_mixin.py:104} INFO - [2021-03-23 21:19:37,810] {dagbag.py:448} INFO - Filling up the DagBag from /Users/harika/Desktop/CSYE_7245/Assignment2/pipeline/MyEnv/lib/python3.7/site-packages/airflow/example_dags/example_short_circuit_operator.py
[2021-03-23 21:19:37,824] {scheduler_job.py:639} INFO - DAG(s) dict_keys(['example_short_circuit_operator']) retrieved from /Users/harika/Desktop/CSYE_7245/Assignment2/pipeline/MyEnv/lib/python3.7/site-packages/airflow/example_dags/example_short_circuit_operator.py
[2021-03-23 21:19:37,842] {logging_mixin.py:104} INFO - [2021-03-23 21:19:37,842] {dag.py:1818} INFO - Sync 1 DAGs
[2021-03-23 21:19:37,854] {logging_mixin.py:104} INFO - [2021-03-23 21:19:37,853] {dag.py:2273} INFO - Setting next_dagrun for example_short_circuit_operator to 2021-03-22 00:00:00+00:00
[2021-03-23 21:19:37,862] {scheduler_job.py:190} INFO - Processing /Users/harika/Desktop/CSYE_7245/Assignment2/pipeline/MyEnv/lib/python3.7/site-packages/airflow/example_dags/example_short_circuit_operator.py took 0.058 seconds
[2021-03-24 00:03:11,282] {scheduler_job.py:182} INFO - Started process (PID=16957) to work on /Users/harika/Desktop/CSYE_7245/Assignment2/pipeline/MyEnv/lib/python3.7/site-packages/airflow/example_dags/example_short_circuit_operator.py
[2021-03-24 00:03:11,285] {scheduler_job.py:629} INFO - Processing file /Users/harika/Desktop/CSYE_7245/Assignment2/pipeline/MyEnv/lib/python3.7/site-packages/airflow/example_dags/example_short_circuit_operator.py for tasks to queue
[2021-03-24 00:03:11,286] {logging_mixin.py:104} INFO - [2021-03-24 00:03:11,286] {dagbag.py:448} INFO - Filling up the DagBag from /Users/harika/Desktop/CSYE_7245/Assignment2/pipeline/MyEnv/lib/python3.7/site-packages/airflow/example_dags/example_short_circuit_operator.py
[2021-03-24 00:03:11,302] {scheduler_job.py:639} INFO - DAG(s) dict_keys(['example_short_circuit_operator']) retrieved from /Users/harika/Desktop/CSYE_7245/Assignment2/pipeline/MyEnv/lib/python3.7/site-packages/airflow/example_dags/example_short_circuit_operator.py
[2021-03-24 00:03:11,323] {logging_mixin.py:104} INFO - [2021-03-24 00:03:11,323] {dag.py:1818} INFO - Sync 1 DAGs
[2021-03-24 00:03:11,335] {logging_mixin.py:104} INFO - [2021-03-24 00:03:11,335] {dag.py:2273} INFO - Setting next_dagrun for example_short_circuit_operator to 2021-03-22 00:00:00+00:00
[2021-03-24 00:03:11,344] {scheduler_job.py:190} INFO - Processing /Users/harika/Desktop/CSYE_7245/Assignment2/pipeline/MyEnv/lib/python3.7/site-packages/airflow/example_dags/example_short_circuit_operator.py took 0.066 seconds
[2021-03-24 00:03:48,543] {scheduler_job.py:182} INFO - Started process (PID=16985) to work on /Users/harika/Desktop/CSYE_7245/Assignment2/pipeline/MyEnv/lib/python3.7/site-packages/airflow/example_dags/example_short_circuit_operator.py
[2021-03-24 00:03:48,545] {scheduler_job.py:629} INFO - Processing file /Users/harika/Desktop/CSYE_7245/Assignment2/pipeline/MyEnv/lib/python3.7/site-packages/airflow/example_dags/example_short_circuit_operator.py for tasks to queue
[2021-03-24 00:03:48,547] {logging_mixin.py:104} INFO - [2021-03-24 00:03:48,546] {dagbag.py:448} INFO - Filling up the DagBag from /Users/harika/Desktop/CSYE_7245/Assignment2/pipeline/MyEnv/lib/python3.7/site-packages/airflow/example_dags/example_short_circuit_operator.py
[2021-03-24 00:03:48,570] {scheduler_job.py:639} INFO - DAG(s) dict_keys(['example_short_circuit_operator']) retrieved from /Users/harika/Desktop/CSYE_7245/Assignment2/pipeline/MyEnv/lib/python3.7/site-packages/airflow/example_dags/example_short_circuit_operator.py
[2021-03-24 00:03:48,592] {logging_mixin.py:104} INFO - [2021-03-24 00:03:48,591] {dag.py:1818} INFO - Sync 1 DAGs
[2021-03-24 00:03:48,610] {logging_mixin.py:104} INFO - [2021-03-24 00:03:48,609] {dag.py:2273} INFO - Setting next_dagrun for example_short_circuit_operator to 2021-03-22 00:00:00+00:00
[2021-03-24 00:03:48,619] {scheduler_job.py:190} INFO - Processing /Users/harika/Desktop/CSYE_7245/Assignment2/pipeline/MyEnv/lib/python3.7/site-packages/airflow/example_dags/example_short_circuit_operator.py took 0.082 seconds
[2021-03-24 00:04:34,886] {scheduler_job.py:182} INFO - Started process (PID=17020) to work on /Users/harika/Desktop/CSYE_7245/Assignment2/pipeline/MyEnv/lib/python3.7/site-packages/airflow/example_dags/example_short_circuit_operator.py
[2021-03-24 00:04:34,888] {scheduler_job.py:629} INFO - Processing file /Users/harika/Desktop/CSYE_7245/Assignment2/pipeline/MyEnv/lib/python3.7/site-packages/airflow/example_dags/example_short_circuit_operator.py for tasks to queue
[2021-03-24 00:04:34,890] {logging_mixin.py:104} INFO - [2021-03-24 00:04:34,889] {dagbag.py:448} INFO - Filling up the DagBag from /Users/harika/Desktop/CSYE_7245/Assignment2/pipeline/MyEnv/lib/python3.7/site-packages/airflow/example_dags/example_short_circuit_operator.py
[2021-03-24 00:04:34,906] {scheduler_job.py:639} INFO - DAG(s) dict_keys(['example_short_circuit_operator']) retrieved from /Users/harika/Desktop/CSYE_7245/Assignment2/pipeline/MyEnv/lib/python3.7/site-packages/airflow/example_dags/example_short_circuit_operator.py
[2021-03-24 00:04:34,928] {logging_mixin.py:104} INFO - [2021-03-24 00:04:34,927] {dag.py:1818} INFO - Sync 1 DAGs
[2021-03-24 00:04:34,945] {logging_mixin.py:104} INFO - [2021-03-24 00:04:34,944] {dag.py:2273} INFO - Setting next_dagrun for example_short_circuit_operator to 2021-03-22 00:00:00+00:00
[2021-03-24 00:04:34,956] {scheduler_job.py:190} INFO - Processing /Users/harika/Desktop/CSYE_7245/Assignment2/pipeline/MyEnv/lib/python3.7/site-packages/airflow/example_dags/example_short_circuit_operator.py took 0.074 seconds
[2021-03-24 00:05:07,443] {scheduler_job.py:182} INFO - Started process (PID=17048) to work on /Users/harika/Desktop/CSYE_7245/Assignment2/pipeline/MyEnv/lib/python3.7/site-packages/airflow/example_dags/example_short_circuit_operator.py
[2021-03-24 00:05:07,444] {scheduler_job.py:629} INFO - Processing file /Users/harika/Desktop/CSYE_7245/Assignment2/pipeline/MyEnv/lib/python3.7/site-packages/airflow/example_dags/example_short_circuit_operator.py for tasks to queue
[2021-03-24 00:05:07,445] {logging_mixin.py:104} INFO - [2021-03-24 00:05:07,445] {dagbag.py:448} INFO - Filling up the DagBag from /Users/harika/Desktop/CSYE_7245/Assignment2/pipeline/MyEnv/lib/python3.7/site-packages/airflow/example_dags/example_short_circuit_operator.py
[2021-03-24 00:05:07,461] {scheduler_job.py:639} INFO - DAG(s) dict_keys(['example_short_circuit_operator']) retrieved from /Users/harika/Desktop/CSYE_7245/Assignment2/pipeline/MyEnv/lib/python3.7/site-packages/airflow/example_dags/example_short_circuit_operator.py
[2021-03-24 00:05:07,476] {logging_mixin.py:104} INFO - [2021-03-24 00:05:07,475] {dag.py:1818} INFO - Sync 1 DAGs
[2021-03-24 00:05:07,488] {logging_mixin.py:104} INFO - [2021-03-24 00:05:07,487] {dag.py:2273} INFO - Setting next_dagrun for example_short_circuit_operator to 2021-03-22 00:00:00+00:00
[2021-03-24 00:05:07,496] {scheduler_job.py:190} INFO - Processing /Users/harika/Desktop/CSYE_7245/Assignment2/pipeline/MyEnv/lib/python3.7/site-packages/airflow/example_dags/example_short_circuit_operator.py took 0.057 seconds
[2021-03-24 01:02:58,515] {scheduler_job.py:182} INFO - Started process (PID=17457) to work on /Users/harika/Desktop/CSYE_7245/Assignment2/pipeline/MyEnv/lib/python3.7/site-packages/airflow/example_dags/example_short_circuit_operator.py
[2021-03-24 01:02:58,518] {scheduler_job.py:629} INFO - Processing file /Users/harika/Desktop/CSYE_7245/Assignment2/pipeline/MyEnv/lib/python3.7/site-packages/airflow/example_dags/example_short_circuit_operator.py for tasks to queue
[2021-03-24 01:02:58,519] {logging_mixin.py:104} INFO - [2021-03-24 01:02:58,519] {dagbag.py:448} INFO - Filling up the DagBag from /Users/harika/Desktop/CSYE_7245/Assignment2/pipeline/MyEnv/lib/python3.7/site-packages/airflow/example_dags/example_short_circuit_operator.py
[2021-03-24 01:02:58,529] {scheduler_job.py:639} INFO - DAG(s) dict_keys(['example_short_circuit_operator']) retrieved from /Users/harika/Desktop/CSYE_7245/Assignment2/pipeline/MyEnv/lib/python3.7/site-packages/airflow/example_dags/example_short_circuit_operator.py
[2021-03-24 01:02:58,547] {logging_mixin.py:104} INFO - [2021-03-24 01:02:58,546] {dag.py:1818} INFO - Sync 1 DAGs
[2021-03-24 01:02:58,559] {logging_mixin.py:104} INFO - [2021-03-24 01:02:58,558] {dag.py:2273} INFO - Setting next_dagrun for example_short_circuit_operator to 2021-03-22 00:00:00+00:00
[2021-03-24 01:02:58,567] {scheduler_job.py:190} INFO - Processing /Users/harika/Desktop/CSYE_7245/Assignment2/pipeline/MyEnv/lib/python3.7/site-packages/airflow/example_dags/example_short_circuit_operator.py took 0.056 seconds
[2021-03-24 01:03:36,574] {scheduler_job.py:182} INFO - Started process (PID=17504) to work on /Users/harika/Desktop/CSYE_7245/Assignment2/pipeline/MyEnv/lib/python3.7/site-packages/airflow/example_dags/example_short_circuit_operator.py
[2021-03-24 01:03:36,577] {scheduler_job.py:629} INFO - Processing file /Users/harika/Desktop/CSYE_7245/Assignment2/pipeline/MyEnv/lib/python3.7/site-packages/airflow/example_dags/example_short_circuit_operator.py for tasks to queue
[2021-03-24 01:03:36,580] {logging_mixin.py:104} INFO - [2021-03-24 01:03:36,579] {dagbag.py:448} INFO - Filling up the DagBag from /Users/harika/Desktop/CSYE_7245/Assignment2/pipeline/MyEnv/lib/python3.7/site-packages/airflow/example_dags/example_short_circuit_operator.py
[2021-03-24 01:03:36,604] {scheduler_job.py:639} INFO - DAG(s) dict_keys(['example_short_circuit_operator']) retrieved from /Users/harika/Desktop/CSYE_7245/Assignment2/pipeline/MyEnv/lib/python3.7/site-packages/airflow/example_dags/example_short_circuit_operator.py
[2021-03-24 01:03:36,640] {logging_mixin.py:104} INFO - [2021-03-24 01:03:36,639] {dag.py:1818} INFO - Sync 1 DAGs
[2021-03-24 01:03:36,669] {logging_mixin.py:104} INFO - [2021-03-24 01:03:36,669] {dag.py:2273} INFO - Setting next_dagrun for example_short_circuit_operator to 2021-03-22 00:00:00+00:00
[2021-03-24 01:03:36,694] {scheduler_job.py:190} INFO - Processing /Users/harika/Desktop/CSYE_7245/Assignment2/pipeline/MyEnv/lib/python3.7/site-packages/airflow/example_dags/example_short_circuit_operator.py took 0.134 seconds
[2021-03-24 01:04:11,721] {scheduler_job.py:182} INFO - Started process (PID=17546) to work on /Users/harika/Desktop/CSYE_7245/Assignment2/pipeline/MyEnv/lib/python3.7/site-packages/airflow/example_dags/example_short_circuit_operator.py
[2021-03-24 01:04:11,723] {scheduler_job.py:629} INFO - Processing file /Users/harika/Desktop/CSYE_7245/Assignment2/pipeline/MyEnv/lib/python3.7/site-packages/airflow/example_dags/example_short_circuit_operator.py for tasks to queue
[2021-03-24 01:04:11,724] {logging_mixin.py:104} INFO - [2021-03-24 01:04:11,724] {dagbag.py:448} INFO - Filling up the DagBag from /Users/harika/Desktop/CSYE_7245/Assignment2/pipeline/MyEnv/lib/python3.7/site-packages/airflow/example_dags/example_short_circuit_operator.py
[2021-03-24 01:04:11,732] {scheduler_job.py:639} INFO - DAG(s) dict_keys(['example_short_circuit_operator']) retrieved from /Users/harika/Desktop/CSYE_7245/Assignment2/pipeline/MyEnv/lib/python3.7/site-packages/airflow/example_dags/example_short_circuit_operator.py
[2021-03-24 01:04:11,746] {logging_mixin.py:104} INFO - [2021-03-24 01:04:11,746] {dag.py:1818} INFO - Sync 1 DAGs
[2021-03-24 01:04:11,758] {logging_mixin.py:104} INFO - [2021-03-24 01:04:11,757] {dag.py:2273} INFO - Setting next_dagrun for example_short_circuit_operator to 2021-03-22 00:00:00+00:00
[2021-03-24 01:04:11,765] {scheduler_job.py:190} INFO - Processing /Users/harika/Desktop/CSYE_7245/Assignment2/pipeline/MyEnv/lib/python3.7/site-packages/airflow/example_dags/example_short_circuit_operator.py took 0.048 seconds
[2021-03-24 01:04:45,615] {scheduler_job.py:182} INFO - Started process (PID=17644) to work on /Users/harika/Desktop/CSYE_7245/Assignment2/pipeline/MyEnv/lib/python3.7/site-packages/airflow/example_dags/example_short_circuit_operator.py
[2021-03-24 01:04:45,617] {scheduler_job.py:629} INFO - Processing file /Users/harika/Desktop/CSYE_7245/Assignment2/pipeline/MyEnv/lib/python3.7/site-packages/airflow/example_dags/example_short_circuit_operator.py for tasks to queue
[2021-03-24 01:04:45,618] {logging_mixin.py:104} INFO - [2021-03-24 01:04:45,618] {dagbag.py:448} INFO - Filling up the DagBag from /Users/harika/Desktop/CSYE_7245/Assignment2/pipeline/MyEnv/lib/python3.7/site-packages/airflow/example_dags/example_short_circuit_operator.py
[2021-03-24 01:04:45,629] {scheduler_job.py:639} INFO - DAG(s) dict_keys(['example_short_circuit_operator']) retrieved from /Users/harika/Desktop/CSYE_7245/Assignment2/pipeline/MyEnv/lib/python3.7/site-packages/airflow/example_dags/example_short_circuit_operator.py
[2021-03-24 01:04:45,648] {logging_mixin.py:104} INFO - [2021-03-24 01:04:45,647] {dag.py:1818} INFO - Sync 1 DAGs
[2021-03-24 01:04:45,662] {logging_mixin.py:104} INFO - [2021-03-24 01:04:45,661] {dag.py:2273} INFO - Setting next_dagrun for example_short_circuit_operator to 2021-03-22 00:00:00+00:00
[2021-03-24 01:04:45,671] {scheduler_job.py:190} INFO - Processing /Users/harika/Desktop/CSYE_7245/Assignment2/pipeline/MyEnv/lib/python3.7/site-packages/airflow/example_dags/example_short_circuit_operator.py took 0.059 seconds
