[2021-03-23 20:14:32,044] {scheduler_job.py:182} INFO - Started process (PID=14177) to work on /Users/harika/Desktop/CSYE_7245/Assignment2/pipeline/MyEnv/lib/python3.7/site-packages/airflow/example_dags/example_python_operator.py
[2021-03-23 20:14:32,050] {scheduler_job.py:629} INFO - Processing file /Users/harika/Desktop/CSYE_7245/Assignment2/pipeline/MyEnv/lib/python3.7/site-packages/airflow/example_dags/example_python_operator.py for tasks to queue
[2021-03-23 20:14:32,052] {logging_mixin.py:104} INFO - [2021-03-23 20:14:32,051] {dagbag.py:448} INFO - Filling up the DagBag from /Users/harika/Desktop/CSYE_7245/Assignment2/pipeline/MyEnv/lib/python3.7/site-packages/airflow/example_dags/example_python_operator.py
[2021-03-23 20:14:32,080] {scheduler_job.py:639} INFO - DAG(s) dict_keys(['example_python_operator']) retrieved from /Users/harika/Desktop/CSYE_7245/Assignment2/pipeline/MyEnv/lib/python3.7/site-packages/airflow/example_dags/example_python_operator.py
[2021-03-23 20:14:32,113] {logging_mixin.py:104} INFO - [2021-03-23 20:14:32,112] {dag.py:1818} INFO - Sync 1 DAGs
[2021-03-23 20:14:32,142] {logging_mixin.py:104} INFO - [2021-03-23 20:14:32,141] {dag.py:2273} INFO - Setting next_dagrun for example_python_operator to None
[2021-03-23 20:14:32,162] {scheduler_job.py:190} INFO - Processing /Users/harika/Desktop/CSYE_7245/Assignment2/pipeline/MyEnv/lib/python3.7/site-packages/airflow/example_dags/example_python_operator.py took 0.125 seconds
[2021-03-23 20:25:25,654] {scheduler_job.py:182} INFO - Started process (PID=14314) to work on /Users/harika/Desktop/CSYE_7245/Assignment2/pipeline/MyEnv/lib/python3.7/site-packages/airflow/example_dags/example_python_operator.py
[2021-03-23 20:25:25,658] {scheduler_job.py:629} INFO - Processing file /Users/harika/Desktop/CSYE_7245/Assignment2/pipeline/MyEnv/lib/python3.7/site-packages/airflow/example_dags/example_python_operator.py for tasks to queue
[2021-03-23 20:25:25,662] {logging_mixin.py:104} INFO - [2021-03-23 20:25:25,660] {dagbag.py:448} INFO - Filling up the DagBag from /Users/harika/Desktop/CSYE_7245/Assignment2/pipeline/MyEnv/lib/python3.7/site-packages/airflow/example_dags/example_python_operator.py
[2021-03-23 20:25:25,694] {scheduler_job.py:639} INFO - DAG(s) dict_keys(['example_python_operator']) retrieved from /Users/harika/Desktop/CSYE_7245/Assignment2/pipeline/MyEnv/lib/python3.7/site-packages/airflow/example_dags/example_python_operator.py
[2021-03-23 20:25:25,753] {logging_mixin.py:104} INFO - [2021-03-23 20:25:25,752] {dag.py:1818} INFO - Sync 1 DAGs
[2021-03-23 20:25:25,789] {logging_mixin.py:104} INFO - [2021-03-23 20:25:25,787] {dag.py:2273} INFO - Setting next_dagrun for example_python_operator to None
[2021-03-23 20:25:25,817] {scheduler_job.py:190} INFO - Processing /Users/harika/Desktop/CSYE_7245/Assignment2/pipeline/MyEnv/lib/python3.7/site-packages/airflow/example_dags/example_python_operator.py took 0.170 seconds
[2021-03-23 20:27:53,831] {scheduler_job.py:182} INFO - Started process (PID=14368) to work on /Users/harika/Desktop/CSYE_7245/Assignment2/pipeline/MyEnv/lib/python3.7/site-packages/airflow/example_dags/example_python_operator.py
[2021-03-23 20:27:53,833] {scheduler_job.py:629} INFO - Processing file /Users/harika/Desktop/CSYE_7245/Assignment2/pipeline/MyEnv/lib/python3.7/site-packages/airflow/example_dags/example_python_operator.py for tasks to queue
[2021-03-23 20:27:53,834] {logging_mixin.py:104} INFO - [2021-03-23 20:27:53,834] {dagbag.py:448} INFO - Filling up the DagBag from /Users/harika/Desktop/CSYE_7245/Assignment2/pipeline/MyEnv/lib/python3.7/site-packages/airflow/example_dags/example_python_operator.py
[2021-03-23 20:27:53,844] {scheduler_job.py:639} INFO - DAG(s) dict_keys(['example_python_operator']) retrieved from /Users/harika/Desktop/CSYE_7245/Assignment2/pipeline/MyEnv/lib/python3.7/site-packages/airflow/example_dags/example_python_operator.py
[2021-03-23 20:27:53,861] {logging_mixin.py:104} INFO - [2021-03-23 20:27:53,860] {dag.py:1818} INFO - Sync 1 DAGs
[2021-03-23 20:27:53,873] {logging_mixin.py:104} INFO - [2021-03-23 20:27:53,873] {dag.py:2273} INFO - Setting next_dagrun for example_python_operator to None
[2021-03-23 20:27:53,886] {scheduler_job.py:190} INFO - Processing /Users/harika/Desktop/CSYE_7245/Assignment2/pipeline/MyEnv/lib/python3.7/site-packages/airflow/example_dags/example_python_operator.py took 0.059 seconds
[2021-03-23 20:28:28,179] {scheduler_job.py:182} INFO - Started process (PID=14403) to work on /Users/harika/Desktop/CSYE_7245/Assignment2/pipeline/MyEnv/lib/python3.7/site-packages/airflow/example_dags/example_python_operator.py
[2021-03-23 20:28:28,181] {scheduler_job.py:629} INFO - Processing file /Users/harika/Desktop/CSYE_7245/Assignment2/pipeline/MyEnv/lib/python3.7/site-packages/airflow/example_dags/example_python_operator.py for tasks to queue
[2021-03-23 20:28:28,184] {logging_mixin.py:104} INFO - [2021-03-23 20:28:28,183] {dagbag.py:448} INFO - Filling up the DagBag from /Users/harika/Desktop/CSYE_7245/Assignment2/pipeline/MyEnv/lib/python3.7/site-packages/airflow/example_dags/example_python_operator.py
[2021-03-23 20:28:28,207] {scheduler_job.py:639} INFO - DAG(s) dict_keys(['example_python_operator']) retrieved from /Users/harika/Desktop/CSYE_7245/Assignment2/pipeline/MyEnv/lib/python3.7/site-packages/airflow/example_dags/example_python_operator.py
[2021-03-23 20:28:28,234] {logging_mixin.py:104} INFO - [2021-03-23 20:28:28,233] {dag.py:1818} INFO - Sync 1 DAGs
[2021-03-23 20:28:28,247] {logging_mixin.py:104} INFO - [2021-03-23 20:28:28,246] {dag.py:2273} INFO - Setting next_dagrun for example_python_operator to None
[2021-03-23 20:28:28,258] {scheduler_job.py:190} INFO - Processing /Users/harika/Desktop/CSYE_7245/Assignment2/pipeline/MyEnv/lib/python3.7/site-packages/airflow/example_dags/example_python_operator.py took 0.083 seconds
[2021-03-23 20:29:04,170] {scheduler_job.py:182} INFO - Started process (PID=14432) to work on /Users/harika/Desktop/CSYE_7245/Assignment2/pipeline/MyEnv/lib/python3.7/site-packages/airflow/example_dags/example_python_operator.py
[2021-03-23 20:29:04,176] {scheduler_job.py:629} INFO - Processing file /Users/harika/Desktop/CSYE_7245/Assignment2/pipeline/MyEnv/lib/python3.7/site-packages/airflow/example_dags/example_python_operator.py for tasks to queue
[2021-03-23 20:29:04,184] {logging_mixin.py:104} INFO - [2021-03-23 20:29:04,182] {dagbag.py:448} INFO - Filling up the DagBag from /Users/harika/Desktop/CSYE_7245/Assignment2/pipeline/MyEnv/lib/python3.7/site-packages/airflow/example_dags/example_python_operator.py
[2021-03-23 20:29:04,199] {scheduler_job.py:639} INFO - DAG(s) dict_keys(['example_python_operator']) retrieved from /Users/harika/Desktop/CSYE_7245/Assignment2/pipeline/MyEnv/lib/python3.7/site-packages/airflow/example_dags/example_python_operator.py
[2021-03-23 20:29:04,222] {logging_mixin.py:104} INFO - [2021-03-23 20:29:04,222] {dag.py:1818} INFO - Sync 1 DAGs
[2021-03-23 20:29:04,241] {logging_mixin.py:104} INFO - [2021-03-23 20:29:04,240] {dag.py:2273} INFO - Setting next_dagrun for example_python_operator to None
[2021-03-23 20:29:04,265] {scheduler_job.py:190} INFO - Processing /Users/harika/Desktop/CSYE_7245/Assignment2/pipeline/MyEnv/lib/python3.7/site-packages/airflow/example_dags/example_python_operator.py took 0.101 seconds
[2021-03-23 20:29:43,137] {scheduler_job.py:182} INFO - Started process (PID=14465) to work on /Users/harika/Desktop/CSYE_7245/Assignment2/pipeline/MyEnv/lib/python3.7/site-packages/airflow/example_dags/example_python_operator.py
[2021-03-23 20:29:43,139] {scheduler_job.py:629} INFO - Processing file /Users/harika/Desktop/CSYE_7245/Assignment2/pipeline/MyEnv/lib/python3.7/site-packages/airflow/example_dags/example_python_operator.py for tasks to queue
[2021-03-23 20:29:43,140] {logging_mixin.py:104} INFO - [2021-03-23 20:29:43,140] {dagbag.py:448} INFO - Filling up the DagBag from /Users/harika/Desktop/CSYE_7245/Assignment2/pipeline/MyEnv/lib/python3.7/site-packages/airflow/example_dags/example_python_operator.py
[2021-03-23 20:29:43,155] {scheduler_job.py:639} INFO - DAG(s) dict_keys(['example_python_operator']) retrieved from /Users/harika/Desktop/CSYE_7245/Assignment2/pipeline/MyEnv/lib/python3.7/site-packages/airflow/example_dags/example_python_operator.py
[2021-03-23 20:29:43,186] {logging_mixin.py:104} INFO - [2021-03-23 20:29:43,185] {dag.py:1818} INFO - Sync 1 DAGs
[2021-03-23 20:29:43,201] {logging_mixin.py:104} INFO - [2021-03-23 20:29:43,201] {dag.py:2273} INFO - Setting next_dagrun for example_python_operator to None
[2021-03-23 20:29:43,223] {scheduler_job.py:190} INFO - Processing /Users/harika/Desktop/CSYE_7245/Assignment2/pipeline/MyEnv/lib/python3.7/site-packages/airflow/example_dags/example_python_operator.py took 0.089 seconds
[2021-03-23 20:30:22,112] {scheduler_job.py:182} INFO - Started process (PID=14500) to work on /Users/harika/Desktop/CSYE_7245/Assignment2/pipeline/MyEnv/lib/python3.7/site-packages/airflow/example_dags/example_python_operator.py
[2021-03-23 20:30:22,113] {scheduler_job.py:629} INFO - Processing file /Users/harika/Desktop/CSYE_7245/Assignment2/pipeline/MyEnv/lib/python3.7/site-packages/airflow/example_dags/example_python_operator.py for tasks to queue
[2021-03-23 20:30:22,114] {logging_mixin.py:104} INFO - [2021-03-23 20:30:22,114] {dagbag.py:448} INFO - Filling up the DagBag from /Users/harika/Desktop/CSYE_7245/Assignment2/pipeline/MyEnv/lib/python3.7/site-packages/airflow/example_dags/example_python_operator.py
[2021-03-23 20:30:22,124] {scheduler_job.py:639} INFO - DAG(s) dict_keys(['example_python_operator']) retrieved from /Users/harika/Desktop/CSYE_7245/Assignment2/pipeline/MyEnv/lib/python3.7/site-packages/airflow/example_dags/example_python_operator.py
[2021-03-23 20:30:22,140] {logging_mixin.py:104} INFO - [2021-03-23 20:30:22,139] {dag.py:1818} INFO - Sync 1 DAGs
[2021-03-23 20:30:22,152] {logging_mixin.py:104} INFO - [2021-03-23 20:30:22,151] {dag.py:2273} INFO - Setting next_dagrun for example_python_operator to None
[2021-03-23 20:30:22,167] {scheduler_job.py:190} INFO - Processing /Users/harika/Desktop/CSYE_7245/Assignment2/pipeline/MyEnv/lib/python3.7/site-packages/airflow/example_dags/example_python_operator.py took 0.059 seconds
[2021-03-23 20:30:56,743] {scheduler_job.py:182} INFO - Started process (PID=14527) to work on /Users/harika/Desktop/CSYE_7245/Assignment2/pipeline/MyEnv/lib/python3.7/site-packages/airflow/example_dags/example_python_operator.py
[2021-03-23 20:30:56,745] {scheduler_job.py:629} INFO - Processing file /Users/harika/Desktop/CSYE_7245/Assignment2/pipeline/MyEnv/lib/python3.7/site-packages/airflow/example_dags/example_python_operator.py for tasks to queue
[2021-03-23 20:30:56,746] {logging_mixin.py:104} INFO - [2021-03-23 20:30:56,746] {dagbag.py:448} INFO - Filling up the DagBag from /Users/harika/Desktop/CSYE_7245/Assignment2/pipeline/MyEnv/lib/python3.7/site-packages/airflow/example_dags/example_python_operator.py
[2021-03-23 20:30:56,757] {scheduler_job.py:639} INFO - DAG(s) dict_keys(['example_python_operator']) retrieved from /Users/harika/Desktop/CSYE_7245/Assignment2/pipeline/MyEnv/lib/python3.7/site-packages/airflow/example_dags/example_python_operator.py
[2021-03-23 20:30:56,773] {logging_mixin.py:104} INFO - [2021-03-23 20:30:56,772] {dag.py:1818} INFO - Sync 1 DAGs
[2021-03-23 20:30:56,790] {logging_mixin.py:104} INFO - [2021-03-23 20:30:56,790] {dag.py:2273} INFO - Setting next_dagrun for example_python_operator to None
[2021-03-23 20:30:56,800] {scheduler_job.py:190} INFO - Processing /Users/harika/Desktop/CSYE_7245/Assignment2/pipeline/MyEnv/lib/python3.7/site-packages/airflow/example_dags/example_python_operator.py took 0.062 seconds
[2021-03-23 21:09:34,756] {scheduler_job.py:182} INFO - Started process (PID=14929) to work on /Users/harika/Desktop/CSYE_7245/Assignment2/pipeline/MyEnv/lib/python3.7/site-packages/airflow/example_dags/example_python_operator.py
[2021-03-23 21:09:34,761] {scheduler_job.py:629} INFO - Processing file /Users/harika/Desktop/CSYE_7245/Assignment2/pipeline/MyEnv/lib/python3.7/site-packages/airflow/example_dags/example_python_operator.py for tasks to queue
[2021-03-23 21:09:34,763] {logging_mixin.py:104} INFO - [2021-03-23 21:09:34,762] {dagbag.py:448} INFO - Filling up the DagBag from /Users/harika/Desktop/CSYE_7245/Assignment2/pipeline/MyEnv/lib/python3.7/site-packages/airflow/example_dags/example_python_operator.py
[2021-03-23 21:09:34,796] {scheduler_job.py:639} INFO - DAG(s) dict_keys(['example_python_operator']) retrieved from /Users/harika/Desktop/CSYE_7245/Assignment2/pipeline/MyEnv/lib/python3.7/site-packages/airflow/example_dags/example_python_operator.py
[2021-03-23 21:09:34,865] {logging_mixin.py:104} INFO - [2021-03-23 21:09:34,855] {dag.py:1818} INFO - Sync 1 DAGs
[2021-03-23 21:09:34,973] {logging_mixin.py:104} INFO - [2021-03-23 21:09:34,957] {dag.py:2273} INFO - Setting next_dagrun for example_python_operator to None
[2021-03-23 21:09:35,006] {scheduler_job.py:190} INFO - Processing /Users/harika/Desktop/CSYE_7245/Assignment2/pipeline/MyEnv/lib/python3.7/site-packages/airflow/example_dags/example_python_operator.py took 0.262 seconds
[2021-03-23 21:12:48,989] {scheduler_job.py:182} INFO - Started process (PID=15009) to work on /Users/harika/Desktop/CSYE_7245/Assignment2/pipeline/MyEnv/lib/python3.7/site-packages/airflow/example_dags/example_python_operator.py
[2021-03-23 21:12:48,993] {scheduler_job.py:629} INFO - Processing file /Users/harika/Desktop/CSYE_7245/Assignment2/pipeline/MyEnv/lib/python3.7/site-packages/airflow/example_dags/example_python_operator.py for tasks to queue
[2021-03-23 21:12:48,996] {logging_mixin.py:104} INFO - [2021-03-23 21:12:48,995] {dagbag.py:448} INFO - Filling up the DagBag from /Users/harika/Desktop/CSYE_7245/Assignment2/pipeline/MyEnv/lib/python3.7/site-packages/airflow/example_dags/example_python_operator.py
[2021-03-23 21:12:49,012] {scheduler_job.py:639} INFO - DAG(s) dict_keys(['example_python_operator']) retrieved from /Users/harika/Desktop/CSYE_7245/Assignment2/pipeline/MyEnv/lib/python3.7/site-packages/airflow/example_dags/example_python_operator.py
[2021-03-23 21:12:49,043] {logging_mixin.py:104} INFO - [2021-03-23 21:12:49,041] {dag.py:1818} INFO - Sync 1 DAGs
[2021-03-23 21:12:49,056] {logging_mixin.py:104} INFO - [2021-03-23 21:12:49,055] {dag.py:2273} INFO - Setting next_dagrun for example_python_operator to None
[2021-03-23 21:12:49,067] {scheduler_job.py:190} INFO - Processing /Users/harika/Desktop/CSYE_7245/Assignment2/pipeline/MyEnv/lib/python3.7/site-packages/airflow/example_dags/example_python_operator.py took 0.082 seconds
[2021-03-23 21:13:29,767] {scheduler_job.py:182} INFO - Started process (PID=15040) to work on /Users/harika/Desktop/CSYE_7245/Assignment2/pipeline/MyEnv/lib/python3.7/site-packages/airflow/example_dags/example_python_operator.py
[2021-03-23 21:13:29,769] {scheduler_job.py:629} INFO - Processing file /Users/harika/Desktop/CSYE_7245/Assignment2/pipeline/MyEnv/lib/python3.7/site-packages/airflow/example_dags/example_python_operator.py for tasks to queue
[2021-03-23 21:13:29,772] {logging_mixin.py:104} INFO - [2021-03-23 21:13:29,771] {dagbag.py:448} INFO - Filling up the DagBag from /Users/harika/Desktop/CSYE_7245/Assignment2/pipeline/MyEnv/lib/python3.7/site-packages/airflow/example_dags/example_python_operator.py
[2021-03-23 21:13:29,792] {scheduler_job.py:639} INFO - DAG(s) dict_keys(['example_python_operator']) retrieved from /Users/harika/Desktop/CSYE_7245/Assignment2/pipeline/MyEnv/lib/python3.7/site-packages/airflow/example_dags/example_python_operator.py
[2021-03-23 21:13:29,816] {logging_mixin.py:104} INFO - [2021-03-23 21:13:29,815] {dag.py:1818} INFO - Sync 1 DAGs
[2021-03-23 21:13:29,830] {logging_mixin.py:104} INFO - [2021-03-23 21:13:29,829] {dag.py:2273} INFO - Setting next_dagrun for example_python_operator to None
[2021-03-23 21:13:29,849] {scheduler_job.py:190} INFO - Processing /Users/harika/Desktop/CSYE_7245/Assignment2/pipeline/MyEnv/lib/python3.7/site-packages/airflow/example_dags/example_python_operator.py took 0.086 seconds
[2021-03-23 21:14:46,742] {scheduler_job.py:182} INFO - Started process (PID=15092) to work on /Users/harika/Desktop/CSYE_7245/Assignment2/pipeline/MyEnv/lib/python3.7/site-packages/airflow/example_dags/example_python_operator.py
[2021-03-23 21:14:46,744] {scheduler_job.py:629} INFO - Processing file /Users/harika/Desktop/CSYE_7245/Assignment2/pipeline/MyEnv/lib/python3.7/site-packages/airflow/example_dags/example_python_operator.py for tasks to queue
[2021-03-23 21:14:46,746] {logging_mixin.py:104} INFO - [2021-03-23 21:14:46,745] {dagbag.py:448} INFO - Filling up the DagBag from /Users/harika/Desktop/CSYE_7245/Assignment2/pipeline/MyEnv/lib/python3.7/site-packages/airflow/example_dags/example_python_operator.py
[2021-03-23 21:14:46,769] {scheduler_job.py:639} INFO - DAG(s) dict_keys(['example_python_operator']) retrieved from /Users/harika/Desktop/CSYE_7245/Assignment2/pipeline/MyEnv/lib/python3.7/site-packages/airflow/example_dags/example_python_operator.py
[2021-03-23 21:14:46,791] {logging_mixin.py:104} INFO - [2021-03-23 21:14:46,790] {dag.py:1818} INFO - Sync 1 DAGs
[2021-03-23 21:14:46,805] {logging_mixin.py:104} INFO - [2021-03-23 21:14:46,804] {dag.py:2273} INFO - Setting next_dagrun for example_python_operator to None
[2021-03-23 21:14:46,821] {scheduler_job.py:190} INFO - Processing /Users/harika/Desktop/CSYE_7245/Assignment2/pipeline/MyEnv/lib/python3.7/site-packages/airflow/example_dags/example_python_operator.py took 0.082 seconds
[2021-03-23 21:18:10,530] {scheduler_job.py:182} INFO - Started process (PID=15207) to work on /Users/harika/Desktop/CSYE_7245/Assignment2/pipeline/MyEnv/lib/python3.7/site-packages/airflow/example_dags/example_python_operator.py
[2021-03-23 21:18:10,537] {scheduler_job.py:629} INFO - Processing file /Users/harika/Desktop/CSYE_7245/Assignment2/pipeline/MyEnv/lib/python3.7/site-packages/airflow/example_dags/example_python_operator.py for tasks to queue
[2021-03-23 21:18:10,540] {logging_mixin.py:104} INFO - [2021-03-23 21:18:10,539] {dagbag.py:448} INFO - Filling up the DagBag from /Users/harika/Desktop/CSYE_7245/Assignment2/pipeline/MyEnv/lib/python3.7/site-packages/airflow/example_dags/example_python_operator.py
[2021-03-23 21:18:10,558] {scheduler_job.py:639} INFO - DAG(s) dict_keys(['example_python_operator']) retrieved from /Users/harika/Desktop/CSYE_7245/Assignment2/pipeline/MyEnv/lib/python3.7/site-packages/airflow/example_dags/example_python_operator.py
[2021-03-23 21:18:10,602] {logging_mixin.py:104} INFO - [2021-03-23 21:18:10,599] {dag.py:1818} INFO - Sync 1 DAGs
[2021-03-23 21:18:10,630] {logging_mixin.py:104} INFO - [2021-03-23 21:18:10,628] {dag.py:2273} INFO - Setting next_dagrun for example_python_operator to None
[2021-03-23 21:18:10,669] {scheduler_job.py:190} INFO - Processing /Users/harika/Desktop/CSYE_7245/Assignment2/pipeline/MyEnv/lib/python3.7/site-packages/airflow/example_dags/example_python_operator.py took 0.147 seconds
[2021-03-23 21:18:47,148] {scheduler_job.py:182} INFO - Started process (PID=15243) to work on /Users/harika/Desktop/CSYE_7245/Assignment2/pipeline/MyEnv/lib/python3.7/site-packages/airflow/example_dags/example_python_operator.py
[2021-03-23 21:18:47,151] {scheduler_job.py:629} INFO - Processing file /Users/harika/Desktop/CSYE_7245/Assignment2/pipeline/MyEnv/lib/python3.7/site-packages/airflow/example_dags/example_python_operator.py for tasks to queue
[2021-03-23 21:18:47,159] {logging_mixin.py:104} INFO - [2021-03-23 21:18:47,155] {dagbag.py:448} INFO - Filling up the DagBag from /Users/harika/Desktop/CSYE_7245/Assignment2/pipeline/MyEnv/lib/python3.7/site-packages/airflow/example_dags/example_python_operator.py
[2021-03-23 21:18:47,190] {scheduler_job.py:639} INFO - DAG(s) dict_keys(['example_python_operator']) retrieved from /Users/harika/Desktop/CSYE_7245/Assignment2/pipeline/MyEnv/lib/python3.7/site-packages/airflow/example_dags/example_python_operator.py
[2021-03-23 21:18:47,240] {logging_mixin.py:104} INFO - [2021-03-23 21:18:47,240] {dag.py:1818} INFO - Sync 1 DAGs
[2021-03-23 21:18:47,259] {logging_mixin.py:104} INFO - [2021-03-23 21:18:47,255] {dag.py:2273} INFO - Setting next_dagrun for example_python_operator to None
[2021-03-23 21:18:47,278] {scheduler_job.py:190} INFO - Processing /Users/harika/Desktop/CSYE_7245/Assignment2/pipeline/MyEnv/lib/python3.7/site-packages/airflow/example_dags/example_python_operator.py took 0.136 seconds
[2021-03-23 21:19:27,492] {scheduler_job.py:182} INFO - Started process (PID=15275) to work on /Users/harika/Desktop/CSYE_7245/Assignment2/pipeline/MyEnv/lib/python3.7/site-packages/airflow/example_dags/example_python_operator.py
[2021-03-23 21:19:27,500] {scheduler_job.py:629} INFO - Processing file /Users/harika/Desktop/CSYE_7245/Assignment2/pipeline/MyEnv/lib/python3.7/site-packages/airflow/example_dags/example_python_operator.py for tasks to queue
[2021-03-23 21:19:27,503] {logging_mixin.py:104} INFO - [2021-03-23 21:19:27,502] {dagbag.py:448} INFO - Filling up the DagBag from /Users/harika/Desktop/CSYE_7245/Assignment2/pipeline/MyEnv/lib/python3.7/site-packages/airflow/example_dags/example_python_operator.py
[2021-03-23 21:19:27,519] {scheduler_job.py:639} INFO - DAG(s) dict_keys(['example_python_operator']) retrieved from /Users/harika/Desktop/CSYE_7245/Assignment2/pipeline/MyEnv/lib/python3.7/site-packages/airflow/example_dags/example_python_operator.py
[2021-03-23 21:19:27,538] {logging_mixin.py:104} INFO - [2021-03-23 21:19:27,537] {dag.py:1818} INFO - Sync 1 DAGs
[2021-03-23 21:19:27,551] {logging_mixin.py:104} INFO - [2021-03-23 21:19:27,550] {dag.py:2273} INFO - Setting next_dagrun for example_python_operator to None
[2021-03-23 21:19:27,566] {scheduler_job.py:190} INFO - Processing /Users/harika/Desktop/CSYE_7245/Assignment2/pipeline/MyEnv/lib/python3.7/site-packages/airflow/example_dags/example_python_operator.py took 0.080 seconds
[2021-03-24 00:03:18,199] {scheduler_job.py:182} INFO - Started process (PID=16965) to work on /Users/harika/Desktop/CSYE_7245/Assignment2/pipeline/MyEnv/lib/python3.7/site-packages/airflow/example_dags/example_python_operator.py
[2021-03-24 00:03:18,201] {scheduler_job.py:629} INFO - Processing file /Users/harika/Desktop/CSYE_7245/Assignment2/pipeline/MyEnv/lib/python3.7/site-packages/airflow/example_dags/example_python_operator.py for tasks to queue
[2021-03-24 00:03:18,203] {logging_mixin.py:104} INFO - [2021-03-24 00:03:18,202] {dagbag.py:448} INFO - Filling up the DagBag from /Users/harika/Desktop/CSYE_7245/Assignment2/pipeline/MyEnv/lib/python3.7/site-packages/airflow/example_dags/example_python_operator.py
[2021-03-24 00:03:18,222] {scheduler_job.py:639} INFO - DAG(s) dict_keys(['example_python_operator']) retrieved from /Users/harika/Desktop/CSYE_7245/Assignment2/pipeline/MyEnv/lib/python3.7/site-packages/airflow/example_dags/example_python_operator.py
[2021-03-24 00:03:18,250] {logging_mixin.py:104} INFO - [2021-03-24 00:03:18,249] {dag.py:1818} INFO - Sync 1 DAGs
[2021-03-24 00:03:18,268] {logging_mixin.py:104} INFO - [2021-03-24 00:03:18,267] {dag.py:2273} INFO - Setting next_dagrun for example_python_operator to None
[2021-03-24 00:03:18,284] {scheduler_job.py:190} INFO - Processing /Users/harika/Desktop/CSYE_7245/Assignment2/pipeline/MyEnv/lib/python3.7/site-packages/airflow/example_dags/example_python_operator.py took 0.093 seconds
[2021-03-24 00:04:03,273] {scheduler_job.py:182} INFO - Started process (PID=17001) to work on /Users/harika/Desktop/CSYE_7245/Assignment2/pipeline/MyEnv/lib/python3.7/site-packages/airflow/example_dags/example_python_operator.py
[2021-03-24 00:04:03,277] {scheduler_job.py:629} INFO - Processing file /Users/harika/Desktop/CSYE_7245/Assignment2/pipeline/MyEnv/lib/python3.7/site-packages/airflow/example_dags/example_python_operator.py for tasks to queue
[2021-03-24 00:04:03,283] {logging_mixin.py:104} INFO - [2021-03-24 00:04:03,281] {dagbag.py:448} INFO - Filling up the DagBag from /Users/harika/Desktop/CSYE_7245/Assignment2/pipeline/MyEnv/lib/python3.7/site-packages/airflow/example_dags/example_python_operator.py
[2021-03-24 00:04:03,324] {scheduler_job.py:639} INFO - DAG(s) dict_keys(['example_python_operator']) retrieved from /Users/harika/Desktop/CSYE_7245/Assignment2/pipeline/MyEnv/lib/python3.7/site-packages/airflow/example_dags/example_python_operator.py
[2021-03-24 00:04:03,361] {logging_mixin.py:104} INFO - [2021-03-24 00:04:03,360] {dag.py:1818} INFO - Sync 1 DAGs
[2021-03-24 00:04:03,391] {logging_mixin.py:104} INFO - [2021-03-24 00:04:03,390] {dag.py:2273} INFO - Setting next_dagrun for example_python_operator to None
[2021-03-24 00:04:03,412] {scheduler_job.py:190} INFO - Processing /Users/harika/Desktop/CSYE_7245/Assignment2/pipeline/MyEnv/lib/python3.7/site-packages/airflow/example_dags/example_python_operator.py took 0.146 seconds
[2021-03-24 00:04:50,174] {scheduler_job.py:182} INFO - Started process (PID=17036) to work on /Users/harika/Desktop/CSYE_7245/Assignment2/pipeline/MyEnv/lib/python3.7/site-packages/airflow/example_dags/example_python_operator.py
[2021-03-24 00:04:50,176] {scheduler_job.py:629} INFO - Processing file /Users/harika/Desktop/CSYE_7245/Assignment2/pipeline/MyEnv/lib/python3.7/site-packages/airflow/example_dags/example_python_operator.py for tasks to queue
[2021-03-24 00:04:50,177] {logging_mixin.py:104} INFO - [2021-03-24 00:04:50,177] {dagbag.py:448} INFO - Filling up the DagBag from /Users/harika/Desktop/CSYE_7245/Assignment2/pipeline/MyEnv/lib/python3.7/site-packages/airflow/example_dags/example_python_operator.py
[2021-03-24 00:04:50,191] {scheduler_job.py:639} INFO - DAG(s) dict_keys(['example_python_operator']) retrieved from /Users/harika/Desktop/CSYE_7245/Assignment2/pipeline/MyEnv/lib/python3.7/site-packages/airflow/example_dags/example_python_operator.py
[2021-03-24 00:04:50,206] {logging_mixin.py:104} INFO - [2021-03-24 00:04:50,205] {dag.py:1818} INFO - Sync 1 DAGs
[2021-03-24 00:04:50,219] {logging_mixin.py:104} INFO - [2021-03-24 00:04:50,219] {dag.py:2273} INFO - Setting next_dagrun for example_python_operator to None
[2021-03-24 00:04:50,228] {scheduler_job.py:190} INFO - Processing /Users/harika/Desktop/CSYE_7245/Assignment2/pipeline/MyEnv/lib/python3.7/site-packages/airflow/example_dags/example_python_operator.py took 0.058 seconds
[2021-03-24 00:05:21,777] {scheduler_job.py:182} INFO - Started process (PID=17064) to work on /Users/harika/Desktop/CSYE_7245/Assignment2/pipeline/MyEnv/lib/python3.7/site-packages/airflow/example_dags/example_python_operator.py
[2021-03-24 00:05:21,779] {scheduler_job.py:629} INFO - Processing file /Users/harika/Desktop/CSYE_7245/Assignment2/pipeline/MyEnv/lib/python3.7/site-packages/airflow/example_dags/example_python_operator.py for tasks to queue
[2021-03-24 00:05:21,780] {logging_mixin.py:104} INFO - [2021-03-24 00:05:21,780] {dagbag.py:448} INFO - Filling up the DagBag from /Users/harika/Desktop/CSYE_7245/Assignment2/pipeline/MyEnv/lib/python3.7/site-packages/airflow/example_dags/example_python_operator.py
[2021-03-24 00:05:21,794] {scheduler_job.py:639} INFO - DAG(s) dict_keys(['example_python_operator']) retrieved from /Users/harika/Desktop/CSYE_7245/Assignment2/pipeline/MyEnv/lib/python3.7/site-packages/airflow/example_dags/example_python_operator.py
[2021-03-24 00:05:21,808] {logging_mixin.py:104} INFO - [2021-03-24 00:05:21,808] {dag.py:1818} INFO - Sync 1 DAGs
[2021-03-24 00:05:21,820] {logging_mixin.py:104} INFO - [2021-03-24 00:05:21,820] {dag.py:2273} INFO - Setting next_dagrun for example_python_operator to None
[2021-03-24 00:05:21,829] {scheduler_job.py:190} INFO - Processing /Users/harika/Desktop/CSYE_7245/Assignment2/pipeline/MyEnv/lib/python3.7/site-packages/airflow/example_dags/example_python_operator.py took 0.056 seconds
[2021-03-24 01:02:52,216] {scheduler_job.py:182} INFO - Started process (PID=17447) to work on /Users/harika/Desktop/CSYE_7245/Assignment2/pipeline/MyEnv/lib/python3.7/site-packages/airflow/example_dags/example_python_operator.py
[2021-03-24 01:02:52,218] {scheduler_job.py:629} INFO - Processing file /Users/harika/Desktop/CSYE_7245/Assignment2/pipeline/MyEnv/lib/python3.7/site-packages/airflow/example_dags/example_python_operator.py for tasks to queue
[2021-03-24 01:02:52,220] {logging_mixin.py:104} INFO - [2021-03-24 01:02:52,219] {dagbag.py:448} INFO - Filling up the DagBag from /Users/harika/Desktop/CSYE_7245/Assignment2/pipeline/MyEnv/lib/python3.7/site-packages/airflow/example_dags/example_python_operator.py
[2021-03-24 01:02:52,229] {scheduler_job.py:639} INFO - DAG(s) dict_keys(['example_python_operator']) retrieved from /Users/harika/Desktop/CSYE_7245/Assignment2/pipeline/MyEnv/lib/python3.7/site-packages/airflow/example_dags/example_python_operator.py
[2021-03-24 01:02:52,246] {logging_mixin.py:104} INFO - [2021-03-24 01:02:52,245] {dag.py:1818} INFO - Sync 1 DAGs
[2021-03-24 01:02:52,256] {logging_mixin.py:104} INFO - [2021-03-24 01:02:52,256] {dag.py:2273} INFO - Setting next_dagrun for example_python_operator to None
[2021-03-24 01:02:52,268] {scheduler_job.py:190} INFO - Processing /Users/harika/Desktop/CSYE_7245/Assignment2/pipeline/MyEnv/lib/python3.7/site-packages/airflow/example_dags/example_python_operator.py took 0.056 seconds
[2021-03-24 01:03:31,371] {scheduler_job.py:182} INFO - Started process (PID=17497) to work on /Users/harika/Desktop/CSYE_7245/Assignment2/pipeline/MyEnv/lib/python3.7/site-packages/airflow/example_dags/example_python_operator.py
[2021-03-24 01:03:31,373] {scheduler_job.py:629} INFO - Processing file /Users/harika/Desktop/CSYE_7245/Assignment2/pipeline/MyEnv/lib/python3.7/site-packages/airflow/example_dags/example_python_operator.py for tasks to queue
[2021-03-24 01:03:31,374] {logging_mixin.py:104} INFO - [2021-03-24 01:03:31,374] {dagbag.py:448} INFO - Filling up the DagBag from /Users/harika/Desktop/CSYE_7245/Assignment2/pipeline/MyEnv/lib/python3.7/site-packages/airflow/example_dags/example_python_operator.py
[2021-03-24 01:03:31,384] {scheduler_job.py:639} INFO - DAG(s) dict_keys(['example_python_operator']) retrieved from /Users/harika/Desktop/CSYE_7245/Assignment2/pipeline/MyEnv/lib/python3.7/site-packages/airflow/example_dags/example_python_operator.py
[2021-03-24 01:03:31,401] {logging_mixin.py:104} INFO - [2021-03-24 01:03:31,401] {dag.py:1818} INFO - Sync 1 DAGs
[2021-03-24 01:03:31,412] {logging_mixin.py:104} INFO - [2021-03-24 01:03:31,411] {dag.py:2273} INFO - Setting next_dagrun for example_python_operator to None
[2021-03-24 01:03:31,420] {scheduler_job.py:190} INFO - Processing /Users/harika/Desktop/CSYE_7245/Assignment2/pipeline/MyEnv/lib/python3.7/site-packages/airflow/example_dags/example_python_operator.py took 0.052 seconds
[2021-03-24 01:04:04,838] {scheduler_job.py:182} INFO - Started process (PID=17533) to work on /Users/harika/Desktop/CSYE_7245/Assignment2/pipeline/MyEnv/lib/python3.7/site-packages/airflow/example_dags/example_python_operator.py
[2021-03-24 01:04:04,840] {scheduler_job.py:629} INFO - Processing file /Users/harika/Desktop/CSYE_7245/Assignment2/pipeline/MyEnv/lib/python3.7/site-packages/airflow/example_dags/example_python_operator.py for tasks to queue
[2021-03-24 01:04:04,842] {logging_mixin.py:104} INFO - [2021-03-24 01:04:04,842] {dagbag.py:448} INFO - Filling up the DagBag from /Users/harika/Desktop/CSYE_7245/Assignment2/pipeline/MyEnv/lib/python3.7/site-packages/airflow/example_dags/example_python_operator.py
[2021-03-24 01:04:04,851] {scheduler_job.py:639} INFO - DAG(s) dict_keys(['example_python_operator']) retrieved from /Users/harika/Desktop/CSYE_7245/Assignment2/pipeline/MyEnv/lib/python3.7/site-packages/airflow/example_dags/example_python_operator.py
[2021-03-24 01:04:04,869] {logging_mixin.py:104} INFO - [2021-03-24 01:04:04,869] {dag.py:1818} INFO - Sync 1 DAGs
[2021-03-24 01:04:04,882] {logging_mixin.py:104} INFO - [2021-03-24 01:04:04,882] {dag.py:2273} INFO - Setting next_dagrun for example_python_operator to None
[2021-03-24 01:04:04,895] {scheduler_job.py:190} INFO - Processing /Users/harika/Desktop/CSYE_7245/Assignment2/pipeline/MyEnv/lib/python3.7/site-packages/airflow/example_dags/example_python_operator.py took 0.061 seconds
[2021-03-24 01:04:38,733] {scheduler_job.py:182} INFO - Started process (PID=17636) to work on /Users/harika/Desktop/CSYE_7245/Assignment2/pipeline/MyEnv/lib/python3.7/site-packages/airflow/example_dags/example_python_operator.py
[2021-03-24 01:04:38,734] {scheduler_job.py:629} INFO - Processing file /Users/harika/Desktop/CSYE_7245/Assignment2/pipeline/MyEnv/lib/python3.7/site-packages/airflow/example_dags/example_python_operator.py for tasks to queue
[2021-03-24 01:04:38,736] {logging_mixin.py:104} INFO - [2021-03-24 01:04:38,735] {dagbag.py:448} INFO - Filling up the DagBag from /Users/harika/Desktop/CSYE_7245/Assignment2/pipeline/MyEnv/lib/python3.7/site-packages/airflow/example_dags/example_python_operator.py
[2021-03-24 01:04:38,744] {scheduler_job.py:639} INFO - DAG(s) dict_keys(['example_python_operator']) retrieved from /Users/harika/Desktop/CSYE_7245/Assignment2/pipeline/MyEnv/lib/python3.7/site-packages/airflow/example_dags/example_python_operator.py
[2021-03-24 01:04:38,758] {logging_mixin.py:104} INFO - [2021-03-24 01:04:38,757] {dag.py:1818} INFO - Sync 1 DAGs
[2021-03-24 01:04:38,769] {logging_mixin.py:104} INFO - [2021-03-24 01:04:38,768] {dag.py:2273} INFO - Setting next_dagrun for example_python_operator to None
[2021-03-24 01:04:38,776] {scheduler_job.py:190} INFO - Processing /Users/harika/Desktop/CSYE_7245/Assignment2/pipeline/MyEnv/lib/python3.7/site-packages/airflow/example_dags/example_python_operator.py took 0.047 seconds
