[2021-03-23 20:25:14,508] {scheduler_job.py:182} INFO - Started process (PID=14300) to work on /Users/harika/Desktop/CSYE_7245/Assignment2/pipeline/MyEnv/lib/python3.7/site-packages/airflow/example_dags/example_xcom.py
[2021-03-23 20:25:14,510] {scheduler_job.py:629} INFO - Processing file /Users/harika/Desktop/CSYE_7245/Assignment2/pipeline/MyEnv/lib/python3.7/site-packages/airflow/example_dags/example_xcom.py for tasks to queue
[2021-03-23 20:25:14,514] {logging_mixin.py:104} INFO - [2021-03-23 20:25:14,512] {dagbag.py:448} INFO - Filling up the DagBag from /Users/harika/Desktop/CSYE_7245/Assignment2/pipeline/MyEnv/lib/python3.7/site-packages/airflow/example_dags/example_xcom.py
[2021-03-23 20:25:14,553] {scheduler_job.py:639} INFO - DAG(s) dict_keys(['example_xcom']) retrieved from /Users/harika/Desktop/CSYE_7245/Assignment2/pipeline/MyEnv/lib/python3.7/site-packages/airflow/example_dags/example_xcom.py
[2021-03-23 20:25:14,655] {logging_mixin.py:104} INFO - [2021-03-23 20:25:14,654] {dag.py:1818} INFO - Sync 1 DAGs
[2021-03-23 20:25:14,679] {logging_mixin.py:104} INFO - [2021-03-23 20:25:14,678] {dag.py:2273} INFO - Setting next_dagrun for example_xcom to 2021-03-22 00:00:00+00:00
[2021-03-23 20:25:14,771] {scheduler_job.py:190} INFO - Processing /Users/harika/Desktop/CSYE_7245/Assignment2/pipeline/MyEnv/lib/python3.7/site-packages/airflow/example_dags/example_xcom.py took 0.270 seconds
[2021-03-23 20:27:43,893] {scheduler_job.py:182} INFO - Started process (PID=14359) to work on /Users/harika/Desktop/CSYE_7245/Assignment2/pipeline/MyEnv/lib/python3.7/site-packages/airflow/example_dags/example_xcom.py
[2021-03-23 20:27:43,896] {scheduler_job.py:629} INFO - Processing file /Users/harika/Desktop/CSYE_7245/Assignment2/pipeline/MyEnv/lib/python3.7/site-packages/airflow/example_dags/example_xcom.py for tasks to queue
[2021-03-23 20:27:43,900] {logging_mixin.py:104} INFO - [2021-03-23 20:27:43,897] {dagbag.py:448} INFO - Filling up the DagBag from /Users/harika/Desktop/CSYE_7245/Assignment2/pipeline/MyEnv/lib/python3.7/site-packages/airflow/example_dags/example_xcom.py
[2021-03-23 20:27:43,921] {scheduler_job.py:639} INFO - DAG(s) dict_keys(['example_xcom']) retrieved from /Users/harika/Desktop/CSYE_7245/Assignment2/pipeline/MyEnv/lib/python3.7/site-packages/airflow/example_dags/example_xcom.py
[2021-03-23 20:27:43,942] {logging_mixin.py:104} INFO - [2021-03-23 20:27:43,942] {dag.py:1818} INFO - Sync 1 DAGs
[2021-03-23 20:27:43,956] {logging_mixin.py:104} INFO - [2021-03-23 20:27:43,956] {dag.py:2273} INFO - Setting next_dagrun for example_xcom to 2021-03-22 00:00:00+00:00
[2021-03-23 20:27:43,965] {scheduler_job.py:190} INFO - Processing /Users/harika/Desktop/CSYE_7245/Assignment2/pipeline/MyEnv/lib/python3.7/site-packages/airflow/example_dags/example_xcom.py took 0.081 seconds
[2021-03-23 20:28:20,581] {scheduler_job.py:182} INFO - Started process (PID=14394) to work on /Users/harika/Desktop/CSYE_7245/Assignment2/pipeline/MyEnv/lib/python3.7/site-packages/airflow/example_dags/example_xcom.py
[2021-03-23 20:28:20,585] {scheduler_job.py:629} INFO - Processing file /Users/harika/Desktop/CSYE_7245/Assignment2/pipeline/MyEnv/lib/python3.7/site-packages/airflow/example_dags/example_xcom.py for tasks to queue
[2021-03-23 20:28:20,588] {logging_mixin.py:104} INFO - [2021-03-23 20:28:20,587] {dagbag.py:448} INFO - Filling up the DagBag from /Users/harika/Desktop/CSYE_7245/Assignment2/pipeline/MyEnv/lib/python3.7/site-packages/airflow/example_dags/example_xcom.py
[2021-03-23 20:28:20,612] {scheduler_job.py:639} INFO - DAG(s) dict_keys(['example_xcom']) retrieved from /Users/harika/Desktop/CSYE_7245/Assignment2/pipeline/MyEnv/lib/python3.7/site-packages/airflow/example_dags/example_xcom.py
[2021-03-23 20:28:20,634] {logging_mixin.py:104} INFO - [2021-03-23 20:28:20,633] {dag.py:1818} INFO - Sync 1 DAGs
[2021-03-23 20:28:20,648] {logging_mixin.py:104} INFO - [2021-03-23 20:28:20,647] {dag.py:2273} INFO - Setting next_dagrun for example_xcom to 2021-03-22 00:00:00+00:00
[2021-03-23 20:28:20,666] {scheduler_job.py:190} INFO - Processing /Users/harika/Desktop/CSYE_7245/Assignment2/pipeline/MyEnv/lib/python3.7/site-packages/airflow/example_dags/example_xcom.py took 0.090 seconds
[2021-03-23 20:28:57,402] {scheduler_job.py:182} INFO - Started process (PID=14425) to work on /Users/harika/Desktop/CSYE_7245/Assignment2/pipeline/MyEnv/lib/python3.7/site-packages/airflow/example_dags/example_xcom.py
[2021-03-23 20:28:57,407] {scheduler_job.py:629} INFO - Processing file /Users/harika/Desktop/CSYE_7245/Assignment2/pipeline/MyEnv/lib/python3.7/site-packages/airflow/example_dags/example_xcom.py for tasks to queue
[2021-03-23 20:28:57,411] {logging_mixin.py:104} INFO - [2021-03-23 20:28:57,410] {dagbag.py:448} INFO - Filling up the DagBag from /Users/harika/Desktop/CSYE_7245/Assignment2/pipeline/MyEnv/lib/python3.7/site-packages/airflow/example_dags/example_xcom.py
[2021-03-23 20:28:57,426] {scheduler_job.py:639} INFO - DAG(s) dict_keys(['example_xcom']) retrieved from /Users/harika/Desktop/CSYE_7245/Assignment2/pipeline/MyEnv/lib/python3.7/site-packages/airflow/example_dags/example_xcom.py
[2021-03-23 20:28:57,444] {logging_mixin.py:104} INFO - [2021-03-23 20:28:57,444] {dag.py:1818} INFO - Sync 1 DAGs
[2021-03-23 20:28:57,456] {logging_mixin.py:104} INFO - [2021-03-23 20:28:57,456] {dag.py:2273} INFO - Setting next_dagrun for example_xcom to 2021-03-22 00:00:00+00:00
[2021-03-23 20:28:57,465] {scheduler_job.py:190} INFO - Processing /Users/harika/Desktop/CSYE_7245/Assignment2/pipeline/MyEnv/lib/python3.7/site-packages/airflow/example_dags/example_xcom.py took 0.067 seconds
[2021-03-23 20:29:36,279] {scheduler_job.py:182} INFO - Started process (PID=14455) to work on /Users/harika/Desktop/CSYE_7245/Assignment2/pipeline/MyEnv/lib/python3.7/site-packages/airflow/example_dags/example_xcom.py
[2021-03-23 20:29:36,281] {scheduler_job.py:629} INFO - Processing file /Users/harika/Desktop/CSYE_7245/Assignment2/pipeline/MyEnv/lib/python3.7/site-packages/airflow/example_dags/example_xcom.py for tasks to queue
[2021-03-23 20:29:36,282] {logging_mixin.py:104} INFO - [2021-03-23 20:29:36,282] {dagbag.py:448} INFO - Filling up the DagBag from /Users/harika/Desktop/CSYE_7245/Assignment2/pipeline/MyEnv/lib/python3.7/site-packages/airflow/example_dags/example_xcom.py
[2021-03-23 20:29:36,295] {scheduler_job.py:639} INFO - DAG(s) dict_keys(['example_xcom']) retrieved from /Users/harika/Desktop/CSYE_7245/Assignment2/pipeline/MyEnv/lib/python3.7/site-packages/airflow/example_dags/example_xcom.py
[2021-03-23 20:29:36,318] {logging_mixin.py:104} INFO - [2021-03-23 20:29:36,317] {dag.py:1818} INFO - Sync 1 DAGs
[2021-03-23 20:29:36,330] {logging_mixin.py:104} INFO - [2021-03-23 20:29:36,329] {dag.py:2273} INFO - Setting next_dagrun for example_xcom to 2021-03-22 00:00:00+00:00
[2021-03-23 20:29:36,345] {scheduler_job.py:190} INFO - Processing /Users/harika/Desktop/CSYE_7245/Assignment2/pipeline/MyEnv/lib/python3.7/site-packages/airflow/example_dags/example_xcom.py took 0.070 seconds
[2021-03-23 20:30:07,966] {scheduler_job.py:182} INFO - Started process (PID=14483) to work on /Users/harika/Desktop/CSYE_7245/Assignment2/pipeline/MyEnv/lib/python3.7/site-packages/airflow/example_dags/example_xcom.py
[2021-03-23 20:30:07,968] {scheduler_job.py:629} INFO - Processing file /Users/harika/Desktop/CSYE_7245/Assignment2/pipeline/MyEnv/lib/python3.7/site-packages/airflow/example_dags/example_xcom.py for tasks to queue
[2021-03-23 20:30:07,973] {logging_mixin.py:104} INFO - [2021-03-23 20:30:07,970] {dagbag.py:448} INFO - Filling up the DagBag from /Users/harika/Desktop/CSYE_7245/Assignment2/pipeline/MyEnv/lib/python3.7/site-packages/airflow/example_dags/example_xcom.py
[2021-03-23 20:30:07,983] {scheduler_job.py:639} INFO - DAG(s) dict_keys(['example_xcom']) retrieved from /Users/harika/Desktop/CSYE_7245/Assignment2/pipeline/MyEnv/lib/python3.7/site-packages/airflow/example_dags/example_xcom.py
[2021-03-23 20:30:08,003] {logging_mixin.py:104} INFO - [2021-03-23 20:30:08,003] {dag.py:1818} INFO - Sync 1 DAGs
[2021-03-23 20:30:08,033] {logging_mixin.py:104} INFO - [2021-03-23 20:30:08,032] {dag.py:2273} INFO - Setting next_dagrun for example_xcom to 2021-03-22 00:00:00+00:00
[2021-03-23 20:30:08,048] {scheduler_job.py:190} INFO - Processing /Users/harika/Desktop/CSYE_7245/Assignment2/pipeline/MyEnv/lib/python3.7/site-packages/airflow/example_dags/example_xcom.py took 0.088 seconds
[2021-03-23 20:30:40,710] {scheduler_job.py:182} INFO - Started process (PID=14511) to work on /Users/harika/Desktop/CSYE_7245/Assignment2/pipeline/MyEnv/lib/python3.7/site-packages/airflow/example_dags/example_xcom.py
[2021-03-23 20:30:40,717] {scheduler_job.py:629} INFO - Processing file /Users/harika/Desktop/CSYE_7245/Assignment2/pipeline/MyEnv/lib/python3.7/site-packages/airflow/example_dags/example_xcom.py for tasks to queue
[2021-03-23 20:30:40,720] {logging_mixin.py:104} INFO - [2021-03-23 20:30:40,719] {dagbag.py:448} INFO - Filling up the DagBag from /Users/harika/Desktop/CSYE_7245/Assignment2/pipeline/MyEnv/lib/python3.7/site-packages/airflow/example_dags/example_xcom.py
[2021-03-23 20:30:40,734] {scheduler_job.py:639} INFO - DAG(s) dict_keys(['example_xcom']) retrieved from /Users/harika/Desktop/CSYE_7245/Assignment2/pipeline/MyEnv/lib/python3.7/site-packages/airflow/example_dags/example_xcom.py
[2021-03-23 20:30:40,754] {logging_mixin.py:104} INFO - [2021-03-23 20:30:40,753] {dag.py:1818} INFO - Sync 1 DAGs
[2021-03-23 20:30:40,769] {logging_mixin.py:104} INFO - [2021-03-23 20:30:40,768] {dag.py:2273} INFO - Setting next_dagrun for example_xcom to 2021-03-22 00:00:00+00:00
[2021-03-23 20:30:40,787] {scheduler_job.py:190} INFO - Processing /Users/harika/Desktop/CSYE_7245/Assignment2/pipeline/MyEnv/lib/python3.7/site-packages/airflow/example_dags/example_xcom.py took 0.082 seconds
[2021-03-23 20:31:17,027] {scheduler_job.py:182} INFO - Started process (PID=14544) to work on /Users/harika/Desktop/CSYE_7245/Assignment2/pipeline/MyEnv/lib/python3.7/site-packages/airflow/example_dags/example_xcom.py
[2021-03-23 20:31:17,030] {scheduler_job.py:629} INFO - Processing file /Users/harika/Desktop/CSYE_7245/Assignment2/pipeline/MyEnv/lib/python3.7/site-packages/airflow/example_dags/example_xcom.py for tasks to queue
[2021-03-23 20:31:17,032] {logging_mixin.py:104} INFO - [2021-03-23 20:31:17,032] {dagbag.py:448} INFO - Filling up the DagBag from /Users/harika/Desktop/CSYE_7245/Assignment2/pipeline/MyEnv/lib/python3.7/site-packages/airflow/example_dags/example_xcom.py
[2021-03-23 20:31:17,051] {scheduler_job.py:639} INFO - DAG(s) dict_keys(['example_xcom']) retrieved from /Users/harika/Desktop/CSYE_7245/Assignment2/pipeline/MyEnv/lib/python3.7/site-packages/airflow/example_dags/example_xcom.py
[2021-03-23 20:31:17,081] {logging_mixin.py:104} INFO - [2021-03-23 20:31:17,080] {dag.py:1818} INFO - Sync 1 DAGs
[2021-03-23 20:31:17,099] {logging_mixin.py:104} INFO - [2021-03-23 20:31:17,098] {dag.py:2273} INFO - Setting next_dagrun for example_xcom to 2021-03-22 00:00:00+00:00
[2021-03-23 20:31:17,116] {scheduler_job.py:190} INFO - Processing /Users/harika/Desktop/CSYE_7245/Assignment2/pipeline/MyEnv/lib/python3.7/site-packages/airflow/example_dags/example_xcom.py took 0.097 seconds
[2021-03-23 21:09:40,224] {scheduler_job.py:182} INFO - Started process (PID=14939) to work on /Users/harika/Desktop/CSYE_7245/Assignment2/pipeline/MyEnv/lib/python3.7/site-packages/airflow/example_dags/example_xcom.py
[2021-03-23 21:09:40,227] {scheduler_job.py:629} INFO - Processing file /Users/harika/Desktop/CSYE_7245/Assignment2/pipeline/MyEnv/lib/python3.7/site-packages/airflow/example_dags/example_xcom.py for tasks to queue
[2021-03-23 21:09:40,230] {logging_mixin.py:104} INFO - [2021-03-23 21:09:40,229] {dagbag.py:448} INFO - Filling up the DagBag from /Users/harika/Desktop/CSYE_7245/Assignment2/pipeline/MyEnv/lib/python3.7/site-packages/airflow/example_dags/example_xcom.py
[2021-03-23 21:09:40,256] {scheduler_job.py:639} INFO - DAG(s) dict_keys(['example_xcom']) retrieved from /Users/harika/Desktop/CSYE_7245/Assignment2/pipeline/MyEnv/lib/python3.7/site-packages/airflow/example_dags/example_xcom.py
[2021-03-23 21:09:40,287] {logging_mixin.py:104} INFO - [2021-03-23 21:09:40,286] {dag.py:1818} INFO - Sync 1 DAGs
[2021-03-23 21:09:40,311] {logging_mixin.py:104} INFO - [2021-03-23 21:09:40,310] {dag.py:2273} INFO - Setting next_dagrun for example_xcom to 2021-03-22 00:00:00+00:00
[2021-03-23 21:09:40,329] {scheduler_job.py:190} INFO - Processing /Users/harika/Desktop/CSYE_7245/Assignment2/pipeline/MyEnv/lib/python3.7/site-packages/airflow/example_dags/example_xcom.py took 0.111 seconds
[2021-03-23 21:12:52,767] {scheduler_job.py:182} INFO - Started process (PID=15013) to work on /Users/harika/Desktop/CSYE_7245/Assignment2/pipeline/MyEnv/lib/python3.7/site-packages/airflow/example_dags/example_xcom.py
[2021-03-23 21:12:52,770] {scheduler_job.py:629} INFO - Processing file /Users/harika/Desktop/CSYE_7245/Assignment2/pipeline/MyEnv/lib/python3.7/site-packages/airflow/example_dags/example_xcom.py for tasks to queue
[2021-03-23 21:12:52,774] {logging_mixin.py:104} INFO - [2021-03-23 21:12:52,772] {dagbag.py:448} INFO - Filling up the DagBag from /Users/harika/Desktop/CSYE_7245/Assignment2/pipeline/MyEnv/lib/python3.7/site-packages/airflow/example_dags/example_xcom.py
[2021-03-23 21:12:52,792] {scheduler_job.py:639} INFO - DAG(s) dict_keys(['example_xcom']) retrieved from /Users/harika/Desktop/CSYE_7245/Assignment2/pipeline/MyEnv/lib/python3.7/site-packages/airflow/example_dags/example_xcom.py
[2021-03-23 21:12:52,817] {logging_mixin.py:104} INFO - [2021-03-23 21:12:52,817] {dag.py:1818} INFO - Sync 1 DAGs
[2021-03-23 21:12:52,835] {logging_mixin.py:104} INFO - [2021-03-23 21:12:52,835] {dag.py:2273} INFO - Setting next_dagrun for example_xcom to 2021-03-22 00:00:00+00:00
[2021-03-23 21:12:52,853] {scheduler_job.py:190} INFO - Processing /Users/harika/Desktop/CSYE_7245/Assignment2/pipeline/MyEnv/lib/python3.7/site-packages/airflow/example_dags/example_xcom.py took 0.090 seconds
[2021-03-23 21:13:33,805] {scheduler_job.py:182} INFO - Started process (PID=15046) to work on /Users/harika/Desktop/CSYE_7245/Assignment2/pipeline/MyEnv/lib/python3.7/site-packages/airflow/example_dags/example_xcom.py
[2021-03-23 21:13:33,807] {scheduler_job.py:629} INFO - Processing file /Users/harika/Desktop/CSYE_7245/Assignment2/pipeline/MyEnv/lib/python3.7/site-packages/airflow/example_dags/example_xcom.py for tasks to queue
[2021-03-23 21:13:33,808] {logging_mixin.py:104} INFO - [2021-03-23 21:13:33,808] {dagbag.py:448} INFO - Filling up the DagBag from /Users/harika/Desktop/CSYE_7245/Assignment2/pipeline/MyEnv/lib/python3.7/site-packages/airflow/example_dags/example_xcom.py
[2021-03-23 21:13:33,820] {scheduler_job.py:639} INFO - DAG(s) dict_keys(['example_xcom']) retrieved from /Users/harika/Desktop/CSYE_7245/Assignment2/pipeline/MyEnv/lib/python3.7/site-packages/airflow/example_dags/example_xcom.py
[2021-03-23 21:13:33,850] {logging_mixin.py:104} INFO - [2021-03-23 21:13:33,849] {dag.py:1818} INFO - Sync 1 DAGs
[2021-03-23 21:13:33,874] {logging_mixin.py:104} INFO - [2021-03-23 21:13:33,873] {dag.py:2273} INFO - Setting next_dagrun for example_xcom to 2021-03-22 00:00:00+00:00
[2021-03-23 21:13:33,886] {scheduler_job.py:190} INFO - Processing /Users/harika/Desktop/CSYE_7245/Assignment2/pipeline/MyEnv/lib/python3.7/site-packages/airflow/example_dags/example_xcom.py took 0.088 seconds
[2021-03-23 21:15:24,693] {scheduler_job.py:182} INFO - Started process (PID=15127) to work on /Users/harika/Desktop/CSYE_7245/Assignment2/pipeline/MyEnv/lib/python3.7/site-packages/airflow/example_dags/example_xcom.py
[2021-03-23 21:15:24,695] {scheduler_job.py:629} INFO - Processing file /Users/harika/Desktop/CSYE_7245/Assignment2/pipeline/MyEnv/lib/python3.7/site-packages/airflow/example_dags/example_xcom.py for tasks to queue
[2021-03-23 21:15:24,698] {logging_mixin.py:104} INFO - [2021-03-23 21:15:24,697] {dagbag.py:448} INFO - Filling up the DagBag from /Users/harika/Desktop/CSYE_7245/Assignment2/pipeline/MyEnv/lib/python3.7/site-packages/airflow/example_dags/example_xcom.py
[2021-03-23 21:15:24,746] {scheduler_job.py:639} INFO - DAG(s) dict_keys(['example_xcom']) retrieved from /Users/harika/Desktop/CSYE_7245/Assignment2/pipeline/MyEnv/lib/python3.7/site-packages/airflow/example_dags/example_xcom.py
[2021-03-23 21:15:24,771] {logging_mixin.py:104} INFO - [2021-03-23 21:15:24,771] {dag.py:1818} INFO - Sync 1 DAGs
[2021-03-23 21:15:24,803] {logging_mixin.py:104} INFO - [2021-03-23 21:15:24,802] {dag.py:2273} INFO - Setting next_dagrun for example_xcom to 2021-03-22 00:00:00+00:00
[2021-03-23 21:15:24,824] {scheduler_job.py:190} INFO - Processing /Users/harika/Desktop/CSYE_7245/Assignment2/pipeline/MyEnv/lib/python3.7/site-packages/airflow/example_dags/example_xcom.py took 0.138 seconds
[2021-03-23 21:17:40,839] {scheduler_job.py:182} INFO - Started process (PID=15176) to work on /Users/harika/Desktop/CSYE_7245/Assignment2/pipeline/MyEnv/lib/python3.7/site-packages/airflow/example_dags/example_xcom.py
[2021-03-23 21:17:40,842] {scheduler_job.py:629} INFO - Processing file /Users/harika/Desktop/CSYE_7245/Assignment2/pipeline/MyEnv/lib/python3.7/site-packages/airflow/example_dags/example_xcom.py for tasks to queue
[2021-03-23 21:17:40,844] {logging_mixin.py:104} INFO - [2021-03-23 21:17:40,843] {dagbag.py:448} INFO - Filling up the DagBag from /Users/harika/Desktop/CSYE_7245/Assignment2/pipeline/MyEnv/lib/python3.7/site-packages/airflow/example_dags/example_xcom.py
[2021-03-23 21:17:40,852] {scheduler_job.py:639} INFO - DAG(s) dict_keys(['example_xcom']) retrieved from /Users/harika/Desktop/CSYE_7245/Assignment2/pipeline/MyEnv/lib/python3.7/site-packages/airflow/example_dags/example_xcom.py
[2021-03-23 21:17:40,868] {logging_mixin.py:104} INFO - [2021-03-23 21:17:40,867] {dag.py:1818} INFO - Sync 1 DAGs
[2021-03-23 21:17:40,885] {logging_mixin.py:104} INFO - [2021-03-23 21:17:40,884] {dag.py:2273} INFO - Setting next_dagrun for example_xcom to 2021-03-22 00:00:00+00:00
[2021-03-23 21:17:40,895] {scheduler_job.py:190} INFO - Processing /Users/harika/Desktop/CSYE_7245/Assignment2/pipeline/MyEnv/lib/python3.7/site-packages/airflow/example_dags/example_xcom.py took 0.060 seconds
[2021-03-23 21:18:17,263] {scheduler_job.py:182} INFO - Started process (PID=15217) to work on /Users/harika/Desktop/CSYE_7245/Assignment2/pipeline/MyEnv/lib/python3.7/site-packages/airflow/example_dags/example_xcom.py
[2021-03-23 21:18:17,265] {scheduler_job.py:629} INFO - Processing file /Users/harika/Desktop/CSYE_7245/Assignment2/pipeline/MyEnv/lib/python3.7/site-packages/airflow/example_dags/example_xcom.py for tasks to queue
[2021-03-23 21:18:17,268] {logging_mixin.py:104} INFO - [2021-03-23 21:18:17,267] {dagbag.py:448} INFO - Filling up the DagBag from /Users/harika/Desktop/CSYE_7245/Assignment2/pipeline/MyEnv/lib/python3.7/site-packages/airflow/example_dags/example_xcom.py
[2021-03-23 21:18:17,318] {scheduler_job.py:639} INFO - DAG(s) dict_keys(['example_xcom']) retrieved from /Users/harika/Desktop/CSYE_7245/Assignment2/pipeline/MyEnv/lib/python3.7/site-packages/airflow/example_dags/example_xcom.py
[2021-03-23 21:18:17,357] {logging_mixin.py:104} INFO - [2021-03-23 21:18:17,356] {dag.py:1818} INFO - Sync 1 DAGs
[2021-03-23 21:18:17,391] {logging_mixin.py:104} INFO - [2021-03-23 21:18:17,390] {dag.py:2273} INFO - Setting next_dagrun for example_xcom to 2021-03-22 00:00:00+00:00
[2021-03-23 21:18:17,417] {scheduler_job.py:190} INFO - Processing /Users/harika/Desktop/CSYE_7245/Assignment2/pipeline/MyEnv/lib/python3.7/site-packages/airflow/example_dags/example_xcom.py took 0.164 seconds
[2021-03-23 21:18:54,862] {scheduler_job.py:182} INFO - Started process (PID=15250) to work on /Users/harika/Desktop/CSYE_7245/Assignment2/pipeline/MyEnv/lib/python3.7/site-packages/airflow/example_dags/example_xcom.py
[2021-03-23 21:18:54,864] {scheduler_job.py:629} INFO - Processing file /Users/harika/Desktop/CSYE_7245/Assignment2/pipeline/MyEnv/lib/python3.7/site-packages/airflow/example_dags/example_xcom.py for tasks to queue
[2021-03-23 21:18:54,865] {logging_mixin.py:104} INFO - [2021-03-23 21:18:54,865] {dagbag.py:448} INFO - Filling up the DagBag from /Users/harika/Desktop/CSYE_7245/Assignment2/pipeline/MyEnv/lib/python3.7/site-packages/airflow/example_dags/example_xcom.py
[2021-03-23 21:18:54,883] {scheduler_job.py:639} INFO - DAG(s) dict_keys(['example_xcom']) retrieved from /Users/harika/Desktop/CSYE_7245/Assignment2/pipeline/MyEnv/lib/python3.7/site-packages/airflow/example_dags/example_xcom.py
[2021-03-23 21:18:54,904] {logging_mixin.py:104} INFO - [2021-03-23 21:18:54,904] {dag.py:1818} INFO - Sync 1 DAGs
[2021-03-23 21:18:54,917] {logging_mixin.py:104} INFO - [2021-03-23 21:18:54,917] {dag.py:2273} INFO - Setting next_dagrun for example_xcom to 2021-03-22 00:00:00+00:00
[2021-03-23 21:18:54,931] {scheduler_job.py:190} INFO - Processing /Users/harika/Desktop/CSYE_7245/Assignment2/pipeline/MyEnv/lib/python3.7/site-packages/airflow/example_dags/example_xcom.py took 0.073 seconds
[2021-03-23 21:19:29,791] {scheduler_job.py:182} INFO - Started process (PID=15277) to work on /Users/harika/Desktop/CSYE_7245/Assignment2/pipeline/MyEnv/lib/python3.7/site-packages/airflow/example_dags/example_xcom.py
[2021-03-23 21:19:29,797] {scheduler_job.py:629} INFO - Processing file /Users/harika/Desktop/CSYE_7245/Assignment2/pipeline/MyEnv/lib/python3.7/site-packages/airflow/example_dags/example_xcom.py for tasks to queue
[2021-03-23 21:19:29,799] {logging_mixin.py:104} INFO - [2021-03-23 21:19:29,798] {dagbag.py:448} INFO - Filling up the DagBag from /Users/harika/Desktop/CSYE_7245/Assignment2/pipeline/MyEnv/lib/python3.7/site-packages/airflow/example_dags/example_xcom.py
[2021-03-23 21:19:29,812] {scheduler_job.py:639} INFO - DAG(s) dict_keys(['example_xcom']) retrieved from /Users/harika/Desktop/CSYE_7245/Assignment2/pipeline/MyEnv/lib/python3.7/site-packages/airflow/example_dags/example_xcom.py
[2021-03-23 21:19:29,829] {logging_mixin.py:104} INFO - [2021-03-23 21:19:29,828] {dag.py:1818} INFO - Sync 1 DAGs
[2021-03-23 21:19:29,842] {logging_mixin.py:104} INFO - [2021-03-23 21:19:29,841] {dag.py:2273} INFO - Setting next_dagrun for example_xcom to 2021-03-22 00:00:00+00:00
[2021-03-23 21:19:29,857] {scheduler_job.py:190} INFO - Processing /Users/harika/Desktop/CSYE_7245/Assignment2/pipeline/MyEnv/lib/python3.7/site-packages/airflow/example_dags/example_xcom.py took 0.075 seconds
[2021-03-23 21:20:04,610] {scheduler_job.py:182} INFO - Started process (PID=15304) to work on /Users/harika/Desktop/CSYE_7245/Assignment2/pipeline/MyEnv/lib/python3.7/site-packages/airflow/example_dags/example_xcom.py
[2021-03-23 21:20:04,612] {scheduler_job.py:629} INFO - Processing file /Users/harika/Desktop/CSYE_7245/Assignment2/pipeline/MyEnv/lib/python3.7/site-packages/airflow/example_dags/example_xcom.py for tasks to queue
[2021-03-23 21:20:04,613] {logging_mixin.py:104} INFO - [2021-03-23 21:20:04,613] {dagbag.py:448} INFO - Filling up the DagBag from /Users/harika/Desktop/CSYE_7245/Assignment2/pipeline/MyEnv/lib/python3.7/site-packages/airflow/example_dags/example_xcom.py
[2021-03-23 21:20:04,625] {scheduler_job.py:639} INFO - DAG(s) dict_keys(['example_xcom']) retrieved from /Users/harika/Desktop/CSYE_7245/Assignment2/pipeline/MyEnv/lib/python3.7/site-packages/airflow/example_dags/example_xcom.py
[2021-03-23 21:20:04,643] {logging_mixin.py:104} INFO - [2021-03-23 21:20:04,643] {dag.py:1818} INFO - Sync 1 DAGs
[2021-03-23 21:20:04,655] {logging_mixin.py:104} INFO - [2021-03-23 21:20:04,654] {dag.py:2273} INFO - Setting next_dagrun for example_xcom to 2021-03-22 00:00:00+00:00
[2021-03-23 21:20:04,663] {scheduler_job.py:190} INFO - Processing /Users/harika/Desktop/CSYE_7245/Assignment2/pipeline/MyEnv/lib/python3.7/site-packages/airflow/example_dags/example_xcom.py took 0.057 seconds
[2021-03-24 00:03:11,770] {scheduler_job.py:182} INFO - Started process (PID=16958) to work on /Users/harika/Desktop/CSYE_7245/Assignment2/pipeline/MyEnv/lib/python3.7/site-packages/airflow/example_dags/example_xcom.py
[2021-03-24 00:03:11,773] {scheduler_job.py:629} INFO - Processing file /Users/harika/Desktop/CSYE_7245/Assignment2/pipeline/MyEnv/lib/python3.7/site-packages/airflow/example_dags/example_xcom.py for tasks to queue
[2021-03-24 00:03:11,775] {logging_mixin.py:104} INFO - [2021-03-24 00:03:11,774] {dagbag.py:448} INFO - Filling up the DagBag from /Users/harika/Desktop/CSYE_7245/Assignment2/pipeline/MyEnv/lib/python3.7/site-packages/airflow/example_dags/example_xcom.py
[2021-03-24 00:03:11,790] {scheduler_job.py:639} INFO - DAG(s) dict_keys(['example_xcom']) retrieved from /Users/harika/Desktop/CSYE_7245/Assignment2/pipeline/MyEnv/lib/python3.7/site-packages/airflow/example_dags/example_xcom.py
[2021-03-24 00:03:11,804] {logging_mixin.py:104} INFO - [2021-03-24 00:03:11,804] {dag.py:1818} INFO - Sync 1 DAGs
[2021-03-24 00:03:11,817] {logging_mixin.py:104} INFO - [2021-03-24 00:03:11,816] {dag.py:2273} INFO - Setting next_dagrun for example_xcom to 2021-03-22 00:00:00+00:00
[2021-03-24 00:03:11,824] {scheduler_job.py:190} INFO - Processing /Users/harika/Desktop/CSYE_7245/Assignment2/pipeline/MyEnv/lib/python3.7/site-packages/airflow/example_dags/example_xcom.py took 0.058 seconds
[2021-03-24 00:03:49,009] {scheduler_job.py:182} INFO - Started process (PID=16986) to work on /Users/harika/Desktop/CSYE_7245/Assignment2/pipeline/MyEnv/lib/python3.7/site-packages/airflow/example_dags/example_xcom.py
[2021-03-24 00:03:49,012] {scheduler_job.py:629} INFO - Processing file /Users/harika/Desktop/CSYE_7245/Assignment2/pipeline/MyEnv/lib/python3.7/site-packages/airflow/example_dags/example_xcom.py for tasks to queue
[2021-03-24 00:03:49,014] {logging_mixin.py:104} INFO - [2021-03-24 00:03:49,013] {dagbag.py:448} INFO - Filling up the DagBag from /Users/harika/Desktop/CSYE_7245/Assignment2/pipeline/MyEnv/lib/python3.7/site-packages/airflow/example_dags/example_xcom.py
[2021-03-24 00:03:49,033] {scheduler_job.py:639} INFO - DAG(s) dict_keys(['example_xcom']) retrieved from /Users/harika/Desktop/CSYE_7245/Assignment2/pipeline/MyEnv/lib/python3.7/site-packages/airflow/example_dags/example_xcom.py
[2021-03-24 00:03:49,056] {logging_mixin.py:104} INFO - [2021-03-24 00:03:49,056] {dag.py:1818} INFO - Sync 1 DAGs
[2021-03-24 00:03:49,077] {logging_mixin.py:104} INFO - [2021-03-24 00:03:49,076] {dag.py:2273} INFO - Setting next_dagrun for example_xcom to 2021-03-22 00:00:00+00:00
[2021-03-24 00:03:49,087] {scheduler_job.py:190} INFO - Processing /Users/harika/Desktop/CSYE_7245/Assignment2/pipeline/MyEnv/lib/python3.7/site-packages/airflow/example_dags/example_xcom.py took 0.083 seconds
[2021-03-24 00:04:36,037] {scheduler_job.py:182} INFO - Started process (PID=17021) to work on /Users/harika/Desktop/CSYE_7245/Assignment2/pipeline/MyEnv/lib/python3.7/site-packages/airflow/example_dags/example_xcom.py
[2021-03-24 00:04:36,041] {scheduler_job.py:629} INFO - Processing file /Users/harika/Desktop/CSYE_7245/Assignment2/pipeline/MyEnv/lib/python3.7/site-packages/airflow/example_dags/example_xcom.py for tasks to queue
[2021-03-24 00:04:36,042] {logging_mixin.py:104} INFO - [2021-03-24 00:04:36,042] {dagbag.py:448} INFO - Filling up the DagBag from /Users/harika/Desktop/CSYE_7245/Assignment2/pipeline/MyEnv/lib/python3.7/site-packages/airflow/example_dags/example_xcom.py
[2021-03-24 00:04:36,060] {scheduler_job.py:639} INFO - DAG(s) dict_keys(['example_xcom']) retrieved from /Users/harika/Desktop/CSYE_7245/Assignment2/pipeline/MyEnv/lib/python3.7/site-packages/airflow/example_dags/example_xcom.py
[2021-03-24 00:04:36,079] {logging_mixin.py:104} INFO - [2021-03-24 00:04:36,078] {dag.py:1818} INFO - Sync 1 DAGs
[2021-03-24 00:04:36,095] {logging_mixin.py:104} INFO - [2021-03-24 00:04:36,094] {dag.py:2273} INFO - Setting next_dagrun for example_xcom to 2021-03-22 00:00:00+00:00
[2021-03-24 00:04:36,105] {scheduler_job.py:190} INFO - Processing /Users/harika/Desktop/CSYE_7245/Assignment2/pipeline/MyEnv/lib/python3.7/site-packages/airflow/example_dags/example_xcom.py took 0.075 seconds
[2021-03-24 00:05:10,332] {scheduler_job.py:182} INFO - Started process (PID=17051) to work on /Users/harika/Desktop/CSYE_7245/Assignment2/pipeline/MyEnv/lib/python3.7/site-packages/airflow/example_dags/example_xcom.py
[2021-03-24 00:05:10,333] {scheduler_job.py:629} INFO - Processing file /Users/harika/Desktop/CSYE_7245/Assignment2/pipeline/MyEnv/lib/python3.7/site-packages/airflow/example_dags/example_xcom.py for tasks to queue
[2021-03-24 00:05:10,336] {logging_mixin.py:104} INFO - [2021-03-24 00:05:10,335] {dagbag.py:448} INFO - Filling up the DagBag from /Users/harika/Desktop/CSYE_7245/Assignment2/pipeline/MyEnv/lib/python3.7/site-packages/airflow/example_dags/example_xcom.py
[2021-03-24 00:05:10,349] {scheduler_job.py:639} INFO - DAG(s) dict_keys(['example_xcom']) retrieved from /Users/harika/Desktop/CSYE_7245/Assignment2/pipeline/MyEnv/lib/python3.7/site-packages/airflow/example_dags/example_xcom.py
[2021-03-24 00:05:10,363] {logging_mixin.py:104} INFO - [2021-03-24 00:05:10,362] {dag.py:1818} INFO - Sync 1 DAGs
[2021-03-24 00:05:10,374] {logging_mixin.py:104} INFO - [2021-03-24 00:05:10,374] {dag.py:2273} INFO - Setting next_dagrun for example_xcom to 2021-03-22 00:00:00+00:00
[2021-03-24 00:05:10,382] {scheduler_job.py:190} INFO - Processing /Users/harika/Desktop/CSYE_7245/Assignment2/pipeline/MyEnv/lib/python3.7/site-packages/airflow/example_dags/example_xcom.py took 0.054 seconds
[2021-03-24 01:02:53,351] {scheduler_job.py:182} INFO - Started process (PID=17450) to work on /Users/harika/Desktop/CSYE_7245/Assignment2/pipeline/MyEnv/lib/python3.7/site-packages/airflow/example_dags/example_xcom.py
[2021-03-24 01:02:53,353] {scheduler_job.py:629} INFO - Processing file /Users/harika/Desktop/CSYE_7245/Assignment2/pipeline/MyEnv/lib/python3.7/site-packages/airflow/example_dags/example_xcom.py for tasks to queue
[2021-03-24 01:02:53,355] {logging_mixin.py:104} INFO - [2021-03-24 01:02:53,354] {dagbag.py:448} INFO - Filling up the DagBag from /Users/harika/Desktop/CSYE_7245/Assignment2/pipeline/MyEnv/lib/python3.7/site-packages/airflow/example_dags/example_xcom.py
[2021-03-24 01:02:53,363] {scheduler_job.py:639} INFO - DAG(s) dict_keys(['example_xcom']) retrieved from /Users/harika/Desktop/CSYE_7245/Assignment2/pipeline/MyEnv/lib/python3.7/site-packages/airflow/example_dags/example_xcom.py
[2021-03-24 01:02:53,377] {logging_mixin.py:104} INFO - [2021-03-24 01:02:53,377] {dag.py:1818} INFO - Sync 1 DAGs
[2021-03-24 01:02:53,391] {logging_mixin.py:104} INFO - [2021-03-24 01:02:53,390] {dag.py:2273} INFO - Setting next_dagrun for example_xcom to 2021-03-22 00:00:00+00:00
[2021-03-24 01:02:53,399] {scheduler_job.py:190} INFO - Processing /Users/harika/Desktop/CSYE_7245/Assignment2/pipeline/MyEnv/lib/python3.7/site-packages/airflow/example_dags/example_xcom.py took 0.051 seconds
[2021-03-24 01:03:32,540] {scheduler_job.py:182} INFO - Started process (PID=17498) to work on /Users/harika/Desktop/CSYE_7245/Assignment2/pipeline/MyEnv/lib/python3.7/site-packages/airflow/example_dags/example_xcom.py
[2021-03-24 01:03:32,542] {scheduler_job.py:629} INFO - Processing file /Users/harika/Desktop/CSYE_7245/Assignment2/pipeline/MyEnv/lib/python3.7/site-packages/airflow/example_dags/example_xcom.py for tasks to queue
[2021-03-24 01:03:32,544] {logging_mixin.py:104} INFO - [2021-03-24 01:03:32,544] {dagbag.py:448} INFO - Filling up the DagBag from /Users/harika/Desktop/CSYE_7245/Assignment2/pipeline/MyEnv/lib/python3.7/site-packages/airflow/example_dags/example_xcom.py
[2021-03-24 01:03:32,555] {scheduler_job.py:639} INFO - DAG(s) dict_keys(['example_xcom']) retrieved from /Users/harika/Desktop/CSYE_7245/Assignment2/pipeline/MyEnv/lib/python3.7/site-packages/airflow/example_dags/example_xcom.py
[2021-03-24 01:03:32,572] {logging_mixin.py:104} INFO - [2021-03-24 01:03:32,572] {dag.py:1818} INFO - Sync 1 DAGs
[2021-03-24 01:03:32,586] {logging_mixin.py:104} INFO - [2021-03-24 01:03:32,586] {dag.py:2273} INFO - Setting next_dagrun for example_xcom to 2021-03-22 00:00:00+00:00
[2021-03-24 01:03:32,598] {scheduler_job.py:190} INFO - Processing /Users/harika/Desktop/CSYE_7245/Assignment2/pipeline/MyEnv/lib/python3.7/site-packages/airflow/example_dags/example_xcom.py took 0.063 seconds
[2021-03-24 01:04:06,571] {scheduler_job.py:182} INFO - Started process (PID=17535) to work on /Users/harika/Desktop/CSYE_7245/Assignment2/pipeline/MyEnv/lib/python3.7/site-packages/airflow/example_dags/example_xcom.py
[2021-03-24 01:04:06,573] {scheduler_job.py:629} INFO - Processing file /Users/harika/Desktop/CSYE_7245/Assignment2/pipeline/MyEnv/lib/python3.7/site-packages/airflow/example_dags/example_xcom.py for tasks to queue
[2021-03-24 01:04:06,575] {logging_mixin.py:104} INFO - [2021-03-24 01:04:06,574] {dagbag.py:448} INFO - Filling up the DagBag from /Users/harika/Desktop/CSYE_7245/Assignment2/pipeline/MyEnv/lib/python3.7/site-packages/airflow/example_dags/example_xcom.py
[2021-03-24 01:04:06,583] {scheduler_job.py:639} INFO - DAG(s) dict_keys(['example_xcom']) retrieved from /Users/harika/Desktop/CSYE_7245/Assignment2/pipeline/MyEnv/lib/python3.7/site-packages/airflow/example_dags/example_xcom.py
[2021-03-24 01:04:06,598] {logging_mixin.py:104} INFO - [2021-03-24 01:04:06,597] {dag.py:1818} INFO - Sync 1 DAGs
[2021-03-24 01:04:06,609] {logging_mixin.py:104} INFO - [2021-03-24 01:04:06,609] {dag.py:2273} INFO - Setting next_dagrun for example_xcom to 2021-03-22 00:00:00+00:00
[2021-03-24 01:04:06,617] {scheduler_job.py:190} INFO - Processing /Users/harika/Desktop/CSYE_7245/Assignment2/pipeline/MyEnv/lib/python3.7/site-packages/airflow/example_dags/example_xcom.py took 0.050 seconds
[2021-03-24 01:04:40,476] {scheduler_job.py:182} INFO - Started process (PID=17638) to work on /Users/harika/Desktop/CSYE_7245/Assignment2/pipeline/MyEnv/lib/python3.7/site-packages/airflow/example_dags/example_xcom.py
[2021-03-24 01:04:40,478] {scheduler_job.py:629} INFO - Processing file /Users/harika/Desktop/CSYE_7245/Assignment2/pipeline/MyEnv/lib/python3.7/site-packages/airflow/example_dags/example_xcom.py for tasks to queue
[2021-03-24 01:04:40,479] {logging_mixin.py:104} INFO - [2021-03-24 01:04:40,479] {dagbag.py:448} INFO - Filling up the DagBag from /Users/harika/Desktop/CSYE_7245/Assignment2/pipeline/MyEnv/lib/python3.7/site-packages/airflow/example_dags/example_xcom.py
[2021-03-24 01:04:40,487] {scheduler_job.py:639} INFO - DAG(s) dict_keys(['example_xcom']) retrieved from /Users/harika/Desktop/CSYE_7245/Assignment2/pipeline/MyEnv/lib/python3.7/site-packages/airflow/example_dags/example_xcom.py
[2021-03-24 01:04:40,503] {logging_mixin.py:104} INFO - [2021-03-24 01:04:40,502] {dag.py:1818} INFO - Sync 1 DAGs
[2021-03-24 01:04:40,519] {logging_mixin.py:104} INFO - [2021-03-24 01:04:40,518] {dag.py:2273} INFO - Setting next_dagrun for example_xcom to 2021-03-22 00:00:00+00:00
[2021-03-24 01:04:40,533] {scheduler_job.py:190} INFO - Processing /Users/harika/Desktop/CSYE_7245/Assignment2/pipeline/MyEnv/lib/python3.7/site-packages/airflow/example_dags/example_xcom.py took 0.062 seconds
