[2021-03-23 20:25:18,079] {scheduler_job.py:182} INFO - Started process (PID=14303) to work on /Users/harika/Desktop/CSYE_7245/Assignment2/pipeline/MyEnv/lib/python3.7/site-packages/airflow/example_dags/example_kubernetes_executor_config.py
[2021-03-23 20:25:18,085] {scheduler_job.py:629} INFO - Processing file /Users/harika/Desktop/CSYE_7245/Assignment2/pipeline/MyEnv/lib/python3.7/site-packages/airflow/example_dags/example_kubernetes_executor_config.py for tasks to queue
[2021-03-23 20:25:18,087] {logging_mixin.py:104} INFO - [2021-03-23 20:25:18,087] {dagbag.py:448} INFO - Filling up the DagBag from /Users/harika/Desktop/CSYE_7245/Assignment2/pipeline/MyEnv/lib/python3.7/site-packages/airflow/example_dags/example_kubernetes_executor_config.py
[2021-03-23 20:25:18,104] {logging_mixin.py:104} INFO - [2021-03-23 20:25:18,103] {example_kubernetes_executor_config.py:174} WARNING - Could not import DAGs in example_kubernetes_executor_config.py: No module named 'kubernetes'
[2021-03-23 20:25:18,106] {logging_mixin.py:104} INFO - [2021-03-23 20:25:18,105] {example_kubernetes_executor_config.py:175} WARNING - Install kubernetes dependencies with: pip install apache-airflow['cncf.kubernetes']
[2021-03-23 20:25:18,107] {scheduler_job.py:641} WARNING - No viable dags retrieved from /Users/harika/Desktop/CSYE_7245/Assignment2/pipeline/MyEnv/lib/python3.7/site-packages/airflow/example_dags/example_kubernetes_executor_config.py
[2021-03-23 20:25:18,123] {scheduler_job.py:190} INFO - Processing /Users/harika/Desktop/CSYE_7245/Assignment2/pipeline/MyEnv/lib/python3.7/site-packages/airflow/example_dags/example_kubernetes_executor_config.py took 0.052 seconds
[2021-03-23 20:27:47,271] {scheduler_job.py:182} INFO - Started process (PID=14362) to work on /Users/harika/Desktop/CSYE_7245/Assignment2/pipeline/MyEnv/lib/python3.7/site-packages/airflow/example_dags/example_kubernetes_executor_config.py
[2021-03-23 20:27:47,273] {scheduler_job.py:629} INFO - Processing file /Users/harika/Desktop/CSYE_7245/Assignment2/pipeline/MyEnv/lib/python3.7/site-packages/airflow/example_dags/example_kubernetes_executor_config.py for tasks to queue
[2021-03-23 20:27:47,276] {logging_mixin.py:104} INFO - [2021-03-23 20:27:47,276] {dagbag.py:448} INFO - Filling up the DagBag from /Users/harika/Desktop/CSYE_7245/Assignment2/pipeline/MyEnv/lib/python3.7/site-packages/airflow/example_dags/example_kubernetes_executor_config.py
[2021-03-23 20:27:47,297] {logging_mixin.py:104} INFO - [2021-03-23 20:27:47,293] {example_kubernetes_executor_config.py:174} WARNING - Could not import DAGs in example_kubernetes_executor_config.py: No module named 'kubernetes'
[2021-03-23 20:27:47,301] {logging_mixin.py:104} INFO - [2021-03-23 20:27:47,300] {example_kubernetes_executor_config.py:175} WARNING - Install kubernetes dependencies with: pip install apache-airflow['cncf.kubernetes']
[2021-03-23 20:27:47,302] {scheduler_job.py:641} WARNING - No viable dags retrieved from /Users/harika/Desktop/CSYE_7245/Assignment2/pipeline/MyEnv/lib/python3.7/site-packages/airflow/example_dags/example_kubernetes_executor_config.py
[2021-03-23 20:27:47,321] {scheduler_job.py:190} INFO - Processing /Users/harika/Desktop/CSYE_7245/Assignment2/pipeline/MyEnv/lib/python3.7/site-packages/airflow/example_dags/example_kubernetes_executor_config.py took 0.055 seconds
[2021-03-23 20:28:21,755] {scheduler_job.py:182} INFO - Started process (PID=14395) to work on /Users/harika/Desktop/CSYE_7245/Assignment2/pipeline/MyEnv/lib/python3.7/site-packages/airflow/example_dags/example_kubernetes_executor_config.py
[2021-03-23 20:28:21,757] {scheduler_job.py:629} INFO - Processing file /Users/harika/Desktop/CSYE_7245/Assignment2/pipeline/MyEnv/lib/python3.7/site-packages/airflow/example_dags/example_kubernetes_executor_config.py for tasks to queue
[2021-03-23 20:28:21,759] {logging_mixin.py:104} INFO - [2021-03-23 20:28:21,759] {dagbag.py:448} INFO - Filling up the DagBag from /Users/harika/Desktop/CSYE_7245/Assignment2/pipeline/MyEnv/lib/python3.7/site-packages/airflow/example_dags/example_kubernetes_executor_config.py
[2021-03-23 20:28:21,772] {logging_mixin.py:104} INFO - [2021-03-23 20:28:21,771] {example_kubernetes_executor_config.py:174} WARNING - Could not import DAGs in example_kubernetes_executor_config.py: No module named 'kubernetes'
[2021-03-23 20:28:21,772] {logging_mixin.py:104} INFO - [2021-03-23 20:28:21,772] {example_kubernetes_executor_config.py:175} WARNING - Install kubernetes dependencies with: pip install apache-airflow['cncf.kubernetes']
[2021-03-23 20:28:21,773] {scheduler_job.py:641} WARNING - No viable dags retrieved from /Users/harika/Desktop/CSYE_7245/Assignment2/pipeline/MyEnv/lib/python3.7/site-packages/airflow/example_dags/example_kubernetes_executor_config.py
[2021-03-23 20:28:21,782] {scheduler_job.py:190} INFO - Processing /Users/harika/Desktop/CSYE_7245/Assignment2/pipeline/MyEnv/lib/python3.7/site-packages/airflow/example_dags/example_kubernetes_executor_config.py took 0.031 seconds
[2021-03-23 20:28:53,828] {scheduler_job.py:182} INFO - Started process (PID=14422) to work on /Users/harika/Desktop/CSYE_7245/Assignment2/pipeline/MyEnv/lib/python3.7/site-packages/airflow/example_dags/example_kubernetes_executor_config.py
[2021-03-23 20:28:53,832] {scheduler_job.py:629} INFO - Processing file /Users/harika/Desktop/CSYE_7245/Assignment2/pipeline/MyEnv/lib/python3.7/site-packages/airflow/example_dags/example_kubernetes_executor_config.py for tasks to queue
[2021-03-23 20:28:53,834] {logging_mixin.py:104} INFO - [2021-03-23 20:28:53,834] {dagbag.py:448} INFO - Filling up the DagBag from /Users/harika/Desktop/CSYE_7245/Assignment2/pipeline/MyEnv/lib/python3.7/site-packages/airflow/example_dags/example_kubernetes_executor_config.py
[2021-03-23 20:28:53,848] {logging_mixin.py:104} INFO - [2021-03-23 20:28:53,847] {example_kubernetes_executor_config.py:174} WARNING - Could not import DAGs in example_kubernetes_executor_config.py: No module named 'kubernetes'
[2021-03-23 20:28:53,849] {logging_mixin.py:104} INFO - [2021-03-23 20:28:53,849] {example_kubernetes_executor_config.py:175} WARNING - Install kubernetes dependencies with: pip install apache-airflow['cncf.kubernetes']
[2021-03-23 20:28:53,850] {scheduler_job.py:641} WARNING - No viable dags retrieved from /Users/harika/Desktop/CSYE_7245/Assignment2/pipeline/MyEnv/lib/python3.7/site-packages/airflow/example_dags/example_kubernetes_executor_config.py
[2021-03-23 20:28:53,867] {scheduler_job.py:190} INFO - Processing /Users/harika/Desktop/CSYE_7245/Assignment2/pipeline/MyEnv/lib/python3.7/site-packages/airflow/example_dags/example_kubernetes_executor_config.py took 0.044 seconds
[2021-03-23 20:29:30,789] {scheduler_job.py:182} INFO - Started process (PID=14450) to work on /Users/harika/Desktop/CSYE_7245/Assignment2/pipeline/MyEnv/lib/python3.7/site-packages/airflow/example_dags/example_kubernetes_executor_config.py
[2021-03-23 20:29:30,792] {scheduler_job.py:629} INFO - Processing file /Users/harika/Desktop/CSYE_7245/Assignment2/pipeline/MyEnv/lib/python3.7/site-packages/airflow/example_dags/example_kubernetes_executor_config.py for tasks to queue
[2021-03-23 20:29:30,794] {logging_mixin.py:104} INFO - [2021-03-23 20:29:30,793] {dagbag.py:448} INFO - Filling up the DagBag from /Users/harika/Desktop/CSYE_7245/Assignment2/pipeline/MyEnv/lib/python3.7/site-packages/airflow/example_dags/example_kubernetes_executor_config.py
[2021-03-23 20:29:30,804] {logging_mixin.py:104} INFO - [2021-03-23 20:29:30,803] {example_kubernetes_executor_config.py:174} WARNING - Could not import DAGs in example_kubernetes_executor_config.py: No module named 'kubernetes'
[2021-03-23 20:29:30,805] {logging_mixin.py:104} INFO - [2021-03-23 20:29:30,804] {example_kubernetes_executor_config.py:175} WARNING - Install kubernetes dependencies with: pip install apache-airflow['cncf.kubernetes']
[2021-03-23 20:29:30,805] {scheduler_job.py:641} WARNING - No viable dags retrieved from /Users/harika/Desktop/CSYE_7245/Assignment2/pipeline/MyEnv/lib/python3.7/site-packages/airflow/example_dags/example_kubernetes_executor_config.py
[2021-03-23 20:29:30,815] {scheduler_job.py:190} INFO - Processing /Users/harika/Desktop/CSYE_7245/Assignment2/pipeline/MyEnv/lib/python3.7/site-packages/airflow/example_dags/example_kubernetes_executor_config.py took 0.030 seconds
[2021-03-23 20:30:11,964] {scheduler_job.py:182} INFO - Started process (PID=14488) to work on /Users/harika/Desktop/CSYE_7245/Assignment2/pipeline/MyEnv/lib/python3.7/site-packages/airflow/example_dags/example_kubernetes_executor_config.py
[2021-03-23 20:30:11,966] {scheduler_job.py:629} INFO - Processing file /Users/harika/Desktop/CSYE_7245/Assignment2/pipeline/MyEnv/lib/python3.7/site-packages/airflow/example_dags/example_kubernetes_executor_config.py for tasks to queue
[2021-03-23 20:30:11,968] {logging_mixin.py:104} INFO - [2021-03-23 20:30:11,967] {dagbag.py:448} INFO - Filling up the DagBag from /Users/harika/Desktop/CSYE_7245/Assignment2/pipeline/MyEnv/lib/python3.7/site-packages/airflow/example_dags/example_kubernetes_executor_config.py
[2021-03-23 20:30:11,981] {logging_mixin.py:104} INFO - [2021-03-23 20:30:11,980] {example_kubernetes_executor_config.py:174} WARNING - Could not import DAGs in example_kubernetes_executor_config.py: No module named 'kubernetes'
[2021-03-23 20:30:11,982] {logging_mixin.py:104} INFO - [2021-03-23 20:30:11,981] {example_kubernetes_executor_config.py:175} WARNING - Install kubernetes dependencies with: pip install apache-airflow['cncf.kubernetes']
[2021-03-23 20:30:11,982] {scheduler_job.py:641} WARNING - No viable dags retrieved from /Users/harika/Desktop/CSYE_7245/Assignment2/pipeline/MyEnv/lib/python3.7/site-packages/airflow/example_dags/example_kubernetes_executor_config.py
[2021-03-23 20:30:11,994] {scheduler_job.py:190} INFO - Processing /Users/harika/Desktop/CSYE_7245/Assignment2/pipeline/MyEnv/lib/python3.7/site-packages/airflow/example_dags/example_kubernetes_executor_config.py took 0.040 seconds
[2021-03-23 20:30:46,104] {scheduler_job.py:182} INFO - Started process (PID=14517) to work on /Users/harika/Desktop/CSYE_7245/Assignment2/pipeline/MyEnv/lib/python3.7/site-packages/airflow/example_dags/example_kubernetes_executor_config.py
[2021-03-23 20:30:46,108] {scheduler_job.py:629} INFO - Processing file /Users/harika/Desktop/CSYE_7245/Assignment2/pipeline/MyEnv/lib/python3.7/site-packages/airflow/example_dags/example_kubernetes_executor_config.py for tasks to queue
[2021-03-23 20:30:46,110] {logging_mixin.py:104} INFO - [2021-03-23 20:30:46,109] {dagbag.py:448} INFO - Filling up the DagBag from /Users/harika/Desktop/CSYE_7245/Assignment2/pipeline/MyEnv/lib/python3.7/site-packages/airflow/example_dags/example_kubernetes_executor_config.py
[2021-03-23 20:30:46,134] {logging_mixin.py:104} INFO - [2021-03-23 20:30:46,133] {example_kubernetes_executor_config.py:174} WARNING - Could not import DAGs in example_kubernetes_executor_config.py: No module named 'kubernetes'
[2021-03-23 20:30:46,135] {logging_mixin.py:104} INFO - [2021-03-23 20:30:46,135] {example_kubernetes_executor_config.py:175} WARNING - Install kubernetes dependencies with: pip install apache-airflow['cncf.kubernetes']
[2021-03-23 20:30:46,139] {scheduler_job.py:641} WARNING - No viable dags retrieved from /Users/harika/Desktop/CSYE_7245/Assignment2/pipeline/MyEnv/lib/python3.7/site-packages/airflow/example_dags/example_kubernetes_executor_config.py
[2021-03-23 20:30:46,154] {scheduler_job.py:190} INFO - Processing /Users/harika/Desktop/CSYE_7245/Assignment2/pipeline/MyEnv/lib/python3.7/site-packages/airflow/example_dags/example_kubernetes_executor_config.py took 0.062 seconds
[2021-03-23 20:31:22,503] {scheduler_job.py:182} INFO - Started process (PID=14551) to work on /Users/harika/Desktop/CSYE_7245/Assignment2/pipeline/MyEnv/lib/python3.7/site-packages/airflow/example_dags/example_kubernetes_executor_config.py
[2021-03-23 20:31:22,506] {scheduler_job.py:629} INFO - Processing file /Users/harika/Desktop/CSYE_7245/Assignment2/pipeline/MyEnv/lib/python3.7/site-packages/airflow/example_dags/example_kubernetes_executor_config.py for tasks to queue
[2021-03-23 20:31:22,508] {logging_mixin.py:104} INFO - [2021-03-23 20:31:22,508] {dagbag.py:448} INFO - Filling up the DagBag from /Users/harika/Desktop/CSYE_7245/Assignment2/pipeline/MyEnv/lib/python3.7/site-packages/airflow/example_dags/example_kubernetes_executor_config.py
[2021-03-23 20:31:22,535] {logging_mixin.py:104} INFO - [2021-03-23 20:31:22,533] {example_kubernetes_executor_config.py:174} WARNING - Could not import DAGs in example_kubernetes_executor_config.py: No module named 'kubernetes'
[2021-03-23 20:31:22,536] {logging_mixin.py:104} INFO - [2021-03-23 20:31:22,536] {example_kubernetes_executor_config.py:175} WARNING - Install kubernetes dependencies with: pip install apache-airflow['cncf.kubernetes']
[2021-03-23 20:31:22,537] {scheduler_job.py:641} WARNING - No viable dags retrieved from /Users/harika/Desktop/CSYE_7245/Assignment2/pipeline/MyEnv/lib/python3.7/site-packages/airflow/example_dags/example_kubernetes_executor_config.py
[2021-03-23 20:31:22,549] {scheduler_job.py:190} INFO - Processing /Users/harika/Desktop/CSYE_7245/Assignment2/pipeline/MyEnv/lib/python3.7/site-packages/airflow/example_dags/example_kubernetes_executor_config.py took 0.057 seconds
[2021-03-23 21:09:58,830] {scheduler_job.py:182} INFO - Started process (PID=14963) to work on /Users/harika/Desktop/CSYE_7245/Assignment2/pipeline/MyEnv/lib/python3.7/site-packages/airflow/example_dags/example_kubernetes_executor_config.py
[2021-03-23 21:09:58,835] {scheduler_job.py:629} INFO - Processing file /Users/harika/Desktop/CSYE_7245/Assignment2/pipeline/MyEnv/lib/python3.7/site-packages/airflow/example_dags/example_kubernetes_executor_config.py for tasks to queue
[2021-03-23 21:09:58,838] {logging_mixin.py:104} INFO - [2021-03-23 21:09:58,837] {dagbag.py:448} INFO - Filling up the DagBag from /Users/harika/Desktop/CSYE_7245/Assignment2/pipeline/MyEnv/lib/python3.7/site-packages/airflow/example_dags/example_kubernetes_executor_config.py
[2021-03-23 21:09:58,863] {logging_mixin.py:104} INFO - [2021-03-23 21:09:58,862] {example_kubernetes_executor_config.py:174} WARNING - Could not import DAGs in example_kubernetes_executor_config.py: No module named 'kubernetes'
[2021-03-23 21:09:58,865] {logging_mixin.py:104} INFO - [2021-03-23 21:09:58,864] {example_kubernetes_executor_config.py:175} WARNING - Install kubernetes dependencies with: pip install apache-airflow['cncf.kubernetes']
[2021-03-23 21:09:58,867] {scheduler_job.py:641} WARNING - No viable dags retrieved from /Users/harika/Desktop/CSYE_7245/Assignment2/pipeline/MyEnv/lib/python3.7/site-packages/airflow/example_dags/example_kubernetes_executor_config.py
[2021-03-23 21:09:58,890] {scheduler_job.py:190} INFO - Processing /Users/harika/Desktop/CSYE_7245/Assignment2/pipeline/MyEnv/lib/python3.7/site-packages/airflow/example_dags/example_kubernetes_executor_config.py took 0.067 seconds
[2021-03-23 21:13:09,831] {scheduler_job.py:182} INFO - Started process (PID=15030) to work on /Users/harika/Desktop/CSYE_7245/Assignment2/pipeline/MyEnv/lib/python3.7/site-packages/airflow/example_dags/example_kubernetes_executor_config.py
[2021-03-23 21:13:09,835] {scheduler_job.py:629} INFO - Processing file /Users/harika/Desktop/CSYE_7245/Assignment2/pipeline/MyEnv/lib/python3.7/site-packages/airflow/example_dags/example_kubernetes_executor_config.py for tasks to queue
[2021-03-23 21:13:09,837] {logging_mixin.py:104} INFO - [2021-03-23 21:13:09,836] {dagbag.py:448} INFO - Filling up the DagBag from /Users/harika/Desktop/CSYE_7245/Assignment2/pipeline/MyEnv/lib/python3.7/site-packages/airflow/example_dags/example_kubernetes_executor_config.py
[2021-03-23 21:13:09,854] {logging_mixin.py:104} INFO - [2021-03-23 21:13:09,853] {example_kubernetes_executor_config.py:174} WARNING - Could not import DAGs in example_kubernetes_executor_config.py: No module named 'kubernetes'
[2021-03-23 21:13:09,856] {logging_mixin.py:104} INFO - [2021-03-23 21:13:09,855] {example_kubernetes_executor_config.py:175} WARNING - Install kubernetes dependencies with: pip install apache-airflow['cncf.kubernetes']
[2021-03-23 21:13:09,857] {scheduler_job.py:641} WARNING - No viable dags retrieved from /Users/harika/Desktop/CSYE_7245/Assignment2/pipeline/MyEnv/lib/python3.7/site-packages/airflow/example_dags/example_kubernetes_executor_config.py
[2021-03-23 21:13:09,866] {scheduler_job.py:190} INFO - Processing /Users/harika/Desktop/CSYE_7245/Assignment2/pipeline/MyEnv/lib/python3.7/site-packages/airflow/example_dags/example_kubernetes_executor_config.py took 0.040 seconds
[2021-03-23 21:13:46,978] {scheduler_job.py:182} INFO - Started process (PID=15059) to work on /Users/harika/Desktop/CSYE_7245/Assignment2/pipeline/MyEnv/lib/python3.7/site-packages/airflow/example_dags/example_kubernetes_executor_config.py
[2021-03-23 21:13:46,981] {scheduler_job.py:629} INFO - Processing file /Users/harika/Desktop/CSYE_7245/Assignment2/pipeline/MyEnv/lib/python3.7/site-packages/airflow/example_dags/example_kubernetes_executor_config.py for tasks to queue
[2021-03-23 21:13:46,983] {logging_mixin.py:104} INFO - [2021-03-23 21:13:46,983] {dagbag.py:448} INFO - Filling up the DagBag from /Users/harika/Desktop/CSYE_7245/Assignment2/pipeline/MyEnv/lib/python3.7/site-packages/airflow/example_dags/example_kubernetes_executor_config.py
[2021-03-23 21:13:46,993] {logging_mixin.py:104} INFO - [2021-03-23 21:13:46,993] {example_kubernetes_executor_config.py:174} WARNING - Could not import DAGs in example_kubernetes_executor_config.py: No module named 'kubernetes'
[2021-03-23 21:13:46,994] {logging_mixin.py:104} INFO - [2021-03-23 21:13:46,994] {example_kubernetes_executor_config.py:175} WARNING - Install kubernetes dependencies with: pip install apache-airflow['cncf.kubernetes']
[2021-03-23 21:13:46,995] {scheduler_job.py:641} WARNING - No viable dags retrieved from /Users/harika/Desktop/CSYE_7245/Assignment2/pipeline/MyEnv/lib/python3.7/site-packages/airflow/example_dags/example_kubernetes_executor_config.py
[2021-03-23 21:13:47,003] {scheduler_job.py:190} INFO - Processing /Users/harika/Desktop/CSYE_7245/Assignment2/pipeline/MyEnv/lib/python3.7/site-packages/airflow/example_dags/example_kubernetes_executor_config.py took 0.029 seconds
[2021-03-23 21:15:49,936] {scheduler_job.py:182} INFO - Started process (PID=15143) to work on /Users/harika/Desktop/CSYE_7245/Assignment2/pipeline/MyEnv/lib/python3.7/site-packages/airflow/example_dags/example_kubernetes_executor_config.py
[2021-03-23 21:15:49,940] {scheduler_job.py:629} INFO - Processing file /Users/harika/Desktop/CSYE_7245/Assignment2/pipeline/MyEnv/lib/python3.7/site-packages/airflow/example_dags/example_kubernetes_executor_config.py for tasks to queue
[2021-03-23 21:15:49,942] {logging_mixin.py:104} INFO - [2021-03-23 21:15:49,941] {dagbag.py:448} INFO - Filling up the DagBag from /Users/harika/Desktop/CSYE_7245/Assignment2/pipeline/MyEnv/lib/python3.7/site-packages/airflow/example_dags/example_kubernetes_executor_config.py
[2021-03-23 21:15:49,968] {logging_mixin.py:104} INFO - [2021-03-23 21:15:49,968] {example_kubernetes_executor_config.py:174} WARNING - Could not import DAGs in example_kubernetes_executor_config.py: No module named 'kubernetes'
[2021-03-23 21:15:49,971] {logging_mixin.py:104} INFO - [2021-03-23 21:15:49,970] {example_kubernetes_executor_config.py:175} WARNING - Install kubernetes dependencies with: pip install apache-airflow['cncf.kubernetes']
[2021-03-23 21:15:49,972] {scheduler_job.py:641} WARNING - No viable dags retrieved from /Users/harika/Desktop/CSYE_7245/Assignment2/pipeline/MyEnv/lib/python3.7/site-packages/airflow/example_dags/example_kubernetes_executor_config.py
[2021-03-23 21:15:49,989] {scheduler_job.py:190} INFO - Processing /Users/harika/Desktop/CSYE_7245/Assignment2/pipeline/MyEnv/lib/python3.7/site-packages/airflow/example_dags/example_kubernetes_executor_config.py took 0.069 seconds
[2021-03-23 21:17:55,828] {scheduler_job.py:182} INFO - Started process (PID=15192) to work on /Users/harika/Desktop/CSYE_7245/Assignment2/pipeline/MyEnv/lib/python3.7/site-packages/airflow/example_dags/example_kubernetes_executor_config.py
[2021-03-23 21:17:55,830] {scheduler_job.py:629} INFO - Processing file /Users/harika/Desktop/CSYE_7245/Assignment2/pipeline/MyEnv/lib/python3.7/site-packages/airflow/example_dags/example_kubernetes_executor_config.py for tasks to queue
[2021-03-23 21:17:55,832] {logging_mixin.py:104} INFO - [2021-03-23 21:17:55,831] {dagbag.py:448} INFO - Filling up the DagBag from /Users/harika/Desktop/CSYE_7245/Assignment2/pipeline/MyEnv/lib/python3.7/site-packages/airflow/example_dags/example_kubernetes_executor_config.py
[2021-03-23 21:17:55,842] {logging_mixin.py:104} INFO - [2021-03-23 21:17:55,841] {example_kubernetes_executor_config.py:174} WARNING - Could not import DAGs in example_kubernetes_executor_config.py: No module named 'kubernetes'
[2021-03-23 21:17:55,843] {logging_mixin.py:104} INFO - [2021-03-23 21:17:55,843] {example_kubernetes_executor_config.py:175} WARNING - Install kubernetes dependencies with: pip install apache-airflow['cncf.kubernetes']
[2021-03-23 21:17:55,846] {scheduler_job.py:641} WARNING - No viable dags retrieved from /Users/harika/Desktop/CSYE_7245/Assignment2/pipeline/MyEnv/lib/python3.7/site-packages/airflow/example_dags/example_kubernetes_executor_config.py
[2021-03-23 21:17:55,857] {scheduler_job.py:190} INFO - Processing /Users/harika/Desktop/CSYE_7245/Assignment2/pipeline/MyEnv/lib/python3.7/site-packages/airflow/example_dags/example_kubernetes_executor_config.py took 0.033 seconds
[2021-03-23 21:18:35,859] {scheduler_job.py:182} INFO - Started process (PID=15232) to work on /Users/harika/Desktop/CSYE_7245/Assignment2/pipeline/MyEnv/lib/python3.7/site-packages/airflow/example_dags/example_kubernetes_executor_config.py
[2021-03-23 21:18:35,861] {scheduler_job.py:629} INFO - Processing file /Users/harika/Desktop/CSYE_7245/Assignment2/pipeline/MyEnv/lib/python3.7/site-packages/airflow/example_dags/example_kubernetes_executor_config.py for tasks to queue
[2021-03-23 21:18:35,862] {logging_mixin.py:104} INFO - [2021-03-23 21:18:35,862] {dagbag.py:448} INFO - Filling up the DagBag from /Users/harika/Desktop/CSYE_7245/Assignment2/pipeline/MyEnv/lib/python3.7/site-packages/airflow/example_dags/example_kubernetes_executor_config.py
[2021-03-23 21:18:35,878] {logging_mixin.py:104} INFO - [2021-03-23 21:18:35,877] {example_kubernetes_executor_config.py:174} WARNING - Could not import DAGs in example_kubernetes_executor_config.py: No module named 'kubernetes'
[2021-03-23 21:18:35,880] {logging_mixin.py:104} INFO - [2021-03-23 21:18:35,879] {example_kubernetes_executor_config.py:175} WARNING - Install kubernetes dependencies with: pip install apache-airflow['cncf.kubernetes']
[2021-03-23 21:18:35,881] {scheduler_job.py:641} WARNING - No viable dags retrieved from /Users/harika/Desktop/CSYE_7245/Assignment2/pipeline/MyEnv/lib/python3.7/site-packages/airflow/example_dags/example_kubernetes_executor_config.py
[2021-03-23 21:18:35,890] {scheduler_job.py:190} INFO - Processing /Users/harika/Desktop/CSYE_7245/Assignment2/pipeline/MyEnv/lib/python3.7/site-packages/airflow/example_dags/example_kubernetes_executor_config.py took 0.035 seconds
[2021-03-23 21:19:16,871] {scheduler_job.py:182} INFO - Started process (PID=15263) to work on /Users/harika/Desktop/CSYE_7245/Assignment2/pipeline/MyEnv/lib/python3.7/site-packages/airflow/example_dags/example_kubernetes_executor_config.py
[2021-03-23 21:19:16,873] {scheduler_job.py:629} INFO - Processing file /Users/harika/Desktop/CSYE_7245/Assignment2/pipeline/MyEnv/lib/python3.7/site-packages/airflow/example_dags/example_kubernetes_executor_config.py for tasks to queue
[2021-03-23 21:19:16,875] {logging_mixin.py:104} INFO - [2021-03-23 21:19:16,875] {dagbag.py:448} INFO - Filling up the DagBag from /Users/harika/Desktop/CSYE_7245/Assignment2/pipeline/MyEnv/lib/python3.7/site-packages/airflow/example_dags/example_kubernetes_executor_config.py
[2021-03-23 21:19:16,885] {logging_mixin.py:104} INFO - [2021-03-23 21:19:16,885] {example_kubernetes_executor_config.py:174} WARNING - Could not import DAGs in example_kubernetes_executor_config.py: No module named 'kubernetes'
[2021-03-23 21:19:16,887] {logging_mixin.py:104} INFO - [2021-03-23 21:19:16,886] {example_kubernetes_executor_config.py:175} WARNING - Install kubernetes dependencies with: pip install apache-airflow['cncf.kubernetes']
[2021-03-23 21:19:16,888] {scheduler_job.py:641} WARNING - No viable dags retrieved from /Users/harika/Desktop/CSYE_7245/Assignment2/pipeline/MyEnv/lib/python3.7/site-packages/airflow/example_dags/example_kubernetes_executor_config.py
[2021-03-23 21:19:16,904] {scheduler_job.py:190} INFO - Processing /Users/harika/Desktop/CSYE_7245/Assignment2/pipeline/MyEnv/lib/python3.7/site-packages/airflow/example_dags/example_kubernetes_executor_config.py took 0.038 seconds
[2021-03-23 21:19:54,485] {scheduler_job.py:182} INFO - Started process (PID=15295) to work on /Users/harika/Desktop/CSYE_7245/Assignment2/pipeline/MyEnv/lib/python3.7/site-packages/airflow/example_dags/example_kubernetes_executor_config.py
[2021-03-23 21:19:54,490] {scheduler_job.py:629} INFO - Processing file /Users/harika/Desktop/CSYE_7245/Assignment2/pipeline/MyEnv/lib/python3.7/site-packages/airflow/example_dags/example_kubernetes_executor_config.py for tasks to queue
[2021-03-23 21:19:54,494] {logging_mixin.py:104} INFO - [2021-03-23 21:19:54,493] {dagbag.py:448} INFO - Filling up the DagBag from /Users/harika/Desktop/CSYE_7245/Assignment2/pipeline/MyEnv/lib/python3.7/site-packages/airflow/example_dags/example_kubernetes_executor_config.py
[2021-03-23 21:19:54,517] {logging_mixin.py:104} INFO - [2021-03-23 21:19:54,514] {example_kubernetes_executor_config.py:174} WARNING - Could not import DAGs in example_kubernetes_executor_config.py: No module named 'kubernetes'
[2021-03-23 21:19:54,519] {logging_mixin.py:104} INFO - [2021-03-23 21:19:54,518] {example_kubernetes_executor_config.py:175} WARNING - Install kubernetes dependencies with: pip install apache-airflow['cncf.kubernetes']
[2021-03-23 21:19:54,520] {scheduler_job.py:641} WARNING - No viable dags retrieved from /Users/harika/Desktop/CSYE_7245/Assignment2/pipeline/MyEnv/lib/python3.7/site-packages/airflow/example_dags/example_kubernetes_executor_config.py
[2021-03-23 21:19:54,541] {scheduler_job.py:190} INFO - Processing /Users/harika/Desktop/CSYE_7245/Assignment2/pipeline/MyEnv/lib/python3.7/site-packages/airflow/example_dags/example_kubernetes_executor_config.py took 0.076 seconds
[2021-03-24 00:02:45,430] {scheduler_job.py:182} INFO - Started process (PID=16938) to work on /Users/harika/Desktop/CSYE_7245/Assignment2/pipeline/MyEnv/lib/python3.7/site-packages/airflow/example_dags/example_kubernetes_executor_config.py
[2021-03-24 00:02:45,433] {scheduler_job.py:629} INFO - Processing file /Users/harika/Desktop/CSYE_7245/Assignment2/pipeline/MyEnv/lib/python3.7/site-packages/airflow/example_dags/example_kubernetes_executor_config.py for tasks to queue
[2021-03-24 00:02:45,434] {logging_mixin.py:104} INFO - [2021-03-24 00:02:45,434] {dagbag.py:448} INFO - Filling up the DagBag from /Users/harika/Desktop/CSYE_7245/Assignment2/pipeline/MyEnv/lib/python3.7/site-packages/airflow/example_dags/example_kubernetes_executor_config.py
[2021-03-24 00:02:45,445] {logging_mixin.py:104} INFO - [2021-03-24 00:02:45,445] {example_kubernetes_executor_config.py:174} WARNING - Could not import DAGs in example_kubernetes_executor_config.py: No module named 'kubernetes'
[2021-03-24 00:02:45,446] {logging_mixin.py:104} INFO - [2021-03-24 00:02:45,446] {example_kubernetes_executor_config.py:175} WARNING - Install kubernetes dependencies with: pip install apache-airflow['cncf.kubernetes']
[2021-03-24 00:02:45,447] {scheduler_job.py:641} WARNING - No viable dags retrieved from /Users/harika/Desktop/CSYE_7245/Assignment2/pipeline/MyEnv/lib/python3.7/site-packages/airflow/example_dags/example_kubernetes_executor_config.py
[2021-03-24 00:02:45,457] {scheduler_job.py:190} INFO - Processing /Users/harika/Desktop/CSYE_7245/Assignment2/pipeline/MyEnv/lib/python3.7/site-packages/airflow/example_dags/example_kubernetes_executor_config.py took 0.032 seconds
[2021-03-24 00:03:22,192] {scheduler_job.py:182} INFO - Started process (PID=16969) to work on /Users/harika/Desktop/CSYE_7245/Assignment2/pipeline/MyEnv/lib/python3.7/site-packages/airflow/example_dags/example_kubernetes_executor_config.py
[2021-03-24 00:03:22,195] {scheduler_job.py:629} INFO - Processing file /Users/harika/Desktop/CSYE_7245/Assignment2/pipeline/MyEnv/lib/python3.7/site-packages/airflow/example_dags/example_kubernetes_executor_config.py for tasks to queue
[2021-03-24 00:03:22,197] {logging_mixin.py:104} INFO - [2021-03-24 00:03:22,196] {dagbag.py:448} INFO - Filling up the DagBag from /Users/harika/Desktop/CSYE_7245/Assignment2/pipeline/MyEnv/lib/python3.7/site-packages/airflow/example_dags/example_kubernetes_executor_config.py
[2021-03-24 00:03:22,208] {logging_mixin.py:104} INFO - [2021-03-24 00:03:22,208] {example_kubernetes_executor_config.py:174} WARNING - Could not import DAGs in example_kubernetes_executor_config.py: No module named 'kubernetes'
[2021-03-24 00:03:22,209] {logging_mixin.py:104} INFO - [2021-03-24 00:03:22,209] {example_kubernetes_executor_config.py:175} WARNING - Install kubernetes dependencies with: pip install apache-airflow['cncf.kubernetes']
[2021-03-24 00:03:22,210] {scheduler_job.py:641} WARNING - No viable dags retrieved from /Users/harika/Desktop/CSYE_7245/Assignment2/pipeline/MyEnv/lib/python3.7/site-packages/airflow/example_dags/example_kubernetes_executor_config.py
[2021-03-24 00:03:22,218] {scheduler_job.py:190} INFO - Processing /Users/harika/Desktop/CSYE_7245/Assignment2/pipeline/MyEnv/lib/python3.7/site-packages/airflow/example_dags/example_kubernetes_executor_config.py took 0.030 seconds
[2021-03-24 00:03:58,944] {scheduler_job.py:182} INFO - Started process (PID=16995) to work on /Users/harika/Desktop/CSYE_7245/Assignment2/pipeline/MyEnv/lib/python3.7/site-packages/airflow/example_dags/example_kubernetes_executor_config.py
[2021-03-24 00:03:58,946] {scheduler_job.py:629} INFO - Processing file /Users/harika/Desktop/CSYE_7245/Assignment2/pipeline/MyEnv/lib/python3.7/site-packages/airflow/example_dags/example_kubernetes_executor_config.py for tasks to queue
[2021-03-24 00:03:58,947] {logging_mixin.py:104} INFO - [2021-03-24 00:03:58,947] {dagbag.py:448} INFO - Filling up the DagBag from /Users/harika/Desktop/CSYE_7245/Assignment2/pipeline/MyEnv/lib/python3.7/site-packages/airflow/example_dags/example_kubernetes_executor_config.py
[2021-03-24 00:03:58,958] {logging_mixin.py:104} INFO - [2021-03-24 00:03:58,957] {example_kubernetes_executor_config.py:174} WARNING - Could not import DAGs in example_kubernetes_executor_config.py: No module named 'kubernetes'
[2021-03-24 00:03:58,959] {logging_mixin.py:104} INFO - [2021-03-24 00:03:58,959] {example_kubernetes_executor_config.py:175} WARNING - Install kubernetes dependencies with: pip install apache-airflow['cncf.kubernetes']
[2021-03-24 00:03:58,960] {scheduler_job.py:641} WARNING - No viable dags retrieved from /Users/harika/Desktop/CSYE_7245/Assignment2/pipeline/MyEnv/lib/python3.7/site-packages/airflow/example_dags/example_kubernetes_executor_config.py
[2021-03-24 00:03:58,968] {scheduler_job.py:190} INFO - Processing /Users/harika/Desktop/CSYE_7245/Assignment2/pipeline/MyEnv/lib/python3.7/site-packages/airflow/example_dags/example_kubernetes_executor_config.py took 0.028 seconds
[2021-03-24 00:04:43,946] {scheduler_job.py:182} INFO - Started process (PID=17030) to work on /Users/harika/Desktop/CSYE_7245/Assignment2/pipeline/MyEnv/lib/python3.7/site-packages/airflow/example_dags/example_kubernetes_executor_config.py
[2021-03-24 00:04:43,949] {scheduler_job.py:629} INFO - Processing file /Users/harika/Desktop/CSYE_7245/Assignment2/pipeline/MyEnv/lib/python3.7/site-packages/airflow/example_dags/example_kubernetes_executor_config.py for tasks to queue
[2021-03-24 00:04:43,956] {logging_mixin.py:104} INFO - [2021-03-24 00:04:43,955] {dagbag.py:448} INFO - Filling up the DagBag from /Users/harika/Desktop/CSYE_7245/Assignment2/pipeline/MyEnv/lib/python3.7/site-packages/airflow/example_dags/example_kubernetes_executor_config.py
[2021-03-24 00:04:43,977] {logging_mixin.py:104} INFO - [2021-03-24 00:04:43,976] {example_kubernetes_executor_config.py:174} WARNING - Could not import DAGs in example_kubernetes_executor_config.py: No module named 'kubernetes'
[2021-03-24 00:04:43,979] {logging_mixin.py:104} INFO - [2021-03-24 00:04:43,978] {example_kubernetes_executor_config.py:175} WARNING - Install kubernetes dependencies with: pip install apache-airflow['cncf.kubernetes']
[2021-03-24 00:04:43,980] {scheduler_job.py:641} WARNING - No viable dags retrieved from /Users/harika/Desktop/CSYE_7245/Assignment2/pipeline/MyEnv/lib/python3.7/site-packages/airflow/example_dags/example_kubernetes_executor_config.py
[2021-03-24 00:04:43,994] {scheduler_job.py:190} INFO - Processing /Users/harika/Desktop/CSYE_7245/Assignment2/pipeline/MyEnv/lib/python3.7/site-packages/airflow/example_dags/example_kubernetes_executor_config.py took 0.057 seconds
[2021-03-24 00:05:16,627] {scheduler_job.py:182} INFO - Started process (PID=17059) to work on /Users/harika/Desktop/CSYE_7245/Assignment2/pipeline/MyEnv/lib/python3.7/site-packages/airflow/example_dags/example_kubernetes_executor_config.py
[2021-03-24 00:05:16,629] {scheduler_job.py:629} INFO - Processing file /Users/harika/Desktop/CSYE_7245/Assignment2/pipeline/MyEnv/lib/python3.7/site-packages/airflow/example_dags/example_kubernetes_executor_config.py for tasks to queue
[2021-03-24 00:05:16,631] {logging_mixin.py:104} INFO - [2021-03-24 00:05:16,630] {dagbag.py:448} INFO - Filling up the DagBag from /Users/harika/Desktop/CSYE_7245/Assignment2/pipeline/MyEnv/lib/python3.7/site-packages/airflow/example_dags/example_kubernetes_executor_config.py
[2021-03-24 00:05:16,644] {logging_mixin.py:104} INFO - [2021-03-24 00:05:16,644] {example_kubernetes_executor_config.py:174} WARNING - Could not import DAGs in example_kubernetes_executor_config.py: No module named 'kubernetes'
[2021-03-24 00:05:16,645] {logging_mixin.py:104} INFO - [2021-03-24 00:05:16,645] {example_kubernetes_executor_config.py:175} WARNING - Install kubernetes dependencies with: pip install apache-airflow['cncf.kubernetes']
[2021-03-24 00:05:16,646] {scheduler_job.py:641} WARNING - No viable dags retrieved from /Users/harika/Desktop/CSYE_7245/Assignment2/pipeline/MyEnv/lib/python3.7/site-packages/airflow/example_dags/example_kubernetes_executor_config.py
[2021-03-24 00:05:16,656] {scheduler_job.py:190} INFO - Processing /Users/harika/Desktop/CSYE_7245/Assignment2/pipeline/MyEnv/lib/python3.7/site-packages/airflow/example_dags/example_kubernetes_executor_config.py took 0.033 seconds
[2021-03-24 01:02:49,937] {scheduler_job.py:182} INFO - Started process (PID=17444) to work on /Users/harika/Desktop/CSYE_7245/Assignment2/pipeline/MyEnv/lib/python3.7/site-packages/airflow/example_dags/example_kubernetes_executor_config.py
[2021-03-24 01:02:49,941] {scheduler_job.py:629} INFO - Processing file /Users/harika/Desktop/CSYE_7245/Assignment2/pipeline/MyEnv/lib/python3.7/site-packages/airflow/example_dags/example_kubernetes_executor_config.py for tasks to queue
[2021-03-24 01:02:49,942] {logging_mixin.py:104} INFO - [2021-03-24 01:02:49,942] {dagbag.py:448} INFO - Filling up the DagBag from /Users/harika/Desktop/CSYE_7245/Assignment2/pipeline/MyEnv/lib/python3.7/site-packages/airflow/example_dags/example_kubernetes_executor_config.py
[2021-03-24 01:02:49,952] {logging_mixin.py:104} INFO - [2021-03-24 01:02:49,951] {example_kubernetes_executor_config.py:174} WARNING - Could not import DAGs in example_kubernetes_executor_config.py: No module named 'kubernetes'
[2021-03-24 01:02:49,953] {logging_mixin.py:104} INFO - [2021-03-24 01:02:49,952] {example_kubernetes_executor_config.py:175} WARNING - Install kubernetes dependencies with: pip install apache-airflow['cncf.kubernetes']
[2021-03-24 01:02:49,953] {scheduler_job.py:641} WARNING - No viable dags retrieved from /Users/harika/Desktop/CSYE_7245/Assignment2/pipeline/MyEnv/lib/python3.7/site-packages/airflow/example_dags/example_kubernetes_executor_config.py
[2021-03-24 01:02:49,961] {scheduler_job.py:190} INFO - Processing /Users/harika/Desktop/CSYE_7245/Assignment2/pipeline/MyEnv/lib/python3.7/site-packages/airflow/example_dags/example_kubernetes_executor_config.py took 0.027 seconds
[2021-03-24 01:03:22,231] {scheduler_job.py:182} INFO - Started process (PID=17483) to work on /Users/harika/Desktop/CSYE_7245/Assignment2/pipeline/MyEnv/lib/python3.7/site-packages/airflow/example_dags/example_kubernetes_executor_config.py
[2021-03-24 01:03:22,234] {scheduler_job.py:629} INFO - Processing file /Users/harika/Desktop/CSYE_7245/Assignment2/pipeline/MyEnv/lib/python3.7/site-packages/airflow/example_dags/example_kubernetes_executor_config.py for tasks to queue
[2021-03-24 01:03:22,237] {logging_mixin.py:104} INFO - [2021-03-24 01:03:22,236] {dagbag.py:448} INFO - Filling up the DagBag from /Users/harika/Desktop/CSYE_7245/Assignment2/pipeline/MyEnv/lib/python3.7/site-packages/airflow/example_dags/example_kubernetes_executor_config.py
[2021-03-24 01:03:22,250] {logging_mixin.py:104} INFO - [2021-03-24 01:03:22,250] {example_kubernetes_executor_config.py:174} WARNING - Could not import DAGs in example_kubernetes_executor_config.py: No module named 'kubernetes'
[2021-03-24 01:03:22,252] {logging_mixin.py:104} INFO - [2021-03-24 01:03:22,251] {example_kubernetes_executor_config.py:175} WARNING - Install kubernetes dependencies with: pip install apache-airflow['cncf.kubernetes']
[2021-03-24 01:03:22,253] {scheduler_job.py:641} WARNING - No viable dags retrieved from /Users/harika/Desktop/CSYE_7245/Assignment2/pipeline/MyEnv/lib/python3.7/site-packages/airflow/example_dags/example_kubernetes_executor_config.py
[2021-03-24 01:03:22,267] {scheduler_job.py:190} INFO - Processing /Users/harika/Desktop/CSYE_7245/Assignment2/pipeline/MyEnv/lib/python3.7/site-packages/airflow/example_dags/example_kubernetes_executor_config.py took 0.040 seconds
[2021-03-24 01:03:59,688] {scheduler_job.py:182} INFO - Started process (PID=17526) to work on /Users/harika/Desktop/CSYE_7245/Assignment2/pipeline/MyEnv/lib/python3.7/site-packages/airflow/example_dags/example_kubernetes_executor_config.py
[2021-03-24 01:03:59,691] {scheduler_job.py:629} INFO - Processing file /Users/harika/Desktop/CSYE_7245/Assignment2/pipeline/MyEnv/lib/python3.7/site-packages/airflow/example_dags/example_kubernetes_executor_config.py for tasks to queue
[2021-03-24 01:03:59,692] {logging_mixin.py:104} INFO - [2021-03-24 01:03:59,692] {dagbag.py:448} INFO - Filling up the DagBag from /Users/harika/Desktop/CSYE_7245/Assignment2/pipeline/MyEnv/lib/python3.7/site-packages/airflow/example_dags/example_kubernetes_executor_config.py
[2021-03-24 01:03:59,700] {logging_mixin.py:104} INFO - [2021-03-24 01:03:59,700] {example_kubernetes_executor_config.py:174} WARNING - Could not import DAGs in example_kubernetes_executor_config.py: No module named 'kubernetes'
[2021-03-24 01:03:59,701] {logging_mixin.py:104} INFO - [2021-03-24 01:03:59,701] {example_kubernetes_executor_config.py:175} WARNING - Install kubernetes dependencies with: pip install apache-airflow['cncf.kubernetes']
[2021-03-24 01:03:59,702] {scheduler_job.py:641} WARNING - No viable dags retrieved from /Users/harika/Desktop/CSYE_7245/Assignment2/pipeline/MyEnv/lib/python3.7/site-packages/airflow/example_dags/example_kubernetes_executor_config.py
[2021-03-24 01:03:59,708] {scheduler_job.py:190} INFO - Processing /Users/harika/Desktop/CSYE_7245/Assignment2/pipeline/MyEnv/lib/python3.7/site-packages/airflow/example_dags/example_kubernetes_executor_config.py took 0.023 seconds
[2021-03-24 01:04:33,593] {scheduler_job.py:182} INFO - Started process (PID=17630) to work on /Users/harika/Desktop/CSYE_7245/Assignment2/pipeline/MyEnv/lib/python3.7/site-packages/airflow/example_dags/example_kubernetes_executor_config.py
[2021-03-24 01:04:33,594] {scheduler_job.py:629} INFO - Processing file /Users/harika/Desktop/CSYE_7245/Assignment2/pipeline/MyEnv/lib/python3.7/site-packages/airflow/example_dags/example_kubernetes_executor_config.py for tasks to queue
[2021-03-24 01:04:33,596] {logging_mixin.py:104} INFO - [2021-03-24 01:04:33,595] {dagbag.py:448} INFO - Filling up the DagBag from /Users/harika/Desktop/CSYE_7245/Assignment2/pipeline/MyEnv/lib/python3.7/site-packages/airflow/example_dags/example_kubernetes_executor_config.py
[2021-03-24 01:04:33,604] {logging_mixin.py:104} INFO - [2021-03-24 01:04:33,603] {example_kubernetes_executor_config.py:174} WARNING - Could not import DAGs in example_kubernetes_executor_config.py: No module named 'kubernetes'
[2021-03-24 01:04:33,605] {logging_mixin.py:104} INFO - [2021-03-24 01:04:33,604] {example_kubernetes_executor_config.py:175} WARNING - Install kubernetes dependencies with: pip install apache-airflow['cncf.kubernetes']
[2021-03-24 01:04:33,605] {scheduler_job.py:641} WARNING - No viable dags retrieved from /Users/harika/Desktop/CSYE_7245/Assignment2/pipeline/MyEnv/lib/python3.7/site-packages/airflow/example_dags/example_kubernetes_executor_config.py
[2021-03-24 01:04:33,613] {scheduler_job.py:190} INFO - Processing /Users/harika/Desktop/CSYE_7245/Assignment2/pipeline/MyEnv/lib/python3.7/site-packages/airflow/example_dags/example_kubernetes_executor_config.py took 0.024 seconds
