[2021-03-23 20:25:15,918] {scheduler_job.py:182} INFO - Started process (PID=14301) to work on /Users/harika/Desktop/CSYE_7245/Assignment2/pipeline/MyEnv/lib/python3.7/site-packages/airflow/example_dags/tutorial_etl_dag.py
[2021-03-23 20:25:15,923] {scheduler_job.py:629} INFO - Processing file /Users/harika/Desktop/CSYE_7245/Assignment2/pipeline/MyEnv/lib/python3.7/site-packages/airflow/example_dags/tutorial_etl_dag.py for tasks to queue
[2021-03-23 20:25:15,926] {logging_mixin.py:104} INFO - [2021-03-23 20:25:15,925] {dagbag.py:448} INFO - Filling up the DagBag from /Users/harika/Desktop/CSYE_7245/Assignment2/pipeline/MyEnv/lib/python3.7/site-packages/airflow/example_dags/tutorial_etl_dag.py
[2021-03-23 20:25:15,958] {scheduler_job.py:639} INFO - DAG(s) dict_keys(['tutorial_etl_dag']) retrieved from /Users/harika/Desktop/CSYE_7245/Assignment2/pipeline/MyEnv/lib/python3.7/site-packages/airflow/example_dags/tutorial_etl_dag.py
[2021-03-23 20:25:16,018] {logging_mixin.py:104} INFO - [2021-03-23 20:25:16,017] {dag.py:1818} INFO - Sync 1 DAGs
[2021-03-23 20:25:16,106] {logging_mixin.py:104} INFO - [2021-03-23 20:25:16,104] {dag.py:2273} INFO - Setting next_dagrun for tutorial_etl_dag to None
[2021-03-23 20:25:16,145] {scheduler_job.py:190} INFO - Processing /Users/harika/Desktop/CSYE_7245/Assignment2/pipeline/MyEnv/lib/python3.7/site-packages/airflow/example_dags/tutorial_etl_dag.py took 0.239 seconds
[2021-03-23 20:27:44,613] {scheduler_job.py:182} INFO - Started process (PID=14360) to work on /Users/harika/Desktop/CSYE_7245/Assignment2/pipeline/MyEnv/lib/python3.7/site-packages/airflow/example_dags/tutorial_etl_dag.py
[2021-03-23 20:27:44,616] {scheduler_job.py:629} INFO - Processing file /Users/harika/Desktop/CSYE_7245/Assignment2/pipeline/MyEnv/lib/python3.7/site-packages/airflow/example_dags/tutorial_etl_dag.py for tasks to queue
[2021-03-23 20:27:44,617] {logging_mixin.py:104} INFO - [2021-03-23 20:27:44,617] {dagbag.py:448} INFO - Filling up the DagBag from /Users/harika/Desktop/CSYE_7245/Assignment2/pipeline/MyEnv/lib/python3.7/site-packages/airflow/example_dags/tutorial_etl_dag.py
[2021-03-23 20:27:44,636] {scheduler_job.py:639} INFO - DAG(s) dict_keys(['tutorial_etl_dag']) retrieved from /Users/harika/Desktop/CSYE_7245/Assignment2/pipeline/MyEnv/lib/python3.7/site-packages/airflow/example_dags/tutorial_etl_dag.py
[2021-03-23 20:27:44,673] {logging_mixin.py:104} INFO - [2021-03-23 20:27:44,672] {dag.py:1818} INFO - Sync 1 DAGs
[2021-03-23 20:27:44,697] {logging_mixin.py:104} INFO - [2021-03-23 20:27:44,697] {dag.py:2273} INFO - Setting next_dagrun for tutorial_etl_dag to None
[2021-03-23 20:27:44,723] {scheduler_job.py:190} INFO - Processing /Users/harika/Desktop/CSYE_7245/Assignment2/pipeline/MyEnv/lib/python3.7/site-packages/airflow/example_dags/tutorial_etl_dag.py took 0.117 seconds
[2021-03-23 20:28:19,320] {scheduler_job.py:182} INFO - Started process (PID=14393) to work on /Users/harika/Desktop/CSYE_7245/Assignment2/pipeline/MyEnv/lib/python3.7/site-packages/airflow/example_dags/tutorial_etl_dag.py
[2021-03-23 20:28:19,324] {scheduler_job.py:629} INFO - Processing file /Users/harika/Desktop/CSYE_7245/Assignment2/pipeline/MyEnv/lib/python3.7/site-packages/airflow/example_dags/tutorial_etl_dag.py for tasks to queue
[2021-03-23 20:28:19,327] {logging_mixin.py:104} INFO - [2021-03-23 20:28:19,326] {dagbag.py:448} INFO - Filling up the DagBag from /Users/harika/Desktop/CSYE_7245/Assignment2/pipeline/MyEnv/lib/python3.7/site-packages/airflow/example_dags/tutorial_etl_dag.py
[2021-03-23 20:28:19,358] {scheduler_job.py:639} INFO - DAG(s) dict_keys(['tutorial_etl_dag']) retrieved from /Users/harika/Desktop/CSYE_7245/Assignment2/pipeline/MyEnv/lib/python3.7/site-packages/airflow/example_dags/tutorial_etl_dag.py
[2021-03-23 20:28:19,431] {logging_mixin.py:104} INFO - [2021-03-23 20:28:19,431] {dag.py:1818} INFO - Sync 1 DAGs
[2021-03-23 20:28:19,462] {logging_mixin.py:104} INFO - [2021-03-23 20:28:19,461] {dag.py:2273} INFO - Setting next_dagrun for tutorial_etl_dag to None
[2021-03-23 20:28:19,480] {scheduler_job.py:190} INFO - Processing /Users/harika/Desktop/CSYE_7245/Assignment2/pipeline/MyEnv/lib/python3.7/site-packages/airflow/example_dags/tutorial_etl_dag.py took 0.168 seconds
[2021-03-23 20:28:58,536] {scheduler_job.py:182} INFO - Started process (PID=14426) to work on /Users/harika/Desktop/CSYE_7245/Assignment2/pipeline/MyEnv/lib/python3.7/site-packages/airflow/example_dags/tutorial_etl_dag.py
[2021-03-23 20:28:58,539] {scheduler_job.py:629} INFO - Processing file /Users/harika/Desktop/CSYE_7245/Assignment2/pipeline/MyEnv/lib/python3.7/site-packages/airflow/example_dags/tutorial_etl_dag.py for tasks to queue
[2021-03-23 20:28:58,541] {logging_mixin.py:104} INFO - [2021-03-23 20:28:58,540] {dagbag.py:448} INFO - Filling up the DagBag from /Users/harika/Desktop/CSYE_7245/Assignment2/pipeline/MyEnv/lib/python3.7/site-packages/airflow/example_dags/tutorial_etl_dag.py
[2021-03-23 20:28:58,556] {scheduler_job.py:639} INFO - DAG(s) dict_keys(['tutorial_etl_dag']) retrieved from /Users/harika/Desktop/CSYE_7245/Assignment2/pipeline/MyEnv/lib/python3.7/site-packages/airflow/example_dags/tutorial_etl_dag.py
[2021-03-23 20:28:58,579] {logging_mixin.py:104} INFO - [2021-03-23 20:28:58,579] {dag.py:1818} INFO - Sync 1 DAGs
[2021-03-23 20:28:58,593] {logging_mixin.py:104} INFO - [2021-03-23 20:28:58,593] {dag.py:2273} INFO - Setting next_dagrun for tutorial_etl_dag to None
[2021-03-23 20:28:58,603] {scheduler_job.py:190} INFO - Processing /Users/harika/Desktop/CSYE_7245/Assignment2/pipeline/MyEnv/lib/python3.7/site-packages/airflow/example_dags/tutorial_etl_dag.py took 0.071 seconds
[2021-03-23 20:29:37,472] {scheduler_job.py:182} INFO - Started process (PID=14456) to work on /Users/harika/Desktop/CSYE_7245/Assignment2/pipeline/MyEnv/lib/python3.7/site-packages/airflow/example_dags/tutorial_etl_dag.py
[2021-03-23 20:29:37,478] {scheduler_job.py:629} INFO - Processing file /Users/harika/Desktop/CSYE_7245/Assignment2/pipeline/MyEnv/lib/python3.7/site-packages/airflow/example_dags/tutorial_etl_dag.py for tasks to queue
[2021-03-23 20:29:37,483] {logging_mixin.py:104} INFO - [2021-03-23 20:29:37,481] {dagbag.py:448} INFO - Filling up the DagBag from /Users/harika/Desktop/CSYE_7245/Assignment2/pipeline/MyEnv/lib/python3.7/site-packages/airflow/example_dags/tutorial_etl_dag.py
[2021-03-23 20:29:37,498] {scheduler_job.py:639} INFO - DAG(s) dict_keys(['tutorial_etl_dag']) retrieved from /Users/harika/Desktop/CSYE_7245/Assignment2/pipeline/MyEnv/lib/python3.7/site-packages/airflow/example_dags/tutorial_etl_dag.py
[2021-03-23 20:29:37,529] {logging_mixin.py:104} INFO - [2021-03-23 20:29:37,528] {dag.py:1818} INFO - Sync 1 DAGs
[2021-03-23 20:29:37,553] {logging_mixin.py:104} INFO - [2021-03-23 20:29:37,552] {dag.py:2273} INFO - Setting next_dagrun for tutorial_etl_dag to None
[2021-03-23 20:29:37,567] {scheduler_job.py:190} INFO - Processing /Users/harika/Desktop/CSYE_7245/Assignment2/pipeline/MyEnv/lib/python3.7/site-packages/airflow/example_dags/tutorial_etl_dag.py took 0.100 seconds
[2021-03-23 20:30:09,241] {scheduler_job.py:182} INFO - Started process (PID=14484) to work on /Users/harika/Desktop/CSYE_7245/Assignment2/pipeline/MyEnv/lib/python3.7/site-packages/airflow/example_dags/tutorial_etl_dag.py
[2021-03-23 20:30:09,246] {scheduler_job.py:629} INFO - Processing file /Users/harika/Desktop/CSYE_7245/Assignment2/pipeline/MyEnv/lib/python3.7/site-packages/airflow/example_dags/tutorial_etl_dag.py for tasks to queue
[2021-03-23 20:30:09,250] {logging_mixin.py:104} INFO - [2021-03-23 20:30:09,248] {dagbag.py:448} INFO - Filling up the DagBag from /Users/harika/Desktop/CSYE_7245/Assignment2/pipeline/MyEnv/lib/python3.7/site-packages/airflow/example_dags/tutorial_etl_dag.py
[2021-03-23 20:30:09,275] {scheduler_job.py:639} INFO - DAG(s) dict_keys(['tutorial_etl_dag']) retrieved from /Users/harika/Desktop/CSYE_7245/Assignment2/pipeline/MyEnv/lib/python3.7/site-packages/airflow/example_dags/tutorial_etl_dag.py
[2021-03-23 20:30:09,297] {logging_mixin.py:104} INFO - [2021-03-23 20:30:09,296] {dag.py:1818} INFO - Sync 1 DAGs
[2021-03-23 20:30:09,325] {logging_mixin.py:104} INFO - [2021-03-23 20:30:09,324] {dag.py:2273} INFO - Setting next_dagrun for tutorial_etl_dag to None
[2021-03-23 20:30:09,338] {scheduler_job.py:190} INFO - Processing /Users/harika/Desktop/CSYE_7245/Assignment2/pipeline/MyEnv/lib/python3.7/site-packages/airflow/example_dags/tutorial_etl_dag.py took 0.109 seconds
[2021-03-23 20:30:42,442] {scheduler_job.py:182} INFO - Started process (PID=14513) to work on /Users/harika/Desktop/CSYE_7245/Assignment2/pipeline/MyEnv/lib/python3.7/site-packages/airflow/example_dags/tutorial_etl_dag.py
[2021-03-23 20:30:42,457] {scheduler_job.py:629} INFO - Processing file /Users/harika/Desktop/CSYE_7245/Assignment2/pipeline/MyEnv/lib/python3.7/site-packages/airflow/example_dags/tutorial_etl_dag.py for tasks to queue
[2021-03-23 20:30:42,469] {logging_mixin.py:104} INFO - [2021-03-23 20:30:42,467] {dagbag.py:448} INFO - Filling up the DagBag from /Users/harika/Desktop/CSYE_7245/Assignment2/pipeline/MyEnv/lib/python3.7/site-packages/airflow/example_dags/tutorial_etl_dag.py
[2021-03-23 20:30:42,510] {scheduler_job.py:639} INFO - DAG(s) dict_keys(['tutorial_etl_dag']) retrieved from /Users/harika/Desktop/CSYE_7245/Assignment2/pipeline/MyEnv/lib/python3.7/site-packages/airflow/example_dags/tutorial_etl_dag.py
[2021-03-23 20:30:42,561] {logging_mixin.py:104} INFO - [2021-03-23 20:30:42,559] {dag.py:1818} INFO - Sync 1 DAGs
[2021-03-23 20:30:42,594] {logging_mixin.py:104} INFO - [2021-03-23 20:30:42,593] {dag.py:2273} INFO - Setting next_dagrun for tutorial_etl_dag to None
[2021-03-23 20:30:42,616] {scheduler_job.py:190} INFO - Processing /Users/harika/Desktop/CSYE_7245/Assignment2/pipeline/MyEnv/lib/python3.7/site-packages/airflow/example_dags/tutorial_etl_dag.py took 0.192 seconds
[2021-03-23 20:31:18,764] {scheduler_job.py:182} INFO - Started process (PID=14546) to work on /Users/harika/Desktop/CSYE_7245/Assignment2/pipeline/MyEnv/lib/python3.7/site-packages/airflow/example_dags/tutorial_etl_dag.py
[2021-03-23 20:31:18,767] {scheduler_job.py:629} INFO - Processing file /Users/harika/Desktop/CSYE_7245/Assignment2/pipeline/MyEnv/lib/python3.7/site-packages/airflow/example_dags/tutorial_etl_dag.py for tasks to queue
[2021-03-23 20:31:18,769] {logging_mixin.py:104} INFO - [2021-03-23 20:31:18,768] {dagbag.py:448} INFO - Filling up the DagBag from /Users/harika/Desktop/CSYE_7245/Assignment2/pipeline/MyEnv/lib/python3.7/site-packages/airflow/example_dags/tutorial_etl_dag.py
[2021-03-23 20:31:18,788] {scheduler_job.py:639} INFO - DAG(s) dict_keys(['tutorial_etl_dag']) retrieved from /Users/harika/Desktop/CSYE_7245/Assignment2/pipeline/MyEnv/lib/python3.7/site-packages/airflow/example_dags/tutorial_etl_dag.py
[2021-03-23 20:31:18,828] {logging_mixin.py:104} INFO - [2021-03-23 20:31:18,827] {dag.py:1818} INFO - Sync 1 DAGs
[2021-03-23 20:31:18,852] {logging_mixin.py:104} INFO - [2021-03-23 20:31:18,851] {dag.py:2273} INFO - Setting next_dagrun for tutorial_etl_dag to None
[2021-03-23 20:31:18,866] {scheduler_job.py:190} INFO - Processing /Users/harika/Desktop/CSYE_7245/Assignment2/pipeline/MyEnv/lib/python3.7/site-packages/airflow/example_dags/tutorial_etl_dag.py took 0.113 seconds
[2021-03-23 21:09:29,817] {scheduler_job.py:182} INFO - Started process (PID=14925) to work on /Users/harika/Desktop/CSYE_7245/Assignment2/pipeline/MyEnv/lib/python3.7/site-packages/airflow/example_dags/tutorial_etl_dag.py
[2021-03-23 21:09:29,826] {scheduler_job.py:629} INFO - Processing file /Users/harika/Desktop/CSYE_7245/Assignment2/pipeline/MyEnv/lib/python3.7/site-packages/airflow/example_dags/tutorial_etl_dag.py for tasks to queue
[2021-03-23 21:09:29,829] {logging_mixin.py:104} INFO - [2021-03-23 21:09:29,828] {dagbag.py:448} INFO - Filling up the DagBag from /Users/harika/Desktop/CSYE_7245/Assignment2/pipeline/MyEnv/lib/python3.7/site-packages/airflow/example_dags/tutorial_etl_dag.py
[2021-03-23 21:09:29,855] {scheduler_job.py:639} INFO - DAG(s) dict_keys(['tutorial_etl_dag']) retrieved from /Users/harika/Desktop/CSYE_7245/Assignment2/pipeline/MyEnv/lib/python3.7/site-packages/airflow/example_dags/tutorial_etl_dag.py
[2021-03-23 21:09:29,879] {logging_mixin.py:104} INFO - [2021-03-23 21:09:29,879] {dag.py:1818} INFO - Sync 1 DAGs
[2021-03-23 21:09:29,914] {logging_mixin.py:104} INFO - [2021-03-23 21:09:29,914] {dag.py:2273} INFO - Setting next_dagrun for tutorial_etl_dag to None
[2021-03-23 21:09:29,932] {scheduler_job.py:190} INFO - Processing /Users/harika/Desktop/CSYE_7245/Assignment2/pipeline/MyEnv/lib/python3.7/site-packages/airflow/example_dags/tutorial_etl_dag.py took 0.122 seconds
[2021-03-23 21:12:07,761] {scheduler_job.py:182} INFO - Started process (PID=14999) to work on /Users/harika/Desktop/CSYE_7245/Assignment2/pipeline/MyEnv/lib/python3.7/site-packages/airflow/example_dags/tutorial_etl_dag.py
[2021-03-23 21:12:07,765] {scheduler_job.py:629} INFO - Processing file /Users/harika/Desktop/CSYE_7245/Assignment2/pipeline/MyEnv/lib/python3.7/site-packages/airflow/example_dags/tutorial_etl_dag.py for tasks to queue
[2021-03-23 21:12:07,768] {logging_mixin.py:104} INFO - [2021-03-23 21:12:07,767] {dagbag.py:448} INFO - Filling up the DagBag from /Users/harika/Desktop/CSYE_7245/Assignment2/pipeline/MyEnv/lib/python3.7/site-packages/airflow/example_dags/tutorial_etl_dag.py
[2021-03-23 21:12:07,780] {scheduler_job.py:639} INFO - DAG(s) dict_keys(['tutorial_etl_dag']) retrieved from /Users/harika/Desktop/CSYE_7245/Assignment2/pipeline/MyEnv/lib/python3.7/site-packages/airflow/example_dags/tutorial_etl_dag.py
[2021-03-23 21:12:07,807] {logging_mixin.py:104} INFO - [2021-03-23 21:12:07,806] {dag.py:1818} INFO - Sync 1 DAGs
[2021-03-23 21:12:07,826] {logging_mixin.py:104} INFO - [2021-03-23 21:12:07,825] {dag.py:2273} INFO - Setting next_dagrun for tutorial_etl_dag to None
[2021-03-23 21:12:07,837] {scheduler_job.py:190} INFO - Processing /Users/harika/Desktop/CSYE_7245/Assignment2/pipeline/MyEnv/lib/python3.7/site-packages/airflow/example_dags/tutorial_etl_dag.py took 0.082 seconds
[2021-03-23 21:13:24,754] {scheduler_job.py:182} INFO - Started process (PID=15035) to work on /Users/harika/Desktop/CSYE_7245/Assignment2/pipeline/MyEnv/lib/python3.7/site-packages/airflow/example_dags/tutorial_etl_dag.py
[2021-03-23 21:13:24,758] {scheduler_job.py:629} INFO - Processing file /Users/harika/Desktop/CSYE_7245/Assignment2/pipeline/MyEnv/lib/python3.7/site-packages/airflow/example_dags/tutorial_etl_dag.py for tasks to queue
[2021-03-23 21:13:24,761] {logging_mixin.py:104} INFO - [2021-03-23 21:13:24,760] {dagbag.py:448} INFO - Filling up the DagBag from /Users/harika/Desktop/CSYE_7245/Assignment2/pipeline/MyEnv/lib/python3.7/site-packages/airflow/example_dags/tutorial_etl_dag.py
[2021-03-23 21:13:24,779] {scheduler_job.py:639} INFO - DAG(s) dict_keys(['tutorial_etl_dag']) retrieved from /Users/harika/Desktop/CSYE_7245/Assignment2/pipeline/MyEnv/lib/python3.7/site-packages/airflow/example_dags/tutorial_etl_dag.py
[2021-03-23 21:13:24,806] {logging_mixin.py:104} INFO - [2021-03-23 21:13:24,805] {dag.py:1818} INFO - Sync 1 DAGs
[2021-03-23 21:13:24,834] {logging_mixin.py:104} INFO - [2021-03-23 21:13:24,834] {dag.py:2273} INFO - Setting next_dagrun for tutorial_etl_dag to None
[2021-03-23 21:13:24,852] {scheduler_job.py:190} INFO - Processing /Users/harika/Desktop/CSYE_7245/Assignment2/pipeline/MyEnv/lib/python3.7/site-packages/airflow/example_dags/tutorial_etl_dag.py took 0.122 seconds
[2021-03-23 21:18:07,893] {scheduler_job.py:182} INFO - Started process (PID=15203) to work on /Users/harika/Desktop/CSYE_7245/Assignment2/pipeline/MyEnv/lib/python3.7/site-packages/airflow/example_dags/tutorial_etl_dag.py
[2021-03-23 21:18:07,896] {scheduler_job.py:629} INFO - Processing file /Users/harika/Desktop/CSYE_7245/Assignment2/pipeline/MyEnv/lib/python3.7/site-packages/airflow/example_dags/tutorial_etl_dag.py for tasks to queue
[2021-03-23 21:18:07,901] {logging_mixin.py:104} INFO - [2021-03-23 21:18:07,899] {dagbag.py:448} INFO - Filling up the DagBag from /Users/harika/Desktop/CSYE_7245/Assignment2/pipeline/MyEnv/lib/python3.7/site-packages/airflow/example_dags/tutorial_etl_dag.py
[2021-03-23 21:18:07,917] {scheduler_job.py:639} INFO - DAG(s) dict_keys(['tutorial_etl_dag']) retrieved from /Users/harika/Desktop/CSYE_7245/Assignment2/pipeline/MyEnv/lib/python3.7/site-packages/airflow/example_dags/tutorial_etl_dag.py
[2021-03-23 21:18:07,967] {logging_mixin.py:104} INFO - [2021-03-23 21:18:07,966] {dag.py:1818} INFO - Sync 1 DAGs
[2021-03-23 21:18:08,001] {logging_mixin.py:104} INFO - [2021-03-23 21:18:08,001] {dag.py:2273} INFO - Setting next_dagrun for tutorial_etl_dag to None
[2021-03-23 21:18:08,029] {scheduler_job.py:190} INFO - Processing /Users/harika/Desktop/CSYE_7245/Assignment2/pipeline/MyEnv/lib/python3.7/site-packages/airflow/example_dags/tutorial_etl_dag.py took 0.142 seconds
[2021-03-23 21:18:45,691] {scheduler_job.py:182} INFO - Started process (PID=15240) to work on /Users/harika/Desktop/CSYE_7245/Assignment2/pipeline/MyEnv/lib/python3.7/site-packages/airflow/example_dags/tutorial_etl_dag.py
[2021-03-23 21:18:45,693] {scheduler_job.py:629} INFO - Processing file /Users/harika/Desktop/CSYE_7245/Assignment2/pipeline/MyEnv/lib/python3.7/site-packages/airflow/example_dags/tutorial_etl_dag.py for tasks to queue
[2021-03-23 21:18:45,695] {logging_mixin.py:104} INFO - [2021-03-23 21:18:45,694] {dagbag.py:448} INFO - Filling up the DagBag from /Users/harika/Desktop/CSYE_7245/Assignment2/pipeline/MyEnv/lib/python3.7/site-packages/airflow/example_dags/tutorial_etl_dag.py
[2021-03-23 21:18:45,710] {scheduler_job.py:639} INFO - DAG(s) dict_keys(['tutorial_etl_dag']) retrieved from /Users/harika/Desktop/CSYE_7245/Assignment2/pipeline/MyEnv/lib/python3.7/site-packages/airflow/example_dags/tutorial_etl_dag.py
[2021-03-23 21:18:45,729] {logging_mixin.py:104} INFO - [2021-03-23 21:18:45,728] {dag.py:1818} INFO - Sync 1 DAGs
[2021-03-23 21:18:45,741] {logging_mixin.py:104} INFO - [2021-03-23 21:18:45,740] {dag.py:2273} INFO - Setting next_dagrun for tutorial_etl_dag to None
[2021-03-23 21:18:45,750] {scheduler_job.py:190} INFO - Processing /Users/harika/Desktop/CSYE_7245/Assignment2/pipeline/MyEnv/lib/python3.7/site-packages/airflow/example_dags/tutorial_etl_dag.py took 0.062 seconds
[2021-03-23 21:19:26,216] {scheduler_job.py:182} INFO - Started process (PID=15274) to work on /Users/harika/Desktop/CSYE_7245/Assignment2/pipeline/MyEnv/lib/python3.7/site-packages/airflow/example_dags/tutorial_etl_dag.py
[2021-03-23 21:19:26,220] {scheduler_job.py:629} INFO - Processing file /Users/harika/Desktop/CSYE_7245/Assignment2/pipeline/MyEnv/lib/python3.7/site-packages/airflow/example_dags/tutorial_etl_dag.py for tasks to queue
[2021-03-23 21:19:26,222] {logging_mixin.py:104} INFO - [2021-03-23 21:19:26,221] {dagbag.py:448} INFO - Filling up the DagBag from /Users/harika/Desktop/CSYE_7245/Assignment2/pipeline/MyEnv/lib/python3.7/site-packages/airflow/example_dags/tutorial_etl_dag.py
[2021-03-23 21:19:26,242] {scheduler_job.py:639} INFO - DAG(s) dict_keys(['tutorial_etl_dag']) retrieved from /Users/harika/Desktop/CSYE_7245/Assignment2/pipeline/MyEnv/lib/python3.7/site-packages/airflow/example_dags/tutorial_etl_dag.py
[2021-03-23 21:19:26,271] {logging_mixin.py:104} INFO - [2021-03-23 21:19:26,271] {dag.py:1818} INFO - Sync 1 DAGs
[2021-03-23 21:19:26,295] {logging_mixin.py:104} INFO - [2021-03-23 21:19:26,294] {dag.py:2273} INFO - Setting next_dagrun for tutorial_etl_dag to None
[2021-03-23 21:19:26,322] {scheduler_job.py:190} INFO - Processing /Users/harika/Desktop/CSYE_7245/Assignment2/pipeline/MyEnv/lib/python3.7/site-packages/airflow/example_dags/tutorial_etl_dag.py took 0.112 seconds
[2021-03-24 00:03:05,036] {scheduler_job.py:182} INFO - Started process (PID=16951) to work on /Users/harika/Desktop/CSYE_7245/Assignment2/pipeline/MyEnv/lib/python3.7/site-packages/airflow/example_dags/tutorial_etl_dag.py
[2021-03-24 00:03:05,040] {scheduler_job.py:629} INFO - Processing file /Users/harika/Desktop/CSYE_7245/Assignment2/pipeline/MyEnv/lib/python3.7/site-packages/airflow/example_dags/tutorial_etl_dag.py for tasks to queue
[2021-03-24 00:03:05,042] {logging_mixin.py:104} INFO - [2021-03-24 00:03:05,041] {dagbag.py:448} INFO - Filling up the DagBag from /Users/harika/Desktop/CSYE_7245/Assignment2/pipeline/MyEnv/lib/python3.7/site-packages/airflow/example_dags/tutorial_etl_dag.py
[2021-03-24 00:03:05,069] {scheduler_job.py:639} INFO - DAG(s) dict_keys(['tutorial_etl_dag']) retrieved from /Users/harika/Desktop/CSYE_7245/Assignment2/pipeline/MyEnv/lib/python3.7/site-packages/airflow/example_dags/tutorial_etl_dag.py
[2021-03-24 00:03:05,095] {logging_mixin.py:104} INFO - [2021-03-24 00:03:05,094] {dag.py:1818} INFO - Sync 1 DAGs
[2021-03-24 00:03:05,110] {logging_mixin.py:104} INFO - [2021-03-24 00:03:05,110] {dag.py:2273} INFO - Setting next_dagrun for tutorial_etl_dag to None
[2021-03-24 00:03:05,122] {scheduler_job.py:190} INFO - Processing /Users/harika/Desktop/CSYE_7245/Assignment2/pipeline/MyEnv/lib/python3.7/site-packages/airflow/example_dags/tutorial_etl_dag.py took 0.094 seconds
[2021-03-24 00:03:46,153] {scheduler_job.py:182} INFO - Started process (PID=16983) to work on /Users/harika/Desktop/CSYE_7245/Assignment2/pipeline/MyEnv/lib/python3.7/site-packages/airflow/example_dags/tutorial_etl_dag.py
[2021-03-24 00:03:46,155] {scheduler_job.py:629} INFO - Processing file /Users/harika/Desktop/CSYE_7245/Assignment2/pipeline/MyEnv/lib/python3.7/site-packages/airflow/example_dags/tutorial_etl_dag.py for tasks to queue
[2021-03-24 00:03:46,160] {logging_mixin.py:104} INFO - [2021-03-24 00:03:46,158] {dagbag.py:448} INFO - Filling up the DagBag from /Users/harika/Desktop/CSYE_7245/Assignment2/pipeline/MyEnv/lib/python3.7/site-packages/airflow/example_dags/tutorial_etl_dag.py
[2021-03-24 00:03:46,183] {scheduler_job.py:639} INFO - DAG(s) dict_keys(['tutorial_etl_dag']) retrieved from /Users/harika/Desktop/CSYE_7245/Assignment2/pipeline/MyEnv/lib/python3.7/site-packages/airflow/example_dags/tutorial_etl_dag.py
[2021-03-24 00:03:46,204] {logging_mixin.py:104} INFO - [2021-03-24 00:03:46,203] {dag.py:1818} INFO - Sync 1 DAGs
[2021-03-24 00:03:46,219] {logging_mixin.py:104} INFO - [2021-03-24 00:03:46,218] {dag.py:2273} INFO - Setting next_dagrun for tutorial_etl_dag to None
[2021-03-24 00:03:46,234] {scheduler_job.py:190} INFO - Processing /Users/harika/Desktop/CSYE_7245/Assignment2/pipeline/MyEnv/lib/python3.7/site-packages/airflow/example_dags/tutorial_etl_dag.py took 0.085 seconds
[2021-03-24 00:04:28,540] {scheduler_job.py:182} INFO - Started process (PID=17013) to work on /Users/harika/Desktop/CSYE_7245/Assignment2/pipeline/MyEnv/lib/python3.7/site-packages/airflow/example_dags/tutorial_etl_dag.py
[2021-03-24 00:04:28,542] {scheduler_job.py:629} INFO - Processing file /Users/harika/Desktop/CSYE_7245/Assignment2/pipeline/MyEnv/lib/python3.7/site-packages/airflow/example_dags/tutorial_etl_dag.py for tasks to queue
[2021-03-24 00:04:28,543] {logging_mixin.py:104} INFO - [2021-03-24 00:04:28,543] {dagbag.py:448} INFO - Filling up the DagBag from /Users/harika/Desktop/CSYE_7245/Assignment2/pipeline/MyEnv/lib/python3.7/site-packages/airflow/example_dags/tutorial_etl_dag.py
[2021-03-24 00:04:28,557] {scheduler_job.py:639} INFO - DAG(s) dict_keys(['tutorial_etl_dag']) retrieved from /Users/harika/Desktop/CSYE_7245/Assignment2/pipeline/MyEnv/lib/python3.7/site-packages/airflow/example_dags/tutorial_etl_dag.py
[2021-03-24 00:04:28,571] {logging_mixin.py:104} INFO - [2021-03-24 00:04:28,571] {dag.py:1818} INFO - Sync 1 DAGs
[2021-03-24 00:04:28,588] {logging_mixin.py:104} INFO - [2021-03-24 00:04:28,586] {dag.py:2273} INFO - Setting next_dagrun for tutorial_etl_dag to None
[2021-03-24 00:04:28,599] {scheduler_job.py:190} INFO - Processing /Users/harika/Desktop/CSYE_7245/Assignment2/pipeline/MyEnv/lib/python3.7/site-packages/airflow/example_dags/tutorial_etl_dag.py took 0.063 seconds
[2021-03-24 00:05:00,050] {scheduler_job.py:182} INFO - Started process (PID=17041) to work on /Users/harika/Desktop/CSYE_7245/Assignment2/pipeline/MyEnv/lib/python3.7/site-packages/airflow/example_dags/tutorial_etl_dag.py
[2021-03-24 00:05:00,053] {scheduler_job.py:629} INFO - Processing file /Users/harika/Desktop/CSYE_7245/Assignment2/pipeline/MyEnv/lib/python3.7/site-packages/airflow/example_dags/tutorial_etl_dag.py for tasks to queue
[2021-03-24 00:05:00,055] {logging_mixin.py:104} INFO - [2021-03-24 00:05:00,054] {dagbag.py:448} INFO - Filling up the DagBag from /Users/harika/Desktop/CSYE_7245/Assignment2/pipeline/MyEnv/lib/python3.7/site-packages/airflow/example_dags/tutorial_etl_dag.py
[2021-03-24 00:05:00,083] {scheduler_job.py:639} INFO - DAG(s) dict_keys(['tutorial_etl_dag']) retrieved from /Users/harika/Desktop/CSYE_7245/Assignment2/pipeline/MyEnv/lib/python3.7/site-packages/airflow/example_dags/tutorial_etl_dag.py
[2021-03-24 00:05:00,135] {logging_mixin.py:104} INFO - [2021-03-24 00:05:00,133] {dag.py:1818} INFO - Sync 1 DAGs
[2021-03-24 00:05:00,162] {logging_mixin.py:104} INFO - [2021-03-24 00:05:00,161] {dag.py:2273} INFO - Setting next_dagrun for tutorial_etl_dag to None
[2021-03-24 00:05:00,176] {scheduler_job.py:190} INFO - Processing /Users/harika/Desktop/CSYE_7245/Assignment2/pipeline/MyEnv/lib/python3.7/site-packages/airflow/example_dags/tutorial_etl_dag.py took 0.133 seconds
[2021-03-24 00:05:59,137] {scheduler_job.py:182} INFO - Started process (PID=17094) to work on /Users/harika/Desktop/CSYE_7245/Assignment2/pipeline/MyEnv/lib/python3.7/site-packages/airflow/example_dags/tutorial_etl_dag.py
[2021-03-24 00:05:59,138] {scheduler_job.py:629} INFO - Processing file /Users/harika/Desktop/CSYE_7245/Assignment2/pipeline/MyEnv/lib/python3.7/site-packages/airflow/example_dags/tutorial_etl_dag.py for tasks to queue
[2021-03-24 00:05:59,139] {logging_mixin.py:104} INFO - [2021-03-24 00:05:59,139] {dagbag.py:448} INFO - Filling up the DagBag from /Users/harika/Desktop/CSYE_7245/Assignment2/pipeline/MyEnv/lib/python3.7/site-packages/airflow/example_dags/tutorial_etl_dag.py
[2021-03-24 00:05:59,159] {scheduler_job.py:639} INFO - DAG(s) dict_keys(['tutorial_etl_dag']) retrieved from /Users/harika/Desktop/CSYE_7245/Assignment2/pipeline/MyEnv/lib/python3.7/site-packages/airflow/example_dags/tutorial_etl_dag.py
[2021-03-24 00:05:59,181] {logging_mixin.py:104} INFO - [2021-03-24 00:05:59,180] {dag.py:1818} INFO - Sync 1 DAGs
[2021-03-24 00:05:59,199] {logging_mixin.py:104} INFO - [2021-03-24 00:05:59,198] {dag.py:2273} INFO - Setting next_dagrun for tutorial_etl_dag to None
[2021-03-24 00:05:59,209] {scheduler_job.py:190} INFO - Processing /Users/harika/Desktop/CSYE_7245/Assignment2/pipeline/MyEnv/lib/python3.7/site-packages/airflow/example_dags/tutorial_etl_dag.py took 0.076 seconds
[2021-03-24 01:02:31,067] {scheduler_job.py:182} INFO - Started process (PID=17425) to work on /Users/harika/Desktop/CSYE_7245/Assignment2/pipeline/MyEnv/lib/python3.7/site-packages/airflow/example_dags/tutorial_etl_dag.py
[2021-03-24 01:02:31,070] {scheduler_job.py:629} INFO - Processing file /Users/harika/Desktop/CSYE_7245/Assignment2/pipeline/MyEnv/lib/python3.7/site-packages/airflow/example_dags/tutorial_etl_dag.py for tasks to queue
[2021-03-24 01:02:31,072] {logging_mixin.py:104} INFO - [2021-03-24 01:02:31,071] {dagbag.py:448} INFO - Filling up the DagBag from /Users/harika/Desktop/CSYE_7245/Assignment2/pipeline/MyEnv/lib/python3.7/site-packages/airflow/example_dags/tutorial_etl_dag.py
[2021-03-24 01:02:31,081] {scheduler_job.py:639} INFO - DAG(s) dict_keys(['tutorial_etl_dag']) retrieved from /Users/harika/Desktop/CSYE_7245/Assignment2/pipeline/MyEnv/lib/python3.7/site-packages/airflow/example_dags/tutorial_etl_dag.py
[2021-03-24 01:02:31,098] {logging_mixin.py:104} INFO - [2021-03-24 01:02:31,098] {dag.py:1818} INFO - Sync 1 DAGs
[2021-03-24 01:02:31,110] {logging_mixin.py:104} INFO - [2021-03-24 01:02:31,109] {dag.py:2273} INFO - Setting next_dagrun for tutorial_etl_dag to None
[2021-03-24 01:02:31,120] {scheduler_job.py:190} INFO - Processing /Users/harika/Desktop/CSYE_7245/Assignment2/pipeline/MyEnv/lib/python3.7/site-packages/airflow/example_dags/tutorial_etl_dag.py took 0.056 seconds
[2021-03-24 01:03:02,544] {scheduler_job.py:182} INFO - Started process (PID=17465) to work on /Users/harika/Desktop/CSYE_7245/Assignment2/pipeline/MyEnv/lib/python3.7/site-packages/airflow/example_dags/tutorial_etl_dag.py
[2021-03-24 01:03:02,546] {scheduler_job.py:629} INFO - Processing file /Users/harika/Desktop/CSYE_7245/Assignment2/pipeline/MyEnv/lib/python3.7/site-packages/airflow/example_dags/tutorial_etl_dag.py for tasks to queue
[2021-03-24 01:03:02,548] {logging_mixin.py:104} INFO - [2021-03-24 01:03:02,547] {dagbag.py:448} INFO - Filling up the DagBag from /Users/harika/Desktop/CSYE_7245/Assignment2/pipeline/MyEnv/lib/python3.7/site-packages/airflow/example_dags/tutorial_etl_dag.py
[2021-03-24 01:03:02,559] {scheduler_job.py:639} INFO - DAG(s) dict_keys(['tutorial_etl_dag']) retrieved from /Users/harika/Desktop/CSYE_7245/Assignment2/pipeline/MyEnv/lib/python3.7/site-packages/airflow/example_dags/tutorial_etl_dag.py
[2021-03-24 01:03:02,578] {logging_mixin.py:104} INFO - [2021-03-24 01:03:02,578] {dag.py:1818} INFO - Sync 1 DAGs
[2021-03-24 01:03:02,591] {logging_mixin.py:104} INFO - [2021-03-24 01:03:02,590] {dag.py:2273} INFO - Setting next_dagrun for tutorial_etl_dag to None
[2021-03-24 01:03:02,599] {scheduler_job.py:190} INFO - Processing /Users/harika/Desktop/CSYE_7245/Assignment2/pipeline/MyEnv/lib/python3.7/site-packages/airflow/example_dags/tutorial_etl_dag.py took 0.060 seconds
[2021-03-24 01:03:40,132] {scheduler_job.py:182} INFO - Started process (PID=17507) to work on /Users/harika/Desktop/CSYE_7245/Assignment2/pipeline/MyEnv/lib/python3.7/site-packages/airflow/example_dags/tutorial_etl_dag.py
[2021-03-24 01:03:40,134] {scheduler_job.py:629} INFO - Processing file /Users/harika/Desktop/CSYE_7245/Assignment2/pipeline/MyEnv/lib/python3.7/site-packages/airflow/example_dags/tutorial_etl_dag.py for tasks to queue
[2021-03-24 01:03:40,136] {logging_mixin.py:104} INFO - [2021-03-24 01:03:40,135] {dagbag.py:448} INFO - Filling up the DagBag from /Users/harika/Desktop/CSYE_7245/Assignment2/pipeline/MyEnv/lib/python3.7/site-packages/airflow/example_dags/tutorial_etl_dag.py
[2021-03-24 01:03:40,145] {scheduler_job.py:639} INFO - DAG(s) dict_keys(['tutorial_etl_dag']) retrieved from /Users/harika/Desktop/CSYE_7245/Assignment2/pipeline/MyEnv/lib/python3.7/site-packages/airflow/example_dags/tutorial_etl_dag.py
[2021-03-24 01:03:40,160] {logging_mixin.py:104} INFO - [2021-03-24 01:03:40,159] {dag.py:1818} INFO - Sync 1 DAGs
[2021-03-24 01:03:40,171] {logging_mixin.py:104} INFO - [2021-03-24 01:03:40,170] {dag.py:2273} INFO - Setting next_dagrun for tutorial_etl_dag to None
[2021-03-24 01:03:40,180] {scheduler_job.py:190} INFO - Processing /Users/harika/Desktop/CSYE_7245/Assignment2/pipeline/MyEnv/lib/python3.7/site-packages/airflow/example_dags/tutorial_etl_dag.py took 0.052 seconds
[2021-03-24 01:04:12,857] {scheduler_job.py:182} INFO - Started process (PID=17547) to work on /Users/harika/Desktop/CSYE_7245/Assignment2/pipeline/MyEnv/lib/python3.7/site-packages/airflow/example_dags/tutorial_etl_dag.py
[2021-03-24 01:04:12,860] {scheduler_job.py:629} INFO - Processing file /Users/harika/Desktop/CSYE_7245/Assignment2/pipeline/MyEnv/lib/python3.7/site-packages/airflow/example_dags/tutorial_etl_dag.py for tasks to queue
[2021-03-24 01:04:12,861] {logging_mixin.py:104} INFO - [2021-03-24 01:04:12,861] {dagbag.py:448} INFO - Filling up the DagBag from /Users/harika/Desktop/CSYE_7245/Assignment2/pipeline/MyEnv/lib/python3.7/site-packages/airflow/example_dags/tutorial_etl_dag.py
[2021-03-24 01:04:12,870] {scheduler_job.py:639} INFO - DAG(s) dict_keys(['tutorial_etl_dag']) retrieved from /Users/harika/Desktop/CSYE_7245/Assignment2/pipeline/MyEnv/lib/python3.7/site-packages/airflow/example_dags/tutorial_etl_dag.py
[2021-03-24 01:04:12,887] {logging_mixin.py:104} INFO - [2021-03-24 01:04:12,886] {dag.py:1818} INFO - Sync 1 DAGs
[2021-03-24 01:04:12,898] {logging_mixin.py:104} INFO - [2021-03-24 01:04:12,898] {dag.py:2273} INFO - Setting next_dagrun for tutorial_etl_dag to None
[2021-03-24 01:04:12,907] {scheduler_job.py:190} INFO - Processing /Users/harika/Desktop/CSYE_7245/Assignment2/pipeline/MyEnv/lib/python3.7/site-packages/airflow/example_dags/tutorial_etl_dag.py took 0.054 seconds
[2021-03-24 01:04:46,757] {scheduler_job.py:182} INFO - Started process (PID=17646) to work on /Users/harika/Desktop/CSYE_7245/Assignment2/pipeline/MyEnv/lib/python3.7/site-packages/airflow/example_dags/tutorial_etl_dag.py
[2021-03-24 01:04:46,760] {scheduler_job.py:629} INFO - Processing file /Users/harika/Desktop/CSYE_7245/Assignment2/pipeline/MyEnv/lib/python3.7/site-packages/airflow/example_dags/tutorial_etl_dag.py for tasks to queue
[2021-03-24 01:04:46,762] {logging_mixin.py:104} INFO - [2021-03-24 01:04:46,762] {dagbag.py:448} INFO - Filling up the DagBag from /Users/harika/Desktop/CSYE_7245/Assignment2/pipeline/MyEnv/lib/python3.7/site-packages/airflow/example_dags/tutorial_etl_dag.py
[2021-03-24 01:04:46,771] {scheduler_job.py:639} INFO - DAG(s) dict_keys(['tutorial_etl_dag']) retrieved from /Users/harika/Desktop/CSYE_7245/Assignment2/pipeline/MyEnv/lib/python3.7/site-packages/airflow/example_dags/tutorial_etl_dag.py
[2021-03-24 01:04:46,790] {logging_mixin.py:104} INFO - [2021-03-24 01:04:46,789] {dag.py:1818} INFO - Sync 1 DAGs
[2021-03-24 01:04:46,811] {logging_mixin.py:104} INFO - [2021-03-24 01:04:46,810] {dag.py:2273} INFO - Setting next_dagrun for tutorial_etl_dag to None
[2021-03-24 01:04:46,825] {scheduler_job.py:190} INFO - Processing /Users/harika/Desktop/CSYE_7245/Assignment2/pipeline/MyEnv/lib/python3.7/site-packages/airflow/example_dags/tutorial_etl_dag.py took 0.073 seconds
