[2021-03-23 20:14:33,343] {scheduler_job.py:182} INFO - Started process (PID=14178) to work on /Users/harika/Desktop/CSYE_7245/Assignment2/pipeline/MyEnv/lib/python3.7/site-packages/airflow/example_dags/tutorial_taskflow_api_etl.py
[2021-03-23 20:14:33,346] {scheduler_job.py:629} INFO - Processing file /Users/harika/Desktop/CSYE_7245/Assignment2/pipeline/MyEnv/lib/python3.7/site-packages/airflow/example_dags/tutorial_taskflow_api_etl.py for tasks to queue
[2021-03-23 20:14:33,348] {logging_mixin.py:104} INFO - [2021-03-23 20:14:33,347] {dagbag.py:448} INFO - Filling up the DagBag from /Users/harika/Desktop/CSYE_7245/Assignment2/pipeline/MyEnv/lib/python3.7/site-packages/airflow/example_dags/tutorial_taskflow_api_etl.py
[2021-03-23 20:14:33,374] {scheduler_job.py:639} INFO - DAG(s) dict_keys(['tutorial_taskflow_api_etl']) retrieved from /Users/harika/Desktop/CSYE_7245/Assignment2/pipeline/MyEnv/lib/python3.7/site-packages/airflow/example_dags/tutorial_taskflow_api_etl.py
[2021-03-23 20:14:33,410] {logging_mixin.py:104} INFO - [2021-03-23 20:14:33,409] {dag.py:1818} INFO - Sync 1 DAGs
[2021-03-23 20:14:33,439] {logging_mixin.py:104} INFO - [2021-03-23 20:14:33,438] {dag.py:2273} INFO - Setting next_dagrun for tutorial_taskflow_api_etl to None
[2021-03-23 20:14:33,470] {scheduler_job.py:190} INFO - Processing /Users/harika/Desktop/CSYE_7245/Assignment2/pipeline/MyEnv/lib/python3.7/site-packages/airflow/example_dags/tutorial_taskflow_api_etl.py took 0.134 seconds
[2021-03-23 20:28:11,297] {scheduler_job.py:182} INFO - Started process (PID=14383) to work on /Users/harika/Desktop/CSYE_7245/Assignment2/pipeline/MyEnv/lib/python3.7/site-packages/airflow/example_dags/tutorial_taskflow_api_etl.py
[2021-03-23 20:28:11,301] {scheduler_job.py:629} INFO - Processing file /Users/harika/Desktop/CSYE_7245/Assignment2/pipeline/MyEnv/lib/python3.7/site-packages/airflow/example_dags/tutorial_taskflow_api_etl.py for tasks to queue
[2021-03-23 20:28:11,302] {logging_mixin.py:104} INFO - [2021-03-23 20:28:11,302] {dagbag.py:448} INFO - Filling up the DagBag from /Users/harika/Desktop/CSYE_7245/Assignment2/pipeline/MyEnv/lib/python3.7/site-packages/airflow/example_dags/tutorial_taskflow_api_etl.py
[2021-03-23 20:28:11,313] {scheduler_job.py:639} INFO - DAG(s) dict_keys(['tutorial_taskflow_api_etl']) retrieved from /Users/harika/Desktop/CSYE_7245/Assignment2/pipeline/MyEnv/lib/python3.7/site-packages/airflow/example_dags/tutorial_taskflow_api_etl.py
[2021-03-23 20:28:11,330] {logging_mixin.py:104} INFO - [2021-03-23 20:28:11,330] {dag.py:1818} INFO - Sync 1 DAGs
[2021-03-23 20:28:11,348] {logging_mixin.py:104} INFO - [2021-03-23 20:28:11,347] {dag.py:2273} INFO - Setting next_dagrun for tutorial_taskflow_api_etl to None
[2021-03-23 20:28:11,366] {scheduler_job.py:190} INFO - Processing /Users/harika/Desktop/CSYE_7245/Assignment2/pipeline/MyEnv/lib/python3.7/site-packages/airflow/example_dags/tutorial_taskflow_api_etl.py took 0.073 seconds
[2021-03-23 20:28:47,649] {scheduler_job.py:182} INFO - Started process (PID=14416) to work on /Users/harika/Desktop/CSYE_7245/Assignment2/pipeline/MyEnv/lib/python3.7/site-packages/airflow/example_dags/tutorial_taskflow_api_etl.py
[2021-03-23 20:28:47,651] {scheduler_job.py:629} INFO - Processing file /Users/harika/Desktop/CSYE_7245/Assignment2/pipeline/MyEnv/lib/python3.7/site-packages/airflow/example_dags/tutorial_taskflow_api_etl.py for tasks to queue
[2021-03-23 20:28:47,654] {logging_mixin.py:104} INFO - [2021-03-23 20:28:47,652] {dagbag.py:448} INFO - Filling up the DagBag from /Users/harika/Desktop/CSYE_7245/Assignment2/pipeline/MyEnv/lib/python3.7/site-packages/airflow/example_dags/tutorial_taskflow_api_etl.py
[2021-03-23 20:28:47,672] {scheduler_job.py:639} INFO - DAG(s) dict_keys(['tutorial_taskflow_api_etl']) retrieved from /Users/harika/Desktop/CSYE_7245/Assignment2/pipeline/MyEnv/lib/python3.7/site-packages/airflow/example_dags/tutorial_taskflow_api_etl.py
[2021-03-23 20:28:47,698] {logging_mixin.py:104} INFO - [2021-03-23 20:28:47,697] {dag.py:1818} INFO - Sync 1 DAGs
[2021-03-23 20:28:47,712] {logging_mixin.py:104} INFO - [2021-03-23 20:28:47,712] {dag.py:2273} INFO - Setting next_dagrun for tutorial_taskflow_api_etl to None
[2021-03-23 20:28:47,731] {scheduler_job.py:190} INFO - Processing /Users/harika/Desktop/CSYE_7245/Assignment2/pipeline/MyEnv/lib/python3.7/site-packages/airflow/example_dags/tutorial_taskflow_api_etl.py took 0.086 seconds
[2021-03-23 20:29:23,314] {scheduler_job.py:182} INFO - Started process (PID=14442) to work on /Users/harika/Desktop/CSYE_7245/Assignment2/pipeline/MyEnv/lib/python3.7/site-packages/airflow/example_dags/tutorial_taskflow_api_etl.py
[2021-03-23 20:29:23,316] {scheduler_job.py:629} INFO - Processing file /Users/harika/Desktop/CSYE_7245/Assignment2/pipeline/MyEnv/lib/python3.7/site-packages/airflow/example_dags/tutorial_taskflow_api_etl.py for tasks to queue
[2021-03-23 20:29:23,318] {logging_mixin.py:104} INFO - [2021-03-23 20:29:23,318] {dagbag.py:448} INFO - Filling up the DagBag from /Users/harika/Desktop/CSYE_7245/Assignment2/pipeline/MyEnv/lib/python3.7/site-packages/airflow/example_dags/tutorial_taskflow_api_etl.py
[2021-03-23 20:29:23,330] {scheduler_job.py:639} INFO - DAG(s) dict_keys(['tutorial_taskflow_api_etl']) retrieved from /Users/harika/Desktop/CSYE_7245/Assignment2/pipeline/MyEnv/lib/python3.7/site-packages/airflow/example_dags/tutorial_taskflow_api_etl.py
[2021-03-23 20:29:23,366] {logging_mixin.py:104} INFO - [2021-03-23 20:29:23,365] {dag.py:1818} INFO - Sync 1 DAGs
[2021-03-23 20:29:23,389] {logging_mixin.py:104} INFO - [2021-03-23 20:29:23,389] {dag.py:2273} INFO - Setting next_dagrun for tutorial_taskflow_api_etl to None
[2021-03-23 20:29:23,405] {scheduler_job.py:190} INFO - Processing /Users/harika/Desktop/CSYE_7245/Assignment2/pipeline/MyEnv/lib/python3.7/site-packages/airflow/example_dags/tutorial_taskflow_api_etl.py took 0.098 seconds
[2021-03-23 20:30:04,016] {scheduler_job.py:182} INFO - Started process (PID=14479) to work on /Users/harika/Desktop/CSYE_7245/Assignment2/pipeline/MyEnv/lib/python3.7/site-packages/airflow/example_dags/tutorial_taskflow_api_etl.py
[2021-03-23 20:30:04,019] {scheduler_job.py:629} INFO - Processing file /Users/harika/Desktop/CSYE_7245/Assignment2/pipeline/MyEnv/lib/python3.7/site-packages/airflow/example_dags/tutorial_taskflow_api_etl.py for tasks to queue
[2021-03-23 20:30:04,021] {logging_mixin.py:104} INFO - [2021-03-23 20:30:04,021] {dagbag.py:448} INFO - Filling up the DagBag from /Users/harika/Desktop/CSYE_7245/Assignment2/pipeline/MyEnv/lib/python3.7/site-packages/airflow/example_dags/tutorial_taskflow_api_etl.py
[2021-03-23 20:30:04,041] {scheduler_job.py:639} INFO - DAG(s) dict_keys(['tutorial_taskflow_api_etl']) retrieved from /Users/harika/Desktop/CSYE_7245/Assignment2/pipeline/MyEnv/lib/python3.7/site-packages/airflow/example_dags/tutorial_taskflow_api_etl.py
[2021-03-23 20:30:04,078] {logging_mixin.py:104} INFO - [2021-03-23 20:30:04,077] {dag.py:1818} INFO - Sync 1 DAGs
[2021-03-23 20:30:04,114] {logging_mixin.py:104} INFO - [2021-03-23 20:30:04,113] {dag.py:2273} INFO - Setting next_dagrun for tutorial_taskflow_api_etl to None
[2021-03-23 20:30:04,157] {scheduler_job.py:190} INFO - Processing /Users/harika/Desktop/CSYE_7245/Assignment2/pipeline/MyEnv/lib/python3.7/site-packages/airflow/example_dags/tutorial_taskflow_api_etl.py took 0.153 seconds
[2021-03-23 20:30:39,544] {scheduler_job.py:182} INFO - Started process (PID=14510) to work on /Users/harika/Desktop/CSYE_7245/Assignment2/pipeline/MyEnv/lib/python3.7/site-packages/airflow/example_dags/tutorial_taskflow_api_etl.py
[2021-03-23 20:30:39,546] {scheduler_job.py:629} INFO - Processing file /Users/harika/Desktop/CSYE_7245/Assignment2/pipeline/MyEnv/lib/python3.7/site-packages/airflow/example_dags/tutorial_taskflow_api_etl.py for tasks to queue
[2021-03-23 20:30:39,548] {logging_mixin.py:104} INFO - [2021-03-23 20:30:39,547] {dagbag.py:448} INFO - Filling up the DagBag from /Users/harika/Desktop/CSYE_7245/Assignment2/pipeline/MyEnv/lib/python3.7/site-packages/airflow/example_dags/tutorial_taskflow_api_etl.py
[2021-03-23 20:30:39,559] {scheduler_job.py:639} INFO - DAG(s) dict_keys(['tutorial_taskflow_api_etl']) retrieved from /Users/harika/Desktop/CSYE_7245/Assignment2/pipeline/MyEnv/lib/python3.7/site-packages/airflow/example_dags/tutorial_taskflow_api_etl.py
[2021-03-23 20:30:39,592] {logging_mixin.py:104} INFO - [2021-03-23 20:30:39,591] {dag.py:1818} INFO - Sync 1 DAGs
[2021-03-23 20:30:39,607] {logging_mixin.py:104} INFO - [2021-03-23 20:30:39,606] {dag.py:2273} INFO - Setting next_dagrun for tutorial_taskflow_api_etl to None
[2021-03-23 20:30:39,620] {scheduler_job.py:190} INFO - Processing /Users/harika/Desktop/CSYE_7245/Assignment2/pipeline/MyEnv/lib/python3.7/site-packages/airflow/example_dags/tutorial_taskflow_api_etl.py took 0.079 seconds
[2021-03-23 20:31:15,882] {scheduler_job.py:182} INFO - Started process (PID=14543) to work on /Users/harika/Desktop/CSYE_7245/Assignment2/pipeline/MyEnv/lib/python3.7/site-packages/airflow/example_dags/tutorial_taskflow_api_etl.py
[2021-03-23 20:31:15,884] {scheduler_job.py:629} INFO - Processing file /Users/harika/Desktop/CSYE_7245/Assignment2/pipeline/MyEnv/lib/python3.7/site-packages/airflow/example_dags/tutorial_taskflow_api_etl.py for tasks to queue
[2021-03-23 20:31:15,886] {logging_mixin.py:104} INFO - [2021-03-23 20:31:15,886] {dagbag.py:448} INFO - Filling up the DagBag from /Users/harika/Desktop/CSYE_7245/Assignment2/pipeline/MyEnv/lib/python3.7/site-packages/airflow/example_dags/tutorial_taskflow_api_etl.py
[2021-03-23 20:31:15,903] {scheduler_job.py:639} INFO - DAG(s) dict_keys(['tutorial_taskflow_api_etl']) retrieved from /Users/harika/Desktop/CSYE_7245/Assignment2/pipeline/MyEnv/lib/python3.7/site-packages/airflow/example_dags/tutorial_taskflow_api_etl.py
[2021-03-23 20:31:15,921] {logging_mixin.py:104} INFO - [2021-03-23 20:31:15,920] {dag.py:1818} INFO - Sync 1 DAGs
[2021-03-23 20:31:15,933] {logging_mixin.py:104} INFO - [2021-03-23 20:31:15,932] {dag.py:2273} INFO - Setting next_dagrun for tutorial_taskflow_api_etl to None
[2021-03-23 20:31:15,950] {scheduler_job.py:190} INFO - Processing /Users/harika/Desktop/CSYE_7245/Assignment2/pipeline/MyEnv/lib/python3.7/site-packages/airflow/example_dags/tutorial_taskflow_api_etl.py took 0.076 seconds
[2021-03-23 21:09:36,212] {scheduler_job.py:182} INFO - Started process (PID=14932) to work on /Users/harika/Desktop/CSYE_7245/Assignment2/pipeline/MyEnv/lib/python3.7/site-packages/airflow/example_dags/tutorial_taskflow_api_etl.py
[2021-03-23 21:09:36,216] {scheduler_job.py:629} INFO - Processing file /Users/harika/Desktop/CSYE_7245/Assignment2/pipeline/MyEnv/lib/python3.7/site-packages/airflow/example_dags/tutorial_taskflow_api_etl.py for tasks to queue
[2021-03-23 21:09:36,220] {logging_mixin.py:104} INFO - [2021-03-23 21:09:36,219] {dagbag.py:448} INFO - Filling up the DagBag from /Users/harika/Desktop/CSYE_7245/Assignment2/pipeline/MyEnv/lib/python3.7/site-packages/airflow/example_dags/tutorial_taskflow_api_etl.py
[2021-03-23 21:09:36,250] {scheduler_job.py:639} INFO - DAG(s) dict_keys(['tutorial_taskflow_api_etl']) retrieved from /Users/harika/Desktop/CSYE_7245/Assignment2/pipeline/MyEnv/lib/python3.7/site-packages/airflow/example_dags/tutorial_taskflow_api_etl.py
[2021-03-23 21:09:36,284] {logging_mixin.py:104} INFO - [2021-03-23 21:09:36,283] {dag.py:1818} INFO - Sync 1 DAGs
[2021-03-23 21:09:36,312] {logging_mixin.py:104} INFO - [2021-03-23 21:09:36,311] {dag.py:2273} INFO - Setting next_dagrun for tutorial_taskflow_api_etl to None
[2021-03-23 21:09:36,337] {scheduler_job.py:190} INFO - Processing /Users/harika/Desktop/CSYE_7245/Assignment2/pipeline/MyEnv/lib/python3.7/site-packages/airflow/example_dags/tutorial_taskflow_api_etl.py took 0.132 seconds
[2021-03-23 21:12:50,149] {scheduler_job.py:182} INFO - Started process (PID=15010) to work on /Users/harika/Desktop/CSYE_7245/Assignment2/pipeline/MyEnv/lib/python3.7/site-packages/airflow/example_dags/tutorial_taskflow_api_etl.py
[2021-03-23 21:12:50,152] {scheduler_job.py:629} INFO - Processing file /Users/harika/Desktop/CSYE_7245/Assignment2/pipeline/MyEnv/lib/python3.7/site-packages/airflow/example_dags/tutorial_taskflow_api_etl.py for tasks to queue
[2021-03-23 21:12:50,157] {logging_mixin.py:104} INFO - [2021-03-23 21:12:50,156] {dagbag.py:448} INFO - Filling up the DagBag from /Users/harika/Desktop/CSYE_7245/Assignment2/pipeline/MyEnv/lib/python3.7/site-packages/airflow/example_dags/tutorial_taskflow_api_etl.py
[2021-03-23 21:12:50,169] {scheduler_job.py:639} INFO - DAG(s) dict_keys(['tutorial_taskflow_api_etl']) retrieved from /Users/harika/Desktop/CSYE_7245/Assignment2/pipeline/MyEnv/lib/python3.7/site-packages/airflow/example_dags/tutorial_taskflow_api_etl.py
[2021-03-23 21:12:50,192] {logging_mixin.py:104} INFO - [2021-03-23 21:12:50,191] {dag.py:1818} INFO - Sync 1 DAGs
[2021-03-23 21:12:50,208] {logging_mixin.py:104} INFO - [2021-03-23 21:12:50,208] {dag.py:2273} INFO - Setting next_dagrun for tutorial_taskflow_api_etl to None
[2021-03-23 21:12:50,227] {scheduler_job.py:190} INFO - Processing /Users/harika/Desktop/CSYE_7245/Assignment2/pipeline/MyEnv/lib/python3.7/site-packages/airflow/example_dags/tutorial_taskflow_api_etl.py took 0.083 seconds
[2021-03-23 21:13:30,908] {scheduler_job.py:182} INFO - Started process (PID=15042) to work on /Users/harika/Desktop/CSYE_7245/Assignment2/pipeline/MyEnv/lib/python3.7/site-packages/airflow/example_dags/tutorial_taskflow_api_etl.py
[2021-03-23 21:13:30,912] {scheduler_job.py:629} INFO - Processing file /Users/harika/Desktop/CSYE_7245/Assignment2/pipeline/MyEnv/lib/python3.7/site-packages/airflow/example_dags/tutorial_taskflow_api_etl.py for tasks to queue
[2021-03-23 21:13:30,915] {logging_mixin.py:104} INFO - [2021-03-23 21:13:30,915] {dagbag.py:448} INFO - Filling up the DagBag from /Users/harika/Desktop/CSYE_7245/Assignment2/pipeline/MyEnv/lib/python3.7/site-packages/airflow/example_dags/tutorial_taskflow_api_etl.py
[2021-03-23 21:13:30,939] {scheduler_job.py:639} INFO - DAG(s) dict_keys(['tutorial_taskflow_api_etl']) retrieved from /Users/harika/Desktop/CSYE_7245/Assignment2/pipeline/MyEnv/lib/python3.7/site-packages/airflow/example_dags/tutorial_taskflow_api_etl.py
[2021-03-23 21:13:30,970] {logging_mixin.py:104} INFO - [2021-03-23 21:13:30,970] {dag.py:1818} INFO - Sync 1 DAGs
[2021-03-23 21:13:30,991] {logging_mixin.py:104} INFO - [2021-03-23 21:13:30,991] {dag.py:2273} INFO - Setting next_dagrun for tutorial_taskflow_api_etl to None
[2021-03-23 21:13:31,022] {scheduler_job.py:190} INFO - Processing /Users/harika/Desktop/CSYE_7245/Assignment2/pipeline/MyEnv/lib/python3.7/site-packages/airflow/example_dags/tutorial_taskflow_api_etl.py took 0.118 seconds
[2021-03-23 21:14:45,915] {scheduler_job.py:182} INFO - Started process (PID=15090) to work on /Users/harika/Desktop/CSYE_7245/Assignment2/pipeline/MyEnv/lib/python3.7/site-packages/airflow/example_dags/tutorial_taskflow_api_etl.py
[2021-03-23 21:14:45,917] {scheduler_job.py:629} INFO - Processing file /Users/harika/Desktop/CSYE_7245/Assignment2/pipeline/MyEnv/lib/python3.7/site-packages/airflow/example_dags/tutorial_taskflow_api_etl.py for tasks to queue
[2021-03-23 21:14:45,919] {logging_mixin.py:104} INFO - [2021-03-23 21:14:45,918] {dagbag.py:448} INFO - Filling up the DagBag from /Users/harika/Desktop/CSYE_7245/Assignment2/pipeline/MyEnv/lib/python3.7/site-packages/airflow/example_dags/tutorial_taskflow_api_etl.py
[2021-03-23 21:14:45,934] {scheduler_job.py:639} INFO - DAG(s) dict_keys(['tutorial_taskflow_api_etl']) retrieved from /Users/harika/Desktop/CSYE_7245/Assignment2/pipeline/MyEnv/lib/python3.7/site-packages/airflow/example_dags/tutorial_taskflow_api_etl.py
[2021-03-23 21:14:45,961] {logging_mixin.py:104} INFO - [2021-03-23 21:14:45,960] {dag.py:1818} INFO - Sync 1 DAGs
[2021-03-23 21:14:45,973] {logging_mixin.py:104} INFO - [2021-03-23 21:14:45,973] {dag.py:2273} INFO - Setting next_dagrun for tutorial_taskflow_api_etl to None
[2021-03-23 21:14:45,985] {scheduler_job.py:190} INFO - Processing /Users/harika/Desktop/CSYE_7245/Assignment2/pipeline/MyEnv/lib/python3.7/site-packages/airflow/example_dags/tutorial_taskflow_api_etl.py took 0.073 seconds
[2021-03-23 21:15:29,634] {scheduler_job.py:182} INFO - Started process (PID=15133) to work on /Users/harika/Desktop/CSYE_7245/Assignment2/pipeline/MyEnv/lib/python3.7/site-packages/airflow/example_dags/tutorial_taskflow_api_etl.py
[2021-03-23 21:15:29,638] {scheduler_job.py:629} INFO - Processing file /Users/harika/Desktop/CSYE_7245/Assignment2/pipeline/MyEnv/lib/python3.7/site-packages/airflow/example_dags/tutorial_taskflow_api_etl.py for tasks to queue
[2021-03-23 21:15:29,641] {logging_mixin.py:104} INFO - [2021-03-23 21:15:29,640] {dagbag.py:448} INFO - Filling up the DagBag from /Users/harika/Desktop/CSYE_7245/Assignment2/pipeline/MyEnv/lib/python3.7/site-packages/airflow/example_dags/tutorial_taskflow_api_etl.py
[2021-03-23 21:15:29,668] {scheduler_job.py:639} INFO - DAG(s) dict_keys(['tutorial_taskflow_api_etl']) retrieved from /Users/harika/Desktop/CSYE_7245/Assignment2/pipeline/MyEnv/lib/python3.7/site-packages/airflow/example_dags/tutorial_taskflow_api_etl.py
[2021-03-23 21:15:29,705] {logging_mixin.py:104} INFO - [2021-03-23 21:15:29,704] {dag.py:1818} INFO - Sync 1 DAGs
[2021-03-23 21:15:29,727] {logging_mixin.py:104} INFO - [2021-03-23 21:15:29,726] {dag.py:2273} INFO - Setting next_dagrun for tutorial_taskflow_api_etl to None
[2021-03-23 21:15:29,770] {scheduler_job.py:190} INFO - Processing /Users/harika/Desktop/CSYE_7245/Assignment2/pipeline/MyEnv/lib/python3.7/site-packages/airflow/example_dags/tutorial_taskflow_api_etl.py took 0.147 seconds
[2021-03-23 21:17:45,554] {scheduler_job.py:182} INFO - Started process (PID=15181) to work on /Users/harika/Desktop/CSYE_7245/Assignment2/pipeline/MyEnv/lib/python3.7/site-packages/airflow/example_dags/tutorial_taskflow_api_etl.py
[2021-03-23 21:17:45,557] {scheduler_job.py:629} INFO - Processing file /Users/harika/Desktop/CSYE_7245/Assignment2/pipeline/MyEnv/lib/python3.7/site-packages/airflow/example_dags/tutorial_taskflow_api_etl.py for tasks to queue
[2021-03-23 21:17:45,558] {logging_mixin.py:104} INFO - [2021-03-23 21:17:45,558] {dagbag.py:448} INFO - Filling up the DagBag from /Users/harika/Desktop/CSYE_7245/Assignment2/pipeline/MyEnv/lib/python3.7/site-packages/airflow/example_dags/tutorial_taskflow_api_etl.py
[2021-03-23 21:17:45,570] {scheduler_job.py:639} INFO - DAG(s) dict_keys(['tutorial_taskflow_api_etl']) retrieved from /Users/harika/Desktop/CSYE_7245/Assignment2/pipeline/MyEnv/lib/python3.7/site-packages/airflow/example_dags/tutorial_taskflow_api_etl.py
[2021-03-23 21:17:45,586] {logging_mixin.py:104} INFO - [2021-03-23 21:17:45,586] {dag.py:1818} INFO - Sync 1 DAGs
[2021-03-23 21:17:45,600] {logging_mixin.py:104} INFO - [2021-03-23 21:17:45,598] {dag.py:2273} INFO - Setting next_dagrun for tutorial_taskflow_api_etl to None
[2021-03-23 21:17:45,619] {scheduler_job.py:190} INFO - Processing /Users/harika/Desktop/CSYE_7245/Assignment2/pipeline/MyEnv/lib/python3.7/site-packages/airflow/example_dags/tutorial_taskflow_api_etl.py took 0.069 seconds
[2021-03-23 21:18:21,440] {scheduler_job.py:182} INFO - Started process (PID=15222) to work on /Users/harika/Desktop/CSYE_7245/Assignment2/pipeline/MyEnv/lib/python3.7/site-packages/airflow/example_dags/tutorial_taskflow_api_etl.py
[2021-03-23 21:18:21,442] {scheduler_job.py:629} INFO - Processing file /Users/harika/Desktop/CSYE_7245/Assignment2/pipeline/MyEnv/lib/python3.7/site-packages/airflow/example_dags/tutorial_taskflow_api_etl.py for tasks to queue
[2021-03-23 21:18:21,444] {logging_mixin.py:104} INFO - [2021-03-23 21:18:21,443] {dagbag.py:448} INFO - Filling up the DagBag from /Users/harika/Desktop/CSYE_7245/Assignment2/pipeline/MyEnv/lib/python3.7/site-packages/airflow/example_dags/tutorial_taskflow_api_etl.py
[2021-03-23 21:18:21,466] {scheduler_job.py:639} INFO - DAG(s) dict_keys(['tutorial_taskflow_api_etl']) retrieved from /Users/harika/Desktop/CSYE_7245/Assignment2/pipeline/MyEnv/lib/python3.7/site-packages/airflow/example_dags/tutorial_taskflow_api_etl.py
[2021-03-23 21:18:21,498] {logging_mixin.py:104} INFO - [2021-03-23 21:18:21,495] {dag.py:1818} INFO - Sync 1 DAGs
[2021-03-23 21:18:21,514] {logging_mixin.py:104} INFO - [2021-03-23 21:18:21,512] {dag.py:2273} INFO - Setting next_dagrun for tutorial_taskflow_api_etl to None
[2021-03-23 21:18:21,542] {scheduler_job.py:190} INFO - Processing /Users/harika/Desktop/CSYE_7245/Assignment2/pipeline/MyEnv/lib/python3.7/site-packages/airflow/example_dags/tutorial_taskflow_api_etl.py took 0.108 seconds
[2021-03-23 21:18:59,121] {scheduler_job.py:182} INFO - Started process (PID=15254) to work on /Users/harika/Desktop/CSYE_7245/Assignment2/pipeline/MyEnv/lib/python3.7/site-packages/airflow/example_dags/tutorial_taskflow_api_etl.py
[2021-03-23 21:18:59,124] {scheduler_job.py:629} INFO - Processing file /Users/harika/Desktop/CSYE_7245/Assignment2/pipeline/MyEnv/lib/python3.7/site-packages/airflow/example_dags/tutorial_taskflow_api_etl.py for tasks to queue
[2021-03-23 21:18:59,128] {logging_mixin.py:104} INFO - [2021-03-23 21:18:59,126] {dagbag.py:448} INFO - Filling up the DagBag from /Users/harika/Desktop/CSYE_7245/Assignment2/pipeline/MyEnv/lib/python3.7/site-packages/airflow/example_dags/tutorial_taskflow_api_etl.py
[2021-03-23 21:18:59,168] {scheduler_job.py:639} INFO - DAG(s) dict_keys(['tutorial_taskflow_api_etl']) retrieved from /Users/harika/Desktop/CSYE_7245/Assignment2/pipeline/MyEnv/lib/python3.7/site-packages/airflow/example_dags/tutorial_taskflow_api_etl.py
[2021-03-23 21:18:59,211] {logging_mixin.py:104} INFO - [2021-03-23 21:18:59,210] {dag.py:1818} INFO - Sync 1 DAGs
[2021-03-23 21:18:59,245] {logging_mixin.py:104} INFO - [2021-03-23 21:18:59,244] {dag.py:2273} INFO - Setting next_dagrun for tutorial_taskflow_api_etl to None
[2021-03-23 21:18:59,283] {scheduler_job.py:190} INFO - Processing /Users/harika/Desktop/CSYE_7245/Assignment2/pipeline/MyEnv/lib/python3.7/site-packages/airflow/example_dags/tutorial_taskflow_api_etl.py took 0.169 seconds
[2021-03-23 21:19:33,927] {scheduler_job.py:182} INFO - Started process (PID=15281) to work on /Users/harika/Desktop/CSYE_7245/Assignment2/pipeline/MyEnv/lib/python3.7/site-packages/airflow/example_dags/tutorial_taskflow_api_etl.py
[2021-03-23 21:19:33,930] {scheduler_job.py:629} INFO - Processing file /Users/harika/Desktop/CSYE_7245/Assignment2/pipeline/MyEnv/lib/python3.7/site-packages/airflow/example_dags/tutorial_taskflow_api_etl.py for tasks to queue
[2021-03-23 21:19:33,933] {logging_mixin.py:104} INFO - [2021-03-23 21:19:33,932] {dagbag.py:448} INFO - Filling up the DagBag from /Users/harika/Desktop/CSYE_7245/Assignment2/pipeline/MyEnv/lib/python3.7/site-packages/airflow/example_dags/tutorial_taskflow_api_etl.py
[2021-03-23 21:19:33,946] {scheduler_job.py:639} INFO - DAG(s) dict_keys(['tutorial_taskflow_api_etl']) retrieved from /Users/harika/Desktop/CSYE_7245/Assignment2/pipeline/MyEnv/lib/python3.7/site-packages/airflow/example_dags/tutorial_taskflow_api_etl.py
[2021-03-23 21:19:33,976] {logging_mixin.py:104} INFO - [2021-03-23 21:19:33,976] {dag.py:1818} INFO - Sync 1 DAGs
[2021-03-23 21:19:33,991] {logging_mixin.py:104} INFO - [2021-03-23 21:19:33,990] {dag.py:2273} INFO - Setting next_dagrun for tutorial_taskflow_api_etl to None
[2021-03-23 21:19:34,007] {scheduler_job.py:190} INFO - Processing /Users/harika/Desktop/CSYE_7245/Assignment2/pipeline/MyEnv/lib/python3.7/site-packages/airflow/example_dags/tutorial_taskflow_api_etl.py took 0.088 seconds
[2021-03-24 00:03:19,347] {scheduler_job.py:182} INFO - Started process (PID=16966) to work on /Users/harika/Desktop/CSYE_7245/Assignment2/pipeline/MyEnv/lib/python3.7/site-packages/airflow/example_dags/tutorial_taskflow_api_etl.py
[2021-03-24 00:03:19,350] {scheduler_job.py:629} INFO - Processing file /Users/harika/Desktop/CSYE_7245/Assignment2/pipeline/MyEnv/lib/python3.7/site-packages/airflow/example_dags/tutorial_taskflow_api_etl.py for tasks to queue
[2021-03-24 00:03:19,351] {logging_mixin.py:104} INFO - [2021-03-24 00:03:19,351] {dagbag.py:448} INFO - Filling up the DagBag from /Users/harika/Desktop/CSYE_7245/Assignment2/pipeline/MyEnv/lib/python3.7/site-packages/airflow/example_dags/tutorial_taskflow_api_etl.py
[2021-03-24 00:03:19,371] {scheduler_job.py:639} INFO - DAG(s) dict_keys(['tutorial_taskflow_api_etl']) retrieved from /Users/harika/Desktop/CSYE_7245/Assignment2/pipeline/MyEnv/lib/python3.7/site-packages/airflow/example_dags/tutorial_taskflow_api_etl.py
[2021-03-24 00:03:19,393] {logging_mixin.py:104} INFO - [2021-03-24 00:03:19,392] {dag.py:1818} INFO - Sync 1 DAGs
[2021-03-24 00:03:19,408] {logging_mixin.py:104} INFO - [2021-03-24 00:03:19,407] {dag.py:2273} INFO - Setting next_dagrun for tutorial_taskflow_api_etl to None
[2021-03-24 00:03:19,423] {scheduler_job.py:190} INFO - Processing /Users/harika/Desktop/CSYE_7245/Assignment2/pipeline/MyEnv/lib/python3.7/site-packages/airflow/example_dags/tutorial_taskflow_api_etl.py took 0.083 seconds
[2021-03-24 00:04:04,596] {scheduler_job.py:182} INFO - Started process (PID=17002) to work on /Users/harika/Desktop/CSYE_7245/Assignment2/pipeline/MyEnv/lib/python3.7/site-packages/airflow/example_dags/tutorial_taskflow_api_etl.py
[2021-03-24 00:04:04,607] {scheduler_job.py:629} INFO - Processing file /Users/harika/Desktop/CSYE_7245/Assignment2/pipeline/MyEnv/lib/python3.7/site-packages/airflow/example_dags/tutorial_taskflow_api_etl.py for tasks to queue
[2021-03-24 00:04:04,622] {logging_mixin.py:104} INFO - [2021-03-24 00:04:04,620] {dagbag.py:448} INFO - Filling up the DagBag from /Users/harika/Desktop/CSYE_7245/Assignment2/pipeline/MyEnv/lib/python3.7/site-packages/airflow/example_dags/tutorial_taskflow_api_etl.py
[2021-03-24 00:04:04,662] {scheduler_job.py:639} INFO - DAG(s) dict_keys(['tutorial_taskflow_api_etl']) retrieved from /Users/harika/Desktop/CSYE_7245/Assignment2/pipeline/MyEnv/lib/python3.7/site-packages/airflow/example_dags/tutorial_taskflow_api_etl.py
[2021-03-24 00:04:04,701] {logging_mixin.py:104} INFO - [2021-03-24 00:04:04,700] {dag.py:1818} INFO - Sync 1 DAGs
[2021-03-24 00:04:04,728] {logging_mixin.py:104} INFO - [2021-03-24 00:04:04,727] {dag.py:2273} INFO - Setting next_dagrun for tutorial_taskflow_api_etl to None
[2021-03-24 00:04:04,755] {scheduler_job.py:190} INFO - Processing /Users/harika/Desktop/CSYE_7245/Assignment2/pipeline/MyEnv/lib/python3.7/site-packages/airflow/example_dags/tutorial_taskflow_api_etl.py took 0.177 seconds
[2021-03-24 00:04:51,314] {scheduler_job.py:182} INFO - Started process (PID=17037) to work on /Users/harika/Desktop/CSYE_7245/Assignment2/pipeline/MyEnv/lib/python3.7/site-packages/airflow/example_dags/tutorial_taskflow_api_etl.py
[2021-03-24 00:04:51,316] {scheduler_job.py:629} INFO - Processing file /Users/harika/Desktop/CSYE_7245/Assignment2/pipeline/MyEnv/lib/python3.7/site-packages/airflow/example_dags/tutorial_taskflow_api_etl.py for tasks to queue
[2021-03-24 00:04:51,318] {logging_mixin.py:104} INFO - [2021-03-24 00:04:51,317] {dagbag.py:448} INFO - Filling up the DagBag from /Users/harika/Desktop/CSYE_7245/Assignment2/pipeline/MyEnv/lib/python3.7/site-packages/airflow/example_dags/tutorial_taskflow_api_etl.py
[2021-03-24 00:04:51,333] {scheduler_job.py:639} INFO - DAG(s) dict_keys(['tutorial_taskflow_api_etl']) retrieved from /Users/harika/Desktop/CSYE_7245/Assignment2/pipeline/MyEnv/lib/python3.7/site-packages/airflow/example_dags/tutorial_taskflow_api_etl.py
[2021-03-24 00:04:51,352] {logging_mixin.py:104} INFO - [2021-03-24 00:04:51,352] {dag.py:1818} INFO - Sync 1 DAGs
[2021-03-24 00:04:51,364] {logging_mixin.py:104} INFO - [2021-03-24 00:04:51,364] {dag.py:2273} INFO - Setting next_dagrun for tutorial_taskflow_api_etl to None
[2021-03-24 00:04:51,378] {scheduler_job.py:190} INFO - Processing /Users/harika/Desktop/CSYE_7245/Assignment2/pipeline/MyEnv/lib/python3.7/site-packages/airflow/example_dags/tutorial_taskflow_api_etl.py took 0.068 seconds
[2021-03-24 00:05:23,489] {scheduler_job.py:182} INFO - Started process (PID=17066) to work on /Users/harika/Desktop/CSYE_7245/Assignment2/pipeline/MyEnv/lib/python3.7/site-packages/airflow/example_dags/tutorial_taskflow_api_etl.py
[2021-03-24 00:05:23,491] {scheduler_job.py:629} INFO - Processing file /Users/harika/Desktop/CSYE_7245/Assignment2/pipeline/MyEnv/lib/python3.7/site-packages/airflow/example_dags/tutorial_taskflow_api_etl.py for tasks to queue
[2021-03-24 00:05:23,492] {logging_mixin.py:104} INFO - [2021-03-24 00:05:23,492] {dagbag.py:448} INFO - Filling up the DagBag from /Users/harika/Desktop/CSYE_7245/Assignment2/pipeline/MyEnv/lib/python3.7/site-packages/airflow/example_dags/tutorial_taskflow_api_etl.py
[2021-03-24 00:05:23,506] {scheduler_job.py:639} INFO - DAG(s) dict_keys(['tutorial_taskflow_api_etl']) retrieved from /Users/harika/Desktop/CSYE_7245/Assignment2/pipeline/MyEnv/lib/python3.7/site-packages/airflow/example_dags/tutorial_taskflow_api_etl.py
[2021-03-24 00:05:23,523] {logging_mixin.py:104} INFO - [2021-03-24 00:05:23,523] {dag.py:1818} INFO - Sync 1 DAGs
[2021-03-24 00:05:23,535] {logging_mixin.py:104} INFO - [2021-03-24 00:05:23,534] {dag.py:2273} INFO - Setting next_dagrun for tutorial_taskflow_api_etl to None
[2021-03-24 00:05:23,547] {scheduler_job.py:190} INFO - Processing /Users/harika/Desktop/CSYE_7245/Assignment2/pipeline/MyEnv/lib/python3.7/site-packages/airflow/example_dags/tutorial_taskflow_api_etl.py took 0.061 seconds
[2021-03-24 01:02:57,370] {scheduler_job.py:182} INFO - Started process (PID=17456) to work on /Users/harika/Desktop/CSYE_7245/Assignment2/pipeline/MyEnv/lib/python3.7/site-packages/airflow/example_dags/tutorial_taskflow_api_etl.py
[2021-03-24 01:02:57,372] {scheduler_job.py:629} INFO - Processing file /Users/harika/Desktop/CSYE_7245/Assignment2/pipeline/MyEnv/lib/python3.7/site-packages/airflow/example_dags/tutorial_taskflow_api_etl.py for tasks to queue
[2021-03-24 01:02:57,375] {logging_mixin.py:104} INFO - [2021-03-24 01:02:57,374] {dagbag.py:448} INFO - Filling up the DagBag from /Users/harika/Desktop/CSYE_7245/Assignment2/pipeline/MyEnv/lib/python3.7/site-packages/airflow/example_dags/tutorial_taskflow_api_etl.py
[2021-03-24 01:02:57,385] {scheduler_job.py:639} INFO - DAG(s) dict_keys(['tutorial_taskflow_api_etl']) retrieved from /Users/harika/Desktop/CSYE_7245/Assignment2/pipeline/MyEnv/lib/python3.7/site-packages/airflow/example_dags/tutorial_taskflow_api_etl.py
[2021-03-24 01:02:57,408] {logging_mixin.py:104} INFO - [2021-03-24 01:02:57,407] {dag.py:1818} INFO - Sync 1 DAGs
[2021-03-24 01:02:57,420] {logging_mixin.py:104} INFO - [2021-03-24 01:02:57,419] {dag.py:2273} INFO - Setting next_dagrun for tutorial_taskflow_api_etl to None
[2021-03-24 01:02:57,431] {scheduler_job.py:190} INFO - Processing /Users/harika/Desktop/CSYE_7245/Assignment2/pipeline/MyEnv/lib/python3.7/site-packages/airflow/example_dags/tutorial_taskflow_api_etl.py took 0.066 seconds
[2021-03-24 01:03:36,210] {scheduler_job.py:182} INFO - Started process (PID=17503) to work on /Users/harika/Desktop/CSYE_7245/Assignment2/pipeline/MyEnv/lib/python3.7/site-packages/airflow/example_dags/tutorial_taskflow_api_etl.py
[2021-03-24 01:03:36,212] {scheduler_job.py:629} INFO - Processing file /Users/harika/Desktop/CSYE_7245/Assignment2/pipeline/MyEnv/lib/python3.7/site-packages/airflow/example_dags/tutorial_taskflow_api_etl.py for tasks to queue
[2021-03-24 01:03:36,214] {logging_mixin.py:104} INFO - [2021-03-24 01:03:36,213] {dagbag.py:448} INFO - Filling up the DagBag from /Users/harika/Desktop/CSYE_7245/Assignment2/pipeline/MyEnv/lib/python3.7/site-packages/airflow/example_dags/tutorial_taskflow_api_etl.py
[2021-03-24 01:03:36,223] {scheduler_job.py:639} INFO - DAG(s) dict_keys(['tutorial_taskflow_api_etl']) retrieved from /Users/harika/Desktop/CSYE_7245/Assignment2/pipeline/MyEnv/lib/python3.7/site-packages/airflow/example_dags/tutorial_taskflow_api_etl.py
[2021-03-24 01:03:36,243] {logging_mixin.py:104} INFO - [2021-03-24 01:03:36,242] {dag.py:1818} INFO - Sync 1 DAGs
[2021-03-24 01:03:36,254] {logging_mixin.py:104} INFO - [2021-03-24 01:03:36,253] {dag.py:2273} INFO - Setting next_dagrun for tutorial_taskflow_api_etl to None
[2021-03-24 01:03:36,266] {scheduler_job.py:190} INFO - Processing /Users/harika/Desktop/CSYE_7245/Assignment2/pipeline/MyEnv/lib/python3.7/site-packages/airflow/example_dags/tutorial_taskflow_api_etl.py took 0.059 seconds
[2021-03-24 01:04:09,996] {scheduler_job.py:182} INFO - Started process (PID=17541) to work on /Users/harika/Desktop/CSYE_7245/Assignment2/pipeline/MyEnv/lib/python3.7/site-packages/airflow/example_dags/tutorial_taskflow_api_etl.py
[2021-03-24 01:04:09,998] {scheduler_job.py:629} INFO - Processing file /Users/harika/Desktop/CSYE_7245/Assignment2/pipeline/MyEnv/lib/python3.7/site-packages/airflow/example_dags/tutorial_taskflow_api_etl.py for tasks to queue
[2021-03-24 01:04:10,000] {logging_mixin.py:104} INFO - [2021-03-24 01:04:09,999] {dagbag.py:448} INFO - Filling up the DagBag from /Users/harika/Desktop/CSYE_7245/Assignment2/pipeline/MyEnv/lib/python3.7/site-packages/airflow/example_dags/tutorial_taskflow_api_etl.py
[2021-03-24 01:04:10,009] {scheduler_job.py:639} INFO - DAG(s) dict_keys(['tutorial_taskflow_api_etl']) retrieved from /Users/harika/Desktop/CSYE_7245/Assignment2/pipeline/MyEnv/lib/python3.7/site-packages/airflow/example_dags/tutorial_taskflow_api_etl.py
[2021-03-24 01:04:10,026] {logging_mixin.py:104} INFO - [2021-03-24 01:04:10,026] {dag.py:1818} INFO - Sync 1 DAGs
[2021-03-24 01:04:10,038] {logging_mixin.py:104} INFO - [2021-03-24 01:04:10,038] {dag.py:2273} INFO - Setting next_dagrun for tutorial_taskflow_api_etl to None
[2021-03-24 01:04:10,049] {scheduler_job.py:190} INFO - Processing /Users/harika/Desktop/CSYE_7245/Assignment2/pipeline/MyEnv/lib/python3.7/site-packages/airflow/example_dags/tutorial_taskflow_api_etl.py took 0.056 seconds
[2021-03-24 01:04:43,896] {scheduler_job.py:182} INFO - Started process (PID=17641) to work on /Users/harika/Desktop/CSYE_7245/Assignment2/pipeline/MyEnv/lib/python3.7/site-packages/airflow/example_dags/tutorial_taskflow_api_etl.py
[2021-03-24 01:04:43,898] {scheduler_job.py:629} INFO - Processing file /Users/harika/Desktop/CSYE_7245/Assignment2/pipeline/MyEnv/lib/python3.7/site-packages/airflow/example_dags/tutorial_taskflow_api_etl.py for tasks to queue
[2021-03-24 01:04:43,899] {logging_mixin.py:104} INFO - [2021-03-24 01:04:43,898] {dagbag.py:448} INFO - Filling up the DagBag from /Users/harika/Desktop/CSYE_7245/Assignment2/pipeline/MyEnv/lib/python3.7/site-packages/airflow/example_dags/tutorial_taskflow_api_etl.py
[2021-03-24 01:04:43,907] {scheduler_job.py:639} INFO - DAG(s) dict_keys(['tutorial_taskflow_api_etl']) retrieved from /Users/harika/Desktop/CSYE_7245/Assignment2/pipeline/MyEnv/lib/python3.7/site-packages/airflow/example_dags/tutorial_taskflow_api_etl.py
[2021-03-24 01:04:43,924] {logging_mixin.py:104} INFO - [2021-03-24 01:04:43,923] {dag.py:1818} INFO - Sync 1 DAGs
[2021-03-24 01:04:43,934] {logging_mixin.py:104} INFO - [2021-03-24 01:04:43,934] {dag.py:2273} INFO - Setting next_dagrun for tutorial_taskflow_api_etl to None
[2021-03-24 01:04:43,945] {scheduler_job.py:190} INFO - Processing /Users/harika/Desktop/CSYE_7245/Assignment2/pipeline/MyEnv/lib/python3.7/site-packages/airflow/example_dags/tutorial_taskflow_api_etl.py took 0.053 seconds
