[2021-03-23 17:04:26,306] {taskinstance.py:851} INFO - Dependencies all met for <TaskInstance: EDGAR-Annotation-Pipeline.preprocess 2021-03-24T00:03:45.888381+00:00 [queued]>
[2021-03-23 17:04:26,310] {taskinstance.py:851} INFO - Dependencies all met for <TaskInstance: EDGAR-Annotation-Pipeline.preprocess 2021-03-24T00:03:45.888381+00:00 [queued]>
[2021-03-23 17:04:26,310] {taskinstance.py:1042} INFO - 
--------------------------------------------------------------------------------
[2021-03-23 17:04:26,310] {taskinstance.py:1043} INFO - Starting attempt 1 of 1
[2021-03-23 17:04:26,310] {taskinstance.py:1044} INFO - 
--------------------------------------------------------------------------------
[2021-03-23 17:04:26,316] {taskinstance.py:1063} INFO - Executing <Task(PythonOperator): preprocess> on 2021-03-24T00:03:45.888381+00:00
[2021-03-23 17:04:26,318] {standard_task_runner.py:52} INFO - Started process 42865 to run task
[2021-03-23 17:04:26,325] {standard_task_runner.py:76} INFO - Running: ['airflow', 'tasks', 'run', 'EDGAR-Annotation-Pipeline', 'preprocess', '2021-03-24T00:03:45.888381+00:00', '--job-id', '85', '--pool', 'default_pool', '--raw', '--subdir', 'DAGS_FOLDER/edgar_annotation.py', '--cfg-path', '/var/folders/_j/s8vbc0cs1fvgclq8hnvtq1wm0000gn/T/tmpq9xfv3eu', '--error-file', '/var/folders/_j/s8vbc0cs1fvgclq8hnvtq1wm0000gn/T/tmp0mtn_kua']
[2021-03-23 17:04:26,327] {standard_task_runner.py:77} INFO - Job 85: Subtask preprocess
[2021-03-23 17:04:26,354] {logging_mixin.py:104} INFO - Running <TaskInstance: EDGAR-Annotation-Pipeline.preprocess 2021-03-24T00:03:45.888381+00:00 [running]> on host prathyushas-mbp.home
[2021-03-23 17:04:26,374] {taskinstance.py:1255} INFO - Exporting the following env vars:
AIRFLOW_CTX_DAG_OWNER=airflow
AIRFLOW_CTX_DAG_ID=EDGAR-Annotation-Pipeline
AIRFLOW_CTX_TASK_ID=preprocess
AIRFLOW_CTX_EXECUTION_DATE=2021-03-24T00:03:45.888381+00:00
AIRFLOW_CTX_DAG_RUN_ID=manual__2021-03-24T00:03:45.888381+00:00
[2021-03-23 17:04:26,718] {python.py:118} INFO - Done. Returned value was: None
[2021-03-23 17:04:26,722] {taskinstance.py:1159} INFO - Marking task as SUCCESS. dag_id=EDGAR-Annotation-Pipeline, task_id=preprocess, execution_date=20210324T000345, start_date=20210324T000426, end_date=20210324T000426
[2021-03-23 17:04:26,735] {taskinstance.py:1220} INFO - 1 downstream tasks scheduled from follow-on schedule check
[2021-03-23 17:04:26,774] {local_task_job.py:146} INFO - Task exited with return code 0
