[2021-03-23 17:01:39,613] {taskinstance.py:851} INFO - Dependencies all met for <TaskInstance: EDGAR-Annotation-Pipeline.Annotation 2021-03-24T00:00:56.700091+00:00 [queued]>
[2021-03-23 17:01:39,618] {taskinstance.py:851} INFO - Dependencies all met for <TaskInstance: EDGAR-Annotation-Pipeline.Annotation 2021-03-24T00:00:56.700091+00:00 [queued]>
[2021-03-23 17:01:39,619] {taskinstance.py:1042} INFO - 
--------------------------------------------------------------------------------
[2021-03-23 17:01:39,619] {taskinstance.py:1043} INFO - Starting attempt 1 of 1
[2021-03-23 17:01:39,619] {taskinstance.py:1044} INFO - 
--------------------------------------------------------------------------------
[2021-03-23 17:01:39,625] {taskinstance.py:1063} INFO - Executing <Task(PythonOperator): Annotation> on 2021-03-24T00:00:56.700091+00:00
[2021-03-23 17:01:39,628] {standard_task_runner.py:52} INFO - Started process 42695 to run task
[2021-03-23 17:01:39,636] {standard_task_runner.py:76} INFO - Running: ['airflow', 'tasks', 'run', 'EDGAR-Annotation-Pipeline', 'Annotation', '2021-03-24T00:00:56.700091+00:00', '--job-id', '79', '--pool', 'default_pool', '--raw', '--subdir', 'DAGS_FOLDER/edgar_annotation.py', '--cfg-path', '/var/folders/_j/s8vbc0cs1fvgclq8hnvtq1wm0000gn/T/tmpqc1mk0it', '--error-file', '/var/folders/_j/s8vbc0cs1fvgclq8hnvtq1wm0000gn/T/tmpq49fywgy']
[2021-03-23 17:01:39,637] {standard_task_runner.py:77} INFO - Job 79: Subtask Annotation
[2021-03-23 17:01:39,666] {logging_mixin.py:104} INFO - Running <TaskInstance: EDGAR-Annotation-Pipeline.Annotation 2021-03-24T00:00:56.700091+00:00 [running]> on host prathyushas-mbp.home
[2021-03-23 17:01:39,686] {taskinstance.py:1255} INFO - Exporting the following env vars:
AIRFLOW_CTX_DAG_OWNER=airflow
AIRFLOW_CTX_DAG_ID=EDGAR-Annotation-Pipeline
AIRFLOW_CTX_TASK_ID=Annotation
AIRFLOW_CTX_EXECUTION_DATE=2021-03-24T00:00:56.700091+00:00
AIRFLOW_CTX_DAG_RUN_ID=manual__2021-03-24T00:00:56.700091+00:00
[2021-03-23 17:01:41,743] {python.py:118} INFO - Done. Returned value was: None
[2021-03-23 17:01:41,748] {taskinstance.py:1159} INFO - Marking task as SUCCESS. dag_id=EDGAR-Annotation-Pipeline, task_id=Annotation, execution_date=20210324T000056, start_date=20210324T000139, end_date=20210324T000141
[2021-03-23 17:01:41,765] {taskinstance.py:1220} INFO - 1 downstream tasks scheduled from follow-on schedule check
[2021-03-23 17:01:41,782] {local_task_job.py:146} INFO - Task exited with return code 0
