[2021-03-23 21:10:20,771] {taskinstance.py:851} INFO - Dependencies all met for <TaskInstance: Model-Training-Pipeline.Getdata 2021-03-24T01:09:58.669939+00:00 [queued]>
[2021-03-23 21:10:20,782] {taskinstance.py:851} INFO - Dependencies all met for <TaskInstance: Model-Training-Pipeline.Getdata 2021-03-24T01:09:58.669939+00:00 [queued]>
[2021-03-23 21:10:20,782] {taskinstance.py:1042} INFO - 
--------------------------------------------------------------------------------
[2021-03-23 21:10:20,782] {taskinstance.py:1043} INFO - Starting attempt 1 of 1
[2021-03-23 21:10:20,782] {taskinstance.py:1044} INFO - 
--------------------------------------------------------------------------------
[2021-03-23 21:10:20,790] {taskinstance.py:1063} INFO - Executing <Task(PythonOperator): Getdata> on 2021-03-24T01:09:58.669939+00:00
[2021-03-23 21:10:20,794] {standard_task_runner.py:52} INFO - Started process 14974 to run task
[2021-03-23 21:10:20,803] {standard_task_runner.py:76} INFO - Running: ['airflow', 'tasks', 'run', 'Model-Training-Pipeline', 'Getdata', '2021-03-24T01:09:58.669939+00:00', '--job-id', '47', '--pool', 'default_pool', '--raw', '--subdir', 'DAGS_FOLDER/train.py', '--cfg-path', '/var/folders/j6/755w2l7n4x1c9313788klj880000gq/T/tmpgr_4xggx', '--error-file', '/var/folders/j6/755w2l7n4x1c9313788klj880000gq/T/tmpfgjoeh5f']
[2021-03-23 21:10:20,806] {standard_task_runner.py:77} INFO - Job 47: Subtask Getdata
[2021-03-23 21:10:20,854] {logging_mixin.py:104} INFO - Running <TaskInstance: Model-Training-Pipeline.Getdata 2021-03-24T01:09:58.669939+00:00 [running]> on host 152.1.168.192.in-addr.arpa
[2021-03-23 21:10:20,888] {taskinstance.py:1257} INFO - Exporting the following env vars:
AIRFLOW_CTX_DAG_OWNER=airflow
AIRFLOW_CTX_DAG_ID=Model-Training-Pipeline
AIRFLOW_CTX_TASK_ID=Getdata
AIRFLOW_CTX_EXECUTION_DATE=2021-03-24T01:09:58.669939+00:00
AIRFLOW_CTX_DAG_RUN_ID=manual__2021-03-24T01:09:58.669939+00:00
[2021-03-23 21:10:21,055] {logging_mixin.py:104} INFO - inside if
[2021-03-23 21:10:21,056] {logging_mixin.py:104} INFO - edgar_download
[2021-03-23 21:10:21,430] {python.py:118} INFO - Done. Returned value was: None
[2021-03-23 21:10:21,437] {taskinstance.py:1166} INFO - Marking task as SUCCESS. dag_id=Model-Training-Pipeline, task_id=Getdata, execution_date=20210324T010958, start_date=20210324T011020, end_date=20210324T011021
[2021-03-23 21:10:21,472] {taskinstance.py:1220} INFO - 1 downstream tasks scheduled from follow-on schedule check
[2021-03-23 21:10:21,514] {local_task_job.py:146} INFO - Task exited with return code 0
