[2021-03-22 21:09:37,221] {taskinstance.py:851} INFO - Dependencies all met for <TaskInstance: EDGAR-Annotation-Pipeline.preprocess 2021-03-23T04:08:56.640659+00:00 [queued]>
[2021-03-22 21:09:37,226] {taskinstance.py:851} INFO - Dependencies all met for <TaskInstance: EDGAR-Annotation-Pipeline.preprocess 2021-03-23T04:08:56.640659+00:00 [queued]>
[2021-03-22 21:09:37,226] {taskinstance.py:1042} INFO - 
--------------------------------------------------------------------------------
[2021-03-22 21:09:37,226] {taskinstance.py:1043} INFO - Starting attempt 1 of 1
[2021-03-22 21:09:37,226] {taskinstance.py:1044} INFO - 
--------------------------------------------------------------------------------
[2021-03-22 21:09:37,232] {taskinstance.py:1063} INFO - Executing <Task(PythonOperator): preprocess> on 2021-03-23T04:08:56.640659+00:00
[2021-03-22 21:09:37,234] {standard_task_runner.py:52} INFO - Started process 28429 to run task
[2021-03-22 21:09:37,241] {standard_task_runner.py:76} INFO - Running: ['airflow', 'tasks', 'run', 'EDGAR-Annotation-Pipeline', 'preprocess', '2021-03-23T04:08:56.640659+00:00', '--job-id', '39', '--pool', 'default_pool', '--raw', '--subdir', 'DAGS_FOLDER/edgar_annotation.py', '--cfg-path', '/var/folders/_j/s8vbc0cs1fvgclq8hnvtq1wm0000gn/T/tmpt1ieoh2j', '--error-file', '/var/folders/_j/s8vbc0cs1fvgclq8hnvtq1wm0000gn/T/tmpltak9049']
[2021-03-22 21:09:37,243] {standard_task_runner.py:77} INFO - Job 39: Subtask preprocess
[2021-03-22 21:09:37,270] {logging_mixin.py:104} INFO - Running <TaskInstance: EDGAR-Annotation-Pipeline.preprocess 2021-03-23T04:08:56.640659+00:00 [running]> on host prathyushas-mbp.home
[2021-03-22 21:09:37,288] {taskinstance.py:1255} INFO - Exporting the following env vars:
AIRFLOW_CTX_DAG_OWNER=airflow
AIRFLOW_CTX_DAG_ID=EDGAR-Annotation-Pipeline
AIRFLOW_CTX_TASK_ID=preprocess
AIRFLOW_CTX_EXECUTION_DATE=2021-03-23T04:08:56.640659+00:00
AIRFLOW_CTX_DAG_RUN_ID=manual__2021-03-23T04:08:56.640659+00:00
[2021-03-22 21:09:37,625] {python.py:118} INFO - Done. Returned value was: None
[2021-03-22 21:09:37,629] {taskinstance.py:1159} INFO - Marking task as SUCCESS. dag_id=EDGAR-Annotation-Pipeline, task_id=preprocess, execution_date=20210323T040856, start_date=20210323T040937, end_date=20210323T040937
[2021-03-22 21:09:37,644] {taskinstance.py:1220} INFO - 1 downstream tasks scheduled from follow-on schedule check
[2021-03-22 21:09:37,692] {local_task_job.py:146} INFO - Task exited with return code 0
