[2021-03-23 20:25:23,181] {scheduler_job.py:182} INFO - Started process (PID=14308) to work on /Users/harika/Desktop/CSYE_7245/Assignment2/pipeline/MyEnv/lib/python3.7/site-packages/airflow/example_dags/subdags/subdag.py
[2021-03-23 20:25:23,184] {scheduler_job.py:629} INFO - Processing file /Users/harika/Desktop/CSYE_7245/Assignment2/pipeline/MyEnv/lib/python3.7/site-packages/airflow/example_dags/subdags/subdag.py for tasks to queue
[2021-03-23 20:25:23,186] {logging_mixin.py:104} INFO - [2021-03-23 20:25:23,186] {dagbag.py:448} INFO - Filling up the DagBag from /Users/harika/Desktop/CSYE_7245/Assignment2/pipeline/MyEnv/lib/python3.7/site-packages/airflow/example_dags/subdags/subdag.py
[2021-03-23 20:25:23,196] {scheduler_job.py:641} WARNING - No viable dags retrieved from /Users/harika/Desktop/CSYE_7245/Assignment2/pipeline/MyEnv/lib/python3.7/site-packages/airflow/example_dags/subdags/subdag.py
[2021-03-23 20:25:23,210] {scheduler_job.py:190} INFO - Processing /Users/harika/Desktop/CSYE_7245/Assignment2/pipeline/MyEnv/lib/python3.7/site-packages/airflow/example_dags/subdags/subdag.py took 0.035 seconds
[2021-03-23 20:27:51,432] {scheduler_job.py:182} INFO - Started process (PID=14366) to work on /Users/harika/Desktop/CSYE_7245/Assignment2/pipeline/MyEnv/lib/python3.7/site-packages/airflow/example_dags/subdags/subdag.py
[2021-03-23 20:27:51,436] {scheduler_job.py:629} INFO - Processing file /Users/harika/Desktop/CSYE_7245/Assignment2/pipeline/MyEnv/lib/python3.7/site-packages/airflow/example_dags/subdags/subdag.py for tasks to queue
[2021-03-23 20:27:51,438] {logging_mixin.py:104} INFO - [2021-03-23 20:27:51,437] {dagbag.py:448} INFO - Filling up the DagBag from /Users/harika/Desktop/CSYE_7245/Assignment2/pipeline/MyEnv/lib/python3.7/site-packages/airflow/example_dags/subdags/subdag.py
[2021-03-23 20:27:51,444] {scheduler_job.py:641} WARNING - No viable dags retrieved from /Users/harika/Desktop/CSYE_7245/Assignment2/pipeline/MyEnv/lib/python3.7/site-packages/airflow/example_dags/subdags/subdag.py
[2021-03-23 20:27:51,461] {scheduler_job.py:190} INFO - Processing /Users/harika/Desktop/CSYE_7245/Assignment2/pipeline/MyEnv/lib/python3.7/site-packages/airflow/example_dags/subdags/subdag.py took 0.034 seconds
[2021-03-23 20:28:25,200] {scheduler_job.py:182} INFO - Started process (PID=14399) to work on /Users/harika/Desktop/CSYE_7245/Assignment2/pipeline/MyEnv/lib/python3.7/site-packages/airflow/example_dags/subdags/subdag.py
[2021-03-23 20:28:25,202] {scheduler_job.py:629} INFO - Processing file /Users/harika/Desktop/CSYE_7245/Assignment2/pipeline/MyEnv/lib/python3.7/site-packages/airflow/example_dags/subdags/subdag.py for tasks to queue
[2021-03-23 20:28:25,203] {logging_mixin.py:104} INFO - [2021-03-23 20:28:25,203] {dagbag.py:448} INFO - Filling up the DagBag from /Users/harika/Desktop/CSYE_7245/Assignment2/pipeline/MyEnv/lib/python3.7/site-packages/airflow/example_dags/subdags/subdag.py
[2021-03-23 20:28:25,207] {scheduler_job.py:641} WARNING - No viable dags retrieved from /Users/harika/Desktop/CSYE_7245/Assignment2/pipeline/MyEnv/lib/python3.7/site-packages/airflow/example_dags/subdags/subdag.py
[2021-03-23 20:28:25,219] {scheduler_job.py:190} INFO - Processing /Users/harika/Desktop/CSYE_7245/Assignment2/pipeline/MyEnv/lib/python3.7/site-packages/airflow/example_dags/subdags/subdag.py took 0.022 seconds
[2021-03-23 20:29:02,923] {scheduler_job.py:182} INFO - Started process (PID=14431) to work on /Users/harika/Desktop/CSYE_7245/Assignment2/pipeline/MyEnv/lib/python3.7/site-packages/airflow/example_dags/subdags/subdag.py
[2021-03-23 20:29:02,938] {scheduler_job.py:629} INFO - Processing file /Users/harika/Desktop/CSYE_7245/Assignment2/pipeline/MyEnv/lib/python3.7/site-packages/airflow/example_dags/subdags/subdag.py for tasks to queue
[2021-03-23 20:29:02,945] {logging_mixin.py:104} INFO - [2021-03-23 20:29:02,942] {dagbag.py:448} INFO - Filling up the DagBag from /Users/harika/Desktop/CSYE_7245/Assignment2/pipeline/MyEnv/lib/python3.7/site-packages/airflow/example_dags/subdags/subdag.py
[2021-03-23 20:29:02,971] {scheduler_job.py:641} WARNING - No viable dags retrieved from /Users/harika/Desktop/CSYE_7245/Assignment2/pipeline/MyEnv/lib/python3.7/site-packages/airflow/example_dags/subdags/subdag.py
[2021-03-23 20:29:03,016] {scheduler_job.py:190} INFO - Processing /Users/harika/Desktop/CSYE_7245/Assignment2/pipeline/MyEnv/lib/python3.7/site-packages/airflow/example_dags/subdags/subdag.py took 0.111 seconds
[2021-03-23 20:29:42,753] {scheduler_job.py:182} INFO - Started process (PID=14463) to work on /Users/harika/Desktop/CSYE_7245/Assignment2/pipeline/MyEnv/lib/python3.7/site-packages/airflow/example_dags/subdags/subdag.py
[2021-03-23 20:29:42,756] {scheduler_job.py:629} INFO - Processing file /Users/harika/Desktop/CSYE_7245/Assignment2/pipeline/MyEnv/lib/python3.7/site-packages/airflow/example_dags/subdags/subdag.py for tasks to queue
[2021-03-23 20:29:42,757] {logging_mixin.py:104} INFO - [2021-03-23 20:29:42,757] {dagbag.py:448} INFO - Filling up the DagBag from /Users/harika/Desktop/CSYE_7245/Assignment2/pipeline/MyEnv/lib/python3.7/site-packages/airflow/example_dags/subdags/subdag.py
[2021-03-23 20:29:42,770] {scheduler_job.py:641} WARNING - No viable dags retrieved from /Users/harika/Desktop/CSYE_7245/Assignment2/pipeline/MyEnv/lib/python3.7/site-packages/airflow/example_dags/subdags/subdag.py
[2021-03-23 20:29:42,785] {scheduler_job.py:190} INFO - Processing /Users/harika/Desktop/CSYE_7245/Assignment2/pipeline/MyEnv/lib/python3.7/site-packages/airflow/example_dags/subdags/subdag.py took 0.038 seconds
[2021-03-23 20:30:20,970] {scheduler_job.py:182} INFO - Started process (PID=14499) to work on /Users/harika/Desktop/CSYE_7245/Assignment2/pipeline/MyEnv/lib/python3.7/site-packages/airflow/example_dags/subdags/subdag.py
[2021-03-23 20:30:20,972] {scheduler_job.py:629} INFO - Processing file /Users/harika/Desktop/CSYE_7245/Assignment2/pipeline/MyEnv/lib/python3.7/site-packages/airflow/example_dags/subdags/subdag.py for tasks to queue
[2021-03-23 20:30:20,974] {logging_mixin.py:104} INFO - [2021-03-23 20:30:20,973] {dagbag.py:448} INFO - Filling up the DagBag from /Users/harika/Desktop/CSYE_7245/Assignment2/pipeline/MyEnv/lib/python3.7/site-packages/airflow/example_dags/subdags/subdag.py
[2021-03-23 20:30:20,979] {scheduler_job.py:641} WARNING - No viable dags retrieved from /Users/harika/Desktop/CSYE_7245/Assignment2/pipeline/MyEnv/lib/python3.7/site-packages/airflow/example_dags/subdags/subdag.py
[2021-03-23 20:30:20,991] {scheduler_job.py:190} INFO - Processing /Users/harika/Desktop/CSYE_7245/Assignment2/pipeline/MyEnv/lib/python3.7/site-packages/airflow/example_dags/subdags/subdag.py took 0.027 seconds
[2021-03-23 20:30:55,599] {scheduler_job.py:182} INFO - Started process (PID=14526) to work on /Users/harika/Desktop/CSYE_7245/Assignment2/pipeline/MyEnv/lib/python3.7/site-packages/airflow/example_dags/subdags/subdag.py
[2021-03-23 20:30:55,601] {scheduler_job.py:629} INFO - Processing file /Users/harika/Desktop/CSYE_7245/Assignment2/pipeline/MyEnv/lib/python3.7/site-packages/airflow/example_dags/subdags/subdag.py for tasks to queue
[2021-03-23 20:30:55,602] {logging_mixin.py:104} INFO - [2021-03-23 20:30:55,602] {dagbag.py:448} INFO - Filling up the DagBag from /Users/harika/Desktop/CSYE_7245/Assignment2/pipeline/MyEnv/lib/python3.7/site-packages/airflow/example_dags/subdags/subdag.py
[2021-03-23 20:30:55,606] {scheduler_job.py:641} WARNING - No viable dags retrieved from /Users/harika/Desktop/CSYE_7245/Assignment2/pipeline/MyEnv/lib/python3.7/site-packages/airflow/example_dags/subdags/subdag.py
[2021-03-23 20:30:55,614] {scheduler_job.py:190} INFO - Processing /Users/harika/Desktop/CSYE_7245/Assignment2/pipeline/MyEnv/lib/python3.7/site-packages/airflow/example_dags/subdags/subdag.py took 0.021 seconds
[2021-03-23 21:09:41,526] {scheduler_job.py:182} INFO - Started process (PID=14941) to work on /Users/harika/Desktop/CSYE_7245/Assignment2/pipeline/MyEnv/lib/python3.7/site-packages/airflow/example_dags/subdags/subdag.py
[2021-03-23 21:09:41,532] {scheduler_job.py:629} INFO - Processing file /Users/harika/Desktop/CSYE_7245/Assignment2/pipeline/MyEnv/lib/python3.7/site-packages/airflow/example_dags/subdags/subdag.py for tasks to queue
[2021-03-23 21:09:41,536] {logging_mixin.py:104} INFO - [2021-03-23 21:09:41,535] {dagbag.py:448} INFO - Filling up the DagBag from /Users/harika/Desktop/CSYE_7245/Assignment2/pipeline/MyEnv/lib/python3.7/site-packages/airflow/example_dags/subdags/subdag.py
[2021-03-23 21:09:41,546] {scheduler_job.py:641} WARNING - No viable dags retrieved from /Users/harika/Desktop/CSYE_7245/Assignment2/pipeline/MyEnv/lib/python3.7/site-packages/airflow/example_dags/subdags/subdag.py
[2021-03-23 21:09:41,589] {scheduler_job.py:190} INFO - Processing /Users/harika/Desktop/CSYE_7245/Assignment2/pipeline/MyEnv/lib/python3.7/site-packages/airflow/example_dags/subdags/subdag.py took 0.072 seconds
[2021-03-23 21:12:53,915] {scheduler_job.py:182} INFO - Started process (PID=15014) to work on /Users/harika/Desktop/CSYE_7245/Assignment2/pipeline/MyEnv/lib/python3.7/site-packages/airflow/example_dags/subdags/subdag.py
[2021-03-23 21:12:53,919] {scheduler_job.py:629} INFO - Processing file /Users/harika/Desktop/CSYE_7245/Assignment2/pipeline/MyEnv/lib/python3.7/site-packages/airflow/example_dags/subdags/subdag.py for tasks to queue
[2021-03-23 21:12:53,922] {logging_mixin.py:104} INFO - [2021-03-23 21:12:53,920] {dagbag.py:448} INFO - Filling up the DagBag from /Users/harika/Desktop/CSYE_7245/Assignment2/pipeline/MyEnv/lib/python3.7/site-packages/airflow/example_dags/subdags/subdag.py
[2021-03-23 21:12:53,928] {scheduler_job.py:641} WARNING - No viable dags retrieved from /Users/harika/Desktop/CSYE_7245/Assignment2/pipeline/MyEnv/lib/python3.7/site-packages/airflow/example_dags/subdags/subdag.py
[2021-03-23 21:12:53,937] {scheduler_job.py:190} INFO - Processing /Users/harika/Desktop/CSYE_7245/Assignment2/pipeline/MyEnv/lib/python3.7/site-packages/airflow/example_dags/subdags/subdag.py took 0.028 seconds
[2021-03-23 21:13:35,066] {scheduler_job.py:182} INFO - Started process (PID=15047) to work on /Users/harika/Desktop/CSYE_7245/Assignment2/pipeline/MyEnv/lib/python3.7/site-packages/airflow/example_dags/subdags/subdag.py
[2021-03-23 21:13:35,069] {scheduler_job.py:629} INFO - Processing file /Users/harika/Desktop/CSYE_7245/Assignment2/pipeline/MyEnv/lib/python3.7/site-packages/airflow/example_dags/subdags/subdag.py for tasks to queue
[2021-03-23 21:13:35,071] {logging_mixin.py:104} INFO - [2021-03-23 21:13:35,070] {dagbag.py:448} INFO - Filling up the DagBag from /Users/harika/Desktop/CSYE_7245/Assignment2/pipeline/MyEnv/lib/python3.7/site-packages/airflow/example_dags/subdags/subdag.py
[2021-03-23 21:13:35,087] {scheduler_job.py:641} WARNING - No viable dags retrieved from /Users/harika/Desktop/CSYE_7245/Assignment2/pipeline/MyEnv/lib/python3.7/site-packages/airflow/example_dags/subdags/subdag.py
[2021-03-23 21:13:35,134] {scheduler_job.py:190} INFO - Processing /Users/harika/Desktop/CSYE_7245/Assignment2/pipeline/MyEnv/lib/python3.7/site-packages/airflow/example_dags/subdags/subdag.py took 0.078 seconds
[2021-03-23 21:14:34,254] {scheduler_job.py:182} INFO - Started process (PID=15077) to work on /Users/harika/Desktop/CSYE_7245/Assignment2/pipeline/MyEnv/lib/python3.7/site-packages/airflow/example_dags/subdags/subdag.py
[2021-03-23 21:14:34,261] {scheduler_job.py:629} INFO - Processing file /Users/harika/Desktop/CSYE_7245/Assignment2/pipeline/MyEnv/lib/python3.7/site-packages/airflow/example_dags/subdags/subdag.py for tasks to queue
[2021-03-23 21:14:34,265] {logging_mixin.py:104} INFO - [2021-03-23 21:14:34,264] {dagbag.py:448} INFO - Filling up the DagBag from /Users/harika/Desktop/CSYE_7245/Assignment2/pipeline/MyEnv/lib/python3.7/site-packages/airflow/example_dags/subdags/subdag.py
[2021-03-23 21:14:34,274] {scheduler_job.py:641} WARNING - No viable dags retrieved from /Users/harika/Desktop/CSYE_7245/Assignment2/pipeline/MyEnv/lib/python3.7/site-packages/airflow/example_dags/subdags/subdag.py
[2021-03-23 21:14:34,304] {scheduler_job.py:190} INFO - Processing /Users/harika/Desktop/CSYE_7245/Assignment2/pipeline/MyEnv/lib/python3.7/site-packages/airflow/example_dags/subdags/subdag.py took 0.134 seconds
[2021-03-23 21:15:25,960] {scheduler_job.py:182} INFO - Started process (PID=15128) to work on /Users/harika/Desktop/CSYE_7245/Assignment2/pipeline/MyEnv/lib/python3.7/site-packages/airflow/example_dags/subdags/subdag.py
[2021-03-23 21:15:25,963] {scheduler_job.py:629} INFO - Processing file /Users/harika/Desktop/CSYE_7245/Assignment2/pipeline/MyEnv/lib/python3.7/site-packages/airflow/example_dags/subdags/subdag.py for tasks to queue
[2021-03-23 21:15:25,967] {logging_mixin.py:104} INFO - [2021-03-23 21:15:25,965] {dagbag.py:448} INFO - Filling up the DagBag from /Users/harika/Desktop/CSYE_7245/Assignment2/pipeline/MyEnv/lib/python3.7/site-packages/airflow/example_dags/subdags/subdag.py
[2021-03-23 21:15:25,979] {scheduler_job.py:641} WARNING - No viable dags retrieved from /Users/harika/Desktop/CSYE_7245/Assignment2/pipeline/MyEnv/lib/python3.7/site-packages/airflow/example_dags/subdags/subdag.py
[2021-03-23 21:15:26,007] {scheduler_job.py:190} INFO - Processing /Users/harika/Desktop/CSYE_7245/Assignment2/pipeline/MyEnv/lib/python3.7/site-packages/airflow/example_dags/subdags/subdag.py took 0.057 seconds
[2021-03-23 21:17:42,028] {scheduler_job.py:182} INFO - Started process (PID=15177) to work on /Users/harika/Desktop/CSYE_7245/Assignment2/pipeline/MyEnv/lib/python3.7/site-packages/airflow/example_dags/subdags/subdag.py
[2021-03-23 21:17:42,031] {scheduler_job.py:629} INFO - Processing file /Users/harika/Desktop/CSYE_7245/Assignment2/pipeline/MyEnv/lib/python3.7/site-packages/airflow/example_dags/subdags/subdag.py for tasks to queue
[2021-03-23 21:17:42,032] {logging_mixin.py:104} INFO - [2021-03-23 21:17:42,031] {dagbag.py:448} INFO - Filling up the DagBag from /Users/harika/Desktop/CSYE_7245/Assignment2/pipeline/MyEnv/lib/python3.7/site-packages/airflow/example_dags/subdags/subdag.py
[2021-03-23 21:17:42,037] {scheduler_job.py:641} WARNING - No viable dags retrieved from /Users/harika/Desktop/CSYE_7245/Assignment2/pipeline/MyEnv/lib/python3.7/site-packages/airflow/example_dags/subdags/subdag.py
[2021-03-23 21:17:42,046] {scheduler_job.py:190} INFO - Processing /Users/harika/Desktop/CSYE_7245/Assignment2/pipeline/MyEnv/lib/python3.7/site-packages/airflow/example_dags/subdags/subdag.py took 0.023 seconds
[2021-03-23 21:18:18,509] {scheduler_job.py:182} INFO - Started process (PID=15218) to work on /Users/harika/Desktop/CSYE_7245/Assignment2/pipeline/MyEnv/lib/python3.7/site-packages/airflow/example_dags/subdags/subdag.py
[2021-03-23 21:18:18,510] {scheduler_job.py:629} INFO - Processing file /Users/harika/Desktop/CSYE_7245/Assignment2/pipeline/MyEnv/lib/python3.7/site-packages/airflow/example_dags/subdags/subdag.py for tasks to queue
[2021-03-23 21:18:18,512] {logging_mixin.py:104} INFO - [2021-03-23 21:18:18,511] {dagbag.py:448} INFO - Filling up the DagBag from /Users/harika/Desktop/CSYE_7245/Assignment2/pipeline/MyEnv/lib/python3.7/site-packages/airflow/example_dags/subdags/subdag.py
[2021-03-23 21:18:18,516] {scheduler_job.py:641} WARNING - No viable dags retrieved from /Users/harika/Desktop/CSYE_7245/Assignment2/pipeline/MyEnv/lib/python3.7/site-packages/airflow/example_dags/subdags/subdag.py
[2021-03-23 21:18:18,524] {scheduler_job.py:190} INFO - Processing /Users/harika/Desktop/CSYE_7245/Assignment2/pipeline/MyEnv/lib/python3.7/site-packages/airflow/example_dags/subdags/subdag.py took 0.019 seconds
[2021-03-23 21:18:56,019] {scheduler_job.py:182} INFO - Started process (PID=15251) to work on /Users/harika/Desktop/CSYE_7245/Assignment2/pipeline/MyEnv/lib/python3.7/site-packages/airflow/example_dags/subdags/subdag.py
[2021-03-23 21:18:56,022] {scheduler_job.py:629} INFO - Processing file /Users/harika/Desktop/CSYE_7245/Assignment2/pipeline/MyEnv/lib/python3.7/site-packages/airflow/example_dags/subdags/subdag.py for tasks to queue
[2021-03-23 21:18:56,027] {logging_mixin.py:104} INFO - [2021-03-23 21:18:56,026] {dagbag.py:448} INFO - Filling up the DagBag from /Users/harika/Desktop/CSYE_7245/Assignment2/pipeline/MyEnv/lib/python3.7/site-packages/airflow/example_dags/subdags/subdag.py
[2021-03-23 21:18:56,044] {scheduler_job.py:641} WARNING - No viable dags retrieved from /Users/harika/Desktop/CSYE_7245/Assignment2/pipeline/MyEnv/lib/python3.7/site-packages/airflow/example_dags/subdags/subdag.py
[2021-03-23 21:18:56,063] {scheduler_job.py:190} INFO - Processing /Users/harika/Desktop/CSYE_7245/Assignment2/pipeline/MyEnv/lib/python3.7/site-packages/airflow/example_dags/subdags/subdag.py took 0.048 seconds
[2021-03-23 21:19:30,927] {scheduler_job.py:182} INFO - Started process (PID=15278) to work on /Users/harika/Desktop/CSYE_7245/Assignment2/pipeline/MyEnv/lib/python3.7/site-packages/airflow/example_dags/subdags/subdag.py
[2021-03-23 21:19:30,931] {scheduler_job.py:629} INFO - Processing file /Users/harika/Desktop/CSYE_7245/Assignment2/pipeline/MyEnv/lib/python3.7/site-packages/airflow/example_dags/subdags/subdag.py for tasks to queue
[2021-03-23 21:19:30,933] {logging_mixin.py:104} INFO - [2021-03-23 21:19:30,933] {dagbag.py:448} INFO - Filling up the DagBag from /Users/harika/Desktop/CSYE_7245/Assignment2/pipeline/MyEnv/lib/python3.7/site-packages/airflow/example_dags/subdags/subdag.py
[2021-03-23 21:19:30,939] {scheduler_job.py:641} WARNING - No viable dags retrieved from /Users/harika/Desktop/CSYE_7245/Assignment2/pipeline/MyEnv/lib/python3.7/site-packages/airflow/example_dags/subdags/subdag.py
[2021-03-23 21:19:30,947] {scheduler_job.py:190} INFO - Processing /Users/harika/Desktop/CSYE_7245/Assignment2/pipeline/MyEnv/lib/python3.7/site-packages/airflow/example_dags/subdags/subdag.py took 0.026 seconds
[2021-03-23 21:20:05,790] {scheduler_job.py:182} INFO - Started process (PID=15305) to work on /Users/harika/Desktop/CSYE_7245/Assignment2/pipeline/MyEnv/lib/python3.7/site-packages/airflow/example_dags/subdags/subdag.py
[2021-03-23 21:20:05,793] {scheduler_job.py:629} INFO - Processing file /Users/harika/Desktop/CSYE_7245/Assignment2/pipeline/MyEnv/lib/python3.7/site-packages/airflow/example_dags/subdags/subdag.py for tasks to queue
[2021-03-23 21:20:05,796] {logging_mixin.py:104} INFO - [2021-03-23 21:20:05,795] {dagbag.py:448} INFO - Filling up the DagBag from /Users/harika/Desktop/CSYE_7245/Assignment2/pipeline/MyEnv/lib/python3.7/site-packages/airflow/example_dags/subdags/subdag.py
[2021-03-23 21:20:05,807] {scheduler_job.py:641} WARNING - No viable dags retrieved from /Users/harika/Desktop/CSYE_7245/Assignment2/pipeline/MyEnv/lib/python3.7/site-packages/airflow/example_dags/subdags/subdag.py
[2021-03-23 21:20:05,822] {scheduler_job.py:190} INFO - Processing /Users/harika/Desktop/CSYE_7245/Assignment2/pipeline/MyEnv/lib/python3.7/site-packages/airflow/example_dags/subdags/subdag.py took 0.046 seconds
[2021-03-24 00:03:12,931] {scheduler_job.py:182} INFO - Started process (PID=16959) to work on /Users/harika/Desktop/CSYE_7245/Assignment2/pipeline/MyEnv/lib/python3.7/site-packages/airflow/example_dags/subdags/subdag.py
[2021-03-24 00:03:12,936] {scheduler_job.py:629} INFO - Processing file /Users/harika/Desktop/CSYE_7245/Assignment2/pipeline/MyEnv/lib/python3.7/site-packages/airflow/example_dags/subdags/subdag.py for tasks to queue
[2021-03-24 00:03:12,937] {logging_mixin.py:104} INFO - [2021-03-24 00:03:12,937] {dagbag.py:448} INFO - Filling up the DagBag from /Users/harika/Desktop/CSYE_7245/Assignment2/pipeline/MyEnv/lib/python3.7/site-packages/airflow/example_dags/subdags/subdag.py
[2021-03-24 00:03:12,943] {scheduler_job.py:641} WARNING - No viable dags retrieved from /Users/harika/Desktop/CSYE_7245/Assignment2/pipeline/MyEnv/lib/python3.7/site-packages/airflow/example_dags/subdags/subdag.py
[2021-03-24 00:03:12,951] {scheduler_job.py:190} INFO - Processing /Users/harika/Desktop/CSYE_7245/Assignment2/pipeline/MyEnv/lib/python3.7/site-packages/airflow/example_dags/subdags/subdag.py took 0.024 seconds
[2021-03-24 00:03:50,174] {scheduler_job.py:182} INFO - Started process (PID=16987) to work on /Users/harika/Desktop/CSYE_7245/Assignment2/pipeline/MyEnv/lib/python3.7/site-packages/airflow/example_dags/subdags/subdag.py
[2021-03-24 00:03:50,175] {scheduler_job.py:629} INFO - Processing file /Users/harika/Desktop/CSYE_7245/Assignment2/pipeline/MyEnv/lib/python3.7/site-packages/airflow/example_dags/subdags/subdag.py for tasks to queue
[2021-03-24 00:03:50,177] {logging_mixin.py:104} INFO - [2021-03-24 00:03:50,176] {dagbag.py:448} INFO - Filling up the DagBag from /Users/harika/Desktop/CSYE_7245/Assignment2/pipeline/MyEnv/lib/python3.7/site-packages/airflow/example_dags/subdags/subdag.py
[2021-03-24 00:03:50,181] {scheduler_job.py:641} WARNING - No viable dags retrieved from /Users/harika/Desktop/CSYE_7245/Assignment2/pipeline/MyEnv/lib/python3.7/site-packages/airflow/example_dags/subdags/subdag.py
[2021-03-24 00:03:50,188] {scheduler_job.py:190} INFO - Processing /Users/harika/Desktop/CSYE_7245/Assignment2/pipeline/MyEnv/lib/python3.7/site-packages/airflow/example_dags/subdags/subdag.py took 0.019 seconds
[2021-03-24 00:04:36,398] {scheduler_job.py:182} INFO - Started process (PID=17022) to work on /Users/harika/Desktop/CSYE_7245/Assignment2/pipeline/MyEnv/lib/python3.7/site-packages/airflow/example_dags/subdags/subdag.py
[2021-03-24 00:04:36,402] {scheduler_job.py:629} INFO - Processing file /Users/harika/Desktop/CSYE_7245/Assignment2/pipeline/MyEnv/lib/python3.7/site-packages/airflow/example_dags/subdags/subdag.py for tasks to queue
[2021-03-24 00:04:36,405] {logging_mixin.py:104} INFO - [2021-03-24 00:04:36,404] {dagbag.py:448} INFO - Filling up the DagBag from /Users/harika/Desktop/CSYE_7245/Assignment2/pipeline/MyEnv/lib/python3.7/site-packages/airflow/example_dags/subdags/subdag.py
[2021-03-24 00:04:36,411] {scheduler_job.py:641} WARNING - No viable dags retrieved from /Users/harika/Desktop/CSYE_7245/Assignment2/pipeline/MyEnv/lib/python3.7/site-packages/airflow/example_dags/subdags/subdag.py
[2021-03-24 00:04:36,423] {scheduler_job.py:190} INFO - Processing /Users/harika/Desktop/CSYE_7245/Assignment2/pipeline/MyEnv/lib/python3.7/site-packages/airflow/example_dags/subdags/subdag.py took 0.029 seconds
[2021-03-24 00:05:08,030] {scheduler_job.py:182} INFO - Started process (PID=17049) to work on /Users/harika/Desktop/CSYE_7245/Assignment2/pipeline/MyEnv/lib/python3.7/site-packages/airflow/example_dags/subdags/subdag.py
[2021-03-24 00:05:08,032] {scheduler_job.py:629} INFO - Processing file /Users/harika/Desktop/CSYE_7245/Assignment2/pipeline/MyEnv/lib/python3.7/site-packages/airflow/example_dags/subdags/subdag.py for tasks to queue
[2021-03-24 00:05:08,033] {logging_mixin.py:104} INFO - [2021-03-24 00:05:08,033] {dagbag.py:448} INFO - Filling up the DagBag from /Users/harika/Desktop/CSYE_7245/Assignment2/pipeline/MyEnv/lib/python3.7/site-packages/airflow/example_dags/subdags/subdag.py
[2021-03-24 00:05:08,037] {scheduler_job.py:641} WARNING - No viable dags retrieved from /Users/harika/Desktop/CSYE_7245/Assignment2/pipeline/MyEnv/lib/python3.7/site-packages/airflow/example_dags/subdags/subdag.py
[2021-03-24 00:05:08,046] {scheduler_job.py:190} INFO - Processing /Users/harika/Desktop/CSYE_7245/Assignment2/pipeline/MyEnv/lib/python3.7/site-packages/airflow/example_dags/subdags/subdag.py took 0.020 seconds
[2021-03-24 01:02:56,220] {scheduler_job.py:182} INFO - Started process (PID=17455) to work on /Users/harika/Desktop/CSYE_7245/Assignment2/pipeline/MyEnv/lib/python3.7/site-packages/airflow/example_dags/subdags/subdag.py
[2021-03-24 01:02:56,223] {scheduler_job.py:629} INFO - Processing file /Users/harika/Desktop/CSYE_7245/Assignment2/pipeline/MyEnv/lib/python3.7/site-packages/airflow/example_dags/subdags/subdag.py for tasks to queue
[2021-03-24 01:02:56,225] {logging_mixin.py:104} INFO - [2021-03-24 01:02:56,224] {dagbag.py:448} INFO - Filling up the DagBag from /Users/harika/Desktop/CSYE_7245/Assignment2/pipeline/MyEnv/lib/python3.7/site-packages/airflow/example_dags/subdags/subdag.py
[2021-03-24 01:02:56,229] {scheduler_job.py:641} WARNING - No viable dags retrieved from /Users/harika/Desktop/CSYE_7245/Assignment2/pipeline/MyEnv/lib/python3.7/site-packages/airflow/example_dags/subdags/subdag.py
[2021-03-24 01:02:56,239] {scheduler_job.py:190} INFO - Processing /Users/harika/Desktop/CSYE_7245/Assignment2/pipeline/MyEnv/lib/python3.7/site-packages/airflow/example_dags/subdags/subdag.py took 0.022 seconds
[2021-03-24 01:03:35,958] {scheduler_job.py:182} INFO - Started process (PID=17502) to work on /Users/harika/Desktop/CSYE_7245/Assignment2/pipeline/MyEnv/lib/python3.7/site-packages/airflow/example_dags/subdags/subdag.py
[2021-03-24 01:03:35,959] {scheduler_job.py:629} INFO - Processing file /Users/harika/Desktop/CSYE_7245/Assignment2/pipeline/MyEnv/lib/python3.7/site-packages/airflow/example_dags/subdags/subdag.py for tasks to queue
[2021-03-24 01:03:35,961] {logging_mixin.py:104} INFO - [2021-03-24 01:03:35,961] {dagbag.py:448} INFO - Filling up the DagBag from /Users/harika/Desktop/CSYE_7245/Assignment2/pipeline/MyEnv/lib/python3.7/site-packages/airflow/example_dags/subdags/subdag.py
[2021-03-24 01:03:35,966] {scheduler_job.py:641} WARNING - No viable dags retrieved from /Users/harika/Desktop/CSYE_7245/Assignment2/pipeline/MyEnv/lib/python3.7/site-packages/airflow/example_dags/subdags/subdag.py
[2021-03-24 01:03:35,974] {scheduler_job.py:190} INFO - Processing /Users/harika/Desktop/CSYE_7245/Assignment2/pipeline/MyEnv/lib/python3.7/site-packages/airflow/example_dags/subdags/subdag.py took 0.021 seconds
[2021-03-24 01:04:10,567] {scheduler_job.py:182} INFO - Started process (PID=17545) to work on /Users/harika/Desktop/CSYE_7245/Assignment2/pipeline/MyEnv/lib/python3.7/site-packages/airflow/example_dags/subdags/subdag.py
[2021-03-24 01:04:10,569] {scheduler_job.py:629} INFO - Processing file /Users/harika/Desktop/CSYE_7245/Assignment2/pipeline/MyEnv/lib/python3.7/site-packages/airflow/example_dags/subdags/subdag.py for tasks to queue
[2021-03-24 01:04:10,570] {logging_mixin.py:104} INFO - [2021-03-24 01:04:10,569] {dagbag.py:448} INFO - Filling up the DagBag from /Users/harika/Desktop/CSYE_7245/Assignment2/pipeline/MyEnv/lib/python3.7/site-packages/airflow/example_dags/subdags/subdag.py
[2021-03-24 01:04:10,573] {scheduler_job.py:641} WARNING - No viable dags retrieved from /Users/harika/Desktop/CSYE_7245/Assignment2/pipeline/MyEnv/lib/python3.7/site-packages/airflow/example_dags/subdags/subdag.py
[2021-03-24 01:04:10,580] {scheduler_job.py:190} INFO - Processing /Users/harika/Desktop/CSYE_7245/Assignment2/pipeline/MyEnv/lib/python3.7/site-packages/airflow/example_dags/subdags/subdag.py took 0.017 seconds
[2021-03-24 01:04:44,464] {scheduler_job.py:182} INFO - Started process (PID=17643) to work on /Users/harika/Desktop/CSYE_7245/Assignment2/pipeline/MyEnv/lib/python3.7/site-packages/airflow/example_dags/subdags/subdag.py
[2021-03-24 01:04:44,466] {scheduler_job.py:629} INFO - Processing file /Users/harika/Desktop/CSYE_7245/Assignment2/pipeline/MyEnv/lib/python3.7/site-packages/airflow/example_dags/subdags/subdag.py for tasks to queue
[2021-03-24 01:04:44,468] {logging_mixin.py:104} INFO - [2021-03-24 01:04:44,467] {dagbag.py:448} INFO - Filling up the DagBag from /Users/harika/Desktop/CSYE_7245/Assignment2/pipeline/MyEnv/lib/python3.7/site-packages/airflow/example_dags/subdags/subdag.py
[2021-03-24 01:04:44,472] {scheduler_job.py:641} WARNING - No viable dags retrieved from /Users/harika/Desktop/CSYE_7245/Assignment2/pipeline/MyEnv/lib/python3.7/site-packages/airflow/example_dags/subdags/subdag.py
[2021-03-24 01:04:44,481] {scheduler_job.py:190} INFO - Processing /Users/harika/Desktop/CSYE_7245/Assignment2/pipeline/MyEnv/lib/python3.7/site-packages/airflow/example_dags/subdags/subdag.py took 0.020 seconds
