[2021-03-23 15:58:26,311] {taskinstance.py:851} INFO - Dependencies all met for <TaskInstance: EDGAR-Annotation-Pipeline.Cleanup 2021-03-23T22:57:46.265225+00:00 [queued]>
[2021-03-23 15:58:26,317] {taskinstance.py:851} INFO - Dependencies all met for <TaskInstance: EDGAR-Annotation-Pipeline.Cleanup 2021-03-23T22:57:46.265225+00:00 [queued]>
[2021-03-23 15:58:26,317] {taskinstance.py:1042} INFO - 
--------------------------------------------------------------------------------
[2021-03-23 15:58:26,317] {taskinstance.py:1043} INFO - Starting attempt 1 of 1
[2021-03-23 15:58:26,317] {taskinstance.py:1044} INFO - 
--------------------------------------------------------------------------------
[2021-03-23 15:58:26,323] {taskinstance.py:1063} INFO - Executing <Task(PythonOperator): Cleanup> on 2021-03-23T22:57:46.265225+00:00
[2021-03-23 15:58:26,325] {standard_task_runner.py:52} INFO - Started process 40351 to run task
[2021-03-23 15:58:26,332] {standard_task_runner.py:76} INFO - Running: ['airflow', 'tasks', 'run', 'EDGAR-Annotation-Pipeline', 'Cleanup', '2021-03-23T22:57:46.265225+00:00', '--job-id', '65', '--pool', 'default_pool', '--raw', '--subdir', 'DAGS_FOLDER/edgar_annotation.py', '--cfg-path', '/var/folders/_j/s8vbc0cs1fvgclq8hnvtq1wm0000gn/T/tmpzq0p0_9m', '--error-file', '/var/folders/_j/s8vbc0cs1fvgclq8hnvtq1wm0000gn/T/tmp8c_lvjmj']
[2021-03-23 15:58:26,333] {standard_task_runner.py:77} INFO - Job 65: Subtask Cleanup
[2021-03-23 15:58:26,363] {logging_mixin.py:104} INFO - Running <TaskInstance: EDGAR-Annotation-Pipeline.Cleanup 2021-03-23T22:57:46.265225+00:00 [running]> on host prathyushas-mbp.home
[2021-03-23 15:58:26,383] {taskinstance.py:1255} INFO - Exporting the following env vars:
AIRFLOW_CTX_DAG_OWNER=airflow
AIRFLOW_CTX_DAG_ID=EDGAR-Annotation-Pipeline
AIRFLOW_CTX_TASK_ID=Cleanup
AIRFLOW_CTX_EXECUTION_DATE=2021-03-23T22:57:46.265225+00:00
AIRFLOW_CTX_DAG_RUN_ID=manual__2021-03-23T22:57:46.265225+00:00
[2021-03-23 15:58:28,018] {python.py:118} INFO - Done. Returned value was: None
[2021-03-23 15:58:28,022] {taskinstance.py:1159} INFO - Marking task as SUCCESS. dag_id=EDGAR-Annotation-Pipeline, task_id=Cleanup, execution_date=20210323T225746, start_date=20210323T225826, end_date=20210323T225828
[2021-03-23 15:58:28,038] {taskinstance.py:1220} INFO - 1 downstream tasks scheduled from follow-on schedule check
[2021-03-23 15:58:28,057] {local_task_job.py:146} INFO - Task exited with return code 0
