[2021-03-23 21:15:59,766] {taskinstance.py:851} INFO - Dependencies all met for <TaskInstance: Model-Training-Pipeline.Getdata 2021-03-24T01:15:49.366449+00:00 [queued]>
[2021-03-23 21:15:59,790] {taskinstance.py:851} INFO - Dependencies all met for <TaskInstance: Model-Training-Pipeline.Getdata 2021-03-24T01:15:49.366449+00:00 [queued]>
[2021-03-23 21:15:59,790] {taskinstance.py:1042} INFO - 
--------------------------------------------------------------------------------
[2021-03-23 21:15:59,790] {taskinstance.py:1043} INFO - Starting attempt 1 of 1
[2021-03-23 21:15:59,790] {taskinstance.py:1044} INFO - 
--------------------------------------------------------------------------------
[2021-03-23 21:15:59,802] {taskinstance.py:1063} INFO - Executing <Task(PythonOperator): Getdata> on 2021-03-24T01:15:49.366449+00:00
[2021-03-23 21:15:59,806] {standard_task_runner.py:52} INFO - Started process 15149 to run task
[2021-03-23 21:15:59,815] {standard_task_runner.py:76} INFO - Running: ['airflow', 'tasks', 'run', 'Model-Training-Pipeline', 'Getdata', '2021-03-24T01:15:49.366449+00:00', '--job-id', '52', '--pool', 'default_pool', '--raw', '--subdir', 'DAGS_FOLDER/train.py', '--cfg-path', '/var/folders/j6/755w2l7n4x1c9313788klj880000gq/T/tmpzhikvq6p', '--error-file', '/var/folders/j6/755w2l7n4x1c9313788klj880000gq/T/tmpd1sqe33u']
[2021-03-23 21:15:59,817] {standard_task_runner.py:77} INFO - Job 52: Subtask Getdata
[2021-03-23 21:15:59,870] {logging_mixin.py:104} INFO - Running <TaskInstance: Model-Training-Pipeline.Getdata 2021-03-24T01:15:49.366449+00:00 [running]> on host 152.1.168.192.in-addr.arpa
[2021-03-23 21:15:59,903] {taskinstance.py:1257} INFO - Exporting the following env vars:
AIRFLOW_CTX_DAG_OWNER=airflow
AIRFLOW_CTX_DAG_ID=Model-Training-Pipeline
AIRFLOW_CTX_TASK_ID=Getdata
AIRFLOW_CTX_EXECUTION_DATE=2021-03-24T01:15:49.366449+00:00
AIRFLOW_CTX_DAG_RUN_ID=manual__2021-03-24T01:15:49.366449+00:00
[2021-03-23 21:16:00,035] {logging_mixin.py:104} INFO - inside if
[2021-03-23 21:16:00,036] {logging_mixin.py:104} INFO - edgar_download
[2021-03-23 21:16:00,334] {python.py:118} INFO - Done. Returned value was: None
[2021-03-23 21:16:00,341] {taskinstance.py:1166} INFO - Marking task as SUCCESS. dag_id=Model-Training-Pipeline, task_id=Getdata, execution_date=20210324T011549, start_date=20210324T011559, end_date=20210324T011600
[2021-03-23 21:16:00,360] {taskinstance.py:1220} INFO - 1 downstream tasks scheduled from follow-on schedule check
[2021-03-23 21:16:00,392] {local_task_job.py:146} INFO - Task exited with return code 0
