[2021-03-22 19:53:15,289] {taskinstance.py:851} INFO - Dependencies all met for <TaskInstance: EDGAR-Annotation-Pipeline.Cleanup 2021-03-23T02:52:52.673866+00:00 [queued]>
[2021-03-22 19:53:15,295] {taskinstance.py:851} INFO - Dependencies all met for <TaskInstance: EDGAR-Annotation-Pipeline.Cleanup 2021-03-23T02:52:52.673866+00:00 [queued]>
[2021-03-22 19:53:15,295] {taskinstance.py:1042} INFO - 
--------------------------------------------------------------------------------
[2021-03-22 19:53:15,295] {taskinstance.py:1043} INFO - Starting attempt 1 of 1
[2021-03-22 19:53:15,295] {taskinstance.py:1044} INFO - 
--------------------------------------------------------------------------------
[2021-03-22 19:53:15,300] {taskinstance.py:1063} INFO - Executing <Task(PythonOperator): Cleanup> on 2021-03-23T02:52:52.673866+00:00
[2021-03-22 19:53:15,302] {standard_task_runner.py:52} INFO - Started process 23819 to run task
[2021-03-22 19:53:15,310] {standard_task_runner.py:76} INFO - Running: ['airflow', 'tasks', 'run', 'EDGAR-Annotation-Pipeline', 'Cleanup', '2021-03-23T02:52:52.673866+00:00', '--job-id', '13', '--pool', 'default_pool', '--raw', '--subdir', 'DAGS_FOLDER/edgar_annotation.py', '--cfg-path', '/var/folders/_j/s8vbc0cs1fvgclq8hnvtq1wm0000gn/T/tmpob6830ny', '--error-file', '/var/folders/_j/s8vbc0cs1fvgclq8hnvtq1wm0000gn/T/tmppzufm0xn']
[2021-03-22 19:53:15,312] {standard_task_runner.py:77} INFO - Job 13: Subtask Cleanup
[2021-03-22 19:53:15,340] {logging_mixin.py:104} INFO - Running <TaskInstance: EDGAR-Annotation-Pipeline.Cleanup 2021-03-23T02:52:52.673866+00:00 [running]> on host prathyushas-mbp.home
[2021-03-22 19:53:15,359] {taskinstance.py:1255} INFO - Exporting the following env vars:
AIRFLOW_CTX_DAG_OWNER=airflow
AIRFLOW_CTX_DAG_ID=EDGAR-Annotation-Pipeline
AIRFLOW_CTX_TASK_ID=Cleanup
AIRFLOW_CTX_EXECUTION_DATE=2021-03-23T02:52:52.673866+00:00
AIRFLOW_CTX_DAG_RUN_ID=manual__2021-03-23T02:52:52.673866+00:00
[2021-03-22 19:53:17,484] {python.py:118} INFO - Done. Returned value was: None
[2021-03-22 19:53:17,489] {taskinstance.py:1159} INFO - Marking task as SUCCESS. dag_id=EDGAR-Annotation-Pipeline, task_id=Cleanup, execution_date=20210323T025252, start_date=20210323T025315, end_date=20210323T025317
[2021-03-22 19:53:17,507] {taskinstance.py:1220} INFO - 1 downstream tasks scheduled from follow-on schedule check
[2021-03-22 19:53:17,555] {local_task_job.py:146} INFO - Task exited with return code 0
