[2021-03-23 15:54:23,610] {taskinstance.py:851} INFO - Dependencies all met for <TaskInstance: EDGAR-Annotation-Pipeline.preprocess 2021-03-23T22:53:45.650465+00:00 [queued]>
[2021-03-23 15:54:23,614] {taskinstance.py:851} INFO - Dependencies all met for <TaskInstance: EDGAR-Annotation-Pipeline.preprocess 2021-03-23T22:53:45.650465+00:00 [queued]>
[2021-03-23 15:54:23,615] {taskinstance.py:1042} INFO - 
--------------------------------------------------------------------------------
[2021-03-23 15:54:23,615] {taskinstance.py:1043} INFO - Starting attempt 1 of 1
[2021-03-23 15:54:23,615] {taskinstance.py:1044} INFO - 
--------------------------------------------------------------------------------
[2021-03-23 15:54:23,621] {taskinstance.py:1063} INFO - Executing <Task(PythonOperator): preprocess> on 2021-03-23T22:53:45.650465+00:00
[2021-03-23 15:54:23,623] {standard_task_runner.py:52} INFO - Started process 40118 to run task
[2021-03-23 15:54:23,631] {standard_task_runner.py:76} INFO - Running: ['airflow', 'tasks', 'run', 'EDGAR-Annotation-Pipeline', 'preprocess', '2021-03-23T22:53:45.650465+00:00', '--job-id', '59', '--pool', 'default_pool', '--raw', '--subdir', 'DAGS_FOLDER/edgar_annotation.py', '--cfg-path', '/var/folders/_j/s8vbc0cs1fvgclq8hnvtq1wm0000gn/T/tmp6zlf88ma', '--error-file', '/var/folders/_j/s8vbc0cs1fvgclq8hnvtq1wm0000gn/T/tmpkbdg1hee']
[2021-03-23 15:54:23,632] {standard_task_runner.py:77} INFO - Job 59: Subtask preprocess
[2021-03-23 15:54:23,660] {logging_mixin.py:104} INFO - Running <TaskInstance: EDGAR-Annotation-Pipeline.preprocess 2021-03-23T22:53:45.650465+00:00 [running]> on host prathyushas-mbp.home
[2021-03-23 15:54:23,681] {taskinstance.py:1255} INFO - Exporting the following env vars:
AIRFLOW_CTX_DAG_OWNER=airflow
AIRFLOW_CTX_DAG_ID=EDGAR-Annotation-Pipeline
AIRFLOW_CTX_TASK_ID=preprocess
AIRFLOW_CTX_EXECUTION_DATE=2021-03-23T22:53:45.650465+00:00
AIRFLOW_CTX_DAG_RUN_ID=manual__2021-03-23T22:53:45.650465+00:00
[2021-03-23 15:54:24,055] {python.py:118} INFO - Done. Returned value was: None
[2021-03-23 15:54:24,059] {taskinstance.py:1159} INFO - Marking task as SUCCESS. dag_id=EDGAR-Annotation-Pipeline, task_id=preprocess, execution_date=20210323T225345, start_date=20210323T225423, end_date=20210323T225424
[2021-03-23 15:54:24,073] {taskinstance.py:1220} INFO - 1 downstream tasks scheduled from follow-on schedule check
[2021-03-23 15:54:24,084] {local_task_job.py:146} INFO - Task exited with return code 0
