[2021-03-23 21:17:18,582] {taskinstance.py:851} INFO - Dependencies all met for <TaskInstance: Model-Training-Pipeline.SaveModel 2021-03-24T01:15:49.366449+00:00 [queued]>
[2021-03-23 21:17:18,605] {taskinstance.py:851} INFO - Dependencies all met for <TaskInstance: Model-Training-Pipeline.SaveModel 2021-03-24T01:15:49.366449+00:00 [queued]>
[2021-03-23 21:17:18,605] {taskinstance.py:1042} INFO - 
--------------------------------------------------------------------------------
[2021-03-23 21:17:18,606] {taskinstance.py:1043} INFO - Starting attempt 1 of 1
[2021-03-23 21:17:18,606] {taskinstance.py:1044} INFO - 
--------------------------------------------------------------------------------
[2021-03-23 21:17:18,617] {taskinstance.py:1063} INFO - Executing <Task(PythonOperator): SaveModel> on 2021-03-24T01:15:49.366449+00:00
[2021-03-23 21:17:18,622] {standard_task_runner.py:52} INFO - Started process 15174 to run task
[2021-03-23 21:17:18,634] {standard_task_runner.py:76} INFO - Running: ['airflow', 'tasks', 'run', 'Model-Training-Pipeline', 'SaveModel', '2021-03-24T01:15:49.366449+00:00', '--job-id', '54', '--pool', 'default_pool', '--raw', '--subdir', 'DAGS_FOLDER/train.py', '--cfg-path', '/var/folders/j6/755w2l7n4x1c9313788klj880000gq/T/tmpwe6qy8ea', '--error-file', '/var/folders/j6/755w2l7n4x1c9313788klj880000gq/T/tmp8_xjplnp']
[2021-03-23 21:17:18,639] {standard_task_runner.py:77} INFO - Job 54: Subtask SaveModel
[2021-03-23 21:17:18,690] {logging_mixin.py:104} INFO - Running <TaskInstance: Model-Training-Pipeline.SaveModel 2021-03-24T01:15:49.366449+00:00 [running]> on host 152.1.168.192.in-addr.arpa
[2021-03-23 21:17:18,733] {taskinstance.py:1257} INFO - Exporting the following env vars:
AIRFLOW_CTX_DAG_OWNER=airflow
AIRFLOW_CTX_DAG_ID=Model-Training-Pipeline
AIRFLOW_CTX_TASK_ID=SaveModel
AIRFLOW_CTX_EXECUTION_DATE=2021-03-24T01:15:49.366449+00:00
AIRFLOW_CTX_DAG_RUN_ID=manual__2021-03-24T01:15:49.366449+00:00
[2021-03-23 21:17:18,913] {logging_mixin.py:104} INFO - fileName EDGARModel_bert/saved_model.pb
[2021-03-23 21:17:20,183] {logging_mixin.py:104} INFO - fileName EDGARModel_bert/variables/variables.data-00000-of-00001
[2021-03-23 21:17:39,619] {logging_mixin.py:104} INFO - fileName EDGARModel_bert/variables/variables.index
[2021-03-23 21:17:39,724] {logging_mixin.py:104} INFO - fileName EDGARModel_bert/assets/vocab.txt
[2021-03-23 21:17:39,926] {python.py:118} INFO - Done. Returned value was: None
[2021-03-23 21:17:39,932] {taskinstance.py:1166} INFO - Marking task as SUCCESS. dag_id=Model-Training-Pipeline, task_id=SaveModel, execution_date=20210324T011549, start_date=20210324T011718, end_date=20210324T011739
[2021-03-23 21:17:39,961] {taskinstance.py:1220} INFO - 0 downstream tasks scheduled from follow-on schedule check
[2021-03-23 21:17:39,993] {local_task_job.py:146} INFO - Task exited with return code 0
