[2021-03-24 01:02:06,776] {taskinstance.py:851} INFO - Dependencies all met for <TaskInstance: Model-Training-Pipeline.SaveModel 2021-03-24T04:06:09.175220+00:00 [queued]>
[2021-03-24 01:02:06,791] {taskinstance.py:851} INFO - Dependencies all met for <TaskInstance: Model-Training-Pipeline.SaveModel 2021-03-24T04:06:09.175220+00:00 [queued]>
[2021-03-24 01:02:06,791] {taskinstance.py:1042} INFO - 
--------------------------------------------------------------------------------
[2021-03-24 01:02:06,791] {taskinstance.py:1043} INFO - Starting attempt 1 of 1
[2021-03-24 01:02:06,791] {taskinstance.py:1044} INFO - 
--------------------------------------------------------------------------------
[2021-03-24 01:02:06,799] {taskinstance.py:1063} INFO - Executing <Task(PythonOperator): SaveModel> on 2021-03-24T04:06:09.175220+00:00
[2021-03-24 01:02:06,804] {standard_task_runner.py:52} INFO - Started process 17413 to run task
[2021-03-24 01:02:06,811] {standard_task_runner.py:76} INFO - Running: ['airflow', 'tasks', 'run', 'Model-Training-Pipeline', 'SaveModel', '2021-03-24T04:06:09.175220+00:00', '--job-id', '60', '--pool', 'default_pool', '--raw', '--subdir', 'DAGS_FOLDER/train.py', '--cfg-path', '/var/folders/j6/755w2l7n4x1c9313788klj880000gq/T/tmp6hz4rcc_', '--error-file', '/var/folders/j6/755w2l7n4x1c9313788klj880000gq/T/tmpgm7jeiet']
[2021-03-24 01:02:06,813] {standard_task_runner.py:77} INFO - Job 60: Subtask SaveModel
[2021-03-24 01:02:06,856] {logging_mixin.py:104} INFO - Running <TaskInstance: Model-Training-Pipeline.SaveModel 2021-03-24T04:06:09.175220+00:00 [running]> on host 152.1.168.192.in-addr.arpa
[2021-03-24 01:02:06,894] {taskinstance.py:1257} INFO - Exporting the following env vars:
AIRFLOW_CTX_DAG_OWNER=airflow
AIRFLOW_CTX_DAG_ID=Model-Training-Pipeline
AIRFLOW_CTX_TASK_ID=SaveModel
AIRFLOW_CTX_EXECUTION_DATE=2021-03-24T04:06:09.175220+00:00
AIRFLOW_CTX_DAG_RUN_ID=manual__2021-03-24T04:06:09.175220+00:00
[2021-03-24 01:02:07,031] {logging_mixin.py:104} INFO - fileName EDGARModel_bert/saved_model.pb
[2021-03-24 01:02:10,004] {logging_mixin.py:104} INFO - fileName EDGARModel_bert/variables/variables.data-00000-of-00001
[2021-03-24 01:02:26,398] {logging_mixin.py:104} INFO - fileName EDGARModel_bert/variables/variables.index
[2021-03-24 01:02:26,530] {logging_mixin.py:104} INFO - fileName EDGARModel_bert/assets/vocab.txt
[2021-03-24 01:02:26,830] {python.py:118} INFO - Done. Returned value was: None
[2021-03-24 01:02:26,839] {taskinstance.py:1166} INFO - Marking task as SUCCESS. dag_id=Model-Training-Pipeline, task_id=SaveModel, execution_date=20210324T040609, start_date=20210324T050206, end_date=20210324T050226
[2021-03-24 01:02:26,873] {taskinstance.py:1220} INFO - 0 downstream tasks scheduled from follow-on schedule check
[2021-03-24 01:02:26,907] {local_task_job.py:146} INFO - Task exited with return code 0
