[2021-03-23 17:39:06,848] {taskinstance.py:851} INFO - Dependencies all met for <TaskInstance: Model-Training-Pipeline.TrainBertModel 2021-03-23T21:38:30.791293+00:00 [queued]>
[2021-03-23 17:39:06,855] {taskinstance.py:851} INFO - Dependencies all met for <TaskInstance: Model-Training-Pipeline.TrainBertModel 2021-03-23T21:38:30.791293+00:00 [queued]>
[2021-03-23 17:39:06,855] {taskinstance.py:1042} INFO - 
--------------------------------------------------------------------------------
[2021-03-23 17:39:06,855] {taskinstance.py:1043} INFO - Starting attempt 1 of 1
[2021-03-23 17:39:06,855] {taskinstance.py:1044} INFO - 
--------------------------------------------------------------------------------
[2021-03-23 17:39:06,870] {taskinstance.py:1063} INFO - Executing <Task(PythonOperator): TrainBertModel> on 2021-03-23T21:38:30.791293+00:00
[2021-03-23 17:39:06,878] {standard_task_runner.py:52} INFO - Started process 10173 to run task
[2021-03-23 17:39:06,891] {standard_task_runner.py:76} INFO - Running: ['airflow', 'tasks', 'run', 'Model-Training-Pipeline', 'TrainBertModel', '2021-03-23T21:38:30.791293+00:00', '--job-id', '13', '--pool', 'default_pool', '--raw', '--subdir', 'DAGS_FOLDER/train.py', '--cfg-path', '/var/folders/j6/755w2l7n4x1c9313788klj880000gq/T/tmp71e8n9_3', '--error-file', '/var/folders/j6/755w2l7n4x1c9313788klj880000gq/T/tmp7_6920hy']
[2021-03-23 17:39:06,894] {standard_task_runner.py:77} INFO - Job 13: Subtask TrainBertModel
[2021-03-23 17:39:06,951] {logging_mixin.py:104} INFO - Running <TaskInstance: Model-Training-Pipeline.TrainBertModel 2021-03-23T21:38:30.791293+00:00 [running]> on host 152.1.168.192.in-addr.arpa
[2021-03-23 17:39:06,993] {taskinstance.py:1257} INFO - Exporting the following env vars:
AIRFLOW_CTX_DAG_OWNER=airflow
AIRFLOW_CTX_DAG_ID=Model-Training-Pipeline
AIRFLOW_CTX_TASK_ID=TrainBertModel
AIRFLOW_CTX_EXECUTION_DATE=2021-03-23T21:38:30.791293+00:00
AIRFLOW_CTX_DAG_RUN_ID=manual__2021-03-23T21:38:30.791293+00:00
[2021-03-23 17:39:07,525] {logging_mixin.py:104} INFO - Found 4190 files belonging to 2 classes.
[2021-03-23 17:39:07,618] {logging_mixin.py:104} INFO - Using 3352 files for training.
[2021-03-23 17:39:08,347] {logging_mixin.py:104} INFO - Found 4190 files belonging to 2 classes.
[2021-03-23 17:39:08,423] {logging_mixin.py:104} INFO - Using 838 files for validation.
[2021-03-23 17:39:08,571] {logging_mixin.py:104} INFO - Found 1048 files belonging to 2 classes.
[2021-03-23 17:39:08,679] {logging_mixin.py:104} INFO - BERT model selected: https://tfhub.dev/tensorflow/small_bert/bert_en_uncased_L-4_H-512_A-8/1
[2021-03-23 17:39:08,680] {logging_mixin.py:104} INFO - Preprocess model auto-selected: https://tfhub.dev/tensorflow/bert_en_uncased_preprocess/3
[2021-03-23 17:39:08,697] {resolver.py:106} INFO - Using /var/folders/j6/755w2l7n4x1c9313788klj880000gq/T/tfhub_modules to cache modules.
[2021-03-23 17:39:49,923] {process_utils.py:100} INFO - Sending Signals.SIGTERM to GPID 10173
[2021-03-23 17:39:49,952] {taskinstance.py:1239} ERROR - Received SIGTERM. Terminating subprocesses.
[2021-03-23 17:39:50,023] {taskinstance.py:1455} ERROR - in user code:

    /Users/harika/Desktop/CSYE_7245/Assignment2/pipeline/MyEnv/lib/python3.7/site-packages/tensorflow_hub/keras_layer.py:235 call  *
        result = smart_cond.smart_cond(training,
    /Users/harika/Desktop/CSYE_7245/Assignment2/pipeline/MyEnv/lib/python3.7/site-packages/tensorflow/python/saved_model/load.py:668 _call_attribute  **
        return instance.__call__(*args, **kwargs)
    /Users/harika/Desktop/CSYE_7245/Assignment2/pipeline/MyEnv/lib/python3.7/site-packages/tensorflow/python/eager/def_function.py:828 __call__
        result = self._call(*args, **kwds)
    /Users/harika/Desktop/CSYE_7245/Assignment2/pipeline/MyEnv/lib/python3.7/site-packages/tensorflow/python/eager/def_function.py:871 _call
        self._initialize(args, kwds, add_initializers_to=initializers)
    /Users/harika/Desktop/CSYE_7245/Assignment2/pipeline/MyEnv/lib/python3.7/site-packages/tensorflow/python/eager/def_function.py:726 _initialize
        *args, **kwds))
    /Users/harika/Desktop/CSYE_7245/Assignment2/pipeline/MyEnv/lib/python3.7/site-packages/tensorflow/python/eager/function.py:2969 _get_concrete_function_internal_garbage_collected
        graph_function, _ = self._maybe_define_function(args, kwargs)
    /Users/harika/Desktop/CSYE_7245/Assignment2/pipeline/MyEnv/lib/python3.7/site-packages/tensorflow/python/eager/function.py:3361 _maybe_define_function
        graph_function = self._create_graph_function(args, kwargs)
    /Users/harika/Desktop/CSYE_7245/Assignment2/pipeline/MyEnv/lib/python3.7/site-packages/tensorflow/python/eager/function.py:3206 _create_graph_function
        capture_by_value=self._capture_by_value),
    /Users/harika/Desktop/CSYE_7245/Assignment2/pipeline/MyEnv/lib/python3.7/site-packages/tensorflow/python/framework/func_graph.py:990 func_graph_from_py_func
        func_outputs = python_func(*func_args, **func_kwargs)
    /Users/harika/Desktop/CSYE_7245/Assignment2/pipeline/MyEnv/lib/python3.7/site-packages/tensorflow/python/eager/def_function.py:634 wrapped_fn
        out = weak_wrapped_fn().__wrapped__(*args, **kwds)
    /Users/harika/Desktop/CSYE_7245/Assignment2/pipeline/MyEnv/lib/python3.7/site-packages/tensorflow/python/saved_model/function_deserialization.py:253 restored_function_body
        return _call_concrete_function(function, inputs)
    /Users/harika/Desktop/CSYE_7245/Assignment2/pipeline/MyEnv/lib/python3.7/site-packages/tensorflow/python/saved_model/function_deserialization.py:75 _call_concrete_function
        result = function._call_flat(tensor_inputs, function._captured_inputs)  # pylint: disable=protected-access
    /Users/harika/Desktop/CSYE_7245/Assignment2/pipeline/MyEnv/lib/python3.7/site-packages/tensorflow/python/saved_model/load.py:116 _call_flat
        cancellation_manager)
    /Users/harika/Desktop/CSYE_7245/Assignment2/pipeline/MyEnv/lib/python3.7/site-packages/tensorflow/python/eager/function.py:1932 _call_flat
        flat_outputs = forward_function.call(ctx, args_with_tangents)
    /Users/harika/Desktop/CSYE_7245/Assignment2/pipeline/MyEnv/lib/python3.7/site-packages/tensorflow/python/eager/function.py:589 call
        executor_type=executor_type)
    /Users/harika/Desktop/CSYE_7245/Assignment2/pipeline/MyEnv/lib/python3.7/site-packages/tensorflow/python/ops/functional_ops.py:1221 partitioned_call
        op = graph.create_op(op_name, args, tout, name=op_name, attrs=op_attrs)
    /Users/harika/Desktop/CSYE_7245/Assignment2/pipeline/MyEnv/lib/python3.7/site-packages/tensorflow/python/util/deprecation.py:538 new_func
        return func(*args, **kwargs)
    /Users/harika/Desktop/CSYE_7245/Assignment2/pipeline/MyEnv/lib/python3.7/site-packages/tensorflow/python/framework/ops.py:3467 create_op
        attrs, op_def, compute_device)
    /Users/harika/Desktop/CSYE_7245/Assignment2/pipeline/MyEnv/lib/python3.7/site-packages/tensorflow/python/framework/func_graph.py:592 _create_op_internal
        compute_device)
    /Users/harika/Desktop/CSYE_7245/Assignment2/pipeline/MyEnv/lib/python3.7/site-packages/tensorflow/python/framework/ops.py:3536 _create_op_internal
        op_def=op_def)
    /Users/harika/Desktop/CSYE_7245/Assignment2/pipeline/MyEnv/lib/python3.7/site-packages/tensorflow/python/framework/ops.py:2016 __init__
        control_input_ops, op_def)
    /Users/harika/Desktop/CSYE_7245/Assignment2/pipeline/MyEnv/lib/python3.7/site-packages/tensorflow/python/framework/ops.py:1853 _create_c_op
        c_op = pywrap_tf_session.TF_FinishOperation(op_desc)
    /Users/harika/Desktop/CSYE_7245/Assignment2/pipeline/MyEnv/lib/python3.7/site-packages/airflow/models/taskinstance.py:1241 signal_handler
        raise AirflowException("Task received SIGTERM signal")

    AirflowException: Task received SIGTERM signal
Traceback (most recent call last):
  File "/Users/harika/Desktop/CSYE_7245/Assignment2/pipeline/MyEnv/lib/python3.7/site-packages/airflow/models/taskinstance.py", line 1112, in _run_raw_task
    self._prepare_and_execute_task_with_callbacks(context, task)
  File "/Users/harika/Desktop/CSYE_7245/Assignment2/pipeline/MyEnv/lib/python3.7/site-packages/airflow/models/taskinstance.py", line 1285, in _prepare_and_execute_task_with_callbacks
    result = self._execute_task(context, task_copy)
  File "/Users/harika/Desktop/CSYE_7245/Assignment2/pipeline/MyEnv/lib/python3.7/site-packages/airflow/models/taskinstance.py", line 1315, in _execute_task
    result = task_copy.execute(context=context)
  File "/Users/harika/Desktop/CSYE_7245/Assignment2/pipeline/MyEnv/lib/python3.7/site-packages/airflow/operators/python.py", line 117, in execute
    return_value = self.execute_callable()
  File "/Users/harika/Desktop/CSYE_7245/Assignment2/pipeline/MyEnv/lib/python3.7/site-packages/airflow/operators/python.py", line 128, in execute_callable
    return self.python_callable(*self.op_args, **self.op_kwargs)
  File "/Users/harika/Desktop/CSYE_7245/Assignment2/pipeline/dags/train.py", line 275, in train_model
    classifier_model = build_classifier_model(tfhub_handle_preprocess,tfhub_handle_encoder)
  File "/Users/harika/Desktop/CSYE_7245/Assignment2/pipeline/dags/train.py", line 63, in build_classifier_model
    outputs = encoder(encoder_inputs)
  File "/Users/harika/Desktop/CSYE_7245/Assignment2/pipeline/MyEnv/lib/python3.7/site-packages/tensorflow/python/keras/engine/base_layer.py", line 952, in __call__
    input_list)
  File "/Users/harika/Desktop/CSYE_7245/Assignment2/pipeline/MyEnv/lib/python3.7/site-packages/tensorflow/python/keras/engine/base_layer.py", line 1091, in _functional_construction_call
    inputs, input_masks, args, kwargs)
  File "/Users/harika/Desktop/CSYE_7245/Assignment2/pipeline/MyEnv/lib/python3.7/site-packages/tensorflow/python/keras/engine/base_layer.py", line 822, in _keras_tensor_symbolic_call
    return self._infer_output_signature(inputs, args, kwargs, input_masks)
  File "/Users/harika/Desktop/CSYE_7245/Assignment2/pipeline/MyEnv/lib/python3.7/site-packages/tensorflow/python/keras/engine/base_layer.py", line 863, in _infer_output_signature
    outputs = call_fn(inputs, *args, **kwargs)
  File "/Users/harika/Desktop/CSYE_7245/Assignment2/pipeline/MyEnv/lib/python3.7/site-packages/tensorflow/python/autograph/impl/api.py", line 670, in wrapper
    raise e.ag_error_metadata.to_exception(e)
airflow.exceptions.AirflowException: in user code:

    /Users/harika/Desktop/CSYE_7245/Assignment2/pipeline/MyEnv/lib/python3.7/site-packages/tensorflow_hub/keras_layer.py:235 call  *
        result = smart_cond.smart_cond(training,
    /Users/harika/Desktop/CSYE_7245/Assignment2/pipeline/MyEnv/lib/python3.7/site-packages/tensorflow/python/saved_model/load.py:668 _call_attribute  **
        return instance.__call__(*args, **kwargs)
    /Users/harika/Desktop/CSYE_7245/Assignment2/pipeline/MyEnv/lib/python3.7/site-packages/tensorflow/python/eager/def_function.py:828 __call__
        result = self._call(*args, **kwds)
    /Users/harika/Desktop/CSYE_7245/Assignment2/pipeline/MyEnv/lib/python3.7/site-packages/tensorflow/python/eager/def_function.py:871 _call
        self._initialize(args, kwds, add_initializers_to=initializers)
    /Users/harika/Desktop/CSYE_7245/Assignment2/pipeline/MyEnv/lib/python3.7/site-packages/tensorflow/python/eager/def_function.py:726 _initialize
        *args, **kwds))
    /Users/harika/Desktop/CSYE_7245/Assignment2/pipeline/MyEnv/lib/python3.7/site-packages/tensorflow/python/eager/function.py:2969 _get_concrete_function_internal_garbage_collected
        graph_function, _ = self._maybe_define_function(args, kwargs)
    /Users/harika/Desktop/CSYE_7245/Assignment2/pipeline/MyEnv/lib/python3.7/site-packages/tensorflow/python/eager/function.py:3361 _maybe_define_function
        graph_function = self._create_graph_function(args, kwargs)
    /Users/harika/Desktop/CSYE_7245/Assignment2/pipeline/MyEnv/lib/python3.7/site-packages/tensorflow/python/eager/function.py:3206 _create_graph_function
        capture_by_value=self._capture_by_value),
    /Users/harika/Desktop/CSYE_7245/Assignment2/pipeline/MyEnv/lib/python3.7/site-packages/tensorflow/python/framework/func_graph.py:990 func_graph_from_py_func
        func_outputs = python_func(*func_args, **func_kwargs)
    /Users/harika/Desktop/CSYE_7245/Assignment2/pipeline/MyEnv/lib/python3.7/site-packages/tensorflow/python/eager/def_function.py:634 wrapped_fn
        out = weak_wrapped_fn().__wrapped__(*args, **kwds)
    /Users/harika/Desktop/CSYE_7245/Assignment2/pipeline/MyEnv/lib/python3.7/site-packages/tensorflow/python/saved_model/function_deserialization.py:253 restored_function_body
        return _call_concrete_function(function, inputs)
    /Users/harika/Desktop/CSYE_7245/Assignment2/pipeline/MyEnv/lib/python3.7/site-packages/tensorflow/python/saved_model/function_deserialization.py:75 _call_concrete_function
        result = function._call_flat(tensor_inputs, function._captured_inputs)  # pylint: disable=protected-access
    /Users/harika/Desktop/CSYE_7245/Assignment2/pipeline/MyEnv/lib/python3.7/site-packages/tensorflow/python/saved_model/load.py:116 _call_flat
        cancellation_manager)
    /Users/harika/Desktop/CSYE_7245/Assignment2/pipeline/MyEnv/lib/python3.7/site-packages/tensorflow/python/eager/function.py:1932 _call_flat
        flat_outputs = forward_function.call(ctx, args_with_tangents)
    /Users/harika/Desktop/CSYE_7245/Assignment2/pipeline/MyEnv/lib/python3.7/site-packages/tensorflow/python/eager/function.py:589 call
        executor_type=executor_type)
    /Users/harika/Desktop/CSYE_7245/Assignment2/pipeline/MyEnv/lib/python3.7/site-packages/tensorflow/python/ops/functional_ops.py:1221 partitioned_call
        op = graph.create_op(op_name, args, tout, name=op_name, attrs=op_attrs)
    /Users/harika/Desktop/CSYE_7245/Assignment2/pipeline/MyEnv/lib/python3.7/site-packages/tensorflow/python/util/deprecation.py:538 new_func
        return func(*args, **kwargs)
    /Users/harika/Desktop/CSYE_7245/Assignment2/pipeline/MyEnv/lib/python3.7/site-packages/tensorflow/python/framework/ops.py:3467 create_op
        attrs, op_def, compute_device)
    /Users/harika/Desktop/CSYE_7245/Assignment2/pipeline/MyEnv/lib/python3.7/site-packages/tensorflow/python/framework/func_graph.py:592 _create_op_internal
        compute_device)
    /Users/harika/Desktop/CSYE_7245/Assignment2/pipeline/MyEnv/lib/python3.7/site-packages/tensorflow/python/framework/ops.py:3536 _create_op_internal
        op_def=op_def)
    /Users/harika/Desktop/CSYE_7245/Assignment2/pipeline/MyEnv/lib/python3.7/site-packages/tensorflow/python/framework/ops.py:2016 __init__
        control_input_ops, op_def)
    /Users/harika/Desktop/CSYE_7245/Assignment2/pipeline/MyEnv/lib/python3.7/site-packages/tensorflow/python/framework/ops.py:1853 _create_c_op
        c_op = pywrap_tf_session.TF_FinishOperation(op_desc)
    /Users/harika/Desktop/CSYE_7245/Assignment2/pipeline/MyEnv/lib/python3.7/site-packages/airflow/models/taskinstance.py:1241 signal_handler
        raise AirflowException("Task received SIGTERM signal")

    AirflowException: Task received SIGTERM signal

[2021-03-23 17:39:50,034] {taskinstance.py:1503} INFO - Marking task as FAILED. dag_id=Model-Training-Pipeline, task_id=TrainBertModel, execution_date=20210323T213830, start_date=20210323T213906, end_date=20210323T213950
[2021-03-23 17:39:50,243] {process_utils.py:66} INFO - Process psutil.Process(pid=10173, status='terminated', exitcode=1, started='17:39:06') (10173) terminated with exit code 1
