[2021-03-23 19:34:32,377] {taskinstance.py:851} INFO - Dependencies all met for <TaskInstance: Model-Training-Pipeline.GetData 2021-03-23T23:34:21.898848+00:00 [queued]>
[2021-03-23 19:34:32,395] {taskinstance.py:851} INFO - Dependencies all met for <TaskInstance: Model-Training-Pipeline.GetData 2021-03-23T23:34:21.898848+00:00 [queued]>
[2021-03-23 19:34:32,396] {taskinstance.py:1042} INFO - 
--------------------------------------------------------------------------------
[2021-03-23 19:34:32,396] {taskinstance.py:1043} INFO - Starting attempt 1 of 1
[2021-03-23 19:34:32,396] {taskinstance.py:1044} INFO - 
--------------------------------------------------------------------------------
[2021-03-23 19:34:32,406] {taskinstance.py:1063} INFO - Executing <Task(PythonOperator): GetData> on 2021-03-23T23:34:21.898848+00:00
[2021-03-23 19:34:32,410] {standard_task_runner.py:52} INFO - Started process 13830 to run task
[2021-03-23 19:34:32,424] {standard_task_runner.py:76} INFO - Running: ['airflow', 'tasks', 'run', 'Model-Training-Pipeline', 'GetData', '2021-03-23T23:34:21.898848+00:00', '--job-id', '37', '--pool', 'default_pool', '--raw', '--subdir', 'DAGS_FOLDER/train.py', '--cfg-path', '/var/folders/j6/755w2l7n4x1c9313788klj880000gq/T/tmpdolq96z6', '--error-file', '/var/folders/j6/755w2l7n4x1c9313788klj880000gq/T/tmp_7ym_0_u']
[2021-03-23 19:34:32,427] {standard_task_runner.py:77} INFO - Job 37: Subtask GetData
[2021-03-23 19:34:32,483] {logging_mixin.py:104} INFO - Running <TaskInstance: Model-Training-Pipeline.GetData 2021-03-23T23:34:21.898848+00:00 [running]> on host 152.1.168.192.in-addr.arpa
[2021-03-23 19:34:32,522] {taskinstance.py:1257} INFO - Exporting the following env vars:
AIRFLOW_CTX_DAG_OWNER=airflow
AIRFLOW_CTX_DAG_ID=Model-Training-Pipeline
AIRFLOW_CTX_TASK_ID=GetData
AIRFLOW_CTX_EXECUTION_DATE=2021-03-23T23:34:21.898848+00:00
AIRFLOW_CTX_DAG_RUN_ID=manual__2021-03-23T23:34:21.898848+00:00
[2021-03-23 19:34:41,600] {python.py:118} INFO - Done. Returned value was: None
[2021-03-23 19:34:41,616] {taskinstance.py:1166} INFO - Marking task as SUCCESS. dag_id=Model-Training-Pipeline, task_id=GetData, execution_date=20210323T233421, start_date=20210323T233432, end_date=20210323T233441
[2021-03-23 19:34:41,659] {taskinstance.py:1220} INFO - 1 downstream tasks scheduled from follow-on schedule check
[2021-03-23 19:34:41,677] {local_task_job.py:146} INFO - Task exited with return code 0
